<?xml version="1.0" encoding="UTF-8"?>
<TestRun id="49802726-349a-4be6-8309-6c5ea6c0863b" name="hewang.txh@TAOBAO86 2012-08-24 09:59:52" runUser="TAOBAO-HZ\hewang.txh" xmlns="http://microsoft.com/schemas/VisualStudio/TeamTest/2010">
  <TestSettings name="Default Test Settings" id="406f195c-af53-42cd-9fc2-36851218e796">
    <Deployment runDeploymentRoot="hewang.txh_TAOBAO86 2012-08-24 09_59_52">
      <DeploymentItem filename="D:\codesharp\cooper\packages\FluentNHibernate.1.3.0.733\lib\FluentNHibernate.dll" />
      <DeploymentItem filename="D:\codesharp\cooper\packages\CodeSharp.Core.Castles.2.0\lib\net40\CodeSharp.Core.Castles.dll" />
      <DeploymentItem filename="D:\codesharp\cooper\src\Cooper.Model\bin\Debug\Cooper.Model.dll" />
      <DeploymentItem filename="D:\codesharp\cooper\packages\CodeSharp.Core.2.0\lib\net40\CodeSharp.Core.dll" />
      <DeploymentItem filename="D:\codesharp\cooper\lib\System.Data.SqlServerCe.dll" />
      <DeploymentItem filename="D:\codesharp\cooper\packages\NHibernate.3.3.1.4000\lib\Net35\NHibernate.dll" />
      <DeploymentItem filename="D:\codesharp\cooper\packages\Castle.Windsor.3.0.0.4001\lib\net40\Castle.Windsor.dll" />
      <DeploymentItem filename="D:\codesharp\cooper\packages\Iesi.Collections.3.2.0.4000\lib\Net35\Iesi.Collections.dll" />
      <DeploymentItem filename="D:\codesharp\cooper\packages\log4net.2.0.0\lib\net40-full\log4net.dll" />
      <DeploymentItem filename="D:\codesharp\cooper\packages\NUnit.2.6.0.12054\lib\nunit.framework.dll" />
      <DeploymentItem filename="D:\codesharp\cooper\src\Cooper.Repositories\bin\Debug\Cooper.Repositories.dll" />
      <DeploymentItem filename="D:\codesharp\cooper\packages\Castle.Core.3.0.0.4001\lib\net40-client\Castle.Core.dll" />
      <DeploymentItem filename="D:\codesharp\cooper\src\Cooper.Model.Mappings\bin\Debug\Cooper.Model.Mappings.dll" />
    </Deployment>
    <Execution>
      <TestTypeSpecific />
      <AgentRule name="Execution Agents">
      </AgentRule>
    </Execution>
  </TestSettings>
  <Times creation="2012-08-24T09:59:52.7833630+08:00" queuing="2012-08-24T10:00:20.0030847+08:00" start="2012-08-24T10:00:20.6541498+08:00" finish="2012-08-24T10:01:05.2866126+08:00" />
  <ResultSummary outcome="Error">
    <Counters total="44" executed="25" passed="24" error="0" failed="0" timeout="0" aborted="1" inconclusive="0" passedButRunAborted="0" notRunnable="0" notExecuted="19" disconnected="0" warning="0" completed="0" inProgress="0" pending="0" />
    <RunInfos>
      <RunInfo computerName="TAOBAO86" outcome="Error" timestamp="2012-08-24T10:01:04.6365476+08:00">
        <Text>Test host process exited unexpectedly.</Text>
      </RunInfo>
    </RunInfos>
  </ResultSummary>
  <TestDefinitions>
    <UnitTest name="LoginBy" storage="d:\codesharp\cooper\src\cooper.model.test\bin\debug\cooper.model.test.dll" id="22abd2d5-ed8a-2aea-037a-ddc4c76b6969">
      <Execution id="8d2f8b08-77af-4c28-bf3e-8c7fa563ef8d" />
      <TestMethod codeBase="D:/codesharp/cooper/src/Cooper.Model.Test/bin/Debug/Cooper.Model.Test.DLL" adapterTypeName="Microsoft.VisualStudio.TestTools.TestTypes.Unit.UnitTestAdapter, Microsoft.VisualStudio.QualityTools.Tips.UnitTest.Adapter, Version=10.0.0.0, Culture=neutral, PublicKeyToken=b03f5f7f11d50a3a" className="Cooper.Model.Test.AccountTest, Cooper.Model.Test, Version=1.0.0.0, Culture=neutral, PublicKeyToken=null" name="LoginBy" />
    </UnitTest>
    <UnitTest name="UpdateContact" storage="d:\codesharp\cooper\src\cooper.model.test\bin\debug\cooper.model.test.dll" id="ca9f8142-f1ab-2294-18f2-20a777480912">
      <Execution id="aba2d47c-90f6-4279-b5e8-8918cab4694a" />
      <TestMethod codeBase="D:/codesharp/cooper/src/Cooper.Model.Test/bin/Debug/Cooper.Model.Test.DLL" adapterTypeName="Microsoft.VisualStudio.TestTools.TestTypes.Unit.UnitTestAdapter, Microsoft.VisualStudio.QualityTools.Tips.UnitTest.Adapter, Version=10.0.0.0, Culture=neutral, PublicKeyToken=b03f5f7f11d50a3a" className="Cooper.Model.Test.ContactTest, Cooper.Model.Test, Version=1.0.0.0, Culture=neutral, PublicKeyToken=null" name="UpdateContact" />
    </UnitTest>
    <UnitTest name="CreateByDuplicate" storage="d:\codesharp\cooper\src\cooper.model.test\bin\debug\cooper.model.test.dll" id="d45ef949-d9cf-9025-889c-bdadd6519b01">
      <Execution id="78b5bb8c-7bb1-4096-a7ae-33888689b8a6" />
      <TestMethod codeBase="D:/codesharp/cooper/src/Cooper.Model.Test/bin/Debug/Cooper.Model.Test.DLL" adapterTypeName="Microsoft.VisualStudio.TestTools.TestTypes.Unit.UnitTestAdapter, Microsoft.VisualStudio.QualityTools.Tips.UnitTest.Adapter, Version=10.0.0.0, Culture=neutral, PublicKeyToken=b03f5f7f11d50a3a" className="Cooper.Model.Test.AccountTest, Cooper.Model.Test, Version=1.0.0.0, Culture=neutral, PublicKeyToken=null" name="CreateByDuplicate" />
    </UnitTest>
    <UnitTest name="ProfileUpdate" storage="d:\codesharp\cooper\src\cooper.model.test\bin\debug\cooper.model.test.dll" id="e82d454d-9749-0586-d94f-e5d80cd1fb39">
      <Execution id="0836b83b-4374-484e-8bce-b7fc4109b3cb" />
      <TestMethod codeBase="D:/codesharp/cooper/src/Cooper.Model.Test/bin/Debug/Cooper.Model.Test.DLL" adapterTypeName="Microsoft.VisualStudio.TestTools.TestTypes.Unit.UnitTestAdapter, Microsoft.VisualStudio.QualityTools.Tips.UnitTest.Adapter, Version=10.0.0.0, Culture=neutral, PublicKeyToken=b03f5f7f11d50a3a" className="Cooper.Model.Test.AccountTest, Cooper.Model.Test, Version=1.0.0.0, Culture=neutral, PublicKeyToken=null" name="ProfileUpdate" />
    </UnitTest>
    <UnitTest name="Profile" storage="d:\codesharp\cooper\src\cooper.model.test\bin\debug\cooper.model.test.dll" id="845d68d4-6cf9-5471-cc65-0f346d0da9e4">
      <Execution id="2e08f94c-a194-4492-943c-2c55fdb5cdd0" />
      <TestMethod codeBase="D:/codesharp/cooper/src/Cooper.Model.Test/bin/Debug/Cooper.Model.Test.DLL" adapterTypeName="Microsoft.VisualStudio.TestTools.TestTypes.Unit.UnitTestAdapter, Microsoft.VisualStudio.QualityTools.Tips.UnitTest.Adapter, Version=10.0.0.0, Culture=neutral, PublicKeyToken=b03f5f7f11d50a3a" className="Cooper.Model.Test.AccountTest, Cooper.Model.Test, Version=1.0.0.0, Culture=neutral, PublicKeyToken=null" name="Profile" />
    </UnitTest>
    <UnitTest name="UpdateContactGroup" storage="d:\codesharp\cooper\src\cooper.model.test\bin\debug\cooper.model.test.dll" id="139d910f-a367-3fea-51b4-4b3f9dbbb854">
      <Execution id="1aae52c8-21cb-4bfa-b67f-bcfb3cf973e1" />
      <TestMethod codeBase="D:/codesharp/cooper/src/Cooper.Model.Test/bin/Debug/Cooper.Model.Test.DLL" adapterTypeName="Microsoft.VisualStudio.TestTools.TestTypes.Unit.UnitTestAdapter, Microsoft.VisualStudio.QualityTools.Tips.UnitTest.Adapter, Version=10.0.0.0, Culture=neutral, PublicKeyToken=b03f5f7f11d50a3a" className="Cooper.Model.Test.ContactGroupTest, Cooper.Model.Test, Version=1.0.0.0, Culture=neutral, PublicKeyToken=null" name="UpdateContactGroup" />
    </UnitTest>
    <UnitTest name="AddTeamMemberWithDuplicateEmailTest" storage="d:\codesharp\cooper\src\cooper.model.test\bin\debug\cooper.model.test.dll" id="e76ef579-03b7-36d3-6242-8a83c06fecf0">
      <Execution id="519a5a4b-96f6-4989-9741-3edc61b41aae" />
      <TestMethod codeBase="D:/codesharp/cooper/src/Cooper.Model.Test/bin/Debug/Cooper.Model.Test.DLL" adapterTypeName="Microsoft.VisualStudio.TestTools.TestTypes.Unit.UnitTestAdapter, Microsoft.VisualStudio.QualityTools.Tips.UnitTest.Adapter, Version=10.0.0.0, Culture=neutral, PublicKeyToken=b03f5f7f11d50a3a" className="Cooper.Model.Test.TeamTest, Cooper.Model.Test, Version=1.0.0.0, Culture=neutral, PublicKeyToken=null" name="AddTeamMemberWithDuplicateEmailTest" />
    </UnitTest>
    <UnitTest name="Extension" storage="d:\codesharp\cooper\src\cooper.model.test\bin\debug\cooper.model.test.dll" id="9691548e-385f-5f87-bebd-866a5d2875c4">
      <Execution id="89126f22-b5d8-4813-8273-4389330bc838" />
      <TestMethod codeBase="D:/codesharp/cooper/src/Cooper.Model.Test/bin/Debug/Cooper.Model.Test.DLL" adapterTypeName="Microsoft.VisualStudio.TestTools.TestTypes.Unit.UnitTestAdapter, Microsoft.VisualStudio.QualityTools.Tips.UnitTest.Adapter, Version=10.0.0.0, Culture=neutral, PublicKeyToken=b03f5f7f11d50a3a" className="Cooper.Model.Test.TaskFolderTest, Cooper.Model.Test, Version=1.0.0.0, Culture=neutral, PublicKeyToken=null" name="Extension" />
    </UnitTest>
    <UnitTest name="CreateContactGroup" storage="d:\codesharp\cooper\src\cooper.model.test\bin\debug\cooper.model.test.dll" id="a5d8742b-148b-968f-da92-9f471f785f08">
      <Execution id="3698cbda-e3ff-4523-8fd9-dd4a69a42a9f" />
      <TestMethod codeBase="D:/codesharp/cooper/src/Cooper.Model.Test/bin/Debug/Cooper.Model.Test.DLL" adapterTypeName="Microsoft.VisualStudio.TestTools.TestTypes.Unit.UnitTestAdapter, Microsoft.VisualStudio.QualityTools.Tips.UnitTest.Adapter, Version=10.0.0.0, Culture=neutral, PublicKeyToken=b03f5f7f11d50a3a" className="Cooper.Model.Test.ContactGroupTest, Cooper.Model.Test, Version=1.0.0.0, Culture=neutral, PublicKeyToken=null" name="CreateContactGroup" />
    </UnitTest>
    <UnitTest name="GetContactGroups" storage="d:\codesharp\cooper\src\cooper.model.test\bin\debug\cooper.model.test.dll" id="4301ed8b-0efb-d2d1-6514-612586a26acd">
      <Execution id="e4778bc2-81b4-46ba-9909-390f1af8397b" />
      <TestMethod codeBase="D:/codesharp/cooper/src/Cooper.Model.Test/bin/Debug/Cooper.Model.Test.DLL" adapterTypeName="Microsoft.VisualStudio.TestTools.TestTypes.Unit.UnitTestAdapter, Microsoft.VisualStudio.QualityTools.Tips.UnitTest.Adapter, Version=10.0.0.0, Culture=neutral, PublicKeyToken=b03f5f7f11d50a3a" className="Cooper.Model.Test.ContactGroupTest, Cooper.Model.Test, Version=1.0.0.0, Culture=neutral, PublicKeyToken=null" name="GetContactGroups" />
    </UnitTest>
    <UnitTest name="GetAll" storage="d:\codesharp\cooper\src\cooper.model.test\bin\debug\cooper.model.test.dll" id="1bf78f7f-4201-907d-b0ab-f65693b52ab7">
      <Execution id="9fcaefa5-84ec-4f75-b08f-170eb18d7cce" />
      <TestMethod codeBase="D:/codesharp/cooper/src/Cooper.Model.Test/bin/Debug/Cooper.Model.Test.DLL" adapterTypeName="Microsoft.VisualStudio.TestTools.TestTypes.Unit.UnitTestAdapter, Microsoft.VisualStudio.QualityTools.Tips.UnitTest.Adapter, Version=10.0.0.0, Culture=neutral, PublicKeyToken=b03f5f7f11d50a3a" className="Cooper.Model.Test.TaskTest, Cooper.Model.Test, Version=1.0.0.0, Culture=neutral, PublicKeyToken=null" name="GetAll" />
    </UnitTest>
    <UnitTest name="UpdatePersonalAddressBook" storage="d:\codesharp\cooper\src\cooper.model.test\bin\debug\cooper.model.test.dll" id="51718b8e-ef13-f85e-4222-814c2f37b0de">
      <Execution id="bff8bde8-9e8f-4e03-9833-0efef31cfa24" />
      <TestMethod codeBase="D:/codesharp/cooper/src/Cooper.Model.Test/bin/Debug/Cooper.Model.Test.DLL" adapterTypeName="Microsoft.VisualStudio.TestTools.TestTypes.Unit.UnitTestAdapter, Microsoft.VisualStudio.QualityTools.Tips.UnitTest.Adapter, Version=10.0.0.0, Culture=neutral, PublicKeyToken=b03f5f7f11d50a3a" className="Cooper.Model.Test.AddressBookTest, Cooper.Model.Test, Version=1.0.0.0, Culture=neutral, PublicKeyToken=null" name="UpdatePersonalAddressBook" />
    </UnitTest>
    <UnitTest name="Get" storage="d:\codesharp\cooper\src\cooper.model.test\bin\debug\cooper.model.test.dll" id="36976b3e-6423-f7bc-5226-47b2aca47250">
      <Execution id="6c07674e-428a-4253-964a-ff635f127f02" />
      <TestMethod codeBase="D:/codesharp/cooper/src/Cooper.Model.Test/bin/Debug/Cooper.Model.Test.DLL" adapterTypeName="Microsoft.VisualStudio.TestTools.TestTypes.Unit.UnitTestAdapter, Microsoft.VisualStudio.QualityTools.Tips.UnitTest.Adapter, Version=10.0.0.0, Culture=neutral, PublicKeyToken=b03f5f7f11d50a3a" className="Cooper.Model.Test.AccountConnectionTest, Cooper.Model.Test, Version=1.0.0.0, Culture=neutral, PublicKeyToken=null" name="Get" />
    </UnitTest>
    <UnitTest name="DeleteContactGroup" storage="d:\codesharp\cooper\src\cooper.model.test\bin\debug\cooper.model.test.dll" id="0912dddc-52be-91c7-0750-6b1a6735ec7f">
      <Execution id="64492794-619f-4d79-a00d-80f59f6bdab4" />
      <TestMethod codeBase="D:/codesharp/cooper/src/Cooper.Model.Test/bin/Debug/Cooper.Model.Test.DLL" adapterTypeName="Microsoft.VisualStudio.TestTools.TestTypes.Unit.UnitTestAdapter, Microsoft.VisualStudio.QualityTools.Tips.UnitTest.Adapter, Version=10.0.0.0, Culture=neutral, PublicKeyToken=b03f5f7f11d50a3a" className="Cooper.Model.Test.ContactGroupTest, Cooper.Model.Test, Version=1.0.0.0, Culture=neutral, PublicKeyToken=null" name="DeleteContactGroup" />
    </UnitTest>
    <UnitTest name="GetIncompleted" storage="d:\codesharp\cooper\src\cooper.model.test\bin\debug\cooper.model.test.dll" id="29a630e8-3ea0-962a-4bb2-fc1964fb6b08">
      <Execution id="77bc0bd8-d2c4-4ab7-8c04-31716c76d398" />
      <TestMethod codeBase="D:/codesharp/cooper/src/Cooper.Model.Test/bin/Debug/Cooper.Model.Test.DLL" adapterTypeName="Microsoft.VisualStudio.TestTools.TestTypes.Unit.UnitTestAdapter, Microsoft.VisualStudio.QualityTools.Tips.UnitTest.Adapter, Version=10.0.0.0, Culture=neutral, PublicKeyToken=b03f5f7f11d50a3a" className="Cooper.Model.Test.TaskTest, Cooper.Model.Test, Version=1.0.0.0, Culture=neutral, PublicKeyToken=null" name="GetIncompleted" />
    </UnitTest>
    <UnitTest name="Account" storage="d:\codesharp\cooper\src\cooper.model.test\bin\debug\cooper.model.test.dll" id="f9822672-017a-ecdc-434c-7e60485687bf">
      <Execution id="9d1c8c80-f70e-4be5-99eb-7d13378078aa" />
      <TestMethod codeBase="D:/codesharp/cooper/src/Cooper.Model.Test/bin/Debug/Cooper.Model.Test.DLL" adapterTypeName="Microsoft.VisualStudio.TestTools.TestTypes.Unit.UnitTestAdapter, Microsoft.VisualStudio.QualityTools.Tips.UnitTest.Adapter, Version=10.0.0.0, Culture=neutral, PublicKeyToken=b03f5f7f11d50a3a" className="Cooper.Model.Test.AccountTest, Cooper.Model.Test, Version=1.0.0.0, Culture=neutral, PublicKeyToken=null" name="Account" />
    </UnitTest>
    <UnitTest name="CreateGit" storage="d:\codesharp\cooper\src\cooper.model.test\bin\debug\cooper.model.test.dll" id="383329c4-c347-b028-9cd9-489b5ee50b66">
      <Execution id="f99d20b6-58eb-407d-8857-8f2f16dc40f7" />
      <TestMethod codeBase="D:/codesharp/cooper/src/Cooper.Model.Test/bin/Debug/Cooper.Model.Test.DLL" adapterTypeName="Microsoft.VisualStudio.TestTools.TestTypes.Unit.UnitTestAdapter, Microsoft.VisualStudio.QualityTools.Tips.UnitTest.Adapter, Version=10.0.0.0, Culture=neutral, PublicKeyToken=b03f5f7f11d50a3a" className="Cooper.Model.Test.AccountConnectionTest, Cooper.Model.Test, Version=1.0.0.0, Culture=neutral, PublicKeyToken=null" name="CreateGit" />
    </UnitTest>
    <UnitTest name="CreateTeam" storage="d:\codesharp\cooper\src\cooper.model.test\bin\debug\cooper.model.test.dll" id="3b71aa9f-9c96-59c5-443d-08bfb0259c87">
      <Execution id="3df78a43-1c0a-4ed9-b0ab-0c61836d7e03" />
      <TestMethod codeBase="D:/codesharp/cooper/src/Cooper.Model.Test/bin/Debug/Cooper.Model.Test.DLL" adapterTypeName="Microsoft.VisualStudio.TestTools.TestTypes.Unit.UnitTestAdapter, Microsoft.VisualStudio.QualityTools.Tips.UnitTest.Adapter, Version=10.0.0.0, Culture=neutral, PublicKeyToken=b03f5f7f11d50a3a" className="Cooper.Model.Test.TeamTest, Cooper.Model.Test, Version=1.0.0.0, Culture=neutral, PublicKeyToken=null" name="CreateTeam" />
    </UnitTest>
    <UnitTest name="RemoveTaskAssigneeTest" storage="d:\codesharp\cooper\src\cooper.model.test\bin\debug\cooper.model.test.dll" id="fbf3575b-3c2a-baee-ac83-208aca200fd1">
      <Execution id="4f615c04-ed0e-4728-bbb6-93a56ea35a44" />
      <TestMethod codeBase="D:/codesharp/cooper/src/Cooper.Model.Test/bin/Debug/Cooper.Model.Test.DLL" adapterTypeName="Microsoft.VisualStudio.TestTools.TestTypes.Unit.UnitTestAdapter, Microsoft.VisualStudio.QualityTools.Tips.UnitTest.Adapter, Version=10.0.0.0, Culture=neutral, PublicKeyToken=b03f5f7f11d50a3a" className="Cooper.Model.Test.TeamTaskTest, Cooper.Model.Test, Version=1.0.0.0, Culture=neutral, PublicKeyToken=null" name="RemoveTaskAssigneeTest" />
    </UnitTest>
    <UnitTest name="CreateSystemAddressBook" storage="d:\codesharp\cooper\src\cooper.model.test\bin\debug\cooper.model.test.dll" id="d3bc33f5-d7ec-9402-1517-1e0f50c38ba0">
      <Execution id="fff159dc-360e-41a5-9726-f7b0e379ce85" />
      <TestMethod codeBase="D:/codesharp/cooper/src/Cooper.Model.Test/bin/Debug/Cooper.Model.Test.DLL" adapterTypeName="Microsoft.VisualStudio.TestTools.TestTypes.Unit.UnitTestAdapter, Microsoft.VisualStudio.QualityTools.Tips.UnitTest.Adapter, Version=10.0.0.0, Culture=neutral, PublicKeyToken=b03f5f7f11d50a3a" className="Cooper.Model.Test.AddressBookTest, Cooper.Model.Test, Version=1.0.0.0, Culture=neutral, PublicKeyToken=null" name="CreateSystemAddressBook" />
    </UnitTest>
    <UnitTest name="RemoveTaskFromProjectTest" storage="d:\codesharp\cooper\src\cooper.model.test\bin\debug\cooper.model.test.dll" id="c82a067e-2885-5dc7-c10a-bf157eda3153">
      <Execution id="cce451aa-ac51-43ff-90cb-b7b567f92737" />
      <TestMethod codeBase="D:/codesharp/cooper/src/Cooper.Model.Test/bin/Debug/Cooper.Model.Test.DLL" adapterTypeName="Microsoft.VisualStudio.TestTools.TestTypes.Unit.UnitTestAdapter, Microsoft.VisualStudio.QualityTools.Tips.UnitTest.Adapter, Version=10.0.0.0, Culture=neutral, PublicKeyToken=b03f5f7f11d50a3a" className="Cooper.Model.Test.TeamTaskTest, Cooper.Model.Test, Version=1.0.0.0, Culture=neutral, PublicKeyToken=null" name="RemoveTaskFromProjectTest" />
    </UnitTest>
    <UnitTest name="Create" storage="d:\codesharp\cooper\src\cooper.model.test\bin\debug\cooper.model.test.dll" id="f510f0de-d7e6-5073-9bb2-880efb2facad">
      <Execution id="a1a26bab-6d97-491d-b6ab-9444968092f8" />
      <TestMethod codeBase="D:/codesharp/cooper/src/Cooper.Model.Test/bin/Debug/Cooper.Model.Test.DLL" adapterTypeName="Microsoft.VisualStudio.TestTools.TestTypes.Unit.UnitTestAdapter, Microsoft.VisualStudio.QualityTools.Tips.UnitTest.Adapter, Version=10.0.0.0, Culture=neutral, PublicKeyToken=b03f5f7f11d50a3a" className="Cooper.Model.Test.AccountTest, Cooper.Model.Test, Version=1.0.0.0, Culture=neutral, PublicKeyToken=null" name="Create" />
    </UnitTest>
    <UnitTest name="UpdateTeamTask" storage="d:\codesharp\cooper\src\cooper.model.test\bin\debug\cooper.model.test.dll" id="feb4972d-6250-2d01-3c4d-efec1a4d61f9">
      <Execution id="ff5153b9-60c6-4f7e-934a-61c02a64abb6" />
      <TestMethod codeBase="D:/codesharp/cooper/src/Cooper.Model.Test/bin/Debug/Cooper.Model.Test.DLL" adapterTypeName="Microsoft.VisualStudio.TestTools.TestTypes.Unit.UnitTestAdapter, Microsoft.VisualStudio.QualityTools.Tips.UnitTest.Adapter, Version=10.0.0.0, Culture=neutral, PublicKeyToken=b03f5f7f11d50a3a" className="Cooper.Model.Test.TeamTaskTest, Cooper.Model.Test, Version=1.0.0.0, Culture=neutral, PublicKeyToken=null" name="UpdateTeamTask" />
    </UnitTest>
    <UnitTest name="Create" storage="d:\codesharp\cooper\src\cooper.model.test\bin\debug\cooper.model.test.dll" id="227af9e1-ad10-7dfc-89e8-67e77f02eb42">
      <Execution id="09d947ec-1c18-4363-9188-41bdd8de46ef" />
      <TestMethod codeBase="D:/codesharp/cooper/src/Cooper.Model.Test/bin/Debug/Cooper.Model.Test.DLL" adapterTypeName="Microsoft.VisualStudio.TestTools.TestTypes.Unit.UnitTestAdapter, Microsoft.VisualStudio.QualityTools.Tips.UnitTest.Adapter, Version=10.0.0.0, Culture=neutral, PublicKeyToken=b03f5f7f11d50a3a" className="Cooper.Model.Test.TaskTest, Cooper.Model.Test, Version=1.0.0.0, Culture=neutral, PublicKeyToken=null" name="Create" />
    </UnitTest>
    <UnitTest name="GetPersonalAddressBooks" storage="d:\codesharp\cooper\src\cooper.model.test\bin\debug\cooper.model.test.dll" id="0600f781-1a88-5516-fea7-0bd69f15aba2">
      <Execution id="525afe8d-7331-4fb0-9476-b52d8842caf4" />
      <TestMethod codeBase="D:/codesharp/cooper/src/Cooper.Model.Test/bin/Debug/Cooper.Model.Test.DLL" adapterTypeName="Microsoft.VisualStudio.TestTools.TestTypes.Unit.UnitTestAdapter, Microsoft.VisualStudio.QualityTools.Tips.UnitTest.Adapter, Version=10.0.0.0, Culture=neutral, PublicKeyToken=b03f5f7f11d50a3a" className="Cooper.Model.Test.AddressBookTest, Cooper.Model.Test, Version=1.0.0.0, Culture=neutral, PublicKeyToken=null" name="GetPersonalAddressBooks" />
    </UnitTest>
    <UnitTest name="DeleteTeamTask" storage="d:\codesharp\cooper\src\cooper.model.test\bin\debug\cooper.model.test.dll" id="ffd6cb0f-9afd-7843-7e35-ff7ede5a21df">
      <Execution id="c39d74be-10d4-424f-ba46-6074dfc7616f" />
      <TestMethod codeBase="D:/codesharp/cooper/src/Cooper.Model.Test/bin/Debug/Cooper.Model.Test.DLL" adapterTypeName="Microsoft.VisualStudio.TestTools.TestTypes.Unit.UnitTestAdapter, Microsoft.VisualStudio.QualityTools.Tips.UnitTest.Adapter, Version=10.0.0.0, Culture=neutral, PublicKeyToken=b03f5f7f11d50a3a" className="Cooper.Model.Test.TeamTaskTest, Cooper.Model.Test, Version=1.0.0.0, Culture=neutral, PublicKeyToken=null" name="DeleteTeamTask" />
    </UnitTest>
    <UnitTest name="GetTasksTest" storage="d:\codesharp\cooper\src\cooper.model.test\bin\debug\cooper.model.test.dll" id="6e58154c-fd55-5452-cf92-7d3f48ff8db7">
      <Execution id="8b53dbd9-18b3-49e1-a231-24006a26b22f" />
      <TestMethod codeBase="D:/codesharp/cooper/src/Cooper.Model.Test/bin/Debug/Cooper.Model.Test.DLL" adapterTypeName="Microsoft.VisualStudio.TestTools.TestTypes.Unit.UnitTestAdapter, Microsoft.VisualStudio.QualityTools.Tips.UnitTest.Adapter, Version=10.0.0.0, Culture=neutral, PublicKeyToken=b03f5f7f11d50a3a" className="Cooper.Model.Test.TeamTaskTest, Cooper.Model.Test, Version=1.0.0.0, Culture=neutral, PublicKeyToken=null" name="GetTasksTest" />
    </UnitTest>
    <UnitTest name="UpdateNameDuplicate" storage="d:\codesharp\cooper\src\cooper.model.test\bin\debug\cooper.model.test.dll" id="b98fc65f-cf67-d597-766d-2f140ed986eb">
      <Execution id="7012396e-24ac-4a70-9f2f-c601e87f19ca" />
      <TestMethod codeBase="D:/codesharp/cooper/src/Cooper.Model.Test/bin/Debug/Cooper.Model.Test.DLL" adapterTypeName="Microsoft.VisualStudio.TestTools.TestTypes.Unit.UnitTestAdapter, Microsoft.VisualStudio.QualityTools.Tips.UnitTest.Adapter, Version=10.0.0.0, Culture=neutral, PublicKeyToken=b03f5f7f11d50a3a" className="Cooper.Model.Test.AccountTest, Cooper.Model.Test, Version=1.0.0.0, Culture=neutral, PublicKeyToken=null" name="UpdateNameDuplicate" />
    </UnitTest>
    <UnitTest name="LastUpdateTime" storage="d:\codesharp\cooper\src\cooper.model.test\bin\debug\cooper.model.test.dll" id="58e1067b-0333-8325-3aae-c6580b7f860e">
      <Execution id="c635a8a6-f18a-4acf-bade-9062811b292c" />
      <TestMethod codeBase="D:/codesharp/cooper/src/Cooper.Model.Test/bin/Debug/Cooper.Model.Test.DLL" adapterTypeName="Microsoft.VisualStudio.TestTools.TestTypes.Unit.UnitTestAdapter, Microsoft.VisualStudio.QualityTools.Tips.UnitTest.Adapter, Version=10.0.0.0, Culture=neutral, PublicKeyToken=b03f5f7f11d50a3a" className="Cooper.Model.Test.TaskTest, Cooper.Model.Test, Version=1.0.0.0, Culture=neutral, PublicKeyToken=null" name="LastUpdateTime" />
    </UnitTest>
    <UnitTest name="GetSystemAddressBooks" storage="d:\codesharp\cooper\src\cooper.model.test\bin\debug\cooper.model.test.dll" id="c2db2f3c-e72a-ef78-f3e9-abbb6b0cee0d">
      <Execution id="5069d7c5-bb74-4b6c-be86-6bc84542d588" />
      <TestMethod codeBase="D:/codesharp/cooper/src/Cooper.Model.Test/bin/Debug/Cooper.Model.Test.DLL" adapterTypeName="Microsoft.VisualStudio.TestTools.TestTypes.Unit.UnitTestAdapter, Microsoft.VisualStudio.QualityTools.Tips.UnitTest.Adapter, Version=10.0.0.0, Culture=neutral, PublicKeyToken=b03f5f7f11d50a3a" className="Cooper.Model.Test.AddressBookTest, Cooper.Model.Test, Version=1.0.0.0, Culture=neutral, PublicKeyToken=null" name="GetSystemAddressBooks" />
    </UnitTest>
    <UnitTest name="CreateContact" storage="d:\codesharp\cooper\src\cooper.model.test\bin\debug\cooper.model.test.dll" id="d746c5d0-3d98-ac4c-fc58-d127cce72a3b">
      <Execution id="9d80cd08-88ea-473c-8616-a61df0d203ff" />
      <TestMethod codeBase="D:/codesharp/cooper/src/Cooper.Model.Test/bin/Debug/Cooper.Model.Test.DLL" adapterTypeName="Microsoft.VisualStudio.TestTools.TestTypes.Unit.UnitTestAdapter, Microsoft.VisualStudio.QualityTools.Tips.UnitTest.Adapter, Version=10.0.0.0, Culture=neutral, PublicKeyToken=b03f5f7f11d50a3a" className="Cooper.Model.Test.ContactTest, Cooper.Model.Test, Version=1.0.0.0, Culture=neutral, PublicKeyToken=null" name="CreateContact" />
    </UnitTest>
    <UnitTest name="CreateDuplicate" storage="d:\codesharp\cooper\src\cooper.model.test\bin\debug\cooper.model.test.dll" id="336ba6fd-9eba-43b6-5a00-b089e2169089">
      <Execution id="8e542c56-4cdb-406a-a034-8b8c57ca1f67" />
      <TestMethod codeBase="D:/codesharp/cooper/src/Cooper.Model.Test/bin/Debug/Cooper.Model.Test.DLL" adapterTypeName="Microsoft.VisualStudio.TestTools.TestTypes.Unit.UnitTestAdapter, Microsoft.VisualStudio.QualityTools.Tips.UnitTest.Adapter, Version=10.0.0.0, Culture=neutral, PublicKeyToken=b03f5f7f11d50a3a" className="Cooper.Model.Test.AccountConnectionTest, Cooper.Model.Test, Version=1.0.0.0, Culture=neutral, PublicKeyToken=null" name="CreateDuplicate" />
    </UnitTest>
    <UnitTest name="CreateDuplicate" storage="d:\codesharp\cooper\src\cooper.model.test\bin\debug\cooper.model.test.dll" id="533ff83c-055e-d13f-cd60-ca6f34072d11">
      <Execution id="9cc7ba23-ad3b-4b3f-b2af-7fcbcbd02684" />
      <TestMethod codeBase="D:/codesharp/cooper/src/Cooper.Model.Test/bin/Debug/Cooper.Model.Test.DLL" adapterTypeName="Microsoft.VisualStudio.TestTools.TestTypes.Unit.UnitTestAdapter, Microsoft.VisualStudio.QualityTools.Tips.UnitTest.Adapter, Version=10.0.0.0, Culture=neutral, PublicKeyToken=b03f5f7f11d50a3a" className="Cooper.Model.Test.AccountTest, Cooper.Model.Test, Version=1.0.0.0, Culture=neutral, PublicKeyToken=null" name="CreateDuplicate" />
    </UnitTest>
    <UnitTest name="UpdateName" storage="d:\codesharp\cooper\src\cooper.model.test\bin\debug\cooper.model.test.dll" id="56a1675e-17e2-f629-55a2-747f0e290948">
      <Execution id="fbb14176-008b-49ad-bf19-a6cca9e77abb" />
      <TestMethod codeBase="D:/codesharp/cooper/src/Cooper.Model.Test/bin/Debug/Cooper.Model.Test.DLL" adapterTypeName="Microsoft.VisualStudio.TestTools.TestTypes.Unit.UnitTestAdapter, Microsoft.VisualStudio.QualityTools.Tips.UnitTest.Adapter, Version=10.0.0.0, Culture=neutral, PublicKeyToken=b03f5f7f11d50a3a" className="Cooper.Model.Test.AccountTest, Cooper.Model.Test, Version=1.0.0.0, Culture=neutral, PublicKeyToken=null" name="UpdateName" />
    </UnitTest>
    <UnitTest name="CreateBy" storage="d:\codesharp\cooper\src\cooper.model.test\bin\debug\cooper.model.test.dll" id="0bf38393-2485-e864-c9d9-635c658224de">
      <Execution id="70c2d417-32b0-49d9-bf3e-6c009babec5d" />
      <TestMethod codeBase="D:/codesharp/cooper/src/Cooper.Model.Test/bin/Debug/Cooper.Model.Test.DLL" adapterTypeName="Microsoft.VisualStudio.TestTools.TestTypes.Unit.UnitTestAdapter, Microsoft.VisualStudio.QualityTools.Tips.UnitTest.Adapter, Version=10.0.0.0, Culture=neutral, PublicKeyToken=b03f5f7f11d50a3a" className="Cooper.Model.Test.AccountTest, Cooper.Model.Test, Version=1.0.0.0, Culture=neutral, PublicKeyToken=null" name="CreateBy" />
    </UnitTest>
    <UnitTest name="CreatePersonalAddressBook" storage="d:\codesharp\cooper\src\cooper.model.test\bin\debug\cooper.model.test.dll" id="2bdeb9f7-08c2-3205-d27b-88b3882588ec">
      <Execution id="9631ba5b-c761-4a1a-9b43-6a46015139ac" />
      <TestMethod codeBase="D:/codesharp/cooper/src/Cooper.Model.Test/bin/Debug/Cooper.Model.Test.DLL" adapterTypeName="Microsoft.VisualStudio.TestTools.TestTypes.Unit.UnitTestAdapter, Microsoft.VisualStudio.QualityTools.Tips.UnitTest.Adapter, Version=10.0.0.0, Culture=neutral, PublicKeyToken=b03f5f7f11d50a3a" className="Cooper.Model.Test.AddressBookTest, Cooper.Model.Test, Version=1.0.0.0, Culture=neutral, PublicKeyToken=null" name="CreatePersonalAddressBook" />
    </UnitTest>
    <UnitTest name="CreateTeamTask" storage="d:\codesharp\cooper\src\cooper.model.test\bin\debug\cooper.model.test.dll" id="937cd6ec-6282-961a-6be3-ced5e822e79a">
      <Execution id="b967d9c6-7735-4024-bf28-e87ccf45e831" />
      <TestMethod codeBase="D:/codesharp/cooper/src/Cooper.Model.Test/bin/Debug/Cooper.Model.Test.DLL" adapterTypeName="Microsoft.VisualStudio.TestTools.TestTypes.Unit.UnitTestAdapter, Microsoft.VisualStudio.QualityTools.Tips.UnitTest.Adapter, Version=10.0.0.0, Culture=neutral, PublicKeyToken=b03f5f7f11d50a3a" className="Cooper.Model.Test.TeamTaskTest, Cooper.Model.Test, Version=1.0.0.0, Culture=neutral, PublicKeyToken=null" name="CreateTeamTask" />
    </UnitTest>
    <UnitTest name="Get" storage="d:\codesharp\cooper\src\cooper.model.test\bin\debug\cooper.model.test.dll" id="a8a5abdf-5ed3-ceee-5a9d-b37a46f25c37">
      <Execution id="13ba7ec1-1e11-4fdc-a750-204e022848be" />
      <TestMethod codeBase="D:/codesharp/cooper/src/Cooper.Model.Test/bin/Debug/Cooper.Model.Test.DLL" adapterTypeName="Microsoft.VisualStudio.TestTools.TestTypes.Unit.UnitTestAdapter, Microsoft.VisualStudio.QualityTools.Tips.UnitTest.Adapter, Version=10.0.0.0, Culture=neutral, PublicKeyToken=b03f5f7f11d50a3a" className="Cooper.Model.Test.TaskFolderTest, Cooper.Model.Test, Version=1.0.0.0, Culture=neutral, PublicKeyToken=null" name="Get" />
    </UnitTest>
    <UnitTest name="DeleteContact" storage="d:\codesharp\cooper\src\cooper.model.test\bin\debug\cooper.model.test.dll" id="9511a1d9-9929-d985-48b6-c8642245e2c5">
      <Execution id="eda6d37a-f05e-4f08-b44d-18142cbe558b" />
      <TestMethod codeBase="D:/codesharp/cooper/src/Cooper.Model.Test/bin/Debug/Cooper.Model.Test.DLL" adapterTypeName="Microsoft.VisualStudio.TestTools.TestTypes.Unit.UnitTestAdapter, Microsoft.VisualStudio.QualityTools.Tips.UnitTest.Adapter, Version=10.0.0.0, Culture=neutral, PublicKeyToken=b03f5f7f11d50a3a" className="Cooper.Model.Test.ContactTest, Cooper.Model.Test, Version=1.0.0.0, Culture=neutral, PublicKeyToken=null" name="DeleteContact" />
    </UnitTest>
    <UnitTest name="Create_Personal" storage="d:\codesharp\cooper\src\cooper.model.test\bin\debug\cooper.model.test.dll" id="53edc12e-e5d5-698d-b5cb-af5a7e436b46">
      <Execution id="89557e0a-5589-4bff-a95c-a4e869584f1d" />
      <TestMethod codeBase="D:/codesharp/cooper/src/Cooper.Model.Test/bin/Debug/Cooper.Model.Test.DLL" adapterTypeName="Microsoft.VisualStudio.TestTools.TestTypes.Unit.UnitTestAdapter, Microsoft.VisualStudio.QualityTools.Tips.UnitTest.Adapter, Version=10.0.0.0, Culture=neutral, PublicKeyToken=b03f5f7f11d50a3a" className="Cooper.Model.Test.TaskFolderTest, Cooper.Model.Test, Version=1.0.0.0, Culture=neutral, PublicKeyToken=null" name="Create_Personal" />
    </UnitTest>
    <UnitTest name="Update_Personal" storage="d:\codesharp\cooper\src\cooper.model.test\bin\debug\cooper.model.test.dll" id="83f472d3-4df8-b068-9bab-33da38948700">
      <Execution id="8c8e104f-02bb-43f0-b707-136b795d04ae" />
      <TestMethod codeBase="D:/codesharp/cooper/src/Cooper.Model.Test/bin/Debug/Cooper.Model.Test.DLL" adapterTypeName="Microsoft.VisualStudio.TestTools.TestTypes.Unit.UnitTestAdapter, Microsoft.VisualStudio.QualityTools.Tips.UnitTest.Adapter, Version=10.0.0.0, Culture=neutral, PublicKeyToken=b03f5f7f11d50a3a" className="Cooper.Model.Test.TaskFolderTest, Cooper.Model.Test, Version=1.0.0.0, Culture=neutral, PublicKeyToken=null" name="Update_Personal" />
    </UnitTest>
    <UnitTest name="DeletePersonalAddressBook" storage="d:\codesharp\cooper\src\cooper.model.test\bin\debug\cooper.model.test.dll" id="995a3f19-df72-c571-3442-7b6fb75d2593">
      <Execution id="4d92ff81-1535-4a11-940d-ed33981c868b" />
      <TestMethod codeBase="D:/codesharp/cooper/src/Cooper.Model.Test/bin/Debug/Cooper.Model.Test.DLL" adapterTypeName="Microsoft.VisualStudio.TestTools.TestTypes.Unit.UnitTestAdapter, Microsoft.VisualStudio.QualityTools.Tips.UnitTest.Adapter, Version=10.0.0.0, Culture=neutral, PublicKeyToken=b03f5f7f11d50a3a" className="Cooper.Model.Test.AddressBookTest, Cooper.Model.Test, Version=1.0.0.0, Culture=neutral, PublicKeyToken=null" name="DeletePersonalAddressBook" />
    </UnitTest>
    <UnitTest name="GetContacts" storage="d:\codesharp\cooper\src\cooper.model.test\bin\debug\cooper.model.test.dll" id="b6a675e4-e04a-400f-de90-a8342434e5b6">
      <Execution id="683e9714-99d5-484d-bc39-2bbd7c745392" />
      <TestMethod codeBase="D:/codesharp/cooper/src/Cooper.Model.Test/bin/Debug/Cooper.Model.Test.DLL" adapterTypeName="Microsoft.VisualStudio.TestTools.TestTypes.Unit.UnitTestAdapter, Microsoft.VisualStudio.QualityTools.Tips.UnitTest.Adapter, Version=10.0.0.0, Culture=neutral, PublicKeyToken=b03f5f7f11d50a3a" className="Cooper.Model.Test.ContactTest, Cooper.Model.Test, Version=1.0.0.0, Culture=neutral, PublicKeyToken=null" name="GetContacts" />
    </UnitTest>
    <UnitTest name="CreateGoole" storage="d:\codesharp\cooper\src\cooper.model.test\bin\debug\cooper.model.test.dll" id="78803d5f-6691-8bb5-c8c5-8def51015e0b">
      <Execution id="af9524b7-41f4-474d-83e7-7a62177bda4a" />
      <TestMethod codeBase="D:/codesharp/cooper/src/Cooper.Model.Test/bin/Debug/Cooper.Model.Test.DLL" adapterTypeName="Microsoft.VisualStudio.TestTools.TestTypes.Unit.UnitTestAdapter, Microsoft.VisualStudio.QualityTools.Tips.UnitTest.Adapter, Version=10.0.0.0, Culture=neutral, PublicKeyToken=b03f5f7f11d50a3a" className="Cooper.Model.Test.AccountConnectionTest, Cooper.Model.Test, Version=1.0.0.0, Culture=neutral, PublicKeyToken=null" name="CreateGoole" />
    </UnitTest>
  </TestDefinitions>
  <TestLists>
    <TestList name="Results Not in a List" id="8c84fa94-04c1-424b-9868-57a2d4851a1d" />
    <TestList name="All Loaded Results" id="19431567-8539-422a-85d7-44ee4e166bda" />
  </TestLists>
  <TestEntries>
    <TestEntry testId="3b71aa9f-9c96-59c5-443d-08bfb0259c87" executionId="3df78a43-1c0a-4ed9-b0ab-0c61836d7e03" testListId="8c84fa94-04c1-424b-9868-57a2d4851a1d" />
    <TestEntry testId="e76ef579-03b7-36d3-6242-8a83c06fecf0" executionId="519a5a4b-96f6-4989-9741-3edc61b41aae" testListId="8c84fa94-04c1-424b-9868-57a2d4851a1d" />
    <TestEntry testId="2bdeb9f7-08c2-3205-d27b-88b3882588ec" executionId="9631ba5b-c761-4a1a-9b43-6a46015139ac" testListId="8c84fa94-04c1-424b-9868-57a2d4851a1d" />
    <TestEntry testId="d3bc33f5-d7ec-9402-1517-1e0f50c38ba0" executionId="fff159dc-360e-41a5-9726-f7b0e379ce85" testListId="8c84fa94-04c1-424b-9868-57a2d4851a1d" />
    <TestEntry testId="51718b8e-ef13-f85e-4222-814c2f37b0de" executionId="bff8bde8-9e8f-4e03-9833-0efef31cfa24" testListId="8c84fa94-04c1-424b-9868-57a2d4851a1d" />
    <TestEntry testId="995a3f19-df72-c571-3442-7b6fb75d2593" executionId="4d92ff81-1535-4a11-940d-ed33981c868b" testListId="8c84fa94-04c1-424b-9868-57a2d4851a1d" />
    <TestEntry testId="0600f781-1a88-5516-fea7-0bd69f15aba2" executionId="525afe8d-7331-4fb0-9476-b52d8842caf4" testListId="8c84fa94-04c1-424b-9868-57a2d4851a1d" />
    <TestEntry testId="c2db2f3c-e72a-ef78-f3e9-abbb6b0cee0d" executionId="5069d7c5-bb74-4b6c-be86-6bc84542d588" testListId="8c84fa94-04c1-424b-9868-57a2d4851a1d" />
    <TestEntry testId="53edc12e-e5d5-698d-b5cb-af5a7e436b46" executionId="89557e0a-5589-4bff-a95c-a4e869584f1d" testListId="8c84fa94-04c1-424b-9868-57a2d4851a1d" />
    <TestEntry testId="83f472d3-4df8-b068-9bab-33da38948700" executionId="8c8e104f-02bb-43f0-b707-136b795d04ae" testListId="8c84fa94-04c1-424b-9868-57a2d4851a1d" />
    <TestEntry testId="9691548e-385f-5f87-bebd-866a5d2875c4" executionId="89126f22-b5d8-4813-8273-4389330bc838" testListId="8c84fa94-04c1-424b-9868-57a2d4851a1d" />
    <TestEntry testId="a8a5abdf-5ed3-ceee-5a9d-b37a46f25c37" executionId="13ba7ec1-1e11-4fdc-a750-204e022848be" testListId="8c84fa94-04c1-424b-9868-57a2d4851a1d" />
    <TestEntry testId="227af9e1-ad10-7dfc-89e8-67e77f02eb42" executionId="09d947ec-1c18-4363-9188-41bdd8de46ef" testListId="8c84fa94-04c1-424b-9868-57a2d4851a1d" />
    <TestEntry testId="58e1067b-0333-8325-3aae-c6580b7f860e" executionId="c635a8a6-f18a-4acf-bade-9062811b292c" testListId="8c84fa94-04c1-424b-9868-57a2d4851a1d" />
    <TestEntry testId="1bf78f7f-4201-907d-b0ab-f65693b52ab7" executionId="9fcaefa5-84ec-4f75-b08f-170eb18d7cce" testListId="8c84fa94-04c1-424b-9868-57a2d4851a1d" />
    <TestEntry testId="29a630e8-3ea0-962a-4bb2-fc1964fb6b08" executionId="77bc0bd8-d2c4-4ab7-8c04-31716c76d398" testListId="8c84fa94-04c1-424b-9868-57a2d4851a1d" />
    <TestEntry testId="d746c5d0-3d98-ac4c-fc58-d127cce72a3b" executionId="9d80cd08-88ea-473c-8616-a61df0d203ff" testListId="8c84fa94-04c1-424b-9868-57a2d4851a1d" />
    <TestEntry testId="ca9f8142-f1ab-2294-18f2-20a777480912" executionId="aba2d47c-90f6-4279-b5e8-8918cab4694a" testListId="8c84fa94-04c1-424b-9868-57a2d4851a1d" />
    <TestEntry testId="9511a1d9-9929-d985-48b6-c8642245e2c5" executionId="eda6d37a-f05e-4f08-b44d-18142cbe558b" testListId="8c84fa94-04c1-424b-9868-57a2d4851a1d" />
    <TestEntry testId="b6a675e4-e04a-400f-de90-a8342434e5b6" executionId="683e9714-99d5-484d-bc39-2bbd7c745392" testListId="8c84fa94-04c1-424b-9868-57a2d4851a1d" />
    <TestEntry testId="f9822672-017a-ecdc-434c-7e60485687bf" executionId="9d1c8c80-f70e-4be5-99eb-7d13378078aa" testListId="8c84fa94-04c1-424b-9868-57a2d4851a1d" />
    <TestEntry testId="845d68d4-6cf9-5471-cc65-0f346d0da9e4" executionId="2e08f94c-a194-4492-943c-2c55fdb5cdd0" testListId="8c84fa94-04c1-424b-9868-57a2d4851a1d" />
    <TestEntry testId="e82d454d-9749-0586-d94f-e5d80cd1fb39" executionId="0836b83b-4374-484e-8bce-b7fc4109b3cb" testListId="8c84fa94-04c1-424b-9868-57a2d4851a1d" />
    <TestEntry testId="f510f0de-d7e6-5073-9bb2-880efb2facad" executionId="a1a26bab-6d97-491d-b6ab-9444968092f8" testListId="8c84fa94-04c1-424b-9868-57a2d4851a1d" />
    <TestEntry testId="533ff83c-055e-d13f-cd60-ca6f34072d11" executionId="9cc7ba23-ad3b-4b3f-b2af-7fcbcbd02684" testListId="8c84fa94-04c1-424b-9868-57a2d4851a1d" />
    <TestEntry testId="56a1675e-17e2-f629-55a2-747f0e290948" executionId="fbb14176-008b-49ad-bf19-a6cca9e77abb" testListId="8c84fa94-04c1-424b-9868-57a2d4851a1d" />
    <TestEntry testId="b98fc65f-cf67-d597-766d-2f140ed986eb" executionId="7012396e-24ac-4a70-9f2f-c601e87f19ca" testListId="8c84fa94-04c1-424b-9868-57a2d4851a1d" />
    <TestEntry testId="0bf38393-2485-e864-c9d9-635c658224de" executionId="70c2d417-32b0-49d9-bf3e-6c009babec5d" testListId="8c84fa94-04c1-424b-9868-57a2d4851a1d" />
    <TestEntry testId="d45ef949-d9cf-9025-889c-bdadd6519b01" executionId="78b5bb8c-7bb1-4096-a7ae-33888689b8a6" testListId="8c84fa94-04c1-424b-9868-57a2d4851a1d" />
    <TestEntry testId="22abd2d5-ed8a-2aea-037a-ddc4c76b6969" executionId="8d2f8b08-77af-4c28-bf3e-8c7fa563ef8d" testListId="8c84fa94-04c1-424b-9868-57a2d4851a1d" />
    <TestEntry testId="937cd6ec-6282-961a-6be3-ced5e822e79a" executionId="b967d9c6-7735-4024-bf28-e87ccf45e831" testListId="8c84fa94-04c1-424b-9868-57a2d4851a1d" />
    <TestEntry testId="feb4972d-6250-2d01-3c4d-efec1a4d61f9" executionId="ff5153b9-60c6-4f7e-934a-61c02a64abb6" testListId="8c84fa94-04c1-424b-9868-57a2d4851a1d" />
    <TestEntry testId="ffd6cb0f-9afd-7843-7e35-ff7ede5a21df" executionId="c39d74be-10d4-424f-ba46-6074dfc7616f" testListId="8c84fa94-04c1-424b-9868-57a2d4851a1d" />
    <TestEntry testId="6e58154c-fd55-5452-cf92-7d3f48ff8db7" executionId="8b53dbd9-18b3-49e1-a231-24006a26b22f" testListId="8c84fa94-04c1-424b-9868-57a2d4851a1d" />
    <TestEntry testId="fbf3575b-3c2a-baee-ac83-208aca200fd1" executionId="4f615c04-ed0e-4728-bbb6-93a56ea35a44" testListId="8c84fa94-04c1-424b-9868-57a2d4851a1d" />
    <TestEntry testId="c82a067e-2885-5dc7-c10a-bf157eda3153" executionId="cce451aa-ac51-43ff-90cb-b7b567f92737" testListId="8c84fa94-04c1-424b-9868-57a2d4851a1d" />
    <TestEntry testId="a5d8742b-148b-968f-da92-9f471f785f08" executionId="3698cbda-e3ff-4523-8fd9-dd4a69a42a9f" testListId="8c84fa94-04c1-424b-9868-57a2d4851a1d" />
    <TestEntry testId="139d910f-a367-3fea-51b4-4b3f9dbbb854" executionId="1aae52c8-21cb-4bfa-b67f-bcfb3cf973e1" testListId="8c84fa94-04c1-424b-9868-57a2d4851a1d" />
    <TestEntry testId="0912dddc-52be-91c7-0750-6b1a6735ec7f" executionId="64492794-619f-4d79-a00d-80f59f6bdab4" testListId="8c84fa94-04c1-424b-9868-57a2d4851a1d" />
    <TestEntry testId="4301ed8b-0efb-d2d1-6514-612586a26acd" executionId="e4778bc2-81b4-46ba-9909-390f1af8397b" testListId="8c84fa94-04c1-424b-9868-57a2d4851a1d" />
    <TestEntry testId="78803d5f-6691-8bb5-c8c5-8def51015e0b" executionId="af9524b7-41f4-474d-83e7-7a62177bda4a" testListId="8c84fa94-04c1-424b-9868-57a2d4851a1d" />
    <TestEntry testId="383329c4-c347-b028-9cd9-489b5ee50b66" executionId="f99d20b6-58eb-407d-8857-8f2f16dc40f7" testListId="8c84fa94-04c1-424b-9868-57a2d4851a1d" />
    <TestEntry testId="336ba6fd-9eba-43b6-5a00-b089e2169089" executionId="8e542c56-4cdb-406a-a034-8b8c57ca1f67" testListId="8c84fa94-04c1-424b-9868-57a2d4851a1d" />
    <TestEntry testId="36976b3e-6423-f7bc-5226-47b2aca47250" executionId="6c07674e-428a-4253-964a-ff635f127f02" testListId="8c84fa94-04c1-424b-9868-57a2d4851a1d" />
  </TestEntries>
  <Results>
    <UnitTestResult executionId="3df78a43-1c0a-4ed9-b0ab-0c61836d7e03" testId="3b71aa9f-9c96-59c5-443d-08bfb0259c87" testName="CreateTeam" computerName="TAOBAO86" duration="00:00:08.6170290" startTime="2012-08-24T10:00:20.8981742+08:00" endTime="2012-08-24T10:00:32.6083451+08:00" testType="13cdc9d9-ddb5-4fa4-a97d-d965ccfc6d4b" outcome="Passed" testListId="8c84fa94-04c1-424b-9868-57a2d4851a1d" relativeResultsDirectory="3df78a43-1c0a-4ed9-b0ab-0c61836d7e03">
      <Output>
        <StdOut>INFO [Agent: adapter run thread for test 'CreateTeam' with id '3df78a43-1c0a-4ed9-b0ab-0c61836d7e03'] (e:\codesharp\infrastructure\dotnet\src\CodeSharp.Core.Castles\includes\Castle.Facilities.NHibernateIntegration\NHibernateFacility.cs:239) - No Transaction Manager registered on Kernel, registering default Transaction Manager
DEBUG [Agent: adapter run thread for test 'CreateTeam' with id '3df78a43-1c0a-4ed9-b0ab-0c61836d7e03'] (e:\codesharp\infrastructure\dotnet\src\CodeSharp.Core.Castles\includes\Castle.Services.Transaction\IO\DirectoryAdapter.cs:32) - DirectoryAdapter created.
DEBUG [Agent: adapter run thread for test 'CreateTeam' with id '3df78a43-1c0a-4ed9-b0ab-0c61836d7e03'] (e:\codesharp\infrastructure\dotnet\src\CodeSharp.Core.Castles\includes\Castle.Services.Transaction\IO\FileAdapter.cs:38) - FileAdapter c'tor, no directory constraint.
DEBUG [Agent: adapter run thread for test 'CreateTeam' with id '3df78a43-1c0a-4ed9-b0ab-0c61836d7e03'] (e:\codesharp\infrastructure\dotnet\src\CodeSharp.Core.Castles\includes\Castle.Services.Transaction\Managers\DefaultTransactionManager.cs:38) - DefaultTransactionManager created.
 INFO [Agent: adapter run thread for test 'CreateTeam' with id '3df78a43-1c0a-4ed9-b0ab-0c61836d7e03'] (e:\codesharp\infrastructure\dotnet\src\CodeSharp.Core.Castles\Log4NetLogger.cs:87) - 不启用NamingSubSystem=NamingSubsystemForDefaultComponent，Castle升级至3.0后无需此子系统
 INFO [Agent: adapter run thread for test 'CreateTeam' with id '3df78a43-1c0a-4ed9-b0ab-0c61836d7e03'] (e:\codesharp\infrastructure\dotnet\src\CodeSharp.Core.Castles\Log4NetLogger.cs:87) - 强制使用Log4Net日志工厂
 INFO [Agent: adapter run thread for test 'CreateTeam' with id '3df78a43-1c0a-4ed9-b0ab-0c61836d7e03'] (e:\codesharp\infrastructure\dotnet\src\CodeSharp.Core.Castles\Log4NetLogger.cs:87) - 强制设置Common.Logging使用Common.Logging.Log4Net实现
DEBUG [Agent: adapter run thread for test 'CreateTeam' with id '3df78a43-1c0a-4ed9-b0ab-0c61836d7e03'] (e:\codesharp\infrastructure\dotnet\src\CodeSharp.Core.Castles\includes\Castle.Services.Transaction\Managers\DefaultTransactionManager.cs:104) - Transaction "Tx #44428260" created
DEBUG [Agent: adapter run thread for test 'CreateTeam' with id '3df78a43-1c0a-4ed9-b0ab-0c61836d7e03'] (:0) - SELECT this_.ID as ID5_0_ FROM Cooper_Lock this_ with (updlock, rowlock) WHERE this_.ID = @p0;@p0 = 'Account' [Type: String (4000)]
DEBUG [Agent: adapter run thread for test 'CreateTeam' with id '3df78a43-1c0a-4ed9-b0ab-0c61836d7e03'] (e:\codesharp\infrastructure\dotnet\src\CodeSharp.Core.Castles\includes\Castle.Facilities.AutoTx\TransactionInterceptor.cs:140) - Committing transaction 44428260
DEBUG [Agent: adapter run thread for test 'CreateTeam' with id '3df78a43-1c0a-4ed9-b0ab-0c61836d7e03'] (e:\codesharp\infrastructure\dotnet\src\CodeSharp.Core.Castles\includes\Castle.Services.Transaction\Managers\DefaultTransactionManager.cs:218) - Transaction Tx #44428260 disposed successfully
DEBUG [Agent: adapter run thread for test 'CreateTeam' with id '3df78a43-1c0a-4ed9-b0ab-0c61836d7e03'] (e:\codesharp\infrastructure\dotnet\src\CodeSharp.Core.Castles\includes\Castle.Services.Transaction\Managers\DefaultTransactionManager.cs:104) - Transaction "Tx #19557422" created
DEBUG [Agent: adapter run thread for test 'CreateTeam' with id '3df78a43-1c0a-4ed9-b0ab-0c61836d7e03'] (:0) - SELECT this_.ID as ID5_0_ FROM Cooper_Lock this_ with (updlock, rowlock) WHERE this_.ID = @p0;@p0 = 'GoogleConnection' [Type: String (4000)]
DEBUG [Agent: adapter run thread for test 'CreateTeam' with id '3df78a43-1c0a-4ed9-b0ab-0c61836d7e03'] (e:\codesharp\infrastructure\dotnet\src\CodeSharp.Core.Castles\includes\Castle.Facilities.AutoTx\TransactionInterceptor.cs:140) - Committing transaction 19557422
DEBUG [Agent: adapter run thread for test 'CreateTeam' with id '3df78a43-1c0a-4ed9-b0ab-0c61836d7e03'] (e:\codesharp\infrastructure\dotnet\src\CodeSharp.Core.Castles\includes\Castle.Services.Transaction\Managers\DefaultTransactionManager.cs:218) - Transaction Tx #19557422 disposed successfully
DEBUG [Agent: adapter run thread for test 'CreateTeam' with id '3df78a43-1c0a-4ed9-b0ab-0c61836d7e03'] (e:\codesharp\infrastructure\dotnet\src\CodeSharp.Core.Castles\includes\Castle.Services.Transaction\Managers\DefaultTransactionManager.cs:104) - Transaction "Tx #42567717" created
DEBUG [Agent: adapter run thread for test 'CreateTeam' with id '3df78a43-1c0a-4ed9-b0ab-0c61836d7e03'] (:0) - SELECT this_.ID as ID5_0_ FROM Cooper_Lock this_ with (updlock, rowlock) WHERE this_.ID = @p0;@p0 = 'GitHubConnection' [Type: String (4000)]
DEBUG [Agent: adapter run thread for test 'CreateTeam' with id '3df78a43-1c0a-4ed9-b0ab-0c61836d7e03'] (e:\codesharp\infrastructure\dotnet\src\CodeSharp.Core.Castles\includes\Castle.Facilities.AutoTx\TransactionInterceptor.cs:140) - Committing transaction 42567717
DEBUG [Agent: adapter run thread for test 'CreateTeam' with id '3df78a43-1c0a-4ed9-b0ab-0c61836d7e03'] (e:\codesharp\infrastructure\dotnet\src\CodeSharp.Core.Castles\includes\Castle.Services.Transaction\Managers\DefaultTransactionManager.cs:218) - Transaction Tx #42567717 disposed successfully
DEBUG [Agent: adapter run thread for test 'CreateTeam' with id '3df78a43-1c0a-4ed9-b0ab-0c61836d7e03'] (e:\codesharp\infrastructure\dotnet\src\CodeSharp.Core.Castles\includes\Castle.Services.Transaction\Managers\DefaultTransactionManager.cs:104) - Transaction "Tx #1023491" created
DEBUG [Agent: adapter run thread for test 'CreateTeam' with id '3df78a43-1c0a-4ed9-b0ab-0c61836d7e03'] (:0) - SELECT this_.ID as ID5_0_ FROM Cooper_Lock this_ with (updlock, rowlock) WHERE this_.ID = @p0;@p0 = 'Member' [Type: String (4000)]
DEBUG [Agent: adapter run thread for test 'CreateTeam' with id '3df78a43-1c0a-4ed9-b0ab-0c61836d7e03'] (e:\codesharp\infrastructure\dotnet\src\CodeSharp.Core.Castles\includes\Castle.Facilities.AutoTx\TransactionInterceptor.cs:140) - Committing transaction 1023491
DEBUG [Agent: adapter run thread for test 'CreateTeam' with id '3df78a43-1c0a-4ed9-b0ab-0c61836d7e03'] (e:\codesharp\infrastructure\dotnet\src\CodeSharp.Core.Castles\includes\Castle.Services.Transaction\Managers\DefaultTransactionManager.cs:218) - Transaction Tx #1023491 disposed successfully
DEBUG [Agent: adapter run thread for test 'CreateTeam' with id '3df78a43-1c0a-4ed9-b0ab-0c61836d7e03'] (e:\codesharp\infrastructure\dotnet\src\CodeSharp.Core.Castles\includes\Castle.Services.Transaction\Managers\DefaultTransactionManager.cs:104) - Transaction "Tx #12431803" created
 INFO [Agent: adapter run thread for test 'CreateTeam' with id '3df78a43-1c0a-4ed9-b0ab-0c61836d7e03'] (e:\codesharp\infrastructure\dotnet\src\CodeSharp.Core.Castles\Log4NetLogger.cs:92) - ----Transaction Created, name:Tx #12431803, isChild:False
DEBUG [Agent: adapter run thread for test 'CreateTeam' with id '3df78a43-1c0a-4ed9-b0ab-0c61836d7e03'] (:0) - INSERT INTO Cooper_Team (Name, CreateTime) VALUES (@p0, @p1); select SCOPE_IDENTITY();@p0 = 'Team 1' [Type: String (4000)], @p1 = 2012/8/24 10:00:32 [Type: DateTime (0)]
 INFO [Agent: adapter run thread for test 'CreateTeam' with id '3df78a43-1c0a-4ed9-b0ab-0c61836d7e03'] (e:\codesharp\infrastructure\dotnet\src\CodeSharp.Core.Castles\Log4NetLogger.cs:92) - 新增团队#1661|Team 1
DEBUG [Agent: adapter run thread for test 'CreateTeam' with id '3df78a43-1c0a-4ed9-b0ab-0c61836d7e03'] (e:\codesharp\infrastructure\dotnet\src\CodeSharp.Core.Castles\includes\Castle.Facilities.AutoTx\TransactionInterceptor.cs:140) - Committing transaction 12431803
 INFO [Agent: adapter run thread for test 'CreateTeam' with id '3df78a43-1c0a-4ed9-b0ab-0c61836d7e03'] (e:\codesharp\infrastructure\dotnet\src\CodeSharp.Core.Castles\Log4NetLogger.cs:92) - ----Transaction Completed, name:Tx #12431803, isChild:False
 INFO [Agent: adapter run thread for test 'CreateTeam' with id '3df78a43-1c0a-4ed9-b0ab-0c61836d7e03'] (e:\codesharp\infrastructure\dotnet\src\CodeSharp.Core.Castles\Log4NetLogger.cs:92) - ----Transaction Disposed, name:Tx #12431803, isChild:False
DEBUG [Agent: adapter run thread for test 'CreateTeam' with id '3df78a43-1c0a-4ed9-b0ab-0c61836d7e03'] (e:\codesharp\infrastructure\dotnet\src\CodeSharp.Core.Castles\includes\Castle.Services.Transaction\Managers\DefaultTransactionManager.cs:218) - Transaction Tx #12431803 disposed successfully
DEBUG [Agent: adapter run thread for test 'CreateTeam' with id '3df78a43-1c0a-4ed9-b0ab-0c61836d7e03'] (:0) - SELECT team0_.ID as ID12_0_, team0_.Name as Name12_0_, team0_.CreateTime as CreateTime12_0_ FROM Cooper_Team team0_ WHERE team0_.ID=@p0;@p0 = 1661 [Type: Int32 (0)]</StdOut>
        <DebugTrace>Castle.Facilities.NHibernateIntegration.NHibernateFacility: No Transaction Manager registered on Kernel, registering default Transaction Manager
Castle.Services.Transaction.IO.DirectoryAdapter: DirectoryAdapter created.
Castle.Services.Transaction.IO.FileAdapter: FileAdapter c'tor, no directory constraint.
Castle.Services.Transaction.DefaultTransactionManager: DefaultTransactionManager created.
CodeSharp.Core.Castles.ConfigurationExtensions: 不启用NamingSubSystem=NamingSubsystemForDefaultComponent，Castle升级至3.0后无需此子系统
CodeSharp.Core.Castles.ConfigurationExtensions: 强制使用Log4Net日志工厂
CodeSharp.Core.Castles.ConfigurationExtensions: 强制设置Common.Logging使用Common.Logging.Log4Net实现
Castle.Services.Transaction.DefaultTransactionManager: Transaction "Tx #44428260" created
NHibernate.SQL: SELECT this_.ID as ID5_0_ FROM Cooper_Lock this_ with (updlock, rowlock) WHERE this_.ID = @p0;@p0 = 'Account' [Type: String (4000)]
Castle.Facilities.AutoTx.TransactionInterceptor: Committing transaction 44428260
Castle.Services.Transaction.DefaultTransactionManager: Transaction Tx #44428260 disposed successfully
Castle.Services.Transaction.DefaultTransactionManager: Transaction "Tx #19557422" created
NHibernate.SQL: SELECT this_.ID as ID5_0_ FROM Cooper_Lock this_ with (updlock, rowlock) WHERE this_.ID = @p0;@p0 = 'GoogleConnection' [Type: String (4000)]
Castle.Facilities.AutoTx.TransactionInterceptor: Committing transaction 19557422
Castle.Services.Transaction.DefaultTransactionManager: Transaction Tx #19557422 disposed successfully
Castle.Services.Transaction.DefaultTransactionManager: Transaction "Tx #42567717" created
NHibernate.SQL: SELECT this_.ID as ID5_0_ FROM Cooper_Lock this_ with (updlock, rowlock) WHERE this_.ID = @p0;@p0 = 'GitHubConnection' [Type: String (4000)]
Castle.Facilities.AutoTx.TransactionInterceptor: Committing transaction 42567717
Castle.Services.Transaction.DefaultTransactionManager: Transaction Tx #42567717 disposed successfully
Castle.Services.Transaction.DefaultTransactionManager: Transaction "Tx #1023491" created
NHibernate.SQL: SELECT this_.ID as ID5_0_ FROM Cooper_Lock this_ with (updlock, rowlock) WHERE this_.ID = @p0;@p0 = 'Member' [Type: String (4000)]
Castle.Facilities.AutoTx.TransactionInterceptor: Committing transaction 1023491
Castle.Services.Transaction.DefaultTransactionManager: Transaction Tx #1023491 disposed successfully
Castle.Services.Transaction.DefaultTransactionManager: Transaction "Tx #12431803" created
Cooper.Model.Test.TeamTest: ----Transaction Created, name:Tx #12431803, isChild:False
NHibernate.SQL: INSERT INTO Cooper_Team (Name, CreateTime) VALUES (@p0, @p1); select SCOPE_IDENTITY();@p0 = 'Team 1' [Type: String (4000)], @p1 = 2012/8/24 10:00:32 [Type: DateTime (0)]
Cooper.Model.Teams.TeamService: 新增团队#1661|Team 1
Castle.Facilities.AutoTx.TransactionInterceptor: Committing transaction 12431803
Cooper.Model.Test.TeamTest: ----Transaction Completed, name:Tx #12431803, isChild:False
Cooper.Model.Test.TeamTest: ----Transaction Disposed, name:Tx #12431803, isChild:False
Castle.Services.Transaction.DefaultTransactionManager: Transaction Tx #12431803 disposed successfully
NHibernate.SQL: SELECT team0_.ID as ID12_0_, team0_.Name as Name12_0_, team0_.CreateTime as CreateTime12_0_ FROM Cooper_Team team0_ WHERE team0_.ID=@p0;@p0 = 1661 [Type: Int32 (0)]
</DebugTrace>
      </Output>
    </UnitTestResult>
    <UnitTestResult executionId="519a5a4b-96f6-4989-9741-3edc61b41aae" testId="e76ef579-03b7-36d3-6242-8a83c06fecf0" testName="AddTeamMemberWithDuplicateEmailTest" computerName="TAOBAO86" duration="00:00:07.0505082" startTime="2012-08-24T10:00:32.6373480+08:00" endTime="2012-08-24T10:00:39.6950537+08:00" testType="13cdc9d9-ddb5-4fa4-a97d-d965ccfc6d4b" outcome="Passed" testListId="8c84fa94-04c1-424b-9868-57a2d4851a1d" relativeResultsDirectory="519a5a4b-96f6-4989-9741-3edc61b41aae">
      <Output>
        <StdOut>DEBUG [Agent: adapter run thread for test 'AddTeamMemberWithDuplicateEmailTest' with id '519a5a4b-96f6-4989-9741-3edc61b41aae'] (e:\codesharp\infrastructure\dotnet\src\CodeSharp.Core.Castles\includes\Castle.Services.Transaction\Managers\DefaultTransactionManager.cs:104) - Transaction "Tx #29713022" created
 INFO [Agent: adapter run thread for test 'AddTeamMemberWithDuplicateEmailTest' with id '519a5a4b-96f6-4989-9741-3edc61b41aae'] (e:\codesharp\infrastructure\dotnet\src\CodeSharp.Core.Castles\Log4NetLogger.cs:92) - ----Transaction Created, name:Tx #29713022, isChild:False
DEBUG [Agent: adapter run thread for test 'AddTeamMemberWithDuplicateEmailTest' with id '519a5a4b-96f6-4989-9741-3edc61b41aae'] (:0) - INSERT INTO Cooper_Team (Name, CreateTime) VALUES (@p0, @p1); select SCOPE_IDENTITY();@p0 = 'Cooper_2012082410003263481399232671351448' [Type: String (4000)], @p1 = 2012/8/24 10:00:32 [Type: DateTime (0)]
 INFO [Agent: adapter run thread for test 'AddTeamMemberWithDuplicateEmailTest' with id '519a5a4b-96f6-4989-9741-3edc61b41aae'] (e:\codesharp\infrastructure\dotnet\src\CodeSharp.Core.Castles\Log4NetLogger.cs:92) - 新增团队#1662|Cooper_2012082410003263481399232671351448
DEBUG [Agent: adapter run thread for test 'AddTeamMemberWithDuplicateEmailTest' with id '519a5a4b-96f6-4989-9741-3edc61b41aae'] (e:\codesharp\infrastructure\dotnet\src\CodeSharp.Core.Castles\includes\Castle.Facilities.AutoTx\TransactionInterceptor.cs:140) - Committing transaction 29713022
 INFO [Agent: adapter run thread for test 'AddTeamMemberWithDuplicateEmailTest' with id '519a5a4b-96f6-4989-9741-3edc61b41aae'] (e:\codesharp\infrastructure\dotnet\src\CodeSharp.Core.Castles\Log4NetLogger.cs:92) - ----Transaction Completed, name:Tx #29713022, isChild:False
 INFO [Agent: adapter run thread for test 'AddTeamMemberWithDuplicateEmailTest' with id '519a5a4b-96f6-4989-9741-3edc61b41aae'] (e:\codesharp\infrastructure\dotnet\src\CodeSharp.Core.Castles\Log4NetLogger.cs:92) - ----Transaction Disposed, name:Tx #29713022, isChild:False
DEBUG [Agent: adapter run thread for test 'AddTeamMemberWithDuplicateEmailTest' with id '519a5a4b-96f6-4989-9741-3edc61b41aae'] (e:\codesharp\infrastructure\dotnet\src\CodeSharp.Core.Castles\includes\Castle.Services.Transaction\Managers\DefaultTransactionManager.cs:218) - Transaction Tx #29713022 disposed successfully
 INFO [15] (e:\codesharp\infrastructure\dotnet\src\CodeSharp.Core.Castles\Log4NetLogger.cs:87) - -----------calling fun
 INFO [Agent: adapter run thread for test 'AddTeamMemberWithDuplicateEmailTest' with id '519a5a4b-96f6-4989-9741-3edc61b41aae'] (e:\codesharp\infrastructure\dotnet\src\CodeSharp.Core.Castles\Log4NetLogger.cs:87) - -----------calling fun
DEBUG [15] (e:\codesharp\infrastructure\dotnet\src\CodeSharp.Core.Castles\includes\Castle.Services.Transaction\Managers\DefaultTransactionManager.cs:104) - Transaction "Tx #42931033" created
DEBUG [Agent: adapter run thread for test 'AddTeamMemberWithDuplicateEmailTest' with id '519a5a4b-96f6-4989-9741-3edc61b41aae'] (e:\codesharp\infrastructure\dotnet\src\CodeSharp.Core.Castles\includes\Castle.Services.Transaction\Managers\DefaultTransactionManager.cs:104) - Transaction "Tx #49581506" created
 INFO [15] (e:\codesharp\infrastructure\dotnet\src\CodeSharp.Core.Castles\Log4NetLogger.cs:92) - ----Transaction Created, name:Tx #42931033, isChild:False
 INFO [Agent: adapter run thread for test 'AddTeamMemberWithDuplicateEmailTest' with id '519a5a4b-96f6-4989-9741-3edc61b41aae'] (e:\codesharp\infrastructure\dotnet\src\CodeSharp.Core.Castles\Log4NetLogger.cs:92) - ----Transaction Created, name:Tx #49581506, isChild:False
DEBUG [15] (:0) - SELECT this_.ID as ID5_0_ FROM Cooper_Lock this_ with (updlock, rowlock) WHERE this_.ID = @p0;@p0 = 'Member' [Type: String (4000)]
DEBUG [Agent: adapter run thread for test 'AddTeamMemberWithDuplicateEmailTest' with id '519a5a4b-96f6-4989-9741-3edc61b41aae'] (:0) - SELECT this_.ID as ID5_0_ FROM Cooper_Lock this_ with (updlock, rowlock) WHERE this_.ID = @p0;@p0 = 'Member' [Type: String (4000)]
DEBUG [15] (:0) - SELECT this_.ID as ID6_0_, this_.TeamId as TeamId6_0_, this_.Name as Name6_0_, this_.Email as Email6_0_, this_.CreateTime as CreateTime6_0_, this_.AssociatedAccountId as Associat6_6_0_ FROM Cooper_TeamMember this_ WHERE this_.TeamId = @p0 and this_.Email = @p1;@p0 = 1662 [Type: Int32 (0)], @p1 = 'Cooper_2012082410003263481399232714355783' [Type: String (4000)]
DEBUG [15] (:0) - SELECT team0_.ID as ID12_0_, team0_.Name as Name12_0_, team0_.CreateTime as CreateTime12_0_ FROM Cooper_Team team0_ WHERE team0_.ID=@p0;@p0 = 1662 [Type: Int32 (0)]
DEBUG [15] (:0) - SELECT members0_.TeamId as TeamId1_, members0_.ID as ID1_, members0_.ID as ID6_0_, members0_.TeamId as TeamId6_0_, members0_.Name as Name6_0_, members0_.Email as Email6_0_, members0_.CreateTime as CreateTime6_0_, members0_.AssociatedAccountId as Associat6_6_0_ FROM Cooper_TeamMember members0_ WHERE members0_.TeamId=@p0;@p0 = 1662 [Type: Int32 (0)]
DEBUG [15] (e:\codesharp\infrastructure\dotnet\src\CodeSharp.Core.Castles\includes\Castle.Facilities.AutoTx\TransactionInterceptor.cs:140) - Committing transaction 42931033
DEBUG [15] (:0) - INSERT INTO Cooper_TeamMember (TeamId, Name, Email, CreateTime, AssociatedAccountId) VALUES (@p0, @p1, @p2, @p3, @p4); select SCOPE_IDENTITY();@p0 = 1662 [Type: Int32 (0)], @p1 = 'Cooper_2012082410003263481399232714355746' [Type: String (4000)], @p2 = 'Cooper_2012082410003263481399232714355783' [Type: String (4000)], @p3 = 2012/8/24 10:00:33 [Type: DateTime (0)], @p4 = NULL [Type: Int32 (0)]
DEBUG [15] (:0) - Batch commands:
command 0:UPDATE Cooper_TeamMember SET TeamId = @p0 WHERE ID = @p1;@p0 = 1662 [Type: Int32 (0)], @p1 = 1411 [Type: Int32 (0)]

DEBUG [Agent: adapter run thread for test 'AddTeamMemberWithDuplicateEmailTest' with id '519a5a4b-96f6-4989-9741-3edc61b41aae'] (:0) - SELECT this_.ID as ID6_0_, this_.TeamId as TeamId6_0_, this_.Name as Name6_0_, this_.Email as Email6_0_, this_.CreateTime as CreateTime6_0_, this_.AssociatedAccountId as Associat6_6_0_ FROM Cooper_TeamMember this_ WHERE this_.TeamId = @p0 and this_.Email = @p1;@p0 = 1662 [Type: Int32 (0)], @p1 = 'Cooper_2012082410003263481399232714355783' [Type: String (4000)]
 INFO [15] (e:\codesharp\infrastructure\dotnet\src\CodeSharp.Core.Castles\Log4NetLogger.cs:92) - ----Transaction Completed, name:Tx #42931033, isChild:False
 INFO [15] (e:\codesharp\infrastructure\dotnet\src\CodeSharp.Core.Castles\Log4NetLogger.cs:92) - ----Transaction Disposed, name:Tx #42931033, isChild:False
DEBUG [15] (e:\codesharp\infrastructure\dotnet\src\CodeSharp.Core.Castles\includes\Castle.Services.Transaction\Managers\DefaultTransactionManager.cs:218) - Transaction Tx #42931033 disposed successfully
DEBUG [Agent: adapter run thread for test 'AddTeamMemberWithDuplicateEmailTest' with id '519a5a4b-96f6-4989-9741-3edc61b41aae'] (e:\codesharp\infrastructure\dotnet\src\CodeSharp.Core.Castles\includes\Castle.Facilities.AutoTx\TransactionInterceptor.cs:162) - Rolling back transaction 49581506 due to exception on method TeamService.Cooper.Model.Teams.ITeamService.AddMember
 INFO [Agent: adapter run thread for test 'AddTeamMemberWithDuplicateEmailTest' with id '519a5a4b-96f6-4989-9741-3edc61b41aae'] (e:\codesharp\infrastructure\dotnet\src\CodeSharp.Core.Castles\Log4NetLogger.cs:92) - ----Transaction Disposed, name:Tx #49581506, isChild:False
DEBUG [Agent: adapter run thread for test 'AddTeamMemberWithDuplicateEmailTest' with id '519a5a4b-96f6-4989-9741-3edc61b41aae'] (e:\codesharp\infrastructure\dotnet\src\CodeSharp.Core.Castles\includes\Castle.Services.Transaction\Managers\DefaultTransactionManager.cs:218) - Transaction Tx #49581506 disposed successfully
 INFO [Agent: adapter run thread for test 'AddTeamMemberWithDuplicateEmailTest' with id '519a5a4b-96f6-4989-9741-3edc61b41aae'] (e:\codesharp\infrastructure\dotnet\src\CodeSharp.Core.Castles\Log4NetLogger.cs:87) -   Expected: null
  But was:  &lt;Cooper.Model.Teams.Member&gt;

DEBUG [Agent: adapter run thread for test 'AddTeamMemberWithDuplicateEmailTest' with id '519a5a4b-96f6-4989-9741-3edc61b41aae'] (e:\codesharp\infrastructure\dotnet\src\CodeSharp.Core.Castles\includes\Castle.Services.Transaction\Managers\DefaultTransactionManager.cs:104) - Transaction "Tx #31606547" created
 INFO [Agent: adapter run thread for test 'AddTeamMemberWithDuplicateEmailTest' with id '519a5a4b-96f6-4989-9741-3edc61b41aae'] (e:\codesharp\infrastructure\dotnet\src\CodeSharp.Core.Castles\Log4NetLogger.cs:92) - ----Transaction Created, name:Tx #31606547, isChild:False
DEBUG [Agent: adapter run thread for test 'AddTeamMemberWithDuplicateEmailTest' with id '519a5a4b-96f6-4989-9741-3edc61b41aae'] (:0) - SELECT this_.ID as ID5_0_ FROM Cooper_Lock this_ with (updlock, rowlock) WHERE this_.ID = @p0;@p0 = 'Member' [Type: String (4000)]
DEBUG [Agent: adapter run thread for test 'AddTeamMemberWithDuplicateEmailTest' with id '519a5a4b-96f6-4989-9741-3edc61b41aae'] (:0) - SELECT this_.ID as ID6_0_, this_.TeamId as TeamId6_0_, this_.Name as Name6_0_, this_.Email as Email6_0_, this_.CreateTime as CreateTime6_0_, this_.AssociatedAccountId as Associat6_6_0_ FROM Cooper_TeamMember this_ WHERE this_.TeamId = @p0 and this_.Email = @p1;@p0 = 1662 [Type: Int32 (0)], @p1 = 'Cooper_2012082410003263481399232714355783' [Type: String (4000)]
DEBUG [Agent: adapter run thread for test 'AddTeamMemberWithDuplicateEmailTest' with id '519a5a4b-96f6-4989-9741-3edc61b41aae'] (e:\codesharp\infrastructure\dotnet\src\CodeSharp.Core.Castles\includes\Castle.Facilities.AutoTx\TransactionInterceptor.cs:162) - Rolling back transaction 31606547 due to exception on method TeamService.Cooper.Model.Teams.ITeamService.AddMember
 INFO [Agent: adapter run thread for test 'AddTeamMemberWithDuplicateEmailTest' with id '519a5a4b-96f6-4989-9741-3edc61b41aae'] (e:\codesharp\infrastructure\dotnet\src\CodeSharp.Core.Castles\Log4NetLogger.cs:92) - ----Transaction Disposed, name:Tx #31606547, isChild:False
DEBUG [Agent: adapter run thread for test 'AddTeamMemberWithDuplicateEmailTest' with id '519a5a4b-96f6-4989-9741-3edc61b41aae'] (e:\codesharp\infrastructure\dotnet\src\CodeSharp.Core.Castles\includes\Castle.Services.Transaction\Managers\DefaultTransactionManager.cs:218) - Transaction Tx #31606547 disposed successfully</StdOut>
        <DebugTrace>Castle.Services.Transaction.DefaultTransactionManager: Transaction "Tx #29713022" created
Cooper.Model.Test.TeamTest: ----Transaction Created, name:Tx #29713022, isChild:False
NHibernate.SQL: INSERT INTO Cooper_Team (Name, CreateTime) VALUES (@p0, @p1); select SCOPE_IDENTITY();@p0 = 'Cooper_2012082410003263481399232671351448' [Type: String (4000)], @p1 = 2012/8/24 10:00:32 [Type: DateTime (0)]
Cooper.Model.Teams.TeamService: 新增团队#1662|Cooper_2012082410003263481399232671351448
Castle.Facilities.AutoTx.TransactionInterceptor: Committing transaction 29713022
Cooper.Model.Test.TeamTest: ----Transaction Completed, name:Tx #29713022, isChild:False
Cooper.Model.Test.TeamTest: ----Transaction Disposed, name:Tx #29713022, isChild:False
Castle.Services.Transaction.DefaultTransactionManager: Transaction Tx #29713022 disposed successfully
Cooper.Model.Test.TeamTest: -----------calling fun
Cooper.Model.Test.TeamTest: -----------calling fun
Castle.Services.Transaction.DefaultTransactionManager: Transaction "Tx #42931033" created
Castle.Services.Transaction.DefaultTransactionManager: Transaction "Tx #49581506" created
Cooper.Model.Test.TeamTest: ----Transaction Created, name:Tx #42931033, isChild:False
Cooper.Model.Test.TeamTest: ----Transaction Created, name:Tx #49581506, isChild:False
NHibernate.SQL: SELECT this_.ID as ID5_0_ FROM Cooper_Lock this_ with (updlock, rowlock) WHERE this_.ID = @p0;@p0 = 'Member' [Type: String (4000)]
NHibernate.SQL: SELECT this_.ID as ID5_0_ FROM Cooper_Lock this_ with (updlock, rowlock) WHERE this_.ID = @p0;@p0 = 'Member' [Type: String (4000)]
NHibernate.SQL: SELECT this_.ID as ID6_0_, this_.TeamId as TeamId6_0_, this_.Name as Name6_0_, this_.Email as Email6_0_, this_.CreateTime as CreateTime6_0_, this_.AssociatedAccountId as Associat6_6_0_ FROM Cooper_TeamMember this_ WHERE this_.TeamId = @p0 and this_.Email = @p1;@p0 = 1662 [Type: Int32 (0)], @p1 = 'Cooper_2012082410003263481399232714355783' [Type: String (4000)]
NHibernate.SQL: SELECT team0_.ID as ID12_0_, team0_.Name as Name12_0_, team0_.CreateTime as CreateTime12_0_ FROM Cooper_Team team0_ WHERE team0_.ID=@p0;@p0 = 1662 [Type: Int32 (0)]
NHibernate.SQL: SELECT members0_.TeamId as TeamId1_, members0_.ID as ID1_, members0_.ID as ID6_0_, members0_.TeamId as TeamId6_0_, members0_.Name as Name6_0_, members0_.Email as Email6_0_, members0_.CreateTime as CreateTime6_0_, members0_.AssociatedAccountId as Associat6_6_0_ FROM Cooper_TeamMember members0_ WHERE members0_.TeamId=@p0;@p0 = 1662 [Type: Int32 (0)]
Castle.Facilities.AutoTx.TransactionInterceptor: Committing transaction 42931033
NHibernate.SQL: INSERT INTO Cooper_TeamMember (TeamId, Name, Email, CreateTime, AssociatedAccountId) VALUES (@p0, @p1, @p2, @p3, @p4); select SCOPE_IDENTITY();@p0 = 1662 [Type: Int32 (0)], @p1 = 'Cooper_2012082410003263481399232714355746' [Type: String (4000)], @p2 = 'Cooper_2012082410003263481399232714355783' [Type: String (4000)], @p3 = 2012/8/24 10:00:33 [Type: DateTime (0)], @p4 = NULL [Type: Int32 (0)]
NHibernate.SQL: Batch commands:
command 0:UPDATE Cooper_TeamMember SET TeamId = @p0 WHERE ID = @p1;@p0 = 1662 [Type: Int32 (0)], @p1 = 1411 [Type: Int32 (0)]

NHibernate.SQL: SELECT this_.ID as ID6_0_, this_.TeamId as TeamId6_0_, this_.Name as Name6_0_, this_.Email as Email6_0_, this_.CreateTime as CreateTime6_0_, this_.AssociatedAccountId as Associat6_6_0_ FROM Cooper_TeamMember this_ WHERE this_.TeamId = @p0 and this_.Email = @p1;@p0 = 1662 [Type: Int32 (0)], @p1 = 'Cooper_2012082410003263481399232714355783' [Type: String (4000)]
Cooper.Model.Test.TeamTest: ----Transaction Completed, name:Tx #42931033, isChild:False
Cooper.Model.Test.TeamTest: ----Transaction Disposed, name:Tx #42931033, isChild:False
Castle.Services.Transaction.DefaultTransactionManager: Transaction Tx #42931033 disposed successfully
Castle.Facilities.AutoTx.TransactionInterceptor: Rolling back transaction 49581506 due to exception on method TeamService.Cooper.Model.Teams.ITeamService.AddMember
Cooper.Model.Test.TeamTest: ----Transaction Disposed, name:Tx #49581506, isChild:False
Castle.Services.Transaction.DefaultTransactionManager: Transaction Tx #49581506 disposed successfully
Cooper.Model.Test.TeamTest:   Expected: null
  But was:  &lt;Cooper.Model.Teams.Member&gt;

Castle.Services.Transaction.DefaultTransactionManager: Transaction "Tx #31606547" created
Cooper.Model.Test.TeamTest: ----Transaction Created, name:Tx #31606547, isChild:False
NHibernate.SQL: SELECT this_.ID as ID5_0_ FROM Cooper_Lock this_ with (updlock, rowlock) WHERE this_.ID = @p0;@p0 = 'Member' [Type: String (4000)]
NHibernate.SQL: SELECT this_.ID as ID6_0_, this_.TeamId as TeamId6_0_, this_.Name as Name6_0_, this_.Email as Email6_0_, this_.CreateTime as CreateTime6_0_, this_.AssociatedAccountId as Associat6_6_0_ FROM Cooper_TeamMember this_ WHERE this_.TeamId = @p0 and this_.Email = @p1;@p0 = 1662 [Type: Int32 (0)], @p1 = 'Cooper_2012082410003263481399232714355783' [Type: String (4000)]
Castle.Facilities.AutoTx.TransactionInterceptor: Rolling back transaction 31606547 due to exception on method TeamService.Cooper.Model.Teams.ITeamService.AddMember
Cooper.Model.Test.TeamTest: ----Transaction Disposed, name:Tx #31606547, isChild:False
Castle.Services.Transaction.DefaultTransactionManager: Transaction Tx #31606547 disposed successfully
</DebugTrace>
      </Output>
    </UnitTestResult>
    <UnitTestResult executionId="9631ba5b-c761-4a1a-9b43-6a46015139ac" testId="2bdeb9f7-08c2-3205-d27b-88b3882588ec" testName="CreatePersonalAddressBook" computerName="TAOBAO86" duration="00:00:00.1464118" startTime="2012-08-24T10:00:39.7180560+08:00" endTime="2012-08-24T10:00:39.8700712+08:00" testType="13cdc9d9-ddb5-4fa4-a97d-d965ccfc6d4b" outcome="Passed" testListId="8c84fa94-04c1-424b-9868-57a2d4851a1d" relativeResultsDirectory="9631ba5b-c761-4a1a-9b43-6a46015139ac">
      <Output>
        <StdOut>DEBUG [Agent: adapter run thread for test 'CreatePersonalAddressBook' with id '9631ba5b-c761-4a1a-9b43-6a46015139ac'] (e:\codesharp\infrastructure\dotnet\src\CodeSharp.Core.Castles\includes\Castle.Services.Transaction\Managers\DefaultTransactionManager.cs:104) - Transaction "Tx #59760057" created
 INFO [Agent: adapter run thread for test 'CreatePersonalAddressBook' with id '9631ba5b-c761-4a1a-9b43-6a46015139ac'] (e:\codesharp\infrastructure\dotnet\src\CodeSharp.Core.Castles\Log4NetLogger.cs:92) - ----Transaction Created, name:Tx #59760057, isChild:False
DEBUG [Agent: adapter run thread for test 'CreatePersonalAddressBook' with id '9631ba5b-c761-4a1a-9b43-6a46015139ac'] (:0) - SELECT this_.ID as ID5_0_ FROM Cooper_Lock this_ with (updlock, rowlock) WHERE this_.ID = @p0;@p0 = 'Account' [Type: String (4000)]
DEBUG [Agent: adapter run thread for test 'CreatePersonalAddressBook' with id '9631ba5b-c761-4a1a-9b43-6a46015139ac'] (:0) - SELECT this_.ID as ID1_2_, this_.Name as Name1_2_, this_.CreateTime as CreateTime1_2_, this_.Password as Password1_2_, profile2_.AccountId as AccountId7_0_, profile2_.Profile as Profile7_0_, account3_.ID as ID1_1_, account3_.Name as Name1_1_, account3_.CreateTime as CreateTime1_1_, account3_.Password as Password1_1_ FROM Cooper_Account this_ left outer join Cooper_AccountProfile profile2_ on this_.ID=profile2_.AccountId left outer join Cooper_Account account3_ on profile2_.AccountId=account3_.ID WHERE this_.Name = @p0;@p0 = 'Cooper_2012082410003963481399239746058876' [Type: String (4000)]
DEBUG [Agent: adapter run thread for test 'CreatePersonalAddressBook' with id '9631ba5b-c761-4a1a-9b43-6a46015139ac'] (:0) - INSERT INTO Cooper_Account (Name, CreateTime, Password) VALUES (@p0, @p1, @p2); select SCOPE_IDENTITY();@p0 = 'Cooper_2012082410003963481399239746058876' [Type: String (4000)], @p1 = 2012/8/24 10:00:39 [Type: DateTime (0)], @p2 = NULL [Type: String (4000)]
 INFO [Agent: adapter run thread for test 'CreatePersonalAddressBook' with id '9631ba5b-c761-4a1a-9b43-6a46015139ac'] (e:\codesharp\infrastructure\dotnet\src\CodeSharp.Core.Castles\Log4NetLogger.cs:92) - 创建账号#1057|Cooper_2012082410003963481399239746058876
DEBUG [Agent: adapter run thread for test 'CreatePersonalAddressBook' with id '9631ba5b-c761-4a1a-9b43-6a46015139ac'] (e:\codesharp\infrastructure\dotnet\src\CodeSharp.Core.Castles\includes\Castle.Facilities.AutoTx\TransactionInterceptor.cs:140) - Committing transaction 59760057
 INFO [Agent: adapter run thread for test 'CreatePersonalAddressBook' with id '9631ba5b-c761-4a1a-9b43-6a46015139ac'] (e:\codesharp\infrastructure\dotnet\src\CodeSharp.Core.Castles\Log4NetLogger.cs:92) - ----Transaction Completed, name:Tx #59760057, isChild:False
 INFO [Agent: adapter run thread for test 'CreatePersonalAddressBook' with id '9631ba5b-c761-4a1a-9b43-6a46015139ac'] (e:\codesharp\infrastructure\dotnet\src\CodeSharp.Core.Castles\Log4NetLogger.cs:92) - ----Transaction Disposed, name:Tx #59760057, isChild:False
DEBUG [Agent: adapter run thread for test 'CreatePersonalAddressBook' with id '9631ba5b-c761-4a1a-9b43-6a46015139ac'] (e:\codesharp\infrastructure\dotnet\src\CodeSharp.Core.Castles\includes\Castle.Services.Transaction\Managers\DefaultTransactionManager.cs:218) - Transaction Tx #59760057 disposed successfully
DEBUG [Agent: adapter run thread for test 'CreatePersonalAddressBook' with id '9631ba5b-c761-4a1a-9b43-6a46015139ac'] (e:\codesharp\infrastructure\dotnet\src\CodeSharp.Core.Castles\includes\Castle.Services.Transaction\Managers\DefaultTransactionManager.cs:104) - Transaction "Tx #25854284" created
 INFO [Agent: adapter run thread for test 'CreatePersonalAddressBook' with id '9631ba5b-c761-4a1a-9b43-6a46015139ac'] (e:\codesharp\infrastructure\dotnet\src\CodeSharp.Core.Castles\Log4NetLogger.cs:92) - ----Transaction Created, name:Tx #25854284, isChild:False
DEBUG [Agent: adapter run thread for test 'CreatePersonalAddressBook' with id '9631ba5b-c761-4a1a-9b43-6a46015139ac'] (:0) - INSERT INTO Cooper_AddressBook (Name, CreateTime, ParentId, OwnerAccountId, AddressBookType) VALUES (@p0, @p1, @p2, @p3, 'personal'); select SCOPE_IDENTITY();@p0 = '我的通讯簿' [Type: String (4000)], @p1 = 2012/8/24 10:00:39 [Type: DateTime (0)], @p2 = NULL [Type: Int32 (0)], @p3 = 1057 [Type: Int32 (0)]
 INFO [Agent: adapter run thread for test 'CreatePersonalAddressBook' with id '9631ba5b-c761-4a1a-9b43-6a46015139ac'] (e:\codesharp\infrastructure\dotnet\src\CodeSharp.Core.Castles\Log4NetLogger.cs:92) - 新增私人通讯簿#345|我的通讯簿|1057
DEBUG [Agent: adapter run thread for test 'CreatePersonalAddressBook' with id '9631ba5b-c761-4a1a-9b43-6a46015139ac'] (e:\codesharp\infrastructure\dotnet\src\CodeSharp.Core.Castles\includes\Castle.Facilities.AutoTx\TransactionInterceptor.cs:140) - Committing transaction 25854284
 INFO [Agent: adapter run thread for test 'CreatePersonalAddressBook' with id '9631ba5b-c761-4a1a-9b43-6a46015139ac'] (e:\codesharp\infrastructure\dotnet\src\CodeSharp.Core.Castles\Log4NetLogger.cs:92) - ----Transaction Completed, name:Tx #25854284, isChild:False
 INFO [Agent: adapter run thread for test 'CreatePersonalAddressBook' with id '9631ba5b-c761-4a1a-9b43-6a46015139ac'] (e:\codesharp\infrastructure\dotnet\src\CodeSharp.Core.Castles\Log4NetLogger.cs:92) - ----Transaction Disposed, name:Tx #25854284, isChild:False
DEBUG [Agent: adapter run thread for test 'CreatePersonalAddressBook' with id '9631ba5b-c761-4a1a-9b43-6a46015139ac'] (e:\codesharp\infrastructure\dotnet\src\CodeSharp.Core.Castles\includes\Castle.Services.Transaction\Managers\DefaultTransactionManager.cs:218) - Transaction Tx #25854284 disposed successfully
DEBUG [Agent: adapter run thread for test 'CreatePersonalAddressBook' with id '9631ba5b-c761-4a1a-9b43-6a46015139ac'] (:0) - SELECT addressboo0_.ID as ID2_0_, addressboo0_.Name as Name2_0_, addressboo0_.CreateTime as CreateTime2_0_, addressboo0_.ParentId as ParentId2_0_, addressboo0_.OwnerAccountId as OwnerAcc6_2_0_, addressboo0_.AddressBookType as AddressB2_2_0_ FROM Cooper_AddressBook addressboo0_ WHERE addressboo0_.ID=@p0;@p0 = 345 [Type: Int32 (0)]</StdOut>
        <DebugTrace>Castle.Services.Transaction.DefaultTransactionManager: Transaction "Tx #59760057" created
Cooper.Model.Test.TeamTest: ----Transaction Created, name:Tx #59760057, isChild:False
NHibernate.SQL: SELECT this_.ID as ID5_0_ FROM Cooper_Lock this_ with (updlock, rowlock) WHERE this_.ID = @p0;@p0 = 'Account' [Type: String (4000)]
NHibernate.SQL: SELECT this_.ID as ID1_2_, this_.Name as Name1_2_, this_.CreateTime as CreateTime1_2_, this_.Password as Password1_2_, profile2_.AccountId as AccountId7_0_, profile2_.Profile as Profile7_0_, account3_.ID as ID1_1_, account3_.Name as Name1_1_, account3_.CreateTime as CreateTime1_1_, account3_.Password as Password1_1_ FROM Cooper_Account this_ left outer join Cooper_AccountProfile profile2_ on this_.ID=profile2_.AccountId left outer join Cooper_Account account3_ on profile2_.AccountId=account3_.ID WHERE this_.Name = @p0;@p0 = 'Cooper_2012082410003963481399239746058876' [Type: String (4000)]
NHibernate.SQL: INSERT INTO Cooper_Account (Name, CreateTime, Password) VALUES (@p0, @p1, @p2); select SCOPE_IDENTITY();@p0 = 'Cooper_2012082410003963481399239746058876' [Type: String (4000)], @p1 = 2012/8/24 10:00:39 [Type: DateTime (0)], @p2 = NULL [Type: String (4000)]
Cooper.Model.Accounts.AccountService: 创建账号#1057|Cooper_2012082410003963481399239746058876
Castle.Facilities.AutoTx.TransactionInterceptor: Committing transaction 59760057
Cooper.Model.Test.TeamTest: ----Transaction Completed, name:Tx #59760057, isChild:False
Cooper.Model.Test.TeamTest: ----Transaction Disposed, name:Tx #59760057, isChild:False
Castle.Services.Transaction.DefaultTransactionManager: Transaction Tx #59760057 disposed successfully
Castle.Services.Transaction.DefaultTransactionManager: Transaction "Tx #25854284" created
Cooper.Model.Test.TeamTest: ----Transaction Created, name:Tx #25854284, isChild:False
NHibernate.SQL: INSERT INTO Cooper_AddressBook (Name, CreateTime, ParentId, OwnerAccountId, AddressBookType) VALUES (@p0, @p1, @p2, @p3, 'personal'); select SCOPE_IDENTITY();@p0 = '我的通讯簿' [Type: String (4000)], @p1 = 2012/8/24 10:00:39 [Type: DateTime (0)], @p2 = NULL [Type: Int32 (0)], @p3 = 1057 [Type: Int32 (0)]
Cooper.Model.Contacts.AddressBookService: 新增私人通讯簿#345|我的通讯簿|1057
Castle.Facilities.AutoTx.TransactionInterceptor: Committing transaction 25854284
Cooper.Model.Test.TeamTest: ----Transaction Completed, name:Tx #25854284, isChild:False
Cooper.Model.Test.TeamTest: ----Transaction Disposed, name:Tx #25854284, isChild:False
Castle.Services.Transaction.DefaultTransactionManager: Transaction Tx #25854284 disposed successfully
NHibernate.SQL: SELECT addressboo0_.ID as ID2_0_, addressboo0_.Name as Name2_0_, addressboo0_.CreateTime as CreateTime2_0_, addressboo0_.ParentId as ParentId2_0_, addressboo0_.OwnerAccountId as OwnerAcc6_2_0_, addressboo0_.AddressBookType as AddressB2_2_0_ FROM Cooper_AddressBook addressboo0_ WHERE addressboo0_.ID=@p0;@p0 = 345 [Type: Int32 (0)]
</DebugTrace>
      </Output>
    </UnitTestResult>
    <UnitTestResult executionId="fff159dc-360e-41a5-9726-f7b0e379ce85" testId="d3bc33f5-d7ec-9402-1517-1e0f50c38ba0" testName="CreateSystemAddressBook" computerName="TAOBAO86" duration="00:00:00.1175914" startTime="2012-08-24T10:00:39.8810723+08:00" endTime="2012-08-24T10:00:40.0040846+08:00" testType="13cdc9d9-ddb5-4fa4-a97d-d965ccfc6d4b" outcome="Passed" testListId="8c84fa94-04c1-424b-9868-57a2d4851a1d" relativeResultsDirectory="fff159dc-360e-41a5-9726-f7b0e379ce85">
      <Output>
        <StdOut>DEBUG [Agent: adapter run thread for test 'CreateSystemAddressBook' with id 'fff159dc-360e-41a5-9726-f7b0e379ce85'] (e:\codesharp\infrastructure\dotnet\src\CodeSharp.Core.Castles\includes\Castle.Services.Transaction\Managers\DefaultTransactionManager.cs:104) - Transaction "Tx #35743531" created
 INFO [Agent: adapter run thread for test 'CreateSystemAddressBook' with id 'fff159dc-360e-41a5-9726-f7b0e379ce85'] (e:\codesharp\infrastructure\dotnet\src\CodeSharp.Core.Castles\Log4NetLogger.cs:92) - ----Transaction Created, name:Tx #35743531, isChild:False
DEBUG [Agent: adapter run thread for test 'CreateSystemAddressBook' with id 'fff159dc-360e-41a5-9726-f7b0e379ce85'] (:0) - INSERT INTO Cooper_AddressBook (Name, CreateTime, ParentId, AddressBookType) VALUES (@p0, @p1, @p2, 'system'); select SCOPE_IDENTITY();@p0 = '系统通讯簿' [Type: String (4000)], @p1 = 2012/8/24 10:00:39 [Type: DateTime (0)], @p2 = NULL [Type: Int32 (0)]
 INFO [Agent: adapter run thread for test 'CreateSystemAddressBook' with id 'fff159dc-360e-41a5-9726-f7b0e379ce85'] (e:\codesharp\infrastructure\dotnet\src\CodeSharp.Core.Castles\Log4NetLogger.cs:92) - 新增通讯簿#346|系统通讯簿
DEBUG [Agent: adapter run thread for test 'CreateSystemAddressBook' with id 'fff159dc-360e-41a5-9726-f7b0e379ce85'] (e:\codesharp\infrastructure\dotnet\src\CodeSharp.Core.Castles\includes\Castle.Facilities.AutoTx\TransactionInterceptor.cs:140) - Committing transaction 35743531
 INFO [Agent: adapter run thread for test 'CreateSystemAddressBook' with id 'fff159dc-360e-41a5-9726-f7b0e379ce85'] (e:\codesharp\infrastructure\dotnet\src\CodeSharp.Core.Castles\Log4NetLogger.cs:92) - ----Transaction Completed, name:Tx #35743531, isChild:False
 INFO [Agent: adapter run thread for test 'CreateSystemAddressBook' with id 'fff159dc-360e-41a5-9726-f7b0e379ce85'] (e:\codesharp\infrastructure\dotnet\src\CodeSharp.Core.Castles\Log4NetLogger.cs:92) - ----Transaction Disposed, name:Tx #35743531, isChild:False
DEBUG [Agent: adapter run thread for test 'CreateSystemAddressBook' with id 'fff159dc-360e-41a5-9726-f7b0e379ce85'] (e:\codesharp\infrastructure\dotnet\src\CodeSharp.Core.Castles\includes\Castle.Services.Transaction\Managers\DefaultTransactionManager.cs:218) - Transaction Tx #35743531 disposed successfully
DEBUG [Agent: adapter run thread for test 'CreateSystemAddressBook' with id 'fff159dc-360e-41a5-9726-f7b0e379ce85'] (:0) - SELECT addressboo0_.ID as ID2_0_, addressboo0_.Name as Name2_0_, addressboo0_.CreateTime as CreateTime2_0_, addressboo0_.ParentId as ParentId2_0_, addressboo0_.OwnerAccountId as OwnerAcc6_2_0_, addressboo0_.AddressBookType as AddressB2_2_0_ FROM Cooper_AddressBook addressboo0_ WHERE addressboo0_.ID=@p0;@p0 = 346 [Type: Int32 (0)]
DEBUG [Agent: adapter run thread for test 'CreateSystemAddressBook' with id 'fff159dc-360e-41a5-9726-f7b0e379ce85'] (e:\codesharp\infrastructure\dotnet\src\CodeSharp.Core.Castles\includes\Castle.Services.Transaction\Managers\DefaultTransactionManager.cs:104) - Transaction "Tx #6477998" created
 INFO [Agent: adapter run thread for test 'CreateSystemAddressBook' with id 'fff159dc-360e-41a5-9726-f7b0e379ce85'] (e:\codesharp\infrastructure\dotnet\src\CodeSharp.Core.Castles\Log4NetLogger.cs:92) - ----Transaction Created, name:Tx #6477998, isChild:False
DEBUG [Agent: adapter run thread for test 'CreateSystemAddressBook' with id 'fff159dc-360e-41a5-9726-f7b0e379ce85'] (:0) - INSERT INTO Cooper_AddressBook (Name, CreateTime, ParentId, AddressBookType) VALUES (@p0, @p1, @p2, 'system'); select SCOPE_IDENTITY();@p0 = '系统子通讯簿' [Type: String (4000)], @p1 = 2012/8/24 10:00:39 [Type: DateTime (0)], @p2 = 346 [Type: Int32 (0)]
 INFO [Agent: adapter run thread for test 'CreateSystemAddressBook' with id 'fff159dc-360e-41a5-9726-f7b0e379ce85'] (e:\codesharp\infrastructure\dotnet\src\CodeSharp.Core.Castles\Log4NetLogger.cs:92) - 新增通讯簿#347|系统子通讯簿
DEBUG [Agent: adapter run thread for test 'CreateSystemAddressBook' with id 'fff159dc-360e-41a5-9726-f7b0e379ce85'] (e:\codesharp\infrastructure\dotnet\src\CodeSharp.Core.Castles\includes\Castle.Facilities.AutoTx\TransactionInterceptor.cs:140) - Committing transaction 6477998
 INFO [Agent: adapter run thread for test 'CreateSystemAddressBook' with id 'fff159dc-360e-41a5-9726-f7b0e379ce85'] (e:\codesharp\infrastructure\dotnet\src\CodeSharp.Core.Castles\Log4NetLogger.cs:92) - ----Transaction Completed, name:Tx #6477998, isChild:False
 INFO [Agent: adapter run thread for test 'CreateSystemAddressBook' with id 'fff159dc-360e-41a5-9726-f7b0e379ce85'] (e:\codesharp\infrastructure\dotnet\src\CodeSharp.Core.Castles\Log4NetLogger.cs:92) - ----Transaction Disposed, name:Tx #6477998, isChild:False
DEBUG [Agent: adapter run thread for test 'CreateSystemAddressBook' with id 'fff159dc-360e-41a5-9726-f7b0e379ce85'] (e:\codesharp\infrastructure\dotnet\src\CodeSharp.Core.Castles\includes\Castle.Services.Transaction\Managers\DefaultTransactionManager.cs:218) - Transaction Tx #6477998 disposed successfully
DEBUG [Agent: adapter run thread for test 'CreateSystemAddressBook' with id 'fff159dc-360e-41a5-9726-f7b0e379ce85'] (:0) - SELECT addressboo0_.ID as ID2_0_, addressboo0_.Name as Name2_0_, addressboo0_.CreateTime as CreateTime2_0_, addressboo0_.ParentId as ParentId2_0_, addressboo0_.OwnerAccountId as OwnerAcc6_2_0_, addressboo0_.AddressBookType as AddressB2_2_0_ FROM Cooper_AddressBook addressboo0_ WHERE addressboo0_.ID=@p0;@p0 = 347 [Type: Int32 (0)]</StdOut>
        <DebugTrace>Castle.Services.Transaction.DefaultTransactionManager: Transaction "Tx #35743531" created
Cooper.Model.Test.TeamTest: ----Transaction Created, name:Tx #35743531, isChild:False
NHibernate.SQL: INSERT INTO Cooper_AddressBook (Name, CreateTime, ParentId, AddressBookType) VALUES (@p0, @p1, @p2, 'system'); select SCOPE_IDENTITY();@p0 = '系统通讯簿' [Type: String (4000)], @p1 = 2012/8/24 10:00:39 [Type: DateTime (0)], @p2 = NULL [Type: Int32 (0)]
Cooper.Model.Contacts.AddressBookService: 新增通讯簿#346|系统通讯簿
Castle.Facilities.AutoTx.TransactionInterceptor: Committing transaction 35743531
Cooper.Model.Test.TeamTest: ----Transaction Completed, name:Tx #35743531, isChild:False
Cooper.Model.Test.TeamTest: ----Transaction Disposed, name:Tx #35743531, isChild:False
Castle.Services.Transaction.DefaultTransactionManager: Transaction Tx #35743531 disposed successfully
NHibernate.SQL: SELECT addressboo0_.ID as ID2_0_, addressboo0_.Name as Name2_0_, addressboo0_.CreateTime as CreateTime2_0_, addressboo0_.ParentId as ParentId2_0_, addressboo0_.OwnerAccountId as OwnerAcc6_2_0_, addressboo0_.AddressBookType as AddressB2_2_0_ FROM Cooper_AddressBook addressboo0_ WHERE addressboo0_.ID=@p0;@p0 = 346 [Type: Int32 (0)]
Castle.Services.Transaction.DefaultTransactionManager: Transaction "Tx #6477998" created
Cooper.Model.Test.TeamTest: ----Transaction Created, name:Tx #6477998, isChild:False
NHibernate.SQL: INSERT INTO Cooper_AddressBook (Name, CreateTime, ParentId, AddressBookType) VALUES (@p0, @p1, @p2, 'system'); select SCOPE_IDENTITY();@p0 = '系统子通讯簿' [Type: String (4000)], @p1 = 2012/8/24 10:00:39 [Type: DateTime (0)], @p2 = 346 [Type: Int32 (0)]
Cooper.Model.Contacts.AddressBookService: 新增通讯簿#347|系统子通讯簿
Castle.Facilities.AutoTx.TransactionInterceptor: Committing transaction 6477998
Cooper.Model.Test.TeamTest: ----Transaction Completed, name:Tx #6477998, isChild:False
Cooper.Model.Test.TeamTest: ----Transaction Disposed, name:Tx #6477998, isChild:False
Castle.Services.Transaction.DefaultTransactionManager: Transaction Tx #6477998 disposed successfully
NHibernate.SQL: SELECT addressboo0_.ID as ID2_0_, addressboo0_.Name as Name2_0_, addressboo0_.CreateTime as CreateTime2_0_, addressboo0_.ParentId as ParentId2_0_, addressboo0_.OwnerAccountId as OwnerAcc6_2_0_, addressboo0_.AddressBookType as AddressB2_2_0_ FROM Cooper_AddressBook addressboo0_ WHERE addressboo0_.ID=@p0;@p0 = 347 [Type: Int32 (0)]
</DebugTrace>
      </Output>
    </UnitTestResult>
    <UnitTestResult executionId="bff8bde8-9e8f-4e03-9833-0efef31cfa24" testId="51718b8e-ef13-f85e-4222-814c2f37b0de" testName="UpdatePersonalAddressBook" computerName="TAOBAO86" duration="00:00:00.1715605" startTime="2012-08-24T10:00:40.0530895+08:00" endTime="2012-08-24T10:00:40.2451087+08:00" testType="13cdc9d9-ddb5-4fa4-a97d-d965ccfc6d4b" outcome="Passed" testListId="8c84fa94-04c1-424b-9868-57a2d4851a1d" relativeResultsDirectory="bff8bde8-9e8f-4e03-9833-0efef31cfa24">
      <Output>
        <StdOut>DEBUG [Agent: adapter run thread for test 'UpdatePersonalAddressBook' with id 'bff8bde8-9e8f-4e03-9833-0efef31cfa24'] (e:\codesharp\infrastructure\dotnet\src\CodeSharp.Core.Castles\includes\Castle.Services.Transaction\Managers\DefaultTransactionManager.cs:104) - Transaction "Tx #43263737" created
 INFO [Agent: adapter run thread for test 'UpdatePersonalAddressBook' with id 'bff8bde8-9e8f-4e03-9833-0efef31cfa24'] (e:\codesharp\infrastructure\dotnet\src\CodeSharp.Core.Castles\Log4NetLogger.cs:92) - ----Transaction Created, name:Tx #43263737, isChild:False
DEBUG [Agent: adapter run thread for test 'UpdatePersonalAddressBook' with id 'bff8bde8-9e8f-4e03-9833-0efef31cfa24'] (:0) - SELECT this_.ID as ID5_0_ FROM Cooper_Lock this_ with (updlock, rowlock) WHERE this_.ID = @p0;@p0 = 'Account' [Type: String (4000)]
DEBUG [Agent: adapter run thread for test 'UpdatePersonalAddressBook' with id 'bff8bde8-9e8f-4e03-9833-0efef31cfa24'] (:0) - SELECT this_.ID as ID1_2_, this_.Name as Name1_2_, this_.CreateTime as CreateTime1_2_, this_.Password as Password1_2_, profile2_.AccountId as AccountId7_0_, profile2_.Profile as Profile7_0_, account3_.ID as ID1_1_, account3_.Name as Name1_1_, account3_.CreateTime as CreateTime1_1_, account3_.Password as Password1_1_ FROM Cooper_Account this_ left outer join Cooper_AccountProfile profile2_ on this_.ID=profile2_.AccountId left outer join Cooper_Account account3_ on profile2_.AccountId=account3_.ID WHERE this_.Name = @p0;@p0 = 'Cooper_2012082410004063481399240096093845' [Type: String (4000)]
DEBUG [Agent: adapter run thread for test 'UpdatePersonalAddressBook' with id 'bff8bde8-9e8f-4e03-9833-0efef31cfa24'] (:0) - INSERT INTO Cooper_Account (Name, CreateTime, Password) VALUES (@p0, @p1, @p2); select SCOPE_IDENTITY();@p0 = 'Cooper_2012082410004063481399240096093845' [Type: String (4000)], @p1 = 2012/8/24 10:00:40 [Type: DateTime (0)], @p2 = NULL [Type: String (4000)]
 INFO [Agent: adapter run thread for test 'UpdatePersonalAddressBook' with id 'bff8bde8-9e8f-4e03-9833-0efef31cfa24'] (e:\codesharp\infrastructure\dotnet\src\CodeSharp.Core.Castles\Log4NetLogger.cs:92) - 创建账号#1058|Cooper_2012082410004063481399240096093845
DEBUG [Agent: adapter run thread for test 'UpdatePersonalAddressBook' with id 'bff8bde8-9e8f-4e03-9833-0efef31cfa24'] (e:\codesharp\infrastructure\dotnet\src\CodeSharp.Core.Castles\includes\Castle.Facilities.AutoTx\TransactionInterceptor.cs:140) - Committing transaction 43263737
 INFO [Agent: adapter run thread for test 'UpdatePersonalAddressBook' with id 'bff8bde8-9e8f-4e03-9833-0efef31cfa24'] (e:\codesharp\infrastructure\dotnet\src\CodeSharp.Core.Castles\Log4NetLogger.cs:92) - ----Transaction Completed, name:Tx #43263737, isChild:False
 INFO [Agent: adapter run thread for test 'UpdatePersonalAddressBook' with id 'bff8bde8-9e8f-4e03-9833-0efef31cfa24'] (e:\codesharp\infrastructure\dotnet\src\CodeSharp.Core.Castles\Log4NetLogger.cs:92) - ----Transaction Disposed, name:Tx #43263737, isChild:False
DEBUG [Agent: adapter run thread for test 'UpdatePersonalAddressBook' with id 'bff8bde8-9e8f-4e03-9833-0efef31cfa24'] (e:\codesharp\infrastructure\dotnet\src\CodeSharp.Core.Castles\includes\Castle.Services.Transaction\Managers\DefaultTransactionManager.cs:218) - Transaction Tx #43263737 disposed successfully
DEBUG [Agent: adapter run thread for test 'UpdatePersonalAddressBook' with id 'bff8bde8-9e8f-4e03-9833-0efef31cfa24'] (e:\codesharp\infrastructure\dotnet\src\CodeSharp.Core.Castles\includes\Castle.Services.Transaction\Managers\DefaultTransactionManager.cs:104) - Transaction "Tx #50056400" created
 INFO [Agent: adapter run thread for test 'UpdatePersonalAddressBook' with id 'bff8bde8-9e8f-4e03-9833-0efef31cfa24'] (e:\codesharp\infrastructure\dotnet\src\CodeSharp.Core.Castles\Log4NetLogger.cs:92) - ----Transaction Created, name:Tx #50056400, isChild:False
DEBUG [Agent: adapter run thread for test 'UpdatePersonalAddressBook' with id 'bff8bde8-9e8f-4e03-9833-0efef31cfa24'] (:0) - INSERT INTO Cooper_AddressBook (Name, CreateTime, ParentId, OwnerAccountId, AddressBookType) VALUES (@p0, @p1, @p2, @p3, 'personal'); select SCOPE_IDENTITY();@p0 = '我的通讯簿' [Type: String (4000)], @p1 = 2012/8/24 10:00:40 [Type: DateTime (0)], @p2 = NULL [Type: Int32 (0)], @p3 = 1058 [Type: Int32 (0)]
 INFO [Agent: adapter run thread for test 'UpdatePersonalAddressBook' with id 'bff8bde8-9e8f-4e03-9833-0efef31cfa24'] (e:\codesharp\infrastructure\dotnet\src\CodeSharp.Core.Castles\Log4NetLogger.cs:92) - 新增私人通讯簿#348|我的通讯簿|1058
DEBUG [Agent: adapter run thread for test 'UpdatePersonalAddressBook' with id 'bff8bde8-9e8f-4e03-9833-0efef31cfa24'] (e:\codesharp\infrastructure\dotnet\src\CodeSharp.Core.Castles\includes\Castle.Facilities.AutoTx\TransactionInterceptor.cs:140) - Committing transaction 50056400
 INFO [Agent: adapter run thread for test 'UpdatePersonalAddressBook' with id 'bff8bde8-9e8f-4e03-9833-0efef31cfa24'] (e:\codesharp\infrastructure\dotnet\src\CodeSharp.Core.Castles\Log4NetLogger.cs:92) - ----Transaction Completed, name:Tx #50056400, isChild:False
 INFO [Agent: adapter run thread for test 'UpdatePersonalAddressBook' with id 'bff8bde8-9e8f-4e03-9833-0efef31cfa24'] (e:\codesharp\infrastructure\dotnet\src\CodeSharp.Core.Castles\Log4NetLogger.cs:92) - ----Transaction Disposed, name:Tx #50056400, isChild:False
DEBUG [Agent: adapter run thread for test 'UpdatePersonalAddressBook' with id 'bff8bde8-9e8f-4e03-9833-0efef31cfa24'] (e:\codesharp\infrastructure\dotnet\src\CodeSharp.Core.Castles\includes\Castle.Services.Transaction\Managers\DefaultTransactionManager.cs:218) - Transaction Tx #50056400 disposed successfully
DEBUG [Agent: adapter run thread for test 'UpdatePersonalAddressBook' with id 'bff8bde8-9e8f-4e03-9833-0efef31cfa24'] (:0) - SELECT addressboo0_.ID as ID2_0_, addressboo0_.Name as Name2_0_, addressboo0_.CreateTime as CreateTime2_0_, addressboo0_.ParentId as ParentId2_0_, addressboo0_.OwnerAccountId as OwnerAcc6_2_0_, addressboo0_.AddressBookType as AddressB2_2_0_ FROM Cooper_AddressBook addressboo0_ WHERE addressboo0_.ID=@p0;@p0 = 348 [Type: Int32 (0)]
DEBUG [Agent: adapter run thread for test 'UpdatePersonalAddressBook' with id 'bff8bde8-9e8f-4e03-9833-0efef31cfa24'] (e:\codesharp\infrastructure\dotnet\src\CodeSharp.Core.Castles\includes\Castle.Services.Transaction\Managers\DefaultTransactionManager.cs:104) - Transaction "Tx #22495925" created
 INFO [Agent: adapter run thread for test 'UpdatePersonalAddressBook' with id 'bff8bde8-9e8f-4e03-9833-0efef31cfa24'] (e:\codesharp\infrastructure\dotnet\src\CodeSharp.Core.Castles\Log4NetLogger.cs:92) - ----Transaction Created, name:Tx #22495925, isChild:False
DEBUG [Agent: adapter run thread for test 'UpdatePersonalAddressBook' with id 'bff8bde8-9e8f-4e03-9833-0efef31cfa24'] (e:\codesharp\infrastructure\dotnet\src\CodeSharp.Core.Castles\includes\Castle.Facilities.AutoTx\TransactionInterceptor.cs:140) - Committing transaction 22495925
DEBUG [Agent: adapter run thread for test 'UpdatePersonalAddressBook' with id 'bff8bde8-9e8f-4e03-9833-0efef31cfa24'] (:0) - Batch commands:
command 0:UPDATE Cooper_AddressBook SET Name = @p0, CreateTime = @p1, ParentId = @p2, OwnerAccountId = @p3 WHERE ID = @p4;@p0 = '我的通讯簿_updated' [Type: String (4000)], @p1 = 2012/8/24 10:00:40 [Type: DateTime (0)], @p2 = NULL [Type: Int32 (0)], @p3 = 1058 [Type: Int32 (0)], @p4 = 348 [Type: Int32 (0)]

 INFO [Agent: adapter run thread for test 'UpdatePersonalAddressBook' with id 'bff8bde8-9e8f-4e03-9833-0efef31cfa24'] (e:\codesharp\infrastructure\dotnet\src\CodeSharp.Core.Castles\Log4NetLogger.cs:92) - ----Transaction Completed, name:Tx #22495925, isChild:False
 INFO [Agent: adapter run thread for test 'UpdatePersonalAddressBook' with id 'bff8bde8-9e8f-4e03-9833-0efef31cfa24'] (e:\codesharp\infrastructure\dotnet\src\CodeSharp.Core.Castles\Log4NetLogger.cs:92) - ----Transaction Disposed, name:Tx #22495925, isChild:False
DEBUG [Agent: adapter run thread for test 'UpdatePersonalAddressBook' with id 'bff8bde8-9e8f-4e03-9833-0efef31cfa24'] (e:\codesharp\infrastructure\dotnet\src\CodeSharp.Core.Castles\includes\Castle.Services.Transaction\Managers\DefaultTransactionManager.cs:218) - Transaction Tx #22495925 disposed successfully
DEBUG [Agent: adapter run thread for test 'UpdatePersonalAddressBook' with id 'bff8bde8-9e8f-4e03-9833-0efef31cfa24'] (:0) - SELECT addressboo0_.ID as ID2_0_, addressboo0_.Name as Name2_0_, addressboo0_.CreateTime as CreateTime2_0_, addressboo0_.ParentId as ParentId2_0_, addressboo0_.OwnerAccountId as OwnerAcc6_2_0_, addressboo0_.AddressBookType as AddressB2_2_0_ FROM Cooper_AddressBook addressboo0_ WHERE addressboo0_.ID=@p0;@p0 = 348 [Type: Int32 (0)]</StdOut>
        <DebugTrace>Castle.Services.Transaction.DefaultTransactionManager: Transaction "Tx #43263737" created
Cooper.Model.Test.TeamTest: ----Transaction Created, name:Tx #43263737, isChild:False
NHibernate.SQL: SELECT this_.ID as ID5_0_ FROM Cooper_Lock this_ with (updlock, rowlock) WHERE this_.ID = @p0;@p0 = 'Account' [Type: String (4000)]
NHibernate.SQL: SELECT this_.ID as ID1_2_, this_.Name as Name1_2_, this_.CreateTime as CreateTime1_2_, this_.Password as Password1_2_, profile2_.AccountId as AccountId7_0_, profile2_.Profile as Profile7_0_, account3_.ID as ID1_1_, account3_.Name as Name1_1_, account3_.CreateTime as CreateTime1_1_, account3_.Password as Password1_1_ FROM Cooper_Account this_ left outer join Cooper_AccountProfile profile2_ on this_.ID=profile2_.AccountId left outer join Cooper_Account account3_ on profile2_.AccountId=account3_.ID WHERE this_.Name = @p0;@p0 = 'Cooper_2012082410004063481399240096093845' [Type: String (4000)]
NHibernate.SQL: INSERT INTO Cooper_Account (Name, CreateTime, Password) VALUES (@p0, @p1, @p2); select SCOPE_IDENTITY();@p0 = 'Cooper_2012082410004063481399240096093845' [Type: String (4000)], @p1 = 2012/8/24 10:00:40 [Type: DateTime (0)], @p2 = NULL [Type: String (4000)]
Cooper.Model.Accounts.AccountService: 创建账号#1058|Cooper_2012082410004063481399240096093845
Castle.Facilities.AutoTx.TransactionInterceptor: Committing transaction 43263737
Cooper.Model.Test.TeamTest: ----Transaction Completed, name:Tx #43263737, isChild:False
Cooper.Model.Test.TeamTest: ----Transaction Disposed, name:Tx #43263737, isChild:False
Castle.Services.Transaction.DefaultTransactionManager: Transaction Tx #43263737 disposed successfully
Castle.Services.Transaction.DefaultTransactionManager: Transaction "Tx #50056400" created
Cooper.Model.Test.TeamTest: ----Transaction Created, name:Tx #50056400, isChild:False
NHibernate.SQL: INSERT INTO Cooper_AddressBook (Name, CreateTime, ParentId, OwnerAccountId, AddressBookType) VALUES (@p0, @p1, @p2, @p3, 'personal'); select SCOPE_IDENTITY();@p0 = '我的通讯簿' [Type: String (4000)], @p1 = 2012/8/24 10:00:40 [Type: DateTime (0)], @p2 = NULL [Type: Int32 (0)], @p3 = 1058 [Type: Int32 (0)]
Cooper.Model.Contacts.AddressBookService: 新增私人通讯簿#348|我的通讯簿|1058
Castle.Facilities.AutoTx.TransactionInterceptor: Committing transaction 50056400
Cooper.Model.Test.TeamTest: ----Transaction Completed, name:Tx #50056400, isChild:False
Cooper.Model.Test.TeamTest: ----Transaction Disposed, name:Tx #50056400, isChild:False
Castle.Services.Transaction.DefaultTransactionManager: Transaction Tx #50056400 disposed successfully
NHibernate.SQL: SELECT addressboo0_.ID as ID2_0_, addressboo0_.Name as Name2_0_, addressboo0_.CreateTime as CreateTime2_0_, addressboo0_.ParentId as ParentId2_0_, addressboo0_.OwnerAccountId as OwnerAcc6_2_0_, addressboo0_.AddressBookType as AddressB2_2_0_ FROM Cooper_AddressBook addressboo0_ WHERE addressboo0_.ID=@p0;@p0 = 348 [Type: Int32 (0)]
Castle.Services.Transaction.DefaultTransactionManager: Transaction "Tx #22495925" created
Cooper.Model.Test.TeamTest: ----Transaction Created, name:Tx #22495925, isChild:False
Castle.Facilities.AutoTx.TransactionInterceptor: Committing transaction 22495925
NHibernate.SQL: Batch commands:
command 0:UPDATE Cooper_AddressBook SET Name = @p0, CreateTime = @p1, ParentId = @p2, OwnerAccountId = @p3 WHERE ID = @p4;@p0 = '我的通讯簿_updated' [Type: String (4000)], @p1 = 2012/8/24 10:00:40 [Type: DateTime (0)], @p2 = NULL [Type: Int32 (0)], @p3 = 1058 [Type: Int32 (0)], @p4 = 348 [Type: Int32 (0)]

Cooper.Model.Test.TeamTest: ----Transaction Completed, name:Tx #22495925, isChild:False
Cooper.Model.Test.TeamTest: ----Transaction Disposed, name:Tx #22495925, isChild:False
Castle.Services.Transaction.DefaultTransactionManager: Transaction Tx #22495925 disposed successfully
NHibernate.SQL: SELECT addressboo0_.ID as ID2_0_, addressboo0_.Name as Name2_0_, addressboo0_.CreateTime as CreateTime2_0_, addressboo0_.ParentId as ParentId2_0_, addressboo0_.OwnerAccountId as OwnerAcc6_2_0_, addressboo0_.AddressBookType as AddressB2_2_0_ FROM Cooper_AddressBook addressboo0_ WHERE addressboo0_.ID=@p0;@p0 = 348 [Type: Int32 (0)]
</DebugTrace>
      </Output>
    </UnitTestResult>
    <UnitTestResult executionId="4d92ff81-1535-4a11-940d-ed33981c868b" testId="995a3f19-df72-c571-3442-7b6fb75d2593" testName="DeletePersonalAddressBook" computerName="TAOBAO86" duration="00:00:00.1677640" startTime="2012-08-24T10:00:40.2541096+08:00" endTime="2012-08-24T10:00:40.4271269+08:00" testType="13cdc9d9-ddb5-4fa4-a97d-d965ccfc6d4b" outcome="Passed" testListId="8c84fa94-04c1-424b-9868-57a2d4851a1d" relativeResultsDirectory="4d92ff81-1535-4a11-940d-ed33981c868b">
      <Output>
        <StdOut>DEBUG [Agent: adapter run thread for test 'DeletePersonalAddressBook' with id '4d92ff81-1535-4a11-940d-ed33981c868b'] (e:\codesharp\infrastructure\dotnet\src\CodeSharp.Core.Castles\includes\Castle.Services.Transaction\Managers\DefaultTransactionManager.cs:104) - Transaction "Tx #3671207" created
 INFO [Agent: adapter run thread for test 'DeletePersonalAddressBook' with id '4d92ff81-1535-4a11-940d-ed33981c868b'] (e:\codesharp\infrastructure\dotnet\src\CodeSharp.Core.Castles\Log4NetLogger.cs:92) - ----Transaction Created, name:Tx #3671207, isChild:False
DEBUG [Agent: adapter run thread for test 'DeletePersonalAddressBook' with id '4d92ff81-1535-4a11-940d-ed33981c868b'] (:0) - SELECT this_.ID as ID5_0_ FROM Cooper_Lock this_ with (updlock, rowlock) WHERE this_.ID = @p0;@p0 = 'Account' [Type: String (4000)]
DEBUG [Agent: adapter run thread for test 'DeletePersonalAddressBook' with id '4d92ff81-1535-4a11-940d-ed33981c868b'] (:0) - SELECT this_.ID as ID1_2_, this_.Name as Name1_2_, this_.CreateTime as CreateTime1_2_, this_.Password as Password1_2_, profile2_.AccountId as AccountId7_0_, profile2_.Profile as Profile7_0_, account3_.ID as ID1_1_, account3_.Name as Name1_1_, account3_.CreateTime as CreateTime1_1_, account3_.Password as Password1_1_ FROM Cooper_Account this_ left outer join Cooper_AccountProfile profile2_ on this_.ID=profile2_.AccountId left outer join Cooper_Account account3_ on profile2_.AccountId=account3_.ID WHERE this_.Name = @p0;@p0 = 'Cooper_2012082410004063481399240282112438' [Type: String (4000)]
DEBUG [Agent: adapter run thread for test 'DeletePersonalAddressBook' with id '4d92ff81-1535-4a11-940d-ed33981c868b'] (:0) - INSERT INTO Cooper_Account (Name, CreateTime, Password) VALUES (@p0, @p1, @p2); select SCOPE_IDENTITY();@p0 = 'Cooper_2012082410004063481399240282112438' [Type: String (4000)], @p1 = 2012/8/24 10:00:40 [Type: DateTime (0)], @p2 = NULL [Type: String (4000)]
 INFO [Agent: adapter run thread for test 'DeletePersonalAddressBook' with id '4d92ff81-1535-4a11-940d-ed33981c868b'] (e:\codesharp\infrastructure\dotnet\src\CodeSharp.Core.Castles\Log4NetLogger.cs:92) - 创建账号#1059|Cooper_2012082410004063481399240282112438
DEBUG [Agent: adapter run thread for test 'DeletePersonalAddressBook' with id '4d92ff81-1535-4a11-940d-ed33981c868b'] (e:\codesharp\infrastructure\dotnet\src\CodeSharp.Core.Castles\includes\Castle.Facilities.AutoTx\TransactionInterceptor.cs:140) - Committing transaction 3671207
 INFO [Agent: adapter run thread for test 'DeletePersonalAddressBook' with id '4d92ff81-1535-4a11-940d-ed33981c868b'] (e:\codesharp\infrastructure\dotnet\src\CodeSharp.Core.Castles\Log4NetLogger.cs:92) - ----Transaction Completed, name:Tx #3671207, isChild:False
 INFO [Agent: adapter run thread for test 'DeletePersonalAddressBook' with id '4d92ff81-1535-4a11-940d-ed33981c868b'] (e:\codesharp\infrastructure\dotnet\src\CodeSharp.Core.Castles\Log4NetLogger.cs:92) - ----Transaction Disposed, name:Tx #3671207, isChild:False
DEBUG [Agent: adapter run thread for test 'DeletePersonalAddressBook' with id '4d92ff81-1535-4a11-940d-ed33981c868b'] (e:\codesharp\infrastructure\dotnet\src\CodeSharp.Core.Castles\includes\Castle.Services.Transaction\Managers\DefaultTransactionManager.cs:218) - Transaction Tx #3671207 disposed successfully
DEBUG [Agent: adapter run thread for test 'DeletePersonalAddressBook' with id '4d92ff81-1535-4a11-940d-ed33981c868b'] (e:\codesharp\infrastructure\dotnet\src\CodeSharp.Core.Castles\includes\Castle.Services.Transaction\Managers\DefaultTransactionManager.cs:104) - Transaction "Tx #50776608" created
 INFO [Agent: adapter run thread for test 'DeletePersonalAddressBook' with id '4d92ff81-1535-4a11-940d-ed33981c868b'] (e:\codesharp\infrastructure\dotnet\src\CodeSharp.Core.Castles\Log4NetLogger.cs:92) - ----Transaction Created, name:Tx #50776608, isChild:False
DEBUG [Agent: adapter run thread for test 'DeletePersonalAddressBook' with id '4d92ff81-1535-4a11-940d-ed33981c868b'] (:0) - INSERT INTO Cooper_AddressBook (Name, CreateTime, ParentId, OwnerAccountId, AddressBookType) VALUES (@p0, @p1, @p2, @p3, 'personal'); select SCOPE_IDENTITY();@p0 = '我的通讯簿' [Type: String (4000)], @p1 = 2012/8/24 10:00:40 [Type: DateTime (0)], @p2 = NULL [Type: Int32 (0)], @p3 = 1059 [Type: Int32 (0)]
 INFO [Agent: adapter run thread for test 'DeletePersonalAddressBook' with id '4d92ff81-1535-4a11-940d-ed33981c868b'] (e:\codesharp\infrastructure\dotnet\src\CodeSharp.Core.Castles\Log4NetLogger.cs:92) - 新增私人通讯簿#349|我的通讯簿|1059
DEBUG [Agent: adapter run thread for test 'DeletePersonalAddressBook' with id '4d92ff81-1535-4a11-940d-ed33981c868b'] (e:\codesharp\infrastructure\dotnet\src\CodeSharp.Core.Castles\includes\Castle.Facilities.AutoTx\TransactionInterceptor.cs:140) - Committing transaction 50776608
 INFO [Agent: adapter run thread for test 'DeletePersonalAddressBook' with id '4d92ff81-1535-4a11-940d-ed33981c868b'] (e:\codesharp\infrastructure\dotnet\src\CodeSharp.Core.Castles\Log4NetLogger.cs:92) - ----Transaction Completed, name:Tx #50776608, isChild:False
 INFO [Agent: adapter run thread for test 'DeletePersonalAddressBook' with id '4d92ff81-1535-4a11-940d-ed33981c868b'] (e:\codesharp\infrastructure\dotnet\src\CodeSharp.Core.Castles\Log4NetLogger.cs:92) - ----Transaction Disposed, name:Tx #50776608, isChild:False
DEBUG [Agent: adapter run thread for test 'DeletePersonalAddressBook' with id '4d92ff81-1535-4a11-940d-ed33981c868b'] (e:\codesharp\infrastructure\dotnet\src\CodeSharp.Core.Castles\includes\Castle.Services.Transaction\Managers\DefaultTransactionManager.cs:218) - Transaction Tx #50776608 disposed successfully
DEBUG [Agent: adapter run thread for test 'DeletePersonalAddressBook' with id '4d92ff81-1535-4a11-940d-ed33981c868b'] (:0) - SELECT addressboo0_.ID as ID2_0_, addressboo0_.Name as Name2_0_, addressboo0_.CreateTime as CreateTime2_0_, addressboo0_.ParentId as ParentId2_0_, addressboo0_.OwnerAccountId as OwnerAcc6_2_0_, addressboo0_.AddressBookType as AddressB2_2_0_ FROM Cooper_AddressBook addressboo0_ WHERE addressboo0_.ID=@p0;@p0 = 349 [Type: Int32 (0)]
DEBUG [Agent: adapter run thread for test 'DeletePersonalAddressBook' with id '4d92ff81-1535-4a11-940d-ed33981c868b'] (e:\codesharp\infrastructure\dotnet\src\CodeSharp.Core.Castles\includes\Castle.Services.Transaction\Managers\DefaultTransactionManager.cs:104) - Transaction "Tx #18720342" created
 INFO [Agent: adapter run thread for test 'DeletePersonalAddressBook' with id '4d92ff81-1535-4a11-940d-ed33981c868b'] (e:\codesharp\infrastructure\dotnet\src\CodeSharp.Core.Castles\Log4NetLogger.cs:92) - ----Transaction Created, name:Tx #18720342, isChild:False
 INFO [Agent: adapter run thread for test 'DeletePersonalAddressBook' with id '4d92ff81-1535-4a11-940d-ed33981c868b'] (e:\codesharp\infrastructure\dotnet\src\CodeSharp.Core.Castles\Log4NetLogger.cs:92) - 删除通讯簿#349
DEBUG [Agent: adapter run thread for test 'DeletePersonalAddressBook' with id '4d92ff81-1535-4a11-940d-ed33981c868b'] (e:\codesharp\infrastructure\dotnet\src\CodeSharp.Core.Castles\includes\Castle.Facilities.AutoTx\TransactionInterceptor.cs:140) - Committing transaction 18720342
DEBUG [Agent: adapter run thread for test 'DeletePersonalAddressBook' with id '4d92ff81-1535-4a11-940d-ed33981c868b'] (:0) - Batch commands:
command 0:DELETE FROM Cooper_AddressBook WHERE ID = @p0;@p0 = 349 [Type: Int32 (0)]

 INFO [Agent: adapter run thread for test 'DeletePersonalAddressBook' with id '4d92ff81-1535-4a11-940d-ed33981c868b'] (e:\codesharp\infrastructure\dotnet\src\CodeSharp.Core.Castles\Log4NetLogger.cs:92) - ----Transaction Completed, name:Tx #18720342, isChild:False
 INFO [Agent: adapter run thread for test 'DeletePersonalAddressBook' with id '4d92ff81-1535-4a11-940d-ed33981c868b'] (e:\codesharp\infrastructure\dotnet\src\CodeSharp.Core.Castles\Log4NetLogger.cs:92) - ----Transaction Disposed, name:Tx #18720342, isChild:False
DEBUG [Agent: adapter run thread for test 'DeletePersonalAddressBook' with id '4d92ff81-1535-4a11-940d-ed33981c868b'] (e:\codesharp\infrastructure\dotnet\src\CodeSharp.Core.Castles\includes\Castle.Services.Transaction\Managers\DefaultTransactionManager.cs:218) - Transaction Tx #18720342 disposed successfully
DEBUG [Agent: adapter run thread for test 'DeletePersonalAddressBook' with id '4d92ff81-1535-4a11-940d-ed33981c868b'] (:0) - SELECT addressboo0_.ID as ID2_0_, addressboo0_.Name as Name2_0_, addressboo0_.CreateTime as CreateTime2_0_, addressboo0_.ParentId as ParentId2_0_, addressboo0_.OwnerAccountId as OwnerAcc6_2_0_, addressboo0_.AddressBookType as AddressB2_2_0_ FROM Cooper_AddressBook addressboo0_ WHERE addressboo0_.ID=@p0;@p0 = 349 [Type: Int32 (0)]</StdOut>
        <DebugTrace>Castle.Services.Transaction.DefaultTransactionManager: Transaction "Tx #3671207" created
Cooper.Model.Test.TeamTest: ----Transaction Created, name:Tx #3671207, isChild:False
NHibernate.SQL: SELECT this_.ID as ID5_0_ FROM Cooper_Lock this_ with (updlock, rowlock) WHERE this_.ID = @p0;@p0 = 'Account' [Type: String (4000)]
NHibernate.SQL: SELECT this_.ID as ID1_2_, this_.Name as Name1_2_, this_.CreateTime as CreateTime1_2_, this_.Password as Password1_2_, profile2_.AccountId as AccountId7_0_, profile2_.Profile as Profile7_0_, account3_.ID as ID1_1_, account3_.Name as Name1_1_, account3_.CreateTime as CreateTime1_1_, account3_.Password as Password1_1_ FROM Cooper_Account this_ left outer join Cooper_AccountProfile profile2_ on this_.ID=profile2_.AccountId left outer join Cooper_Account account3_ on profile2_.AccountId=account3_.ID WHERE this_.Name = @p0;@p0 = 'Cooper_2012082410004063481399240282112438' [Type: String (4000)]
NHibernate.SQL: INSERT INTO Cooper_Account (Name, CreateTime, Password) VALUES (@p0, @p1, @p2); select SCOPE_IDENTITY();@p0 = 'Cooper_2012082410004063481399240282112438' [Type: String (4000)], @p1 = 2012/8/24 10:00:40 [Type: DateTime (0)], @p2 = NULL [Type: String (4000)]
Cooper.Model.Accounts.AccountService: 创建账号#1059|Cooper_2012082410004063481399240282112438
Castle.Facilities.AutoTx.TransactionInterceptor: Committing transaction 3671207
Cooper.Model.Test.TeamTest: ----Transaction Completed, name:Tx #3671207, isChild:False
Cooper.Model.Test.TeamTest: ----Transaction Disposed, name:Tx #3671207, isChild:False
Castle.Services.Transaction.DefaultTransactionManager: Transaction Tx #3671207 disposed successfully
Castle.Services.Transaction.DefaultTransactionManager: Transaction "Tx #50776608" created
Cooper.Model.Test.TeamTest: ----Transaction Created, name:Tx #50776608, isChild:False
NHibernate.SQL: INSERT INTO Cooper_AddressBook (Name, CreateTime, ParentId, OwnerAccountId, AddressBookType) VALUES (@p0, @p1, @p2, @p3, 'personal'); select SCOPE_IDENTITY();@p0 = '我的通讯簿' [Type: String (4000)], @p1 = 2012/8/24 10:00:40 [Type: DateTime (0)], @p2 = NULL [Type: Int32 (0)], @p3 = 1059 [Type: Int32 (0)]
Cooper.Model.Contacts.AddressBookService: 新增私人通讯簿#349|我的通讯簿|1059
Castle.Facilities.AutoTx.TransactionInterceptor: Committing transaction 50776608
Cooper.Model.Test.TeamTest: ----Transaction Completed, name:Tx #50776608, isChild:False
Cooper.Model.Test.TeamTest: ----Transaction Disposed, name:Tx #50776608, isChild:False
Castle.Services.Transaction.DefaultTransactionManager: Transaction Tx #50776608 disposed successfully
NHibernate.SQL: SELECT addressboo0_.ID as ID2_0_, addressboo0_.Name as Name2_0_, addressboo0_.CreateTime as CreateTime2_0_, addressboo0_.ParentId as ParentId2_0_, addressboo0_.OwnerAccountId as OwnerAcc6_2_0_, addressboo0_.AddressBookType as AddressB2_2_0_ FROM Cooper_AddressBook addressboo0_ WHERE addressboo0_.ID=@p0;@p0 = 349 [Type: Int32 (0)]
Castle.Services.Transaction.DefaultTransactionManager: Transaction "Tx #18720342" created
Cooper.Model.Test.TeamTest: ----Transaction Created, name:Tx #18720342, isChild:False
Cooper.Model.Contacts.AddressBookService: 删除通讯簿#349
Castle.Facilities.AutoTx.TransactionInterceptor: Committing transaction 18720342
NHibernate.SQL: Batch commands:
command 0:DELETE FROM Cooper_AddressBook WHERE ID = @p0;@p0 = 349 [Type: Int32 (0)]

Cooper.Model.Test.TeamTest: ----Transaction Completed, name:Tx #18720342, isChild:False
Cooper.Model.Test.TeamTest: ----Transaction Disposed, name:Tx #18720342, isChild:False
Castle.Services.Transaction.DefaultTransactionManager: Transaction Tx #18720342 disposed successfully
NHibernate.SQL: SELECT addressboo0_.ID as ID2_0_, addressboo0_.Name as Name2_0_, addressboo0_.CreateTime as CreateTime2_0_, addressboo0_.ParentId as ParentId2_0_, addressboo0_.OwnerAccountId as OwnerAcc6_2_0_, addressboo0_.AddressBookType as AddressB2_2_0_ FROM Cooper_AddressBook addressboo0_ WHERE addressboo0_.ID=@p0;@p0 = 349 [Type: Int32 (0)]
</DebugTrace>
      </Output>
    </UnitTestResult>
    <UnitTestResult executionId="525afe8d-7331-4fb0-9476-b52d8842caf4" testId="0600f781-1a88-5516-fea7-0bd69f15aba2" testName="GetPersonalAddressBooks" computerName="TAOBAO86" duration="00:00:00.1724533" startTime="2012-08-24T10:00:40.4371279+08:00" endTime="2012-08-24T10:00:40.6151457+08:00" testType="13cdc9d9-ddb5-4fa4-a97d-d965ccfc6d4b" outcome="Passed" testListId="8c84fa94-04c1-424b-9868-57a2d4851a1d" relativeResultsDirectory="525afe8d-7331-4fb0-9476-b52d8842caf4">
      <Output>
        <StdOut>DEBUG [Agent: adapter run thread for test 'GetPersonalAddressBooks' with id '525afe8d-7331-4fb0-9476-b52d8842caf4'] (e:\codesharp\infrastructure\dotnet\src\CodeSharp.Core.Castles\includes\Castle.Services.Transaction\Managers\DefaultTransactionManager.cs:104) - Transaction "Tx #17592882" created
 INFO [Agent: adapter run thread for test 'GetPersonalAddressBooks' with id '525afe8d-7331-4fb0-9476-b52d8842caf4'] (e:\codesharp\infrastructure\dotnet\src\CodeSharp.Core.Castles\Log4NetLogger.cs:92) - ----Transaction Created, name:Tx #17592882, isChild:False
DEBUG [Agent: adapter run thread for test 'GetPersonalAddressBooks' with id '525afe8d-7331-4fb0-9476-b52d8842caf4'] (:0) - SELECT this_.ID as ID5_0_ FROM Cooper_Lock this_ with (updlock, rowlock) WHERE this_.ID = @p0;@p0 = 'Account' [Type: String (4000)]
DEBUG [Agent: adapter run thread for test 'GetPersonalAddressBooks' with id '525afe8d-7331-4fb0-9476-b52d8842caf4'] (:0) - SELECT this_.ID as ID1_2_, this_.Name as Name1_2_, this_.CreateTime as CreateTime1_2_, this_.Password as Password1_2_, profile2_.AccountId as AccountId7_0_, profile2_.Profile as Profile7_0_, account3_.ID as ID1_1_, account3_.Name as Name1_1_, account3_.CreateTime as CreateTime1_1_, account3_.Password as Password1_1_ FROM Cooper_Account this_ left outer join Cooper_AccountProfile profile2_ on this_.ID=profile2_.AccountId left outer join Cooper_Account account3_ on profile2_.AccountId=account3_.ID WHERE this_.Name = @p0;@p0 = 'Cooper_2012082410004063481399240464130656' [Type: String (4000)]
DEBUG [Agent: adapter run thread for test 'GetPersonalAddressBooks' with id '525afe8d-7331-4fb0-9476-b52d8842caf4'] (:0) - INSERT INTO Cooper_Account (Name, CreateTime, Password) VALUES (@p0, @p1, @p2); select SCOPE_IDENTITY();@p0 = 'Cooper_2012082410004063481399240464130656' [Type: String (4000)], @p1 = 2012/8/24 10:00:40 [Type: DateTime (0)], @p2 = NULL [Type: String (4000)]
 INFO [Agent: adapter run thread for test 'GetPersonalAddressBooks' with id '525afe8d-7331-4fb0-9476-b52d8842caf4'] (e:\codesharp\infrastructure\dotnet\src\CodeSharp.Core.Castles\Log4NetLogger.cs:92) - 创建账号#1060|Cooper_2012082410004063481399240464130656
DEBUG [Agent: adapter run thread for test 'GetPersonalAddressBooks' with id '525afe8d-7331-4fb0-9476-b52d8842caf4'] (e:\codesharp\infrastructure\dotnet\src\CodeSharp.Core.Castles\includes\Castle.Facilities.AutoTx\TransactionInterceptor.cs:140) - Committing transaction 17592882
 INFO [Agent: adapter run thread for test 'GetPersonalAddressBooks' with id '525afe8d-7331-4fb0-9476-b52d8842caf4'] (e:\codesharp\infrastructure\dotnet\src\CodeSharp.Core.Castles\Log4NetLogger.cs:92) - ----Transaction Completed, name:Tx #17592882, isChild:False
 INFO [Agent: adapter run thread for test 'GetPersonalAddressBooks' with id '525afe8d-7331-4fb0-9476-b52d8842caf4'] (e:\codesharp\infrastructure\dotnet\src\CodeSharp.Core.Castles\Log4NetLogger.cs:92) - ----Transaction Disposed, name:Tx #17592882, isChild:False
DEBUG [Agent: adapter run thread for test 'GetPersonalAddressBooks' with id '525afe8d-7331-4fb0-9476-b52d8842caf4'] (e:\codesharp\infrastructure\dotnet\src\CodeSharp.Core.Castles\includes\Castle.Services.Transaction\Managers\DefaultTransactionManager.cs:218) - Transaction Tx #17592882 disposed successfully
DEBUG [Agent: adapter run thread for test 'GetPersonalAddressBooks' with id '525afe8d-7331-4fb0-9476-b52d8842caf4'] (e:\codesharp\infrastructure\dotnet\src\CodeSharp.Core.Castles\includes\Castle.Services.Transaction\Managers\DefaultTransactionManager.cs:104) - Transaction "Tx #43115553" created
 INFO [Agent: adapter run thread for test 'GetPersonalAddressBooks' with id '525afe8d-7331-4fb0-9476-b52d8842caf4'] (e:\codesharp\infrastructure\dotnet\src\CodeSharp.Core.Castles\Log4NetLogger.cs:92) - ----Transaction Created, name:Tx #43115553, isChild:False
DEBUG [Agent: adapter run thread for test 'GetPersonalAddressBooks' with id '525afe8d-7331-4fb0-9476-b52d8842caf4'] (:0) - INSERT INTO Cooper_AddressBook (Name, CreateTime, ParentId, OwnerAccountId, AddressBookType) VALUES (@p0, @p1, @p2, @p3, 'personal'); select SCOPE_IDENTITY();@p0 = '我的通讯簿1' [Type: String (4000)], @p1 = 2012/8/24 10:00:40 [Type: DateTime (0)], @p2 = NULL [Type: Int32 (0)], @p3 = 1060 [Type: Int32 (0)]
 INFO [Agent: adapter run thread for test 'GetPersonalAddressBooks' with id '525afe8d-7331-4fb0-9476-b52d8842caf4'] (e:\codesharp\infrastructure\dotnet\src\CodeSharp.Core.Castles\Log4NetLogger.cs:92) - 新增私人通讯簿#350|我的通讯簿1|1060
DEBUG [Agent: adapter run thread for test 'GetPersonalAddressBooks' with id '525afe8d-7331-4fb0-9476-b52d8842caf4'] (e:\codesharp\infrastructure\dotnet\src\CodeSharp.Core.Castles\includes\Castle.Facilities.AutoTx\TransactionInterceptor.cs:140) - Committing transaction 43115553
 INFO [Agent: adapter run thread for test 'GetPersonalAddressBooks' with id '525afe8d-7331-4fb0-9476-b52d8842caf4'] (e:\codesharp\infrastructure\dotnet\src\CodeSharp.Core.Castles\Log4NetLogger.cs:92) - ----Transaction Completed, name:Tx #43115553, isChild:False
 INFO [Agent: adapter run thread for test 'GetPersonalAddressBooks' with id '525afe8d-7331-4fb0-9476-b52d8842caf4'] (e:\codesharp\infrastructure\dotnet\src\CodeSharp.Core.Castles\Log4NetLogger.cs:92) - ----Transaction Disposed, name:Tx #43115553, isChild:False
DEBUG [Agent: adapter run thread for test 'GetPersonalAddressBooks' with id '525afe8d-7331-4fb0-9476-b52d8842caf4'] (e:\codesharp\infrastructure\dotnet\src\CodeSharp.Core.Castles\includes\Castle.Services.Transaction\Managers\DefaultTransactionManager.cs:218) - Transaction Tx #43115553 disposed successfully
DEBUG [Agent: adapter run thread for test 'GetPersonalAddressBooks' with id '525afe8d-7331-4fb0-9476-b52d8842caf4'] (e:\codesharp\infrastructure\dotnet\src\CodeSharp.Core.Castles\includes\Castle.Services.Transaction\Managers\DefaultTransactionManager.cs:104) - Transaction "Tx #21545512" created
 INFO [Agent: adapter run thread for test 'GetPersonalAddressBooks' with id '525afe8d-7331-4fb0-9476-b52d8842caf4'] (e:\codesharp\infrastructure\dotnet\src\CodeSharp.Core.Castles\Log4NetLogger.cs:92) - ----Transaction Created, name:Tx #21545512, isChild:False
DEBUG [Agent: adapter run thread for test 'GetPersonalAddressBooks' with id '525afe8d-7331-4fb0-9476-b52d8842caf4'] (:0) - INSERT INTO Cooper_AddressBook (Name, CreateTime, ParentId, OwnerAccountId, AddressBookType) VALUES (@p0, @p1, @p2, @p3, 'personal'); select SCOPE_IDENTITY();@p0 = '我的通讯簿2' [Type: String (4000)], @p1 = 2012/8/24 10:00:40 [Type: DateTime (0)], @p2 = NULL [Type: Int32 (0)], @p3 = 1060 [Type: Int32 (0)]
 INFO [Agent: adapter run thread for test 'GetPersonalAddressBooks' with id '525afe8d-7331-4fb0-9476-b52d8842caf4'] (e:\codesharp\infrastructure\dotnet\src\CodeSharp.Core.Castles\Log4NetLogger.cs:92) - 新增私人通讯簿#351|我的通讯簿2|1060
DEBUG [Agent: adapter run thread for test 'GetPersonalAddressBooks' with id '525afe8d-7331-4fb0-9476-b52d8842caf4'] (e:\codesharp\infrastructure\dotnet\src\CodeSharp.Core.Castles\includes\Castle.Facilities.AutoTx\TransactionInterceptor.cs:140) - Committing transaction 21545512
 INFO [Agent: adapter run thread for test 'GetPersonalAddressBooks' with id '525afe8d-7331-4fb0-9476-b52d8842caf4'] (e:\codesharp\infrastructure\dotnet\src\CodeSharp.Core.Castles\Log4NetLogger.cs:92) - ----Transaction Completed, name:Tx #21545512, isChild:False
 INFO [Agent: adapter run thread for test 'GetPersonalAddressBooks' with id '525afe8d-7331-4fb0-9476-b52d8842caf4'] (e:\codesharp\infrastructure\dotnet\src\CodeSharp.Core.Castles\Log4NetLogger.cs:92) - ----Transaction Disposed, name:Tx #21545512, isChild:False
DEBUG [Agent: adapter run thread for test 'GetPersonalAddressBooks' with id '525afe8d-7331-4fb0-9476-b52d8842caf4'] (e:\codesharp\infrastructure\dotnet\src\CodeSharp.Core.Castles\includes\Castle.Services.Transaction\Managers\DefaultTransactionManager.cs:218) - Transaction Tx #21545512 disposed successfully
DEBUG [Agent: adapter run thread for test 'GetPersonalAddressBooks' with id '525afe8d-7331-4fb0-9476-b52d8842caf4'] (e:\codesharp\infrastructure\dotnet\src\CodeSharp.Core.Castles\includes\Castle.Services.Transaction\Managers\DefaultTransactionManager.cs:104) - Transaction "Tx #65570382" created
 INFO [Agent: adapter run thread for test 'GetPersonalAddressBooks' with id '525afe8d-7331-4fb0-9476-b52d8842caf4'] (e:\codesharp\infrastructure\dotnet\src\CodeSharp.Core.Castles\Log4NetLogger.cs:92) - ----Transaction Created, name:Tx #65570382, isChild:False
DEBUG [Agent: adapter run thread for test 'GetPersonalAddressBooks' with id '525afe8d-7331-4fb0-9476-b52d8842caf4'] (:0) - INSERT INTO Cooper_AddressBook (Name, CreateTime, ParentId, OwnerAccountId, AddressBookType) VALUES (@p0, @p1, @p2, @p3, 'personal'); select SCOPE_IDENTITY();@p0 = '我的通讯簿3' [Type: String (4000)], @p1 = 2012/8/24 10:00:40 [Type: DateTime (0)], @p2 = NULL [Type: Int32 (0)], @p3 = 1060 [Type: Int32 (0)]
 INFO [Agent: adapter run thread for test 'GetPersonalAddressBooks' with id '525afe8d-7331-4fb0-9476-b52d8842caf4'] (e:\codesharp\infrastructure\dotnet\src\CodeSharp.Core.Castles\Log4NetLogger.cs:92) - 新增私人通讯簿#352|我的通讯簿3|1060
DEBUG [Agent: adapter run thread for test 'GetPersonalAddressBooks' with id '525afe8d-7331-4fb0-9476-b52d8842caf4'] (e:\codesharp\infrastructure\dotnet\src\CodeSharp.Core.Castles\includes\Castle.Facilities.AutoTx\TransactionInterceptor.cs:140) - Committing transaction 65570382
 INFO [Agent: adapter run thread for test 'GetPersonalAddressBooks' with id '525afe8d-7331-4fb0-9476-b52d8842caf4'] (e:\codesharp\infrastructure\dotnet\src\CodeSharp.Core.Castles\Log4NetLogger.cs:92) - ----Transaction Completed, name:Tx #65570382, isChild:False
 INFO [Agent: adapter run thread for test 'GetPersonalAddressBooks' with id '525afe8d-7331-4fb0-9476-b52d8842caf4'] (e:\codesharp\infrastructure\dotnet\src\CodeSharp.Core.Castles\Log4NetLogger.cs:92) - ----Transaction Disposed, name:Tx #65570382, isChild:False
DEBUG [Agent: adapter run thread for test 'GetPersonalAddressBooks' with id '525afe8d-7331-4fb0-9476-b52d8842caf4'] (e:\codesharp\infrastructure\dotnet\src\CodeSharp.Core.Castles\includes\Castle.Services.Transaction\Managers\DefaultTransactionManager.cs:218) - Transaction Tx #65570382 disposed successfully
DEBUG [Agent: adapter run thread for test 'GetPersonalAddressBooks' with id '525afe8d-7331-4fb0-9476-b52d8842caf4'] (:0) - SELECT this_.ID as ID2_0_, this_.Name as Name2_0_, this_.CreateTime as CreateTime2_0_, this_.ParentId as ParentId2_0_, this_.OwnerAccountId as OwnerAcc6_2_0_ FROM Cooper_AddressBook this_ WHERE this_.AddressBookType='personal' AND this_.OwnerAccountId = @p0;@p0 = 1060 [Type: Int32 (0)]</StdOut>
        <DebugTrace>Castle.Services.Transaction.DefaultTransactionManager: Transaction "Tx #17592882" created
Cooper.Model.Test.TeamTest: ----Transaction Created, name:Tx #17592882, isChild:False
NHibernate.SQL: SELECT this_.ID as ID5_0_ FROM Cooper_Lock this_ with (updlock, rowlock) WHERE this_.ID = @p0;@p0 = 'Account' [Type: String (4000)]
NHibernate.SQL: SELECT this_.ID as ID1_2_, this_.Name as Name1_2_, this_.CreateTime as CreateTime1_2_, this_.Password as Password1_2_, profile2_.AccountId as AccountId7_0_, profile2_.Profile as Profile7_0_, account3_.ID as ID1_1_, account3_.Name as Name1_1_, account3_.CreateTime as CreateTime1_1_, account3_.Password as Password1_1_ FROM Cooper_Account this_ left outer join Cooper_AccountProfile profile2_ on this_.ID=profile2_.AccountId left outer join Cooper_Account account3_ on profile2_.AccountId=account3_.ID WHERE this_.Name = @p0;@p0 = 'Cooper_2012082410004063481399240464130656' [Type: String (4000)]
NHibernate.SQL: INSERT INTO Cooper_Account (Name, CreateTime, Password) VALUES (@p0, @p1, @p2); select SCOPE_IDENTITY();@p0 = 'Cooper_2012082410004063481399240464130656' [Type: String (4000)], @p1 = 2012/8/24 10:00:40 [Type: DateTime (0)], @p2 = NULL [Type: String (4000)]
Cooper.Model.Accounts.AccountService: 创建账号#1060|Cooper_2012082410004063481399240464130656
Castle.Facilities.AutoTx.TransactionInterceptor: Committing transaction 17592882
Cooper.Model.Test.TeamTest: ----Transaction Completed, name:Tx #17592882, isChild:False
Cooper.Model.Test.TeamTest: ----Transaction Disposed, name:Tx #17592882, isChild:False
Castle.Services.Transaction.DefaultTransactionManager: Transaction Tx #17592882 disposed successfully
Castle.Services.Transaction.DefaultTransactionManager: Transaction "Tx #43115553" created
Cooper.Model.Test.TeamTest: ----Transaction Created, name:Tx #43115553, isChild:False
NHibernate.SQL: INSERT INTO Cooper_AddressBook (Name, CreateTime, ParentId, OwnerAccountId, AddressBookType) VALUES (@p0, @p1, @p2, @p3, 'personal'); select SCOPE_IDENTITY();@p0 = '我的通讯簿1' [Type: String (4000)], @p1 = 2012/8/24 10:00:40 [Type: DateTime (0)], @p2 = NULL [Type: Int32 (0)], @p3 = 1060 [Type: Int32 (0)]
Cooper.Model.Contacts.AddressBookService: 新增私人通讯簿#350|我的通讯簿1|1060
Castle.Facilities.AutoTx.TransactionInterceptor: Committing transaction 43115553
Cooper.Model.Test.TeamTest: ----Transaction Completed, name:Tx #43115553, isChild:False
Cooper.Model.Test.TeamTest: ----Transaction Disposed, name:Tx #43115553, isChild:False
Castle.Services.Transaction.DefaultTransactionManager: Transaction Tx #43115553 disposed successfully
Castle.Services.Transaction.DefaultTransactionManager: Transaction "Tx #21545512" created
Cooper.Model.Test.TeamTest: ----Transaction Created, name:Tx #21545512, isChild:False
NHibernate.SQL: INSERT INTO Cooper_AddressBook (Name, CreateTime, ParentId, OwnerAccountId, AddressBookType) VALUES (@p0, @p1, @p2, @p3, 'personal'); select SCOPE_IDENTITY();@p0 = '我的通讯簿2' [Type: String (4000)], @p1 = 2012/8/24 10:00:40 [Type: DateTime (0)], @p2 = NULL [Type: Int32 (0)], @p3 = 1060 [Type: Int32 (0)]
Cooper.Model.Contacts.AddressBookService: 新增私人通讯簿#351|我的通讯簿2|1060
Castle.Facilities.AutoTx.TransactionInterceptor: Committing transaction 21545512
Cooper.Model.Test.TeamTest: ----Transaction Completed, name:Tx #21545512, isChild:False
Cooper.Model.Test.TeamTest: ----Transaction Disposed, name:Tx #21545512, isChild:False
Castle.Services.Transaction.DefaultTransactionManager: Transaction Tx #21545512 disposed successfully
Castle.Services.Transaction.DefaultTransactionManager: Transaction "Tx #65570382" created
Cooper.Model.Test.TeamTest: ----Transaction Created, name:Tx #65570382, isChild:False
NHibernate.SQL: INSERT INTO Cooper_AddressBook (Name, CreateTime, ParentId, OwnerAccountId, AddressBookType) VALUES (@p0, @p1, @p2, @p3, 'personal'); select SCOPE_IDENTITY();@p0 = '我的通讯簿3' [Type: String (4000)], @p1 = 2012/8/24 10:00:40 [Type: DateTime (0)], @p2 = NULL [Type: Int32 (0)], @p3 = 1060 [Type: Int32 (0)]
Cooper.Model.Contacts.AddressBookService: 新增私人通讯簿#352|我的通讯簿3|1060
Castle.Facilities.AutoTx.TransactionInterceptor: Committing transaction 65570382
Cooper.Model.Test.TeamTest: ----Transaction Completed, name:Tx #65570382, isChild:False
Cooper.Model.Test.TeamTest: ----Transaction Disposed, name:Tx #65570382, isChild:False
Castle.Services.Transaction.DefaultTransactionManager: Transaction Tx #65570382 disposed successfully
NHibernate.SQL: SELECT this_.ID as ID2_0_, this_.Name as Name2_0_, this_.CreateTime as CreateTime2_0_, this_.ParentId as ParentId2_0_, this_.OwnerAccountId as OwnerAcc6_2_0_ FROM Cooper_AddressBook this_ WHERE this_.AddressBookType='personal' AND this_.OwnerAccountId = @p0;@p0 = 1060 [Type: Int32 (0)]
</DebugTrace>
      </Output>
    </UnitTestResult>
    <UnitTestResult executionId="5069d7c5-bb74-4b6c-be86-6bc84542d588" testId="c2db2f3c-e72a-ef78-f3e9-abbb6b0cee0d" testName="GetSystemAddressBooks" computerName="TAOBAO86" duration="00:00:00.1991816" startTime="2012-08-24T10:00:40.6241466+08:00" endTime="2012-08-24T10:00:40.8281670+08:00" testType="13cdc9d9-ddb5-4fa4-a97d-d965ccfc6d4b" outcome="Passed" testListId="8c84fa94-04c1-424b-9868-57a2d4851a1d" relativeResultsDirectory="5069d7c5-bb74-4b6c-be86-6bc84542d588">
      <Output>
        <StdOut>DEBUG [Agent: adapter run thread for test 'GetSystemAddressBooks' with id '5069d7c5-bb74-4b6c-be86-6bc84542d588'] (e:\codesharp\infrastructure\dotnet\src\CodeSharp.Core.Castles\includes\Castle.Services.Transaction\Managers\DefaultTransactionManager.cs:104) - Transaction "Tx #39934361" created
 INFO [Agent: adapter run thread for test 'GetSystemAddressBooks' with id '5069d7c5-bb74-4b6c-be86-6bc84542d588'] (e:\codesharp\infrastructure\dotnet\src\CodeSharp.Core.Castles\Log4NetLogger.cs:92) - ----Transaction Created, name:Tx #39934361, isChild:False
DEBUG [Agent: adapter run thread for test 'GetSystemAddressBooks' with id '5069d7c5-bb74-4b6c-be86-6bc84542d588'] (:0) - SELECT this_.ID as ID5_0_ FROM Cooper_Lock this_ with (updlock, rowlock) WHERE this_.ID = @p0;@p0 = 'Account' [Type: String (4000)]
DEBUG [Agent: adapter run thread for test 'GetSystemAddressBooks' with id '5069d7c5-bb74-4b6c-be86-6bc84542d588'] (:0) - SELECT this_.ID as ID1_2_, this_.Name as Name1_2_, this_.CreateTime as CreateTime1_2_, this_.Password as Password1_2_, profile2_.AccountId as AccountId7_0_, profile2_.Profile as Profile7_0_, account3_.ID as ID1_1_, account3_.Name as Name1_1_, account3_.CreateTime as CreateTime1_1_, account3_.Password as Password1_1_ FROM Cooper_Account this_ left outer join Cooper_AccountProfile profile2_ on this_.ID=profile2_.AccountId left outer join Cooper_Account account3_ on profile2_.AccountId=account3_.ID WHERE this_.Name = @p0;@p0 = 'Cooper_2012082410004063481399240652149471' [Type: String (4000)]
DEBUG [Agent: adapter run thread for test 'GetSystemAddressBooks' with id '5069d7c5-bb74-4b6c-be86-6bc84542d588'] (:0) - INSERT INTO Cooper_Account (Name, CreateTime, Password) VALUES (@p0, @p1, @p2); select SCOPE_IDENTITY();@p0 = 'Cooper_2012082410004063481399240652149471' [Type: String (4000)], @p1 = 2012/8/24 10:00:40 [Type: DateTime (0)], @p2 = NULL [Type: String (4000)]
 INFO [Agent: adapter run thread for test 'GetSystemAddressBooks' with id '5069d7c5-bb74-4b6c-be86-6bc84542d588'] (e:\codesharp\infrastructure\dotnet\src\CodeSharp.Core.Castles\Log4NetLogger.cs:92) - 创建账号#1061|Cooper_2012082410004063481399240652149471
DEBUG [Agent: adapter run thread for test 'GetSystemAddressBooks' with id '5069d7c5-bb74-4b6c-be86-6bc84542d588'] (e:\codesharp\infrastructure\dotnet\src\CodeSharp.Core.Castles\includes\Castle.Facilities.AutoTx\TransactionInterceptor.cs:140) - Committing transaction 39934361
 INFO [Agent: adapter run thread for test 'GetSystemAddressBooks' with id '5069d7c5-bb74-4b6c-be86-6bc84542d588'] (e:\codesharp\infrastructure\dotnet\src\CodeSharp.Core.Castles\Log4NetLogger.cs:92) - ----Transaction Completed, name:Tx #39934361, isChild:False
 INFO [Agent: adapter run thread for test 'GetSystemAddressBooks' with id '5069d7c5-bb74-4b6c-be86-6bc84542d588'] (e:\codesharp\infrastructure\dotnet\src\CodeSharp.Core.Castles\Log4NetLogger.cs:92) - ----Transaction Disposed, name:Tx #39934361, isChild:False
DEBUG [Agent: adapter run thread for test 'GetSystemAddressBooks' with id '5069d7c5-bb74-4b6c-be86-6bc84542d588'] (e:\codesharp\infrastructure\dotnet\src\CodeSharp.Core.Castles\includes\Castle.Services.Transaction\Managers\DefaultTransactionManager.cs:218) - Transaction Tx #39934361 disposed successfully
DEBUG [Agent: adapter run thread for test 'GetSystemAddressBooks' with id '5069d7c5-bb74-4b6c-be86-6bc84542d588'] (e:\codesharp\infrastructure\dotnet\src\CodeSharp.Core.Castles\includes\Castle.Services.Transaction\Managers\DefaultTransactionManager.cs:104) - Transaction "Tx #48367310" created
 INFO [Agent: adapter run thread for test 'GetSystemAddressBooks' with id '5069d7c5-bb74-4b6c-be86-6bc84542d588'] (e:\codesharp\infrastructure\dotnet\src\CodeSharp.Core.Castles\Log4NetLogger.cs:92) - ----Transaction Created, name:Tx #48367310, isChild:False
DEBUG [Agent: adapter run thread for test 'GetSystemAddressBooks' with id '5069d7c5-bb74-4b6c-be86-6bc84542d588'] (:0) - INSERT INTO Cooper_AddressBook (Name, CreateTime, ParentId, AddressBookType) VALUES (@p0, @p1, @p2, 'system'); select SCOPE_IDENTITY();@p0 = '系统通讯簿1c631a725-394b-4fbe-ad10-a3e53d212af1' [Type: String (4000)], @p1 = 2012/8/24 10:00:40 [Type: DateTime (0)], @p2 = NULL [Type: Int32 (0)]
 INFO [Agent: adapter run thread for test 'GetSystemAddressBooks' with id '5069d7c5-bb74-4b6c-be86-6bc84542d588'] (e:\codesharp\infrastructure\dotnet\src\CodeSharp.Core.Castles\Log4NetLogger.cs:92) - 新增通讯簿#353|系统通讯簿1c631a725-394b-4fbe-ad10-a3e53d212af1
DEBUG [Agent: adapter run thread for test 'GetSystemAddressBooks' with id '5069d7c5-bb74-4b6c-be86-6bc84542d588'] (e:\codesharp\infrastructure\dotnet\src\CodeSharp.Core.Castles\includes\Castle.Facilities.AutoTx\TransactionInterceptor.cs:140) - Committing transaction 48367310
 INFO [Agent: adapter run thread for test 'GetSystemAddressBooks' with id '5069d7c5-bb74-4b6c-be86-6bc84542d588'] (e:\codesharp\infrastructure\dotnet\src\CodeSharp.Core.Castles\Log4NetLogger.cs:92) - ----Transaction Completed, name:Tx #48367310, isChild:False
 INFO [Agent: adapter run thread for test 'GetSystemAddressBooks' with id '5069d7c5-bb74-4b6c-be86-6bc84542d588'] (e:\codesharp\infrastructure\dotnet\src\CodeSharp.Core.Castles\Log4NetLogger.cs:92) - ----Transaction Disposed, name:Tx #48367310, isChild:False
DEBUG [Agent: adapter run thread for test 'GetSystemAddressBooks' with id '5069d7c5-bb74-4b6c-be86-6bc84542d588'] (e:\codesharp\infrastructure\dotnet\src\CodeSharp.Core.Castles\includes\Castle.Services.Transaction\Managers\DefaultTransactionManager.cs:218) - Transaction Tx #48367310 disposed successfully
DEBUG [Agent: adapter run thread for test 'GetSystemAddressBooks' with id '5069d7c5-bb74-4b6c-be86-6bc84542d588'] (e:\codesharp\infrastructure\dotnet\src\CodeSharp.Core.Castles\includes\Castle.Services.Transaction\Managers\DefaultTransactionManager.cs:104) - Transaction "Tx #2190918" created
 INFO [Agent: adapter run thread for test 'GetSystemAddressBooks' with id '5069d7c5-bb74-4b6c-be86-6bc84542d588'] (e:\codesharp\infrastructure\dotnet\src\CodeSharp.Core.Castles\Log4NetLogger.cs:92) - ----Transaction Created, name:Tx #2190918, isChild:False
DEBUG [Agent: adapter run thread for test 'GetSystemAddressBooks' with id '5069d7c5-bb74-4b6c-be86-6bc84542d588'] (:0) - INSERT INTO Cooper_AddressBook (Name, CreateTime, ParentId, AddressBookType) VALUES (@p0, @p1, @p2, 'system'); select SCOPE_IDENTITY();@p0 = '系统通讯簿200479241-8f5b-45f4-b295-766301820bcf' [Type: String (4000)], @p1 = 2012/8/24 10:00:40 [Type: DateTime (0)], @p2 = NULL [Type: Int32 (0)]
 INFO [Agent: adapter run thread for test 'GetSystemAddressBooks' with id '5069d7c5-bb74-4b6c-be86-6bc84542d588'] (e:\codesharp\infrastructure\dotnet\src\CodeSharp.Core.Castles\Log4NetLogger.cs:92) - 新增通讯簿#354|系统通讯簿200479241-8f5b-45f4-b295-766301820bcf
DEBUG [Agent: adapter run thread for test 'GetSystemAddressBooks' with id '5069d7c5-bb74-4b6c-be86-6bc84542d588'] (e:\codesharp\infrastructure\dotnet\src\CodeSharp.Core.Castles\includes\Castle.Facilities.AutoTx\TransactionInterceptor.cs:140) - Committing transaction 2190918
 INFO [Agent: adapter run thread for test 'GetSystemAddressBooks' with id '5069d7c5-bb74-4b6c-be86-6bc84542d588'] (e:\codesharp\infrastructure\dotnet\src\CodeSharp.Core.Castles\Log4NetLogger.cs:92) - ----Transaction Completed, name:Tx #2190918, isChild:False
 INFO [Agent: adapter run thread for test 'GetSystemAddressBooks' with id '5069d7c5-bb74-4b6c-be86-6bc84542d588'] (e:\codesharp\infrastructure\dotnet\src\CodeSharp.Core.Castles\Log4NetLogger.cs:92) - ----Transaction Disposed, name:Tx #2190918, isChild:False
DEBUG [Agent: adapter run thread for test 'GetSystemAddressBooks' with id '5069d7c5-bb74-4b6c-be86-6bc84542d588'] (e:\codesharp\infrastructure\dotnet\src\CodeSharp.Core.Castles\includes\Castle.Services.Transaction\Managers\DefaultTransactionManager.cs:218) - Transaction Tx #2190918 disposed successfully
DEBUG [Agent: adapter run thread for test 'GetSystemAddressBooks' with id '5069d7c5-bb74-4b6c-be86-6bc84542d588'] (e:\codesharp\infrastructure\dotnet\src\CodeSharp.Core.Castles\includes\Castle.Services.Transaction\Managers\DefaultTransactionManager.cs:104) - Transaction "Tx #9344062" created
 INFO [Agent: adapter run thread for test 'GetSystemAddressBooks' with id '5069d7c5-bb74-4b6c-be86-6bc84542d588'] (e:\codesharp\infrastructure\dotnet\src\CodeSharp.Core.Castles\Log4NetLogger.cs:92) - ----Transaction Created, name:Tx #9344062, isChild:False
DEBUG [Agent: adapter run thread for test 'GetSystemAddressBooks' with id '5069d7c5-bb74-4b6c-be86-6bc84542d588'] (:0) - INSERT INTO Cooper_AddressBook (Name, CreateTime, ParentId, AddressBookType) VALUES (@p0, @p1, @p2, 'system'); select SCOPE_IDENTITY();@p0 = '系统通讯簿3ddb0793f-8046-446e-ace0-fecac43d7d24' [Type: String (4000)], @p1 = 2012/8/24 10:00:40 [Type: DateTime (0)], @p2 = NULL [Type: Int32 (0)]
 INFO [Agent: adapter run thread for test 'GetSystemAddressBooks' with id '5069d7c5-bb74-4b6c-be86-6bc84542d588'] (e:\codesharp\infrastructure\dotnet\src\CodeSharp.Core.Castles\Log4NetLogger.cs:92) - 新增通讯簿#355|系统通讯簿3ddb0793f-8046-446e-ace0-fecac43d7d24
DEBUG [Agent: adapter run thread for test 'GetSystemAddressBooks' with id '5069d7c5-bb74-4b6c-be86-6bc84542d588'] (e:\codesharp\infrastructure\dotnet\src\CodeSharp.Core.Castles\includes\Castle.Facilities.AutoTx\TransactionInterceptor.cs:140) - Committing transaction 9344062
 INFO [Agent: adapter run thread for test 'GetSystemAddressBooks' with id '5069d7c5-bb74-4b6c-be86-6bc84542d588'] (e:\codesharp\infrastructure\dotnet\src\CodeSharp.Core.Castles\Log4NetLogger.cs:92) - ----Transaction Completed, name:Tx #9344062, isChild:False
 INFO [Agent: adapter run thread for test 'GetSystemAddressBooks' with id '5069d7c5-bb74-4b6c-be86-6bc84542d588'] (e:\codesharp\infrastructure\dotnet\src\CodeSharp.Core.Castles\Log4NetLogger.cs:92) - ----Transaction Disposed, name:Tx #9344062, isChild:False
DEBUG [Agent: adapter run thread for test 'GetSystemAddressBooks' with id '5069d7c5-bb74-4b6c-be86-6bc84542d588'] (e:\codesharp\infrastructure\dotnet\src\CodeSharp.Core.Castles\includes\Castle.Services.Transaction\Managers\DefaultTransactionManager.cs:218) - Transaction Tx #9344062 disposed successfully
DEBUG [Agent: adapter run thread for test 'GetSystemAddressBooks' with id '5069d7c5-bb74-4b6c-be86-6bc84542d588'] (:0) - SELECT this_.ID as ID2_0_, this_.Name as Name2_0_, this_.CreateTime as CreateTime2_0_, this_.ParentId as ParentId2_0_ FROM Cooper_AddressBook this_ WHERE this_.AddressBookType='system'</StdOut>
        <DebugTrace>Castle.Services.Transaction.DefaultTransactionManager: Transaction "Tx #39934361" created
Cooper.Model.Test.TeamTest: ----Transaction Created, name:Tx #39934361, isChild:False
NHibernate.SQL: SELECT this_.ID as ID5_0_ FROM Cooper_Lock this_ with (updlock, rowlock) WHERE this_.ID = @p0;@p0 = 'Account' [Type: String (4000)]
NHibernate.SQL: SELECT this_.ID as ID1_2_, this_.Name as Name1_2_, this_.CreateTime as CreateTime1_2_, this_.Password as Password1_2_, profile2_.AccountId as AccountId7_0_, profile2_.Profile as Profile7_0_, account3_.ID as ID1_1_, account3_.Name as Name1_1_, account3_.CreateTime as CreateTime1_1_, account3_.Password as Password1_1_ FROM Cooper_Account this_ left outer join Cooper_AccountProfile profile2_ on this_.ID=profile2_.AccountId left outer join Cooper_Account account3_ on profile2_.AccountId=account3_.ID WHERE this_.Name = @p0;@p0 = 'Cooper_2012082410004063481399240652149471' [Type: String (4000)]
NHibernate.SQL: INSERT INTO Cooper_Account (Name, CreateTime, Password) VALUES (@p0, @p1, @p2); select SCOPE_IDENTITY();@p0 = 'Cooper_2012082410004063481399240652149471' [Type: String (4000)], @p1 = 2012/8/24 10:00:40 [Type: DateTime (0)], @p2 = NULL [Type: String (4000)]
Cooper.Model.Accounts.AccountService: 创建账号#1061|Cooper_2012082410004063481399240652149471
Castle.Facilities.AutoTx.TransactionInterceptor: Committing transaction 39934361
Cooper.Model.Test.TeamTest: ----Transaction Completed, name:Tx #39934361, isChild:False
Cooper.Model.Test.TeamTest: ----Transaction Disposed, name:Tx #39934361, isChild:False
Castle.Services.Transaction.DefaultTransactionManager: Transaction Tx #39934361 disposed successfully
Castle.Services.Transaction.DefaultTransactionManager: Transaction "Tx #48367310" created
Cooper.Model.Test.TeamTest: ----Transaction Created, name:Tx #48367310, isChild:False
NHibernate.SQL: INSERT INTO Cooper_AddressBook (Name, CreateTime, ParentId, AddressBookType) VALUES (@p0, @p1, @p2, 'system'); select SCOPE_IDENTITY();@p0 = '系统通讯簿1c631a725-394b-4fbe-ad10-a3e53d212af1' [Type: String (4000)], @p1 = 2012/8/24 10:00:40 [Type: DateTime (0)], @p2 = NULL [Type: Int32 (0)]
Cooper.Model.Contacts.AddressBookService: 新增通讯簿#353|系统通讯簿1c631a725-394b-4fbe-ad10-a3e53d212af1
Castle.Facilities.AutoTx.TransactionInterceptor: Committing transaction 48367310
Cooper.Model.Test.TeamTest: ----Transaction Completed, name:Tx #48367310, isChild:False
Cooper.Model.Test.TeamTest: ----Transaction Disposed, name:Tx #48367310, isChild:False
Castle.Services.Transaction.DefaultTransactionManager: Transaction Tx #48367310 disposed successfully
Castle.Services.Transaction.DefaultTransactionManager: Transaction "Tx #2190918" created
Cooper.Model.Test.TeamTest: ----Transaction Created, name:Tx #2190918, isChild:False
NHibernate.SQL: INSERT INTO Cooper_AddressBook (Name, CreateTime, ParentId, AddressBookType) VALUES (@p0, @p1, @p2, 'system'); select SCOPE_IDENTITY();@p0 = '系统通讯簿200479241-8f5b-45f4-b295-766301820bcf' [Type: String (4000)], @p1 = 2012/8/24 10:00:40 [Type: DateTime (0)], @p2 = NULL [Type: Int32 (0)]
Cooper.Model.Contacts.AddressBookService: 新增通讯簿#354|系统通讯簿200479241-8f5b-45f4-b295-766301820bcf
Castle.Facilities.AutoTx.TransactionInterceptor: Committing transaction 2190918
Cooper.Model.Test.TeamTest: ----Transaction Completed, name:Tx #2190918, isChild:False
Cooper.Model.Test.TeamTest: ----Transaction Disposed, name:Tx #2190918, isChild:False
Castle.Services.Transaction.DefaultTransactionManager: Transaction Tx #2190918 disposed successfully
Castle.Services.Transaction.DefaultTransactionManager: Transaction "Tx #9344062" created
Cooper.Model.Test.TeamTest: ----Transaction Created, name:Tx #9344062, isChild:False
NHibernate.SQL: INSERT INTO Cooper_AddressBook (Name, CreateTime, ParentId, AddressBookType) VALUES (@p0, @p1, @p2, 'system'); select SCOPE_IDENTITY();@p0 = '系统通讯簿3ddb0793f-8046-446e-ace0-fecac43d7d24' [Type: String (4000)], @p1 = 2012/8/24 10:00:40 [Type: DateTime (0)], @p2 = NULL [Type: Int32 (0)]
Cooper.Model.Contacts.AddressBookService: 新增通讯簿#355|系统通讯簿3ddb0793f-8046-446e-ace0-fecac43d7d24
Castle.Facilities.AutoTx.TransactionInterceptor: Committing transaction 9344062
Cooper.Model.Test.TeamTest: ----Transaction Completed, name:Tx #9344062, isChild:False
Cooper.Model.Test.TeamTest: ----Transaction Disposed, name:Tx #9344062, isChild:False
Castle.Services.Transaction.DefaultTransactionManager: Transaction Tx #9344062 disposed successfully
NHibernate.SQL: SELECT this_.ID as ID2_0_, this_.Name as Name2_0_, this_.CreateTime as CreateTime2_0_, this_.ParentId as ParentId2_0_ FROM Cooper_AddressBook this_ WHERE this_.AddressBookType='system'
</DebugTrace>
      </Output>
    </UnitTestResult>
    <UnitTestResult executionId="89557e0a-5589-4bff-a95c-a4e869584f1d" testId="53edc12e-e5d5-698d-b5cb-af5a7e436b46" testName="Create_Personal" computerName="TAOBAO86" duration="00:00:04.0925867" startTime="2012-08-24T10:00:40.8371679+08:00" endTime="2012-08-24T10:00:44.9345776+08:00" testType="13cdc9d9-ddb5-4fa4-a97d-d965ccfc6d4b" outcome="Passed" testListId="8c84fa94-04c1-424b-9868-57a2d4851a1d" relativeResultsDirectory="89557e0a-5589-4bff-a95c-a4e869584f1d">
      <Output>
        <StdOut>DEBUG [Agent: adapter run thread for test 'Create_Personal' with id '89557e0a-5589-4bff-a95c-a4e869584f1d'] (e:\codesharp\infrastructure\dotnet\src\CodeSharp.Core.Castles\includes\Castle.Services.Transaction\Managers\DefaultTransactionManager.cs:104) - Transaction "Tx #22735617" created
 INFO [Agent: adapter run thread for test 'Create_Personal' with id '89557e0a-5589-4bff-a95c-a4e869584f1d'] (e:\codesharp\infrastructure\dotnet\src\CodeSharp.Core.Castles\Log4NetLogger.cs:92) - ----Transaction Created, name:Tx #22735617, isChild:False
DEBUG [Agent: adapter run thread for test 'Create_Personal' with id '89557e0a-5589-4bff-a95c-a4e869584f1d'] (:0) - SELECT this_.ID as ID5_0_ FROM Cooper_Lock this_ with (updlock, rowlock) WHERE this_.ID = @p0;@p0 = 'Account' [Type: String (4000)]
DEBUG [Agent: adapter run thread for test 'Create_Personal' with id '89557e0a-5589-4bff-a95c-a4e869584f1d'] (:0) - SELECT this_.ID as ID1_2_, this_.Name as Name1_2_, this_.CreateTime as CreateTime1_2_, this_.Password as Password1_2_, profile2_.AccountId as AccountId7_0_, profile2_.Profile as Profile7_0_, account3_.ID as ID1_1_, account3_.Name as Name1_1_, account3_.CreateTime as CreateTime1_1_, account3_.Password as Password1_1_ FROM Cooper_Account this_ left outer join Cooper_AccountProfile profile2_ on this_.ID=profile2_.AccountId left outer join Cooper_Account account3_ on profile2_.AccountId=account3_.ID WHERE this_.Name = @p0;@p0 = 'Cooper_2012082410004063481399240866170862' [Type: String (4000)]
DEBUG [Agent: adapter run thread for test 'Create_Personal' with id '89557e0a-5589-4bff-a95c-a4e869584f1d'] (:0) - INSERT INTO Cooper_Account (Name, CreateTime, Password) VALUES (@p0, @p1, @p2); select SCOPE_IDENTITY();@p0 = 'Cooper_2012082410004063481399240866170862' [Type: String (4000)], @p1 = 2012/8/24 10:00:40 [Type: DateTime (0)], @p2 = NULL [Type: String (4000)]
 INFO [Agent: adapter run thread for test 'Create_Personal' with id '89557e0a-5589-4bff-a95c-a4e869584f1d'] (e:\codesharp\infrastructure\dotnet\src\CodeSharp.Core.Castles\Log4NetLogger.cs:92) - 创建账号#1062|Cooper_2012082410004063481399240866170862
DEBUG [Agent: adapter run thread for test 'Create_Personal' with id '89557e0a-5589-4bff-a95c-a4e869584f1d'] (e:\codesharp\infrastructure\dotnet\src\CodeSharp.Core.Castles\includes\Castle.Facilities.AutoTx\TransactionInterceptor.cs:140) - Committing transaction 22735617
 INFO [Agent: adapter run thread for test 'Create_Personal' with id '89557e0a-5589-4bff-a95c-a4e869584f1d'] (e:\codesharp\infrastructure\dotnet\src\CodeSharp.Core.Castles\Log4NetLogger.cs:92) - ----Transaction Completed, name:Tx #22735617, isChild:False
 INFO [Agent: adapter run thread for test 'Create_Personal' with id '89557e0a-5589-4bff-a95c-a4e869584f1d'] (e:\codesharp\infrastructure\dotnet\src\CodeSharp.Core.Castles\Log4NetLogger.cs:92) - ----Transaction Disposed, name:Tx #22735617, isChild:False
DEBUG [Agent: adapter run thread for test 'Create_Personal' with id '89557e0a-5589-4bff-a95c-a4e869584f1d'] (e:\codesharp\infrastructure\dotnet\src\CodeSharp.Core.Castles\includes\Castle.Services.Transaction\Managers\DefaultTransactionManager.cs:218) - Transaction Tx #22735617 disposed successfully
DEBUG [Agent: adapter run thread for test 'Create_Personal' with id '89557e0a-5589-4bff-a95c-a4e869584f1d'] (e:\codesharp\infrastructure\dotnet\src\CodeSharp.Core.Castles\includes\Castle.Services.Transaction\Managers\DefaultTransactionManager.cs:104) - Transaction "Tx #38482008" created
 INFO [Agent: adapter run thread for test 'Create_Personal' with id '89557e0a-5589-4bff-a95c-a4e869584f1d'] (e:\codesharp\infrastructure\dotnet\src\CodeSharp.Core.Castles\Log4NetLogger.cs:92) - ----Transaction Created, name:Tx #38482008, isChild:False
DEBUG [Agent: adapter run thread for test 'Create_Personal' with id '89557e0a-5589-4bff-a95c-a4e869584f1d'] (:0) - INSERT INTO Cooper_Tasklist (CreateTime, Name, Extensions, OwnerAccountId, ListType) VALUES (@p0, @p1, @p2, @p3, 'per'); select SCOPE_IDENTITY();@p0 = 2012/8/24 10:00:40 [Type: DateTime (0)], @p1 = 'default' [Type: String (4000)], @p2 = NULL [Type: String (4000)], @p3 = 1062 [Type: Int32 (0)]
 INFO [Agent: adapter run thread for test 'Create_Personal' with id '89557e0a-5589-4bff-a95c-a4e869584f1d'] (e:\codesharp\infrastructure\dotnet\src\CodeSharp.Core.Castles\Log4NetLogger.cs:92) - 新增任务表Cooper.Model.Tasks.PersonalTaskFolder#152|default
DEBUG [Agent: adapter run thread for test 'Create_Personal' with id '89557e0a-5589-4bff-a95c-a4e869584f1d'] (e:\codesharp\infrastructure\dotnet\src\CodeSharp.Core.Castles\includes\Castle.Facilities.AutoTx\TransactionInterceptor.cs:140) - Committing transaction 38482008
 INFO [Agent: adapter run thread for test 'Create_Personal' with id '89557e0a-5589-4bff-a95c-a4e869584f1d'] (e:\codesharp\infrastructure\dotnet\src\CodeSharp.Core.Castles\Log4NetLogger.cs:92) - ----Transaction Completed, name:Tx #38482008, isChild:False
 INFO [Agent: adapter run thread for test 'Create_Personal' with id '89557e0a-5589-4bff-a95c-a4e869584f1d'] (e:\codesharp\infrastructure\dotnet\src\CodeSharp.Core.Castles\Log4NetLogger.cs:92) - ----Transaction Disposed, name:Tx #38482008, isChild:False
DEBUG [Agent: adapter run thread for test 'Create_Personal' with id '89557e0a-5589-4bff-a95c-a4e869584f1d'] (e:\codesharp\infrastructure\dotnet\src\CodeSharp.Core.Castles\includes\Castle.Services.Transaction\Managers\DefaultTransactionManager.cs:218) - Transaction Tx #38482008 disposed successfully
DEBUG [Agent: adapter run thread for test 'Create_Personal' with id '89557e0a-5589-4bff-a95c-a4e869584f1d'] (:0) - SELECT taskfolder0_.ID as ID9_0_, taskfolder0_.CreateTime as CreateTime9_0_, taskfolder0_.Name as Name9_0_, taskfolder0_.Extensions as Extensions9_0_, taskfolder0_.OwnerAccountId as OwnerAcc6_9_0_, taskfolder0_.ListType as ListType9_0_ FROM Cooper_Tasklist taskfolder0_ WHERE taskfolder0_.ID=@p0;@p0 = 152 [Type: Int32 (0)]</StdOut>
        <DebugTrace>Castle.Services.Transaction.DefaultTransactionManager: Transaction "Tx #22735617" created
Cooper.Model.Test.TeamTest: ----Transaction Created, name:Tx #22735617, isChild:False
NHibernate.SQL: SELECT this_.ID as ID5_0_ FROM Cooper_Lock this_ with (updlock, rowlock) WHERE this_.ID = @p0;@p0 = 'Account' [Type: String (4000)]
NHibernate.SQL: SELECT this_.ID as ID1_2_, this_.Name as Name1_2_, this_.CreateTime as CreateTime1_2_, this_.Password as Password1_2_, profile2_.AccountId as AccountId7_0_, profile2_.Profile as Profile7_0_, account3_.ID as ID1_1_, account3_.Name as Name1_1_, account3_.CreateTime as CreateTime1_1_, account3_.Password as Password1_1_ FROM Cooper_Account this_ left outer join Cooper_AccountProfile profile2_ on this_.ID=profile2_.AccountId left outer join Cooper_Account account3_ on profile2_.AccountId=account3_.ID WHERE this_.Name = @p0;@p0 = 'Cooper_2012082410004063481399240866170862' [Type: String (4000)]
NHibernate.SQL: INSERT INTO Cooper_Account (Name, CreateTime, Password) VALUES (@p0, @p1, @p2); select SCOPE_IDENTITY();@p0 = 'Cooper_2012082410004063481399240866170862' [Type: String (4000)], @p1 = 2012/8/24 10:00:40 [Type: DateTime (0)], @p2 = NULL [Type: String (4000)]
Cooper.Model.Accounts.AccountService: 创建账号#1062|Cooper_2012082410004063481399240866170862
Castle.Facilities.AutoTx.TransactionInterceptor: Committing transaction 22735617
Cooper.Model.Test.TeamTest: ----Transaction Completed, name:Tx #22735617, isChild:False
Cooper.Model.Test.TeamTest: ----Transaction Disposed, name:Tx #22735617, isChild:False
Castle.Services.Transaction.DefaultTransactionManager: Transaction Tx #22735617 disposed successfully
Castle.Services.Transaction.DefaultTransactionManager: Transaction "Tx #38482008" created
Cooper.Model.Test.TeamTest: ----Transaction Created, name:Tx #38482008, isChild:False
NHibernate.SQL: INSERT INTO Cooper_Tasklist (CreateTime, Name, Extensions, OwnerAccountId, ListType) VALUES (@p0, @p1, @p2, @p3, 'per'); select SCOPE_IDENTITY();@p0 = 2012/8/24 10:00:40 [Type: DateTime (0)], @p1 = 'default' [Type: String (4000)], @p2 = NULL [Type: String (4000)], @p3 = 1062 [Type: Int32 (0)]
Cooper.Model.Tasks.TaskFolderService: 新增任务表Cooper.Model.Tasks.PersonalTaskFolder#152|default
Castle.Facilities.AutoTx.TransactionInterceptor: Committing transaction 38482008
Cooper.Model.Test.TeamTest: ----Transaction Completed, name:Tx #38482008, isChild:False
Cooper.Model.Test.TeamTest: ----Transaction Disposed, name:Tx #38482008, isChild:False
Castle.Services.Transaction.DefaultTransactionManager: Transaction Tx #38482008 disposed successfully
NHibernate.SQL: SELECT taskfolder0_.ID as ID9_0_, taskfolder0_.CreateTime as CreateTime9_0_, taskfolder0_.Name as Name9_0_, taskfolder0_.Extensions as Extensions9_0_, taskfolder0_.OwnerAccountId as OwnerAcc6_9_0_, taskfolder0_.ListType as ListType9_0_ FROM Cooper_Tasklist taskfolder0_ WHERE taskfolder0_.ID=@p0;@p0 = 152 [Type: Int32 (0)]
</DebugTrace>
      </Output>
    </UnitTestResult>
    <UnitTestResult executionId="8c8e104f-02bb-43f0-b707-136b795d04ae" testId="83f472d3-4df8-b068-9bab-33da38948700" testName="Update_Personal" computerName="TAOBAO86" duration="00:00:00.1653194" startTime="2012-08-24T10:00:44.9455787+08:00" endTime="2012-08-24T10:00:45.1155957+08:00" testType="13cdc9d9-ddb5-4fa4-a97d-d965ccfc6d4b" outcome="Passed" testListId="8c84fa94-04c1-424b-9868-57a2d4851a1d" relativeResultsDirectory="8c8e104f-02bb-43f0-b707-136b795d04ae">
      <Output>
        <StdOut>DEBUG [Agent: adapter run thread for test 'Update_Personal' with id '8c8e104f-02bb-43f0-b707-136b795d04ae'] (e:\codesharp\infrastructure\dotnet\src\CodeSharp.Core.Castles\includes\Castle.Services.Transaction\Managers\DefaultTransactionManager.cs:104) - Transaction "Tx #19800191" created
 INFO [Agent: adapter run thread for test 'Update_Personal' with id '8c8e104f-02bb-43f0-b707-136b795d04ae'] (e:\codesharp\infrastructure\dotnet\src\CodeSharp.Core.Castles\Log4NetLogger.cs:92) - ----Transaction Created, name:Tx #19800191, isChild:False
DEBUG [Agent: adapter run thread for test 'Update_Personal' with id '8c8e104f-02bb-43f0-b707-136b795d04ae'] (:0) - SELECT this_.ID as ID5_0_ FROM Cooper_Lock this_ with (updlock, rowlock) WHERE this_.ID = @p0;@p0 = 'Account' [Type: String (4000)]
DEBUG [Agent: adapter run thread for test 'Update_Personal' with id '8c8e104f-02bb-43f0-b707-136b795d04ae'] (:0) - SELECT this_.ID as ID1_2_, this_.Name as Name1_2_, this_.CreateTime as CreateTime1_2_, this_.Password as Password1_2_, profile2_.AccountId as AccountId7_0_, profile2_.Profile as Profile7_0_, account3_.ID as ID1_1_, account3_.Name as Name1_1_, account3_.CreateTime as CreateTime1_1_, account3_.Password as Password1_1_ FROM Cooper_Account this_ left outer join Cooper_AccountProfile profile2_ on this_.ID=profile2_.AccountId left outer join Cooper_Account account3_ on profile2_.AccountId=account3_.ID WHERE this_.Name = @p0;@p0 = 'Cooper_2012082410004463481399244972581432' [Type: String (4000)]
DEBUG [Agent: adapter run thread for test 'Update_Personal' with id '8c8e104f-02bb-43f0-b707-136b795d04ae'] (:0) - INSERT INTO Cooper_Account (Name, CreateTime, Password) VALUES (@p0, @p1, @p2); select SCOPE_IDENTITY();@p0 = 'Cooper_2012082410004463481399244972581432' [Type: String (4000)], @p1 = 2012/8/24 10:00:44 [Type: DateTime (0)], @p2 = NULL [Type: String (4000)]
 INFO [Agent: adapter run thread for test 'Update_Personal' with id '8c8e104f-02bb-43f0-b707-136b795d04ae'] (e:\codesharp\infrastructure\dotnet\src\CodeSharp.Core.Castles\Log4NetLogger.cs:92) - 创建账号#1063|Cooper_2012082410004463481399244972581432
DEBUG [Agent: adapter run thread for test 'Update_Personal' with id '8c8e104f-02bb-43f0-b707-136b795d04ae'] (e:\codesharp\infrastructure\dotnet\src\CodeSharp.Core.Castles\includes\Castle.Facilities.AutoTx\TransactionInterceptor.cs:140) - Committing transaction 19800191
 INFO [Agent: adapter run thread for test 'Update_Personal' with id '8c8e104f-02bb-43f0-b707-136b795d04ae'] (e:\codesharp\infrastructure\dotnet\src\CodeSharp.Core.Castles\Log4NetLogger.cs:92) - ----Transaction Completed, name:Tx #19800191, isChild:False
 INFO [Agent: adapter run thread for test 'Update_Personal' with id '8c8e104f-02bb-43f0-b707-136b795d04ae'] (e:\codesharp\infrastructure\dotnet\src\CodeSharp.Core.Castles\Log4NetLogger.cs:92) - ----Transaction Disposed, name:Tx #19800191, isChild:False
DEBUG [Agent: adapter run thread for test 'Update_Personal' with id '8c8e104f-02bb-43f0-b707-136b795d04ae'] (e:\codesharp\infrastructure\dotnet\src\CodeSharp.Core.Castles\includes\Castle.Services.Transaction\Managers\DefaultTransactionManager.cs:218) - Transaction Tx #19800191 disposed successfully
DEBUG [Agent: adapter run thread for test 'Update_Personal' with id '8c8e104f-02bb-43f0-b707-136b795d04ae'] (e:\codesharp\infrastructure\dotnet\src\CodeSharp.Core.Castles\includes\Castle.Services.Transaction\Managers\DefaultTransactionManager.cs:104) - Transaction "Tx #25863280" created
 INFO [Agent: adapter run thread for test 'Update_Personal' with id '8c8e104f-02bb-43f0-b707-136b795d04ae'] (e:\codesharp\infrastructure\dotnet\src\CodeSharp.Core.Castles\Log4NetLogger.cs:92) - ----Transaction Created, name:Tx #25863280, isChild:False
DEBUG [Agent: adapter run thread for test 'Update_Personal' with id '8c8e104f-02bb-43f0-b707-136b795d04ae'] (:0) - INSERT INTO Cooper_Tasklist (CreateTime, Name, Extensions, OwnerAccountId, ListType) VALUES (@p0, @p1, @p2, @p3, 'per'); select SCOPE_IDENTITY();@p0 = 2012/8/24 10:00:45 [Type: DateTime (0)], @p1 = 'default' [Type: String (4000)], @p2 = NULL [Type: String (4000)], @p3 = 1063 [Type: Int32 (0)]
 INFO [Agent: adapter run thread for test 'Update_Personal' with id '8c8e104f-02bb-43f0-b707-136b795d04ae'] (e:\codesharp\infrastructure\dotnet\src\CodeSharp.Core.Castles\Log4NetLogger.cs:92) - 新增任务表Cooper.Model.Tasks.PersonalTaskFolder#153|default
DEBUG [Agent: adapter run thread for test 'Update_Personal' with id '8c8e104f-02bb-43f0-b707-136b795d04ae'] (e:\codesharp\infrastructure\dotnet\src\CodeSharp.Core.Castles\includes\Castle.Facilities.AutoTx\TransactionInterceptor.cs:140) - Committing transaction 25863280
 INFO [Agent: adapter run thread for test 'Update_Personal' with id '8c8e104f-02bb-43f0-b707-136b795d04ae'] (e:\codesharp\infrastructure\dotnet\src\CodeSharp.Core.Castles\Log4NetLogger.cs:92) - ----Transaction Completed, name:Tx #25863280, isChild:False
 INFO [Agent: adapter run thread for test 'Update_Personal' with id '8c8e104f-02bb-43f0-b707-136b795d04ae'] (e:\codesharp\infrastructure\dotnet\src\CodeSharp.Core.Castles\Log4NetLogger.cs:92) - ----Transaction Disposed, name:Tx #25863280, isChild:False
DEBUG [Agent: adapter run thread for test 'Update_Personal' with id '8c8e104f-02bb-43f0-b707-136b795d04ae'] (e:\codesharp\infrastructure\dotnet\src\CodeSharp.Core.Castles\includes\Castle.Services.Transaction\Managers\DefaultTransactionManager.cs:218) - Transaction Tx #25863280 disposed successfully
DEBUG [Agent: adapter run thread for test 'Update_Personal' with id '8c8e104f-02bb-43f0-b707-136b795d04ae'] (:0) - SELECT taskfolder0_.ID as ID9_0_, taskfolder0_.CreateTime as CreateTime9_0_, taskfolder0_.Name as Name9_0_, taskfolder0_.Extensions as Extensions9_0_, taskfolder0_.OwnerAccountId as OwnerAcc6_9_0_, taskfolder0_.ListType as ListType9_0_ FROM Cooper_Tasklist taskfolder0_ WHERE taskfolder0_.ID=@p0;@p0 = 153 [Type: Int32 (0)]
DEBUG [Agent: adapter run thread for test 'Update_Personal' with id '8c8e104f-02bb-43f0-b707-136b795d04ae'] (e:\codesharp\infrastructure\dotnet\src\CodeSharp.Core.Castles\includes\Castle.Services.Transaction\Managers\DefaultTransactionManager.cs:104) - Transaction "Tx #45057665" created
 INFO [Agent: adapter run thread for test 'Update_Personal' with id '8c8e104f-02bb-43f0-b707-136b795d04ae'] (e:\codesharp\infrastructure\dotnet\src\CodeSharp.Core.Castles\Log4NetLogger.cs:92) - ----Transaction Created, name:Tx #45057665, isChild:False
DEBUG [Agent: adapter run thread for test 'Update_Personal' with id '8c8e104f-02bb-43f0-b707-136b795d04ae'] (e:\codesharp\infrastructure\dotnet\src\CodeSharp.Core.Castles\includes\Castle.Facilities.AutoTx\TransactionInterceptor.cs:140) - Committing transaction 45057665
DEBUG [Agent: adapter run thread for test 'Update_Personal' with id '8c8e104f-02bb-43f0-b707-136b795d04ae'] (:0) - Batch commands:
command 0:UPDATE Cooper_Tasklist SET CreateTime = @p0, Name = @p1, Extensions = @p2, OwnerAccountId = @p3 WHERE ID = @p4;@p0 = 2012/8/24 10:00:45 [Type: DateTime (0)], @p1 = 'abc' [Type: String (4000)], @p2 = NULL [Type: String (4000)], @p3 = 1063 [Type: Int32 (0)], @p4 = 153 [Type: Int32 (0)]

 INFO [Agent: adapter run thread for test 'Update_Personal' with id '8c8e104f-02bb-43f0-b707-136b795d04ae'] (e:\codesharp\infrastructure\dotnet\src\CodeSharp.Core.Castles\Log4NetLogger.cs:92) - ----Transaction Completed, name:Tx #45057665, isChild:False
 INFO [Agent: adapter run thread for test 'Update_Personal' with id '8c8e104f-02bb-43f0-b707-136b795d04ae'] (e:\codesharp\infrastructure\dotnet\src\CodeSharp.Core.Castles\Log4NetLogger.cs:92) - ----Transaction Disposed, name:Tx #45057665, isChild:False
DEBUG [Agent: adapter run thread for test 'Update_Personal' with id '8c8e104f-02bb-43f0-b707-136b795d04ae'] (e:\codesharp\infrastructure\dotnet\src\CodeSharp.Core.Castles\includes\Castle.Services.Transaction\Managers\DefaultTransactionManager.cs:218) - Transaction Tx #45057665 disposed successfully
DEBUG [Agent: adapter run thread for test 'Update_Personal' with id '8c8e104f-02bb-43f0-b707-136b795d04ae'] (:0) - SELECT taskfolder0_.ID as ID9_0_, taskfolder0_.CreateTime as CreateTime9_0_, taskfolder0_.Name as Name9_0_, taskfolder0_.Extensions as Extensions9_0_, taskfolder0_.OwnerAccountId as OwnerAcc6_9_0_, taskfolder0_.ListType as ListType9_0_ FROM Cooper_Tasklist taskfolder0_ WHERE taskfolder0_.ID=@p0;@p0 = 153 [Type: Int32 (0)]</StdOut>
        <DebugTrace>Castle.Services.Transaction.DefaultTransactionManager: Transaction "Tx #19800191" created
Cooper.Model.Test.TeamTest: ----Transaction Created, name:Tx #19800191, isChild:False
NHibernate.SQL: SELECT this_.ID as ID5_0_ FROM Cooper_Lock this_ with (updlock, rowlock) WHERE this_.ID = @p0;@p0 = 'Account' [Type: String (4000)]
NHibernate.SQL: SELECT this_.ID as ID1_2_, this_.Name as Name1_2_, this_.CreateTime as CreateTime1_2_, this_.Password as Password1_2_, profile2_.AccountId as AccountId7_0_, profile2_.Profile as Profile7_0_, account3_.ID as ID1_1_, account3_.Name as Name1_1_, account3_.CreateTime as CreateTime1_1_, account3_.Password as Password1_1_ FROM Cooper_Account this_ left outer join Cooper_AccountProfile profile2_ on this_.ID=profile2_.AccountId left outer join Cooper_Account account3_ on profile2_.AccountId=account3_.ID WHERE this_.Name = @p0;@p0 = 'Cooper_2012082410004463481399244972581432' [Type: String (4000)]
NHibernate.SQL: INSERT INTO Cooper_Account (Name, CreateTime, Password) VALUES (@p0, @p1, @p2); select SCOPE_IDENTITY();@p0 = 'Cooper_2012082410004463481399244972581432' [Type: String (4000)], @p1 = 2012/8/24 10:00:44 [Type: DateTime (0)], @p2 = NULL [Type: String (4000)]
Cooper.Model.Accounts.AccountService: 创建账号#1063|Cooper_2012082410004463481399244972581432
Castle.Facilities.AutoTx.TransactionInterceptor: Committing transaction 19800191
Cooper.Model.Test.TeamTest: ----Transaction Completed, name:Tx #19800191, isChild:False
Cooper.Model.Test.TeamTest: ----Transaction Disposed, name:Tx #19800191, isChild:False
Castle.Services.Transaction.DefaultTransactionManager: Transaction Tx #19800191 disposed successfully
Castle.Services.Transaction.DefaultTransactionManager: Transaction "Tx #25863280" created
Cooper.Model.Test.TeamTest: ----Transaction Created, name:Tx #25863280, isChild:False
NHibernate.SQL: INSERT INTO Cooper_Tasklist (CreateTime, Name, Extensions, OwnerAccountId, ListType) VALUES (@p0, @p1, @p2, @p3, 'per'); select SCOPE_IDENTITY();@p0 = 2012/8/24 10:00:45 [Type: DateTime (0)], @p1 = 'default' [Type: String (4000)], @p2 = NULL [Type: String (4000)], @p3 = 1063 [Type: Int32 (0)]
Cooper.Model.Tasks.TaskFolderService: 新增任务表Cooper.Model.Tasks.PersonalTaskFolder#153|default
Castle.Facilities.AutoTx.TransactionInterceptor: Committing transaction 25863280
Cooper.Model.Test.TeamTest: ----Transaction Completed, name:Tx #25863280, isChild:False
Cooper.Model.Test.TeamTest: ----Transaction Disposed, name:Tx #25863280, isChild:False
Castle.Services.Transaction.DefaultTransactionManager: Transaction Tx #25863280 disposed successfully
NHibernate.SQL: SELECT taskfolder0_.ID as ID9_0_, taskfolder0_.CreateTime as CreateTime9_0_, taskfolder0_.Name as Name9_0_, taskfolder0_.Extensions as Extensions9_0_, taskfolder0_.OwnerAccountId as OwnerAcc6_9_0_, taskfolder0_.ListType as ListType9_0_ FROM Cooper_Tasklist taskfolder0_ WHERE taskfolder0_.ID=@p0;@p0 = 153 [Type: Int32 (0)]
Castle.Services.Transaction.DefaultTransactionManager: Transaction "Tx #45057665" created
Cooper.Model.Test.TeamTest: ----Transaction Created, name:Tx #45057665, isChild:False
Castle.Facilities.AutoTx.TransactionInterceptor: Committing transaction 45057665
NHibernate.SQL: Batch commands:
command 0:UPDATE Cooper_Tasklist SET CreateTime = @p0, Name = @p1, Extensions = @p2, OwnerAccountId = @p3 WHERE ID = @p4;@p0 = 2012/8/24 10:00:45 [Type: DateTime (0)], @p1 = 'abc' [Type: String (4000)], @p2 = NULL [Type: String (4000)], @p3 = 1063 [Type: Int32 (0)], @p4 = 153 [Type: Int32 (0)]

Cooper.Model.Test.TeamTest: ----Transaction Completed, name:Tx #45057665, isChild:False
Cooper.Model.Test.TeamTest: ----Transaction Disposed, name:Tx #45057665, isChild:False
Castle.Services.Transaction.DefaultTransactionManager: Transaction Tx #45057665 disposed successfully
NHibernate.SQL: SELECT taskfolder0_.ID as ID9_0_, taskfolder0_.CreateTime as CreateTime9_0_, taskfolder0_.Name as Name9_0_, taskfolder0_.Extensions as Extensions9_0_, taskfolder0_.OwnerAccountId as OwnerAcc6_9_0_, taskfolder0_.ListType as ListType9_0_ FROM Cooper_Tasklist taskfolder0_ WHERE taskfolder0_.ID=@p0;@p0 = 153 [Type: Int32 (0)]
</DebugTrace>
      </Output>
    </UnitTestResult>
    <UnitTestResult executionId="89126f22-b5d8-4813-8273-4389330bc838" testId="9691548e-385f-5f87-bebd-866a5d2875c4" testName="Extension" computerName="TAOBAO86" duration="00:00:00.4028243" startTime="2012-08-24T10:00:45.1275969+08:00" endTime="2012-08-24T10:00:45.5366378+08:00" testType="13cdc9d9-ddb5-4fa4-a97d-d965ccfc6d4b" outcome="Passed" testListId="8c84fa94-04c1-424b-9868-57a2d4851a1d" relativeResultsDirectory="89126f22-b5d8-4813-8273-4389330bc838">
      <Output>
        <StdOut>DEBUG [Agent: adapter run thread for test 'Extension' with id '89126f22-b5d8-4813-8273-4389330bc838'] (e:\codesharp\infrastructure\dotnet\src\CodeSharp.Core.Castles\includes\Castle.Services.Transaction\Managers\DefaultTransactionManager.cs:104) - Transaction "Tx #57296652" created
 INFO [Agent: adapter run thread for test 'Extension' with id '89126f22-b5d8-4813-8273-4389330bc838'] (e:\codesharp\infrastructure\dotnet\src\CodeSharp.Core.Castles\Log4NetLogger.cs:92) - ----Transaction Created, name:Tx #57296652, isChild:False
DEBUG [Agent: adapter run thread for test 'Extension' with id '89126f22-b5d8-4813-8273-4389330bc838'] (:0) - SELECT this_.ID as ID5_0_ FROM Cooper_Lock this_ with (updlock, rowlock) WHERE this_.ID = @p0;@p0 = 'Account' [Type: String (4000)]
DEBUG [Agent: adapter run thread for test 'Extension' with id '89126f22-b5d8-4813-8273-4389330bc838'] (:0) - SELECT this_.ID as ID1_2_, this_.Name as Name1_2_, this_.CreateTime as CreateTime1_2_, this_.Password as Password1_2_, profile2_.AccountId as AccountId7_0_, profile2_.Profile as Profile7_0_, account3_.ID as ID1_1_, account3_.Name as Name1_1_, account3_.CreateTime as CreateTime1_1_, account3_.Password as Password1_1_ FROM Cooper_Account this_ left outer join Cooper_AccountProfile profile2_ on this_.ID=profile2_.AccountId left outer join Cooper_Account account3_ on profile2_.AccountId=account3_.ID WHERE this_.Name = @p0;@p0 = 'Cooper_2012082410004563481399245155599775' [Type: String (4000)]
DEBUG [Agent: adapter run thread for test 'Extension' with id '89126f22-b5d8-4813-8273-4389330bc838'] (:0) - INSERT INTO Cooper_Account (Name, CreateTime, Password) VALUES (@p0, @p1, @p2); select SCOPE_IDENTITY();@p0 = 'Cooper_2012082410004563481399245155599775' [Type: String (4000)], @p1 = 2012/8/24 10:00:45 [Type: DateTime (0)], @p2 = NULL [Type: String (4000)]
 INFO [Agent: adapter run thread for test 'Extension' with id '89126f22-b5d8-4813-8273-4389330bc838'] (e:\codesharp\infrastructure\dotnet\src\CodeSharp.Core.Castles\Log4NetLogger.cs:92) - 创建账号#1064|Cooper_2012082410004563481399245155599775
DEBUG [Agent: adapter run thread for test 'Extension' with id '89126f22-b5d8-4813-8273-4389330bc838'] (e:\codesharp\infrastructure\dotnet\src\CodeSharp.Core.Castles\includes\Castle.Facilities.AutoTx\TransactionInterceptor.cs:140) - Committing transaction 57296652
 INFO [Agent: adapter run thread for test 'Extension' with id '89126f22-b5d8-4813-8273-4389330bc838'] (e:\codesharp\infrastructure\dotnet\src\CodeSharp.Core.Castles\Log4NetLogger.cs:92) - ----Transaction Completed, name:Tx #57296652, isChild:False
 INFO [Agent: adapter run thread for test 'Extension' with id '89126f22-b5d8-4813-8273-4389330bc838'] (e:\codesharp\infrastructure\dotnet\src\CodeSharp.Core.Castles\Log4NetLogger.cs:92) - ----Transaction Disposed, name:Tx #57296652, isChild:False
DEBUG [Agent: adapter run thread for test 'Extension' with id '89126f22-b5d8-4813-8273-4389330bc838'] (e:\codesharp\infrastructure\dotnet\src\CodeSharp.Core.Castles\includes\Castle.Services.Transaction\Managers\DefaultTransactionManager.cs:218) - Transaction Tx #57296652 disposed successfully
DEBUG [Agent: adapter run thread for test 'Extension' with id '89126f22-b5d8-4813-8273-4389330bc838'] (e:\codesharp\infrastructure\dotnet\src\CodeSharp.Core.Castles\includes\Castle.Services.Transaction\Managers\DefaultTransactionManager.cs:104) - Transaction "Tx #60288414" created
 INFO [Agent: adapter run thread for test 'Extension' with id '89126f22-b5d8-4813-8273-4389330bc838'] (e:\codesharp\infrastructure\dotnet\src\CodeSharp.Core.Castles\Log4NetLogger.cs:92) - ----Transaction Created, name:Tx #60288414, isChild:False
DEBUG [Agent: adapter run thread for test 'Extension' with id '89126f22-b5d8-4813-8273-4389330bc838'] (:0) - INSERT INTO Cooper_Tasklist (CreateTime, Name, Extensions, OwnerAccountId, ListType) VALUES (@p0, @p1, @p2, @p3, 'per'); select SCOPE_IDENTITY();@p0 = 2012/8/24 10:00:45 [Type: DateTime (0)], @p1 = 'default' [Type: String (4000)], @p2 = '{"key":"abc"}' [Type: String (4000)], @p3 = 1064 [Type: Int32 (0)]
 INFO [Agent: adapter run thread for test 'Extension' with id '89126f22-b5d8-4813-8273-4389330bc838'] (e:\codesharp\infrastructure\dotnet\src\CodeSharp.Core.Castles\Log4NetLogger.cs:92) - 新增任务表Cooper.Model.Tasks.PersonalTaskFolder#154|default
DEBUG [Agent: adapter run thread for test 'Extension' with id '89126f22-b5d8-4813-8273-4389330bc838'] (e:\codesharp\infrastructure\dotnet\src\CodeSharp.Core.Castles\includes\Castle.Facilities.AutoTx\TransactionInterceptor.cs:140) - Committing transaction 60288414
 INFO [Agent: adapter run thread for test 'Extension' with id '89126f22-b5d8-4813-8273-4389330bc838'] (e:\codesharp\infrastructure\dotnet\src\CodeSharp.Core.Castles\Log4NetLogger.cs:92) - ----Transaction Completed, name:Tx #60288414, isChild:False
 INFO [Agent: adapter run thread for test 'Extension' with id '89126f22-b5d8-4813-8273-4389330bc838'] (e:\codesharp\infrastructure\dotnet\src\CodeSharp.Core.Castles\Log4NetLogger.cs:92) - ----Transaction Disposed, name:Tx #60288414, isChild:False
DEBUG [Agent: adapter run thread for test 'Extension' with id '89126f22-b5d8-4813-8273-4389330bc838'] (e:\codesharp\infrastructure\dotnet\src\CodeSharp.Core.Castles\includes\Castle.Services.Transaction\Managers\DefaultTransactionManager.cs:218) - Transaction Tx #60288414 disposed successfully
DEBUG [Agent: adapter run thread for test 'Extension' with id '89126f22-b5d8-4813-8273-4389330bc838'] (:0) - SELECT taskfolder0_.ID as ID9_0_, taskfolder0_.CreateTime as CreateTime9_0_, taskfolder0_.Name as Name9_0_, taskfolder0_.Extensions as Extensions9_0_, taskfolder0_.OwnerAccountId as OwnerAcc6_9_0_, taskfolder0_.ListType as ListType9_0_ FROM Cooper_Tasklist taskfolder0_ WHERE taskfolder0_.ID=@p0;@p0 = 154 [Type: Int32 (0)]</StdOut>
        <DebugTrace>Castle.Services.Transaction.DefaultTransactionManager: Transaction "Tx #57296652" created
Cooper.Model.Test.TeamTest: ----Transaction Created, name:Tx #57296652, isChild:False
NHibernate.SQL: SELECT this_.ID as ID5_0_ FROM Cooper_Lock this_ with (updlock, rowlock) WHERE this_.ID = @p0;@p0 = 'Account' [Type: String (4000)]
NHibernate.SQL: SELECT this_.ID as ID1_2_, this_.Name as Name1_2_, this_.CreateTime as CreateTime1_2_, this_.Password as Password1_2_, profile2_.AccountId as AccountId7_0_, profile2_.Profile as Profile7_0_, account3_.ID as ID1_1_, account3_.Name as Name1_1_, account3_.CreateTime as CreateTime1_1_, account3_.Password as Password1_1_ FROM Cooper_Account this_ left outer join Cooper_AccountProfile profile2_ on this_.ID=profile2_.AccountId left outer join Cooper_Account account3_ on profile2_.AccountId=account3_.ID WHERE this_.Name = @p0;@p0 = 'Cooper_2012082410004563481399245155599775' [Type: String (4000)]
NHibernate.SQL: INSERT INTO Cooper_Account (Name, CreateTime, Password) VALUES (@p0, @p1, @p2); select SCOPE_IDENTITY();@p0 = 'Cooper_2012082410004563481399245155599775' [Type: String (4000)], @p1 = 2012/8/24 10:00:45 [Type: DateTime (0)], @p2 = NULL [Type: String (4000)]
Cooper.Model.Accounts.AccountService: 创建账号#1064|Cooper_2012082410004563481399245155599775
Castle.Facilities.AutoTx.TransactionInterceptor: Committing transaction 57296652
Cooper.Model.Test.TeamTest: ----Transaction Completed, name:Tx #57296652, isChild:False
Cooper.Model.Test.TeamTest: ----Transaction Disposed, name:Tx #57296652, isChild:False
Castle.Services.Transaction.DefaultTransactionManager: Transaction Tx #57296652 disposed successfully
Castle.Services.Transaction.DefaultTransactionManager: Transaction "Tx #60288414" created
Cooper.Model.Test.TeamTest: ----Transaction Created, name:Tx #60288414, isChild:False
NHibernate.SQL: INSERT INTO Cooper_Tasklist (CreateTime, Name, Extensions, OwnerAccountId, ListType) VALUES (@p0, @p1, @p2, @p3, 'per'); select SCOPE_IDENTITY();@p0 = 2012/8/24 10:00:45 [Type: DateTime (0)], @p1 = 'default' [Type: String (4000)], @p2 = '{"key":"abc"}' [Type: String (4000)], @p3 = 1064 [Type: Int32 (0)]
Cooper.Model.Tasks.TaskFolderService: 新增任务表Cooper.Model.Tasks.PersonalTaskFolder#154|default
Castle.Facilities.AutoTx.TransactionInterceptor: Committing transaction 60288414
Cooper.Model.Test.TeamTest: ----Transaction Completed, name:Tx #60288414, isChild:False
Cooper.Model.Test.TeamTest: ----Transaction Disposed, name:Tx #60288414, isChild:False
Castle.Services.Transaction.DefaultTransactionManager: Transaction Tx #60288414 disposed successfully
NHibernate.SQL: SELECT taskfolder0_.ID as ID9_0_, taskfolder0_.CreateTime as CreateTime9_0_, taskfolder0_.Name as Name9_0_, taskfolder0_.Extensions as Extensions9_0_, taskfolder0_.OwnerAccountId as OwnerAcc6_9_0_, taskfolder0_.ListType as ListType9_0_ FROM Cooper_Tasklist taskfolder0_ WHERE taskfolder0_.ID=@p0;@p0 = 154 [Type: Int32 (0)]
</DebugTrace>
      </Output>
    </UnitTestResult>
    <UnitTestResult executionId="13ba7ec1-1e11-4fdc-a750-204e022848be" testId="a8a5abdf-5ed3-ceee-5a9d-b37a46f25c37" testName="Get" computerName="TAOBAO86" duration="00:00:00.1786630" startTime="2012-08-24T10:00:45.5456387+08:00" endTime="2012-08-24T10:00:45.7296571+08:00" testType="13cdc9d9-ddb5-4fa4-a97d-d965ccfc6d4b" outcome="Passed" testListId="8c84fa94-04c1-424b-9868-57a2d4851a1d" relativeResultsDirectory="13ba7ec1-1e11-4fdc-a750-204e022848be">
      <Output>
        <StdOut>DEBUG [Agent: adapter run thread for test 'Get' with id '13ba7ec1-1e11-4fdc-a750-204e022848be'] (e:\codesharp\infrastructure\dotnet\src\CodeSharp.Core.Castles\includes\Castle.Services.Transaction\Managers\DefaultTransactionManager.cs:104) - Transaction "Tx #53539979" created
 INFO [Agent: adapter run thread for test 'Get' with id '13ba7ec1-1e11-4fdc-a750-204e022848be'] (e:\codesharp\infrastructure\dotnet\src\CodeSharp.Core.Castles\Log4NetLogger.cs:92) - ----Transaction Created, name:Tx #53539979, isChild:False
DEBUG [Agent: adapter run thread for test 'Get' with id '13ba7ec1-1e11-4fdc-a750-204e022848be'] (:0) - SELECT this_.ID as ID5_0_ FROM Cooper_Lock this_ with (updlock, rowlock) WHERE this_.ID = @p0;@p0 = 'Account' [Type: String (4000)]
DEBUG [Agent: adapter run thread for test 'Get' with id '13ba7ec1-1e11-4fdc-a750-204e022848be'] (:0) - SELECT this_.ID as ID1_2_, this_.Name as Name1_2_, this_.CreateTime as CreateTime1_2_, this_.Password as Password1_2_, profile2_.AccountId as AccountId7_0_, profile2_.Profile as Profile7_0_, account3_.ID as ID1_1_, account3_.Name as Name1_1_, account3_.CreateTime as CreateTime1_1_, account3_.Password as Password1_1_ FROM Cooper_Account this_ left outer join Cooper_AccountProfile profile2_ on this_.ID=profile2_.AccountId left outer join Cooper_Account account3_ on profile2_.AccountId=account3_.ID WHERE this_.Name = @p0;@p0 = 'Cooper_2012082410004563481399245574641687' [Type: String (4000)]
DEBUG [Agent: adapter run thread for test 'Get' with id '13ba7ec1-1e11-4fdc-a750-204e022848be'] (:0) - INSERT INTO Cooper_Account (Name, CreateTime, Password) VALUES (@p0, @p1, @p2); select SCOPE_IDENTITY();@p0 = 'Cooper_2012082410004563481399245574641687' [Type: String (4000)], @p1 = 2012/8/24 10:00:45 [Type: DateTime (0)], @p2 = NULL [Type: String (4000)]
 INFO [Agent: adapter run thread for test 'Get' with id '13ba7ec1-1e11-4fdc-a750-204e022848be'] (e:\codesharp\infrastructure\dotnet\src\CodeSharp.Core.Castles\Log4NetLogger.cs:92) - 创建账号#1065|Cooper_2012082410004563481399245574641687
DEBUG [Agent: adapter run thread for test 'Get' with id '13ba7ec1-1e11-4fdc-a750-204e022848be'] (e:\codesharp\infrastructure\dotnet\src\CodeSharp.Core.Castles\includes\Castle.Facilities.AutoTx\TransactionInterceptor.cs:140) - Committing transaction 53539979
 INFO [Agent: adapter run thread for test 'Get' with id '13ba7ec1-1e11-4fdc-a750-204e022848be'] (e:\codesharp\infrastructure\dotnet\src\CodeSharp.Core.Castles\Log4NetLogger.cs:92) - ----Transaction Completed, name:Tx #53539979, isChild:False
 INFO [Agent: adapter run thread for test 'Get' with id '13ba7ec1-1e11-4fdc-a750-204e022848be'] (e:\codesharp\infrastructure\dotnet\src\CodeSharp.Core.Castles\Log4NetLogger.cs:92) - ----Transaction Disposed, name:Tx #53539979, isChild:False
DEBUG [Agent: adapter run thread for test 'Get' with id '13ba7ec1-1e11-4fdc-a750-204e022848be'] (e:\codesharp\infrastructure\dotnet\src\CodeSharp.Core.Castles\includes\Castle.Services.Transaction\Managers\DefaultTransactionManager.cs:218) - Transaction Tx #53539979 disposed successfully
DEBUG [Agent: adapter run thread for test 'Get' with id '13ba7ec1-1e11-4fdc-a750-204e022848be'] (:0) - SELECT this_.ID as ID9_0_, this_.CreateTime as CreateTime9_0_, this_.Name as Name9_0_, this_.Extensions as Extensions9_0_, this_.OwnerAccountId as OwnerAcc6_9_0_ FROM Cooper_Tasklist this_ WHERE this_.ListType='per' AND this_.OwnerAccountId = @p0;@p0 = 1065 [Type: Int32 (0)]
DEBUG [Agent: adapter run thread for test 'Get' with id '13ba7ec1-1e11-4fdc-a750-204e022848be'] (e:\codesharp\infrastructure\dotnet\src\CodeSharp.Core.Castles\includes\Castle.Services.Transaction\Managers\DefaultTransactionManager.cs:104) - Transaction "Tx #34517102" created
 INFO [Agent: adapter run thread for test 'Get' with id '13ba7ec1-1e11-4fdc-a750-204e022848be'] (e:\codesharp\infrastructure\dotnet\src\CodeSharp.Core.Castles\Log4NetLogger.cs:92) - ----Transaction Created, name:Tx #34517102, isChild:False
DEBUG [Agent: adapter run thread for test 'Get' with id '13ba7ec1-1e11-4fdc-a750-204e022848be'] (:0) - INSERT INTO Cooper_Tasklist (CreateTime, Name, Extensions, OwnerAccountId, ListType) VALUES (@p0, @p1, @p2, @p3, 'per'); select SCOPE_IDENTITY();@p0 = 2012/8/24 10:00:45 [Type: DateTime (0)], @p1 = 'default' [Type: String (4000)], @p2 = NULL [Type: String (4000)], @p3 = 1065 [Type: Int32 (0)]
 INFO [Agent: adapter run thread for test 'Get' with id '13ba7ec1-1e11-4fdc-a750-204e022848be'] (e:\codesharp\infrastructure\dotnet\src\CodeSharp.Core.Castles\Log4NetLogger.cs:92) - 新增任务表Cooper.Model.Tasks.PersonalTaskFolder#155|default
DEBUG [Agent: adapter run thread for test 'Get' with id '13ba7ec1-1e11-4fdc-a750-204e022848be'] (e:\codesharp\infrastructure\dotnet\src\CodeSharp.Core.Castles\includes\Castle.Facilities.AutoTx\TransactionInterceptor.cs:140) - Committing transaction 34517102
 INFO [Agent: adapter run thread for test 'Get' with id '13ba7ec1-1e11-4fdc-a750-204e022848be'] (e:\codesharp\infrastructure\dotnet\src\CodeSharp.Core.Castles\Log4NetLogger.cs:92) - ----Transaction Completed, name:Tx #34517102, isChild:False
 INFO [Agent: adapter run thread for test 'Get' with id '13ba7ec1-1e11-4fdc-a750-204e022848be'] (e:\codesharp\infrastructure\dotnet\src\CodeSharp.Core.Castles\Log4NetLogger.cs:92) - ----Transaction Disposed, name:Tx #34517102, isChild:False
DEBUG [Agent: adapter run thread for test 'Get' with id '13ba7ec1-1e11-4fdc-a750-204e022848be'] (e:\codesharp\infrastructure\dotnet\src\CodeSharp.Core.Castles\includes\Castle.Services.Transaction\Managers\DefaultTransactionManager.cs:218) - Transaction Tx #34517102 disposed successfully
DEBUG [Agent: adapter run thread for test 'Get' with id '13ba7ec1-1e11-4fdc-a750-204e022848be'] (e:\codesharp\infrastructure\dotnet\src\CodeSharp.Core.Castles\includes\Castle.Services.Transaction\Managers\DefaultTransactionManager.cs:104) - Transaction "Tx #60920687" created
 INFO [Agent: adapter run thread for test 'Get' with id '13ba7ec1-1e11-4fdc-a750-204e022848be'] (e:\codesharp\infrastructure\dotnet\src\CodeSharp.Core.Castles\Log4NetLogger.cs:92) - ----Transaction Created, name:Tx #60920687, isChild:False
DEBUG [Agent: adapter run thread for test 'Get' with id '13ba7ec1-1e11-4fdc-a750-204e022848be'] (:0) - INSERT INTO Cooper_Tasklist (CreateTime, Name, Extensions, OwnerAccountId, ListType) VALUES (@p0, @p1, @p2, @p3, 'per'); select SCOPE_IDENTITY();@p0 = 2012/8/24 10:00:45 [Type: DateTime (0)], @p1 = 'default' [Type: String (4000)], @p2 = NULL [Type: String (4000)], @p3 = 1065 [Type: Int32 (0)]
 INFO [Agent: adapter run thread for test 'Get' with id '13ba7ec1-1e11-4fdc-a750-204e022848be'] (e:\codesharp\infrastructure\dotnet\src\CodeSharp.Core.Castles\Log4NetLogger.cs:92) - 新增任务表Cooper.Model.Tasks.PersonalTaskFolder#156|default
DEBUG [Agent: adapter run thread for test 'Get' with id '13ba7ec1-1e11-4fdc-a750-204e022848be'] (e:\codesharp\infrastructure\dotnet\src\CodeSharp.Core.Castles\includes\Castle.Facilities.AutoTx\TransactionInterceptor.cs:140) - Committing transaction 60920687
 INFO [Agent: adapter run thread for test 'Get' with id '13ba7ec1-1e11-4fdc-a750-204e022848be'] (e:\codesharp\infrastructure\dotnet\src\CodeSharp.Core.Castles\Log4NetLogger.cs:92) - ----Transaction Completed, name:Tx #60920687, isChild:False
 INFO [Agent: adapter run thread for test 'Get' with id '13ba7ec1-1e11-4fdc-a750-204e022848be'] (e:\codesharp\infrastructure\dotnet\src\CodeSharp.Core.Castles\Log4NetLogger.cs:92) - ----Transaction Disposed, name:Tx #60920687, isChild:False
DEBUG [Agent: adapter run thread for test 'Get' with id '13ba7ec1-1e11-4fdc-a750-204e022848be'] (e:\codesharp\infrastructure\dotnet\src\CodeSharp.Core.Castles\includes\Castle.Services.Transaction\Managers\DefaultTransactionManager.cs:218) - Transaction Tx #60920687 disposed successfully
DEBUG [Agent: adapter run thread for test 'Get' with id '13ba7ec1-1e11-4fdc-a750-204e022848be'] (:0) - SELECT this_.ID as ID9_0_, this_.CreateTime as CreateTime9_0_, this_.Name as Name9_0_, this_.Extensions as Extensions9_0_, this_.OwnerAccountId as OwnerAcc6_9_0_ FROM Cooper_Tasklist this_ WHERE this_.ListType='per' AND this_.OwnerAccountId = @p0;@p0 = 1065 [Type: Int32 (0)]</StdOut>
        <DebugTrace>Castle.Services.Transaction.DefaultTransactionManager: Transaction "Tx #53539979" created
Cooper.Model.Test.TeamTest: ----Transaction Created, name:Tx #53539979, isChild:False
NHibernate.SQL: SELECT this_.ID as ID5_0_ FROM Cooper_Lock this_ with (updlock, rowlock) WHERE this_.ID = @p0;@p0 = 'Account' [Type: String (4000)]
NHibernate.SQL: SELECT this_.ID as ID1_2_, this_.Name as Name1_2_, this_.CreateTime as CreateTime1_2_, this_.Password as Password1_2_, profile2_.AccountId as AccountId7_0_, profile2_.Profile as Profile7_0_, account3_.ID as ID1_1_, account3_.Name as Name1_1_, account3_.CreateTime as CreateTime1_1_, account3_.Password as Password1_1_ FROM Cooper_Account this_ left outer join Cooper_AccountProfile profile2_ on this_.ID=profile2_.AccountId left outer join Cooper_Account account3_ on profile2_.AccountId=account3_.ID WHERE this_.Name = @p0;@p0 = 'Cooper_2012082410004563481399245574641687' [Type: String (4000)]
NHibernate.SQL: INSERT INTO Cooper_Account (Name, CreateTime, Password) VALUES (@p0, @p1, @p2); select SCOPE_IDENTITY();@p0 = 'Cooper_2012082410004563481399245574641687' [Type: String (4000)], @p1 = 2012/8/24 10:00:45 [Type: DateTime (0)], @p2 = NULL [Type: String (4000)]
Cooper.Model.Accounts.AccountService: 创建账号#1065|Cooper_2012082410004563481399245574641687
Castle.Facilities.AutoTx.TransactionInterceptor: Committing transaction 53539979
Cooper.Model.Test.TeamTest: ----Transaction Completed, name:Tx #53539979, isChild:False
Cooper.Model.Test.TeamTest: ----Transaction Disposed, name:Tx #53539979, isChild:False
Castle.Services.Transaction.DefaultTransactionManager: Transaction Tx #53539979 disposed successfully
NHibernate.SQL: SELECT this_.ID as ID9_0_, this_.CreateTime as CreateTime9_0_, this_.Name as Name9_0_, this_.Extensions as Extensions9_0_, this_.OwnerAccountId as OwnerAcc6_9_0_ FROM Cooper_Tasklist this_ WHERE this_.ListType='per' AND this_.OwnerAccountId = @p0;@p0 = 1065 [Type: Int32 (0)]
Castle.Services.Transaction.DefaultTransactionManager: Transaction "Tx #34517102" created
Cooper.Model.Test.TeamTest: ----Transaction Created, name:Tx #34517102, isChild:False
NHibernate.SQL: INSERT INTO Cooper_Tasklist (CreateTime, Name, Extensions, OwnerAccountId, ListType) VALUES (@p0, @p1, @p2, @p3, 'per'); select SCOPE_IDENTITY();@p0 = 2012/8/24 10:00:45 [Type: DateTime (0)], @p1 = 'default' [Type: String (4000)], @p2 = NULL [Type: String (4000)], @p3 = 1065 [Type: Int32 (0)]
Cooper.Model.Tasks.TaskFolderService: 新增任务表Cooper.Model.Tasks.PersonalTaskFolder#155|default
Castle.Facilities.AutoTx.TransactionInterceptor: Committing transaction 34517102
Cooper.Model.Test.TeamTest: ----Transaction Completed, name:Tx #34517102, isChild:False
Cooper.Model.Test.TeamTest: ----Transaction Disposed, name:Tx #34517102, isChild:False
Castle.Services.Transaction.DefaultTransactionManager: Transaction Tx #34517102 disposed successfully
Castle.Services.Transaction.DefaultTransactionManager: Transaction "Tx #60920687" created
Cooper.Model.Test.TeamTest: ----Transaction Created, name:Tx #60920687, isChild:False
NHibernate.SQL: INSERT INTO Cooper_Tasklist (CreateTime, Name, Extensions, OwnerAccountId, ListType) VALUES (@p0, @p1, @p2, @p3, 'per'); select SCOPE_IDENTITY();@p0 = 2012/8/24 10:00:45 [Type: DateTime (0)], @p1 = 'default' [Type: String (4000)], @p2 = NULL [Type: String (4000)], @p3 = 1065 [Type: Int32 (0)]
Cooper.Model.Tasks.TaskFolderService: 新增任务表Cooper.Model.Tasks.PersonalTaskFolder#156|default
Castle.Facilities.AutoTx.TransactionInterceptor: Committing transaction 60920687
Cooper.Model.Test.TeamTest: ----Transaction Completed, name:Tx #60920687, isChild:False
Cooper.Model.Test.TeamTest: ----Transaction Disposed, name:Tx #60920687, isChild:False
Castle.Services.Transaction.DefaultTransactionManager: Transaction Tx #60920687 disposed successfully
NHibernate.SQL: SELECT this_.ID as ID9_0_, this_.CreateTime as CreateTime9_0_, this_.Name as Name9_0_, this_.Extensions as Extensions9_0_, this_.OwnerAccountId as OwnerAcc6_9_0_ FROM Cooper_Tasklist this_ WHERE this_.ListType='per' AND this_.OwnerAccountId = @p0;@p0 = 1065 [Type: Int32 (0)]
</DebugTrace>
      </Output>
    </UnitTestResult>
    <UnitTestResult executionId="09d947ec-1c18-4363-9188-41bdd8de46ef" testId="227af9e1-ad10-7dfc-89e8-67e77f02eb42" testName="Create" computerName="TAOBAO86" duration="00:00:00.1882258" startTime="2012-08-24T10:00:45.7406582+08:00" endTime="2012-08-24T10:00:45.9356777+08:00" testType="13cdc9d9-ddb5-4fa4-a97d-d965ccfc6d4b" outcome="Passed" testListId="8c84fa94-04c1-424b-9868-57a2d4851a1d" relativeResultsDirectory="09d947ec-1c18-4363-9188-41bdd8de46ef">
      <Output>
        <StdOut>DEBUG [Agent: adapter run thread for test 'Create' with id '09d947ec-1c18-4363-9188-41bdd8de46ef'] (e:\codesharp\infrastructure\dotnet\src\CodeSharp.Core.Castles\includes\Castle.Services.Transaction\Managers\DefaultTransactionManager.cs:104) - Transaction "Tx #31117124" created
 INFO [Agent: adapter run thread for test 'Create' with id '09d947ec-1c18-4363-9188-41bdd8de46ef'] (e:\codesharp\infrastructure\dotnet\src\CodeSharp.Core.Castles\Log4NetLogger.cs:92) - ----Transaction Created, name:Tx #31117124, isChild:False
DEBUG [Agent: adapter run thread for test 'Create' with id '09d947ec-1c18-4363-9188-41bdd8de46ef'] (:0) - SELECT this_.ID as ID5_0_ FROM Cooper_Lock this_ with (updlock, rowlock) WHERE this_.ID = @p0;@p0 = 'Account' [Type: String (4000)]
DEBUG [Agent: adapter run thread for test 'Create' with id '09d947ec-1c18-4363-9188-41bdd8de46ef'] (:0) - SELECT this_.ID as ID1_2_, this_.Name as Name1_2_, this_.CreateTime as CreateTime1_2_, this_.Password as Password1_2_, profile2_.AccountId as AccountId7_0_, profile2_.Profile as Profile7_0_, account3_.ID as ID1_1_, account3_.Name as Name1_1_, account3_.CreateTime as CreateTime1_1_, account3_.Password as Password1_1_ FROM Cooper_Account this_ left outer join Cooper_AccountProfile profile2_ on this_.ID=profile2_.AccountId left outer join Cooper_Account account3_ on profile2_.AccountId=account3_.ID WHERE this_.Name = @p0;@p0 = 'Cooper_2012082410004563481399245768661091' [Type: String (4000)]
DEBUG [Agent: adapter run thread for test 'Create' with id '09d947ec-1c18-4363-9188-41bdd8de46ef'] (:0) - INSERT INTO Cooper_Account (Name, CreateTime, Password) VALUES (@p0, @p1, @p2); select SCOPE_IDENTITY();@p0 = 'Cooper_2012082410004563481399245768661091' [Type: String (4000)], @p1 = 2012/8/24 10:00:45 [Type: DateTime (0)], @p2 = NULL [Type: String (4000)]
 INFO [Agent: adapter run thread for test 'Create' with id '09d947ec-1c18-4363-9188-41bdd8de46ef'] (e:\codesharp\infrastructure\dotnet\src\CodeSharp.Core.Castles\Log4NetLogger.cs:92) - 创建账号#1066|Cooper_2012082410004563481399245768661091
DEBUG [Agent: adapter run thread for test 'Create' with id '09d947ec-1c18-4363-9188-41bdd8de46ef'] (e:\codesharp\infrastructure\dotnet\src\CodeSharp.Core.Castles\includes\Castle.Facilities.AutoTx\TransactionInterceptor.cs:140) - Committing transaction 31117124
 INFO [Agent: adapter run thread for test 'Create' with id '09d947ec-1c18-4363-9188-41bdd8de46ef'] (e:\codesharp\infrastructure\dotnet\src\CodeSharp.Core.Castles\Log4NetLogger.cs:92) - ----Transaction Completed, name:Tx #31117124, isChild:False
 INFO [Agent: adapter run thread for test 'Create' with id '09d947ec-1c18-4363-9188-41bdd8de46ef'] (e:\codesharp\infrastructure\dotnet\src\CodeSharp.Core.Castles\Log4NetLogger.cs:92) - ----Transaction Disposed, name:Tx #31117124, isChild:False
DEBUG [Agent: adapter run thread for test 'Create' with id '09d947ec-1c18-4363-9188-41bdd8de46ef'] (e:\codesharp\infrastructure\dotnet\src\CodeSharp.Core.Castles\includes\Castle.Services.Transaction\Managers\DefaultTransactionManager.cs:218) - Transaction Tx #31117124 disposed successfully
DEBUG [Agent: adapter run thread for test 'Create' with id '09d947ec-1c18-4363-9188-41bdd8de46ef'] (e:\codesharp\infrastructure\dotnet\src\CodeSharp.Core.Castles\includes\Castle.Services.Transaction\Managers\DefaultTransactionManager.cs:104) - Transaction "Tx #63444425" created
 INFO [Agent: adapter run thread for test 'Create' with id '09d947ec-1c18-4363-9188-41bdd8de46ef'] (e:\codesharp\infrastructure\dotnet\src\CodeSharp.Core.Castles\Log4NetLogger.cs:92) - ----Transaction Created, name:Tx #63444425, isChild:False
DEBUG [Agent: adapter run thread for test 'Create' with id '09d947ec-1c18-4363-9188-41bdd8de46ef'] (:0) - INSERT INTO Cooper_Task (Subject, Body, Priority, DueTime, IsCompleted, CreateTime, LastUpdateTime, CreatorAccountId, TasklistId, TaskType) VALUES (@p0, @p1, @p2, @p3, @p4, @p5, @p6, @p7, @p8, 'Cooper.Model.Tasks.Task'); select SCOPE_IDENTITY();@p0 = NULL [Type: String (4000)], @p1 = NULL [Type: String (4000)], @p2 = 0 [Type: Int32 (0)], @p3 = NULL [Type: DateTime (0)], @p4 = False [Type: Boolean (0)], @p5 = 2012/8/24 10:00:45 [Type: DateTime (0)], @p6 = 2012/8/24 10:00:45 [Type: DateTime (0)], @p7 = 1066 [Type: Int32 (0)], @p8 = NULL [Type: Int32 (0)]
 INFO [Agent: adapter run thread for test 'Create' with id '09d947ec-1c18-4363-9188-41bdd8de46ef'] (e:\codesharp\infrastructure\dotnet\src\CodeSharp.Core.Castles\Log4NetLogger.cs:92) - 新增任务#545||1066
DEBUG [Agent: adapter run thread for test 'Create' with id '09d947ec-1c18-4363-9188-41bdd8de46ef'] (e:\codesharp\infrastructure\dotnet\src\CodeSharp.Core.Castles\includes\Castle.Facilities.AutoTx\TransactionInterceptor.cs:140) - Committing transaction 63444425
 INFO [Agent: adapter run thread for test 'Create' with id '09d947ec-1c18-4363-9188-41bdd8de46ef'] (e:\codesharp\infrastructure\dotnet\src\CodeSharp.Core.Castles\Log4NetLogger.cs:92) - ----Transaction Completed, name:Tx #63444425, isChild:False
 INFO [Agent: adapter run thread for test 'Create' with id '09d947ec-1c18-4363-9188-41bdd8de46ef'] (e:\codesharp\infrastructure\dotnet\src\CodeSharp.Core.Castles\Log4NetLogger.cs:92) - ----Transaction Disposed, name:Tx #63444425, isChild:False
DEBUG [Agent: adapter run thread for test 'Create' with id '09d947ec-1c18-4363-9188-41bdd8de46ef'] (e:\codesharp\infrastructure\dotnet\src\CodeSharp.Core.Castles\includes\Castle.Services.Transaction\Managers\DefaultTransactionManager.cs:218) - Transaction Tx #63444425 disposed successfully
DEBUG [Agent: adapter run thread for test 'Create' with id '09d947ec-1c18-4363-9188-41bdd8de46ef'] (:0) - SELECT task0_.ID as ID10_0_, task0_.Subject as Subject10_0_, task0_.Body as Body10_0_, task0_.Priority as Priority10_0_, task0_.DueTime as DueTime10_0_, task0_.IsCompleted as IsComple7_10_0_, task0_.CreateTime as CreateTime10_0_, task0_.LastUpdateTime as LastUpda9_10_0_, task0_.CreatorAccountId as Creator10_10_0_, task0_.TasklistId as TasklistId10_0_, task0_.TeamId as TeamId10_0_, task0_.AssigneeId as AssigneeId10_0_, task0_.TaskType as TaskType10_0_ FROM Cooper_Task task0_ WHERE task0_.ID=@p0;@p0 = 545 [Type: Int64 (0)]
 INFO [Agent: adapter run thread for test 'Create' with id '09d947ec-1c18-4363-9188-41bdd8de46ef'] (e:\codesharp\infrastructure\dotnet\src\CodeSharp.Core.Castles\Log4NetLogger.cs:92) - ||Today||False|08/24/2012 10:00:45|08/24/2012 10:00:45|1066</StdOut>
        <DebugTrace>Castle.Services.Transaction.DefaultTransactionManager: Transaction "Tx #31117124" created
Cooper.Model.Test.TeamTest: ----Transaction Created, name:Tx #31117124, isChild:False
NHibernate.SQL: SELECT this_.ID as ID5_0_ FROM Cooper_Lock this_ with (updlock, rowlock) WHERE this_.ID = @p0;@p0 = 'Account' [Type: String (4000)]
NHibernate.SQL: SELECT this_.ID as ID1_2_, this_.Name as Name1_2_, this_.CreateTime as CreateTime1_2_, this_.Password as Password1_2_, profile2_.AccountId as AccountId7_0_, profile2_.Profile as Profile7_0_, account3_.ID as ID1_1_, account3_.Name as Name1_1_, account3_.CreateTime as CreateTime1_1_, account3_.Password as Password1_1_ FROM Cooper_Account this_ left outer join Cooper_AccountProfile profile2_ on this_.ID=profile2_.AccountId left outer join Cooper_Account account3_ on profile2_.AccountId=account3_.ID WHERE this_.Name = @p0;@p0 = 'Cooper_2012082410004563481399245768661091' [Type: String (4000)]
NHibernate.SQL: INSERT INTO Cooper_Account (Name, CreateTime, Password) VALUES (@p0, @p1, @p2); select SCOPE_IDENTITY();@p0 = 'Cooper_2012082410004563481399245768661091' [Type: String (4000)], @p1 = 2012/8/24 10:00:45 [Type: DateTime (0)], @p2 = NULL [Type: String (4000)]
Cooper.Model.Accounts.AccountService: 创建账号#1066|Cooper_2012082410004563481399245768661091
Castle.Facilities.AutoTx.TransactionInterceptor: Committing transaction 31117124
Cooper.Model.Test.TeamTest: ----Transaction Completed, name:Tx #31117124, isChild:False
Cooper.Model.Test.TeamTest: ----Transaction Disposed, name:Tx #31117124, isChild:False
Castle.Services.Transaction.DefaultTransactionManager: Transaction Tx #31117124 disposed successfully
Castle.Services.Transaction.DefaultTransactionManager: Transaction "Tx #63444425" created
Cooper.Model.Test.TeamTest: ----Transaction Created, name:Tx #63444425, isChild:False
NHibernate.SQL: INSERT INTO Cooper_Task (Subject, Body, Priority, DueTime, IsCompleted, CreateTime, LastUpdateTime, CreatorAccountId, TasklistId, TaskType) VALUES (@p0, @p1, @p2, @p3, @p4, @p5, @p6, @p7, @p8, 'Cooper.Model.Tasks.Task'); select SCOPE_IDENTITY();@p0 = NULL [Type: String (4000)], @p1 = NULL [Type: String (4000)], @p2 = 0 [Type: Int32 (0)], @p3 = NULL [Type: DateTime (0)], @p4 = False [Type: Boolean (0)], @p5 = 2012/8/24 10:00:45 [Type: DateTime (0)], @p6 = 2012/8/24 10:00:45 [Type: DateTime (0)], @p7 = 1066 [Type: Int32 (0)], @p8 = NULL [Type: Int32 (0)]
Cooper.Model.Tasks.TaskService: 新增任务#545||1066
Castle.Facilities.AutoTx.TransactionInterceptor: Committing transaction 63444425
Cooper.Model.Test.TeamTest: ----Transaction Completed, name:Tx #63444425, isChild:False
Cooper.Model.Test.TeamTest: ----Transaction Disposed, name:Tx #63444425, isChild:False
Castle.Services.Transaction.DefaultTransactionManager: Transaction Tx #63444425 disposed successfully
NHibernate.SQL: SELECT task0_.ID as ID10_0_, task0_.Subject as Subject10_0_, task0_.Body as Body10_0_, task0_.Priority as Priority10_0_, task0_.DueTime as DueTime10_0_, task0_.IsCompleted as IsComple7_10_0_, task0_.CreateTime as CreateTime10_0_, task0_.LastUpdateTime as LastUpda9_10_0_, task0_.CreatorAccountId as Creator10_10_0_, task0_.TasklistId as TasklistId10_0_, task0_.TeamId as TeamId10_0_, task0_.AssigneeId as AssigneeId10_0_, task0_.TaskType as TaskType10_0_ FROM Cooper_Task task0_ WHERE task0_.ID=@p0;@p0 = 545 [Type: Int64 (0)]
Cooper.Model.Test.TaskTest: ||Today||False|08/24/2012 10:00:45|08/24/2012 10:00:45|1066
</DebugTrace>
      </Output>
    </UnitTestResult>
    <UnitTestResult executionId="c635a8a6-f18a-4acf-bade-9062811b292c" testId="58e1067b-0333-8325-3aae-c6580b7f860e" testName="LastUpdateTime" computerName="TAOBAO86" duration="00:00:00.6303339" startTime="2012-08-24T10:00:45.9586800+08:00" endTime="2012-08-24T10:00:46.6037445+08:00" testType="13cdc9d9-ddb5-4fa4-a97d-d965ccfc6d4b" outcome="Passed" testListId="8c84fa94-04c1-424b-9868-57a2d4851a1d" relativeResultsDirectory="c635a8a6-f18a-4acf-bade-9062811b292c">
      <Output>
        <StdOut>DEBUG [Agent: adapter run thread for test 'LastUpdateTime' with id 'c635a8a6-f18a-4acf-bade-9062811b292c'] (e:\codesharp\infrastructure\dotnet\src\CodeSharp.Core.Castles\includes\Castle.Services.Transaction\Managers\DefaultTransactionManager.cs:104) - Transaction "Tx #9975276" created
 INFO [Agent: adapter run thread for test 'LastUpdateTime' with id 'c635a8a6-f18a-4acf-bade-9062811b292c'] (e:\codesharp\infrastructure\dotnet\src\CodeSharp.Core.Castles\Log4NetLogger.cs:92) - ----Transaction Created, name:Tx #9975276, isChild:False
DEBUG [Agent: adapter run thread for test 'LastUpdateTime' with id 'c635a8a6-f18a-4acf-bade-9062811b292c'] (:0) - SELECT this_.ID as ID5_0_ FROM Cooper_Lock this_ with (updlock, rowlock) WHERE this_.ID = @p0;@p0 = 'Account' [Type: String (4000)]
DEBUG [Agent: adapter run thread for test 'LastUpdateTime' with id 'c635a8a6-f18a-4acf-bade-9062811b292c'] (:0) - SELECT this_.ID as ID1_2_, this_.Name as Name1_2_, this_.CreateTime as CreateTime1_2_, this_.Password as Password1_2_, profile2_.AccountId as AccountId7_0_, profile2_.Profile as Profile7_0_, account3_.ID as ID1_1_, account3_.Name as Name1_1_, account3_.CreateTime as CreateTime1_1_, account3_.Password as Password1_1_ FROM Cooper_Account this_ left outer join Cooper_AccountProfile profile2_ on this_.ID=profile2_.AccountId left outer join Cooper_Account account3_ on profile2_.AccountId=account3_.ID WHERE this_.Name = @p0;@p0 = 'Cooper_201208241000456348139924599768396' [Type: String (4000)]
DEBUG [Agent: adapter run thread for test 'LastUpdateTime' with id 'c635a8a6-f18a-4acf-bade-9062811b292c'] (:0) - INSERT INTO Cooper_Account (Name, CreateTime, Password) VALUES (@p0, @p1, @p2); select SCOPE_IDENTITY();@p0 = 'Cooper_201208241000456348139924599768396' [Type: String (4000)], @p1 = 2012/8/24 10:00:45 [Type: DateTime (0)], @p2 = NULL [Type: String (4000)]
 INFO [Agent: adapter run thread for test 'LastUpdateTime' with id 'c635a8a6-f18a-4acf-bade-9062811b292c'] (e:\codesharp\infrastructure\dotnet\src\CodeSharp.Core.Castles\Log4NetLogger.cs:92) - 创建账号#1067|Cooper_201208241000456348139924599768396
DEBUG [Agent: adapter run thread for test 'LastUpdateTime' with id 'c635a8a6-f18a-4acf-bade-9062811b292c'] (e:\codesharp\infrastructure\dotnet\src\CodeSharp.Core.Castles\includes\Castle.Facilities.AutoTx\TransactionInterceptor.cs:140) - Committing transaction 9975276
 INFO [Agent: adapter run thread for test 'LastUpdateTime' with id 'c635a8a6-f18a-4acf-bade-9062811b292c'] (e:\codesharp\infrastructure\dotnet\src\CodeSharp.Core.Castles\Log4NetLogger.cs:92) - ----Transaction Completed, name:Tx #9975276, isChild:False
 INFO [Agent: adapter run thread for test 'LastUpdateTime' with id 'c635a8a6-f18a-4acf-bade-9062811b292c'] (e:\codesharp\infrastructure\dotnet\src\CodeSharp.Core.Castles\Log4NetLogger.cs:92) - ----Transaction Disposed, name:Tx #9975276, isChild:False
DEBUG [Agent: adapter run thread for test 'LastUpdateTime' with id 'c635a8a6-f18a-4acf-bade-9062811b292c'] (e:\codesharp\infrastructure\dotnet\src\CodeSharp.Core.Castles\includes\Castle.Services.Transaction\Managers\DefaultTransactionManager.cs:218) - Transaction Tx #9975276 disposed successfully
DEBUG [Agent: adapter run thread for test 'LastUpdateTime' with id 'c635a8a6-f18a-4acf-bade-9062811b292c'] (e:\codesharp\infrastructure\dotnet\src\CodeSharp.Core.Castles\includes\Castle.Services.Transaction\Managers\DefaultTransactionManager.cs:104) - Transaction "Tx #19542028" created
 INFO [Agent: adapter run thread for test 'LastUpdateTime' with id 'c635a8a6-f18a-4acf-bade-9062811b292c'] (e:\codesharp\infrastructure\dotnet\src\CodeSharp.Core.Castles\Log4NetLogger.cs:92) - ----Transaction Created, name:Tx #19542028, isChild:False
DEBUG [Agent: adapter run thread for test 'LastUpdateTime' with id 'c635a8a6-f18a-4acf-bade-9062811b292c'] (:0) - INSERT INTO Cooper_Tasklist (CreateTime, Name, Extensions, OwnerAccountId, ListType) VALUES (@p0, @p1, @p2, @p3, 'per'); select SCOPE_IDENTITY();@p0 = 2012/8/24 10:00:46 [Type: DateTime (0)], @p1 = 'Cooper_2012082410004663481399246564740615' [Type: String (4000)], @p2 = NULL [Type: String (4000)], @p3 = 1067 [Type: Int32 (0)]
 INFO [Agent: adapter run thread for test 'LastUpdateTime' with id 'c635a8a6-f18a-4acf-bade-9062811b292c'] (e:\codesharp\infrastructure\dotnet\src\CodeSharp.Core.Castles\Log4NetLogger.cs:92) - 新增任务表Cooper.Model.Tasks.PersonalTaskFolder#157|Cooper_2012082410004663481399246564740615
DEBUG [Agent: adapter run thread for test 'LastUpdateTime' with id 'c635a8a6-f18a-4acf-bade-9062811b292c'] (e:\codesharp\infrastructure\dotnet\src\CodeSharp.Core.Castles\includes\Castle.Facilities.AutoTx\TransactionInterceptor.cs:140) - Committing transaction 19542028
 INFO [Agent: adapter run thread for test 'LastUpdateTime' with id 'c635a8a6-f18a-4acf-bade-9062811b292c'] (e:\codesharp\infrastructure\dotnet\src\CodeSharp.Core.Castles\Log4NetLogger.cs:92) - ----Transaction Completed, name:Tx #19542028, isChild:False
 INFO [Agent: adapter run thread for test 'LastUpdateTime' with id 'c635a8a6-f18a-4acf-bade-9062811b292c'] (e:\codesharp\infrastructure\dotnet\src\CodeSharp.Core.Castles\Log4NetLogger.cs:92) - ----Transaction Disposed, name:Tx #19542028, isChild:False
DEBUG [Agent: adapter run thread for test 'LastUpdateTime' with id 'c635a8a6-f18a-4acf-bade-9062811b292c'] (e:\codesharp\infrastructure\dotnet\src\CodeSharp.Core.Castles\includes\Castle.Services.Transaction\Managers\DefaultTransactionManager.cs:218) - Transaction Tx #19542028 disposed successfully</StdOut>
        <DebugTrace>Castle.Services.Transaction.DefaultTransactionManager: Transaction "Tx #9975276" created
Cooper.Model.Test.TeamTest: ----Transaction Created, name:Tx #9975276, isChild:False
NHibernate.SQL: SELECT this_.ID as ID5_0_ FROM Cooper_Lock this_ with (updlock, rowlock) WHERE this_.ID = @p0;@p0 = 'Account' [Type: String (4000)]
NHibernate.SQL: SELECT this_.ID as ID1_2_, this_.Name as Name1_2_, this_.CreateTime as CreateTime1_2_, this_.Password as Password1_2_, profile2_.AccountId as AccountId7_0_, profile2_.Profile as Profile7_0_, account3_.ID as ID1_1_, account3_.Name as Name1_1_, account3_.CreateTime as CreateTime1_1_, account3_.Password as Password1_1_ FROM Cooper_Account this_ left outer join Cooper_AccountProfile profile2_ on this_.ID=profile2_.AccountId left outer join Cooper_Account account3_ on profile2_.AccountId=account3_.ID WHERE this_.Name = @p0;@p0 = 'Cooper_201208241000456348139924599768396' [Type: String (4000)]
NHibernate.SQL: INSERT INTO Cooper_Account (Name, CreateTime, Password) VALUES (@p0, @p1, @p2); select SCOPE_IDENTITY();@p0 = 'Cooper_201208241000456348139924599768396' [Type: String (4000)], @p1 = 2012/8/24 10:00:45 [Type: DateTime (0)], @p2 = NULL [Type: String (4000)]
Cooper.Model.Accounts.AccountService: 创建账号#1067|Cooper_201208241000456348139924599768396
Castle.Facilities.AutoTx.TransactionInterceptor: Committing transaction 9975276
Cooper.Model.Test.TeamTest: ----Transaction Completed, name:Tx #9975276, isChild:False
Cooper.Model.Test.TeamTest: ----Transaction Disposed, name:Tx #9975276, isChild:False
Castle.Services.Transaction.DefaultTransactionManager: Transaction Tx #9975276 disposed successfully
Castle.Services.Transaction.DefaultTransactionManager: Transaction "Tx #19542028" created
Cooper.Model.Test.TeamTest: ----Transaction Created, name:Tx #19542028, isChild:False
NHibernate.SQL: INSERT INTO Cooper_Tasklist (CreateTime, Name, Extensions, OwnerAccountId, ListType) VALUES (@p0, @p1, @p2, @p3, 'per'); select SCOPE_IDENTITY();@p0 = 2012/8/24 10:00:46 [Type: DateTime (0)], @p1 = 'Cooper_2012082410004663481399246564740615' [Type: String (4000)], @p2 = NULL [Type: String (4000)], @p3 = 1067 [Type: Int32 (0)]
Cooper.Model.Tasks.TaskFolderService: 新增任务表Cooper.Model.Tasks.PersonalTaskFolder#157|Cooper_2012082410004663481399246564740615
Castle.Facilities.AutoTx.TransactionInterceptor: Committing transaction 19542028
Cooper.Model.Test.TeamTest: ----Transaction Completed, name:Tx #19542028, isChild:False
Cooper.Model.Test.TeamTest: ----Transaction Disposed, name:Tx #19542028, isChild:False
Castle.Services.Transaction.DefaultTransactionManager: Transaction Tx #19542028 disposed successfully
</DebugTrace>
      </Output>
    </UnitTestResult>
    <UnitTestResult executionId="9fcaefa5-84ec-4f75-b08f-170eb18d7cce" testId="1bf78f7f-4201-907d-b0ab-f65693b52ab7" testName="GetAll" computerName="TAOBAO86" duration="00:00:00.2871792" startTime="2012-08-24T10:00:46.6487490+08:00" endTime="2012-08-24T10:00:46.9467788+08:00" testType="13cdc9d9-ddb5-4fa4-a97d-d965ccfc6d4b" outcome="Passed" testListId="8c84fa94-04c1-424b-9868-57a2d4851a1d" relativeResultsDirectory="9fcaefa5-84ec-4f75-b08f-170eb18d7cce">
      <Output>
        <StdOut>DEBUG [Agent: adapter run thread for test 'GetAll' with id '9fcaefa5-84ec-4f75-b08f-170eb18d7cce'] (e:\codesharp\infrastructure\dotnet\src\CodeSharp.Core.Castles\includes\Castle.Services.Transaction\Managers\DefaultTransactionManager.cs:104) - Transaction "Tx #66135897" created
 INFO [Agent: adapter run thread for test 'GetAll' with id '9fcaefa5-84ec-4f75-b08f-170eb18d7cce'] (e:\codesharp\infrastructure\dotnet\src\CodeSharp.Core.Castles\Log4NetLogger.cs:92) - ----Transaction Created, name:Tx #66135897, isChild:False
DEBUG [Agent: adapter run thread for test 'GetAll' with id '9fcaefa5-84ec-4f75-b08f-170eb18d7cce'] (:0) - SELECT this_.ID as ID5_0_ FROM Cooper_Lock this_ with (updlock, rowlock) WHERE this_.ID = @p0;@p0 = 'Account' [Type: String (4000)]
DEBUG [Agent: adapter run thread for test 'GetAll' with id '9fcaefa5-84ec-4f75-b08f-170eb18d7cce'] (:0) - SELECT this_.ID as ID1_2_, this_.Name as Name1_2_, this_.CreateTime as CreateTime1_2_, this_.Password as Password1_2_, profile2_.AccountId as AccountId7_0_, profile2_.Profile as Profile7_0_, account3_.ID as ID1_1_, account3_.Name as Name1_1_, account3_.CreateTime as CreateTime1_1_, account3_.Password as Password1_1_ FROM Cooper_Account this_ left outer join Cooper_AccountProfile profile2_ on this_.ID=profile2_.AccountId left outer join Cooper_Account account3_ on profile2_.AccountId=account3_.ID WHERE this_.Name = @p0;@p0 = 'Cooper_201208241000466348139924668275243' [Type: String (4000)]
DEBUG [Agent: adapter run thread for test 'GetAll' with id '9fcaefa5-84ec-4f75-b08f-170eb18d7cce'] (:0) - INSERT INTO Cooper_Account (Name, CreateTime, Password) VALUES (@p0, @p1, @p2); select SCOPE_IDENTITY();@p0 = 'Cooper_201208241000466348139924668275243' [Type: String (4000)], @p1 = 2012/8/24 10:00:46 [Type: DateTime (0)], @p2 = NULL [Type: String (4000)]
 INFO [Agent: adapter run thread for test 'GetAll' with id '9fcaefa5-84ec-4f75-b08f-170eb18d7cce'] (e:\codesharp\infrastructure\dotnet\src\CodeSharp.Core.Castles\Log4NetLogger.cs:92) - 创建账号#1068|Cooper_201208241000466348139924668275243
DEBUG [Agent: adapter run thread for test 'GetAll' with id '9fcaefa5-84ec-4f75-b08f-170eb18d7cce'] (e:\codesharp\infrastructure\dotnet\src\CodeSharp.Core.Castles\includes\Castle.Facilities.AutoTx\TransactionInterceptor.cs:140) - Committing transaction 66135897
 INFO [Agent: adapter run thread for test 'GetAll' with id '9fcaefa5-84ec-4f75-b08f-170eb18d7cce'] (e:\codesharp\infrastructure\dotnet\src\CodeSharp.Core.Castles\Log4NetLogger.cs:92) - ----Transaction Completed, name:Tx #66135897, isChild:False
 INFO [Agent: adapter run thread for test 'GetAll' with id '9fcaefa5-84ec-4f75-b08f-170eb18d7cce'] (e:\codesharp\infrastructure\dotnet\src\CodeSharp.Core.Castles\Log4NetLogger.cs:92) - ----Transaction Disposed, name:Tx #66135897, isChild:False
DEBUG [Agent: adapter run thread for test 'GetAll' with id '9fcaefa5-84ec-4f75-b08f-170eb18d7cce'] (e:\codesharp\infrastructure\dotnet\src\CodeSharp.Core.Castles\includes\Castle.Services.Transaction\Managers\DefaultTransactionManager.cs:218) - Transaction Tx #66135897 disposed successfully
DEBUG [Agent: adapter run thread for test 'GetAll' with id '9fcaefa5-84ec-4f75-b08f-170eb18d7cce'] (e:\codesharp\infrastructure\dotnet\src\CodeSharp.Core.Castles\includes\Castle.Services.Transaction\Managers\DefaultTransactionManager.cs:104) - Transaction "Tx #64405059" created
 INFO [Agent: adapter run thread for test 'GetAll' with id '9fcaefa5-84ec-4f75-b08f-170eb18d7cce'] (e:\codesharp\infrastructure\dotnet\src\CodeSharp.Core.Castles\Log4NetLogger.cs:92) - ----Transaction Created, name:Tx #64405059, isChild:False
DEBUG [Agent: adapter run thread for test 'GetAll' with id '9fcaefa5-84ec-4f75-b08f-170eb18d7cce'] (:0) - INSERT INTO Cooper_Tasklist (CreateTime, Name, Extensions, OwnerAccountId, ListType) VALUES (@p0, @p1, @p2, @p3, 'per'); select SCOPE_IDENTITY();@p0 = 2012/8/24 10:00:46 [Type: DateTime (0)], @p1 = 'Cooper_2012082410004663481399246787762969' [Type: String (4000)], @p2 = NULL [Type: String (4000)], @p3 = 1068 [Type: Int32 (0)]
 INFO [Agent: adapter run thread for test 'GetAll' with id '9fcaefa5-84ec-4f75-b08f-170eb18d7cce'] (e:\codesharp\infrastructure\dotnet\src\CodeSharp.Core.Castles\Log4NetLogger.cs:92) - 新增任务表Cooper.Model.Tasks.PersonalTaskFolder#158|Cooper_2012082410004663481399246787762969
DEBUG [Agent: adapter run thread for test 'GetAll' with id '9fcaefa5-84ec-4f75-b08f-170eb18d7cce'] (e:\codesharp\infrastructure\dotnet\src\CodeSharp.Core.Castles\includes\Castle.Facilities.AutoTx\TransactionInterceptor.cs:140) - Committing transaction 64405059
 INFO [Agent: adapter run thread for test 'GetAll' with id '9fcaefa5-84ec-4f75-b08f-170eb18d7cce'] (e:\codesharp\infrastructure\dotnet\src\CodeSharp.Core.Castles\Log4NetLogger.cs:92) - ----Transaction Completed, name:Tx #64405059, isChild:False
 INFO [Agent: adapter run thread for test 'GetAll' with id '9fcaefa5-84ec-4f75-b08f-170eb18d7cce'] (e:\codesharp\infrastructure\dotnet\src\CodeSharp.Core.Castles\Log4NetLogger.cs:92) - ----Transaction Disposed, name:Tx #64405059, isChild:False
DEBUG [Agent: adapter run thread for test 'GetAll' with id '9fcaefa5-84ec-4f75-b08f-170eb18d7cce'] (e:\codesharp\infrastructure\dotnet\src\CodeSharp.Core.Castles\includes\Castle.Services.Transaction\Managers\DefaultTransactionManager.cs:218) - Transaction Tx #64405059 disposed successfully
DEBUG [Agent: adapter run thread for test 'GetAll' with id '9fcaefa5-84ec-4f75-b08f-170eb18d7cce'] (e:\codesharp\infrastructure\dotnet\src\CodeSharp.Core.Castles\includes\Castle.Services.Transaction\Managers\DefaultTransactionManager.cs:104) - Transaction "Tx #48566244" created
 INFO [Agent: adapter run thread for test 'GetAll' with id '9fcaefa5-84ec-4f75-b08f-170eb18d7cce'] (e:\codesharp\infrastructure\dotnet\src\CodeSharp.Core.Castles\Log4NetLogger.cs:92) - ----Transaction Created, name:Tx #48566244, isChild:False
DEBUG [Agent: adapter run thread for test 'GetAll' with id '9fcaefa5-84ec-4f75-b08f-170eb18d7cce'] (:0) - INSERT INTO Cooper_Task (Subject, Body, Priority, DueTime, IsCompleted, CreateTime, LastUpdateTime, CreatorAccountId, TasklistId, TaskType) VALUES (@p0, @p1, @p2, @p3, @p4, @p5, @p6, @p7, @p8, 'Cooper.Model.Tasks.Task'); select SCOPE_IDENTITY();@p0 = NULL [Type: String (4000)], @p1 = NULL [Type: String (4000)], @p2 = 0 [Type: Int32 (0)], @p3 = NULL [Type: DateTime (0)], @p4 = False [Type: Boolean (0)], @p5 = 2012/8/24 10:00:46 [Type: DateTime (0)], @p6 = 2012/8/24 10:00:46 [Type: DateTime (0)], @p7 = 1068 [Type: Int32 (0)], @p8 = NULL [Type: Int32 (0)]
 INFO [Agent: adapter run thread for test 'GetAll' with id '9fcaefa5-84ec-4f75-b08f-170eb18d7cce'] (e:\codesharp\infrastructure\dotnet\src\CodeSharp.Core.Castles\Log4NetLogger.cs:92) - 新增任务#546||1068
DEBUG [Agent: adapter run thread for test 'GetAll' with id '9fcaefa5-84ec-4f75-b08f-170eb18d7cce'] (e:\codesharp\infrastructure\dotnet\src\CodeSharp.Core.Castles\includes\Castle.Facilities.AutoTx\TransactionInterceptor.cs:140) - Committing transaction 48566244
 INFO [Agent: adapter run thread for test 'GetAll' with id '9fcaefa5-84ec-4f75-b08f-170eb18d7cce'] (e:\codesharp\infrastructure\dotnet\src\CodeSharp.Core.Castles\Log4NetLogger.cs:92) - ----Transaction Completed, name:Tx #48566244, isChild:False
 INFO [Agent: adapter run thread for test 'GetAll' with id '9fcaefa5-84ec-4f75-b08f-170eb18d7cce'] (e:\codesharp\infrastructure\dotnet\src\CodeSharp.Core.Castles\Log4NetLogger.cs:92) - ----Transaction Disposed, name:Tx #48566244, isChild:False
DEBUG [Agent: adapter run thread for test 'GetAll' with id '9fcaefa5-84ec-4f75-b08f-170eb18d7cce'] (e:\codesharp\infrastructure\dotnet\src\CodeSharp.Core.Castles\includes\Castle.Services.Transaction\Managers\DefaultTransactionManager.cs:218) - Transaction Tx #48566244 disposed successfully
DEBUG [Agent: adapter run thread for test 'GetAll' with id '9fcaefa5-84ec-4f75-b08f-170eb18d7cce'] (e:\codesharp\infrastructure\dotnet\src\CodeSharp.Core.Castles\includes\Castle.Services.Transaction\Managers\DefaultTransactionManager.cs:104) - Transaction "Tx #38139316" created
 INFO [Agent: adapter run thread for test 'GetAll' with id '9fcaefa5-84ec-4f75-b08f-170eb18d7cce'] (e:\codesharp\infrastructure\dotnet\src\CodeSharp.Core.Castles\Log4NetLogger.cs:92) - ----Transaction Created, name:Tx #38139316, isChild:False
DEBUG [Agent: adapter run thread for test 'GetAll' with id '9fcaefa5-84ec-4f75-b08f-170eb18d7cce'] (:0) - INSERT INTO Cooper_Task (Subject, Body, Priority, DueTime, IsCompleted, CreateTime, LastUpdateTime, CreatorAccountId, TasklistId, TaskType) VALUES (@p0, @p1, @p2, @p3, @p4, @p5, @p6, @p7, @p8, 'Cooper.Model.Tasks.Task'); select SCOPE_IDENTITY();@p0 = NULL [Type: String (4000)], @p1 = NULL [Type: String (4000)], @p2 = 0 [Type: Int32 (0)], @p3 = NULL [Type: DateTime (0)], @p4 = False [Type: Boolean (0)], @p5 = 2012/8/24 10:00:46 [Type: DateTime (0)], @p6 = 2012/8/24 10:00:46 [Type: DateTime (0)], @p7 = 1068 [Type: Int32 (0)], @p8 = 158 [Type: Int32 (0)]
 INFO [Agent: adapter run thread for test 'GetAll' with id '9fcaefa5-84ec-4f75-b08f-170eb18d7cce'] (e:\codesharp\infrastructure\dotnet\src\CodeSharp.Core.Castles\Log4NetLogger.cs:92) - 新增任务#547||1068
DEBUG [Agent: adapter run thread for test 'GetAll' with id '9fcaefa5-84ec-4f75-b08f-170eb18d7cce'] (e:\codesharp\infrastructure\dotnet\src\CodeSharp.Core.Castles\includes\Castle.Facilities.AutoTx\TransactionInterceptor.cs:140) - Committing transaction 38139316
 INFO [Agent: adapter run thread for test 'GetAll' with id '9fcaefa5-84ec-4f75-b08f-170eb18d7cce'] (e:\codesharp\infrastructure\dotnet\src\CodeSharp.Core.Castles\Log4NetLogger.cs:92) - ----Transaction Completed, name:Tx #38139316, isChild:False
 INFO [Agent: adapter run thread for test 'GetAll' with id '9fcaefa5-84ec-4f75-b08f-170eb18d7cce'] (e:\codesharp\infrastructure\dotnet\src\CodeSharp.Core.Castles\Log4NetLogger.cs:92) - ----Transaction Disposed, name:Tx #38139316, isChild:False
DEBUG [Agent: adapter run thread for test 'GetAll' with id '9fcaefa5-84ec-4f75-b08f-170eb18d7cce'] (e:\codesharp\infrastructure\dotnet\src\CodeSharp.Core.Castles\includes\Castle.Services.Transaction\Managers\DefaultTransactionManager.cs:218) - Transaction Tx #38139316 disposed successfully
DEBUG [Agent: adapter run thread for test 'GetAll' with id '9fcaefa5-84ec-4f75-b08f-170eb18d7cce'] (e:\codesharp\infrastructure\dotnet\src\CodeSharp.Core.Castles\includes\Castle.Services.Transaction\Managers\DefaultTransactionManager.cs:104) - Transaction "Tx #17334115" created
 INFO [Agent: adapter run thread for test 'GetAll' with id '9fcaefa5-84ec-4f75-b08f-170eb18d7cce'] (e:\codesharp\infrastructure\dotnet\src\CodeSharp.Core.Castles\Log4NetLogger.cs:92) - ----Transaction Created, name:Tx #17334115, isChild:False
DEBUG [Agent: adapter run thread for test 'GetAll' with id '9fcaefa5-84ec-4f75-b08f-170eb18d7cce'] (:0) - INSERT INTO Cooper_Task (Subject, Body, Priority, DueTime, IsCompleted, CreateTime, LastUpdateTime, CreatorAccountId, TasklistId, TaskType) VALUES (@p0, @p1, @p2, @p3, @p4, @p5, @p6, @p7, @p8, 'Cooper.Model.Tasks.Task'); select SCOPE_IDENTITY();@p0 = NULL [Type: String (4000)], @p1 = NULL [Type: String (4000)], @p2 = 0 [Type: Int32 (0)], @p3 = NULL [Type: DateTime (0)], @p4 = False [Type: Boolean (0)], @p5 = 2012/8/24 10:00:46 [Type: DateTime (0)], @p6 = 2012/8/24 10:00:46 [Type: DateTime (0)], @p7 = 1068 [Type: Int32 (0)], @p8 = 158 [Type: Int32 (0)]
 INFO [Agent: adapter run thread for test 'GetAll' with id '9fcaefa5-84ec-4f75-b08f-170eb18d7cce'] (e:\codesharp\infrastructure\dotnet\src\CodeSharp.Core.Castles\Log4NetLogger.cs:92) - 新增任务#548||1068
DEBUG [Agent: adapter run thread for test 'GetAll' with id '9fcaefa5-84ec-4f75-b08f-170eb18d7cce'] (e:\codesharp\infrastructure\dotnet\src\CodeSharp.Core.Castles\includes\Castle.Facilities.AutoTx\TransactionInterceptor.cs:140) - Committing transaction 17334115
 INFO [Agent: adapter run thread for test 'GetAll' with id '9fcaefa5-84ec-4f75-b08f-170eb18d7cce'] (e:\codesharp\infrastructure\dotnet\src\CodeSharp.Core.Castles\Log4NetLogger.cs:92) - ----Transaction Completed, name:Tx #17334115, isChild:False
 INFO [Agent: adapter run thread for test 'GetAll' with id '9fcaefa5-84ec-4f75-b08f-170eb18d7cce'] (e:\codesharp\infrastructure\dotnet\src\CodeSharp.Core.Castles\Log4NetLogger.cs:92) - ----Transaction Disposed, name:Tx #17334115, isChild:False
DEBUG [Agent: adapter run thread for test 'GetAll' with id '9fcaefa5-84ec-4f75-b08f-170eb18d7cce'] (e:\codesharp\infrastructure\dotnet\src\CodeSharp.Core.Castles\includes\Castle.Services.Transaction\Managers\DefaultTransactionManager.cs:218) - Transaction Tx #17334115 disposed successfully
DEBUG [Agent: adapter run thread for test 'GetAll' with id '9fcaefa5-84ec-4f75-b08f-170eb18d7cce'] (:0) - SELECT this_.ID as ID10_0_, this_.Subject as Subject10_0_, this_.Body as Body10_0_, this_.Priority as Priority10_0_, this_.DueTime as DueTime10_0_, this_.IsCompleted as IsComple7_10_0_, this_.CreateTime as CreateTime10_0_, this_.LastUpdateTime as LastUpda9_10_0_, this_.CreatorAccountId as Creator10_10_0_, this_.TasklistId as TasklistId10_0_, this_.TeamId as TeamId10_0_, this_.AssigneeId as AssigneeId10_0_, this_.TaskType as TaskType10_0_ FROM Cooper_Task this_ WHERE this_.CreatorAccountId = @p0;@p0 = 1068 [Type: Int32 (0)]
DEBUG [Agent: adapter run thread for test 'GetAll' with id '9fcaefa5-84ec-4f75-b08f-170eb18d7cce'] (:0) - SELECT this_.ID as ID10_0_, this_.Subject as Subject10_0_, this_.Body as Body10_0_, this_.Priority as Priority10_0_, this_.DueTime as DueTime10_0_, this_.IsCompleted as IsComple7_10_0_, this_.CreateTime as CreateTime10_0_, this_.LastUpdateTime as LastUpda9_10_0_, this_.CreatorAccountId as Creator10_10_0_, this_.TasklistId as TasklistId10_0_, this_.TeamId as TeamId10_0_, this_.AssigneeId as AssigneeId10_0_, this_.TaskType as TaskType10_0_ FROM Cooper_Task this_ WHERE this_.CreatorAccountId = @p0 and this_.TasklistId = @p1;@p0 = 1068 [Type: Int32 (0)], @p1 = 158 [Type: Int32 (0)]
DEBUG [Agent: adapter run thread for test 'GetAll' with id '9fcaefa5-84ec-4f75-b08f-170eb18d7cce'] (:0) - SELECT this_.ID as ID10_0_, this_.Subject as Subject10_0_, this_.Body as Body10_0_, this_.Priority as Priority10_0_, this_.DueTime as DueTime10_0_, this_.IsCompleted as IsComple7_10_0_, this_.CreateTime as CreateTime10_0_, this_.LastUpdateTime as LastUpda9_10_0_, this_.CreatorAccountId as Creator10_10_0_, this_.TasklistId as TasklistId10_0_, this_.TeamId as TeamId10_0_, this_.AssigneeId as AssigneeId10_0_, this_.TaskType as TaskType10_0_ FROM Cooper_Task this_ WHERE this_.CreatorAccountId = @p0 and this_.TasklistId is null;@p0 = 1068 [Type: Int32 (0)]</StdOut>
        <DebugTrace>Castle.Services.Transaction.DefaultTransactionManager: Transaction "Tx #66135897" created
Cooper.Model.Test.TeamTest: ----Transaction Created, name:Tx #66135897, isChild:False
NHibernate.SQL: SELECT this_.ID as ID5_0_ FROM Cooper_Lock this_ with (updlock, rowlock) WHERE this_.ID = @p0;@p0 = 'Account' [Type: String (4000)]
NHibernate.SQL: SELECT this_.ID as ID1_2_, this_.Name as Name1_2_, this_.CreateTime as CreateTime1_2_, this_.Password as Password1_2_, profile2_.AccountId as AccountId7_0_, profile2_.Profile as Profile7_0_, account3_.ID as ID1_1_, account3_.Name as Name1_1_, account3_.CreateTime as CreateTime1_1_, account3_.Password as Password1_1_ FROM Cooper_Account this_ left outer join Cooper_AccountProfile profile2_ on this_.ID=profile2_.AccountId left outer join Cooper_Account account3_ on profile2_.AccountId=account3_.ID WHERE this_.Name = @p0;@p0 = 'Cooper_201208241000466348139924668275243' [Type: String (4000)]
NHibernate.SQL: INSERT INTO Cooper_Account (Name, CreateTime, Password) VALUES (@p0, @p1, @p2); select SCOPE_IDENTITY();@p0 = 'Cooper_201208241000466348139924668275243' [Type: String (4000)], @p1 = 2012/8/24 10:00:46 [Type: DateTime (0)], @p2 = NULL [Type: String (4000)]
Cooper.Model.Accounts.AccountService: 创建账号#1068|Cooper_201208241000466348139924668275243
Castle.Facilities.AutoTx.TransactionInterceptor: Committing transaction 66135897
Cooper.Model.Test.TeamTest: ----Transaction Completed, name:Tx #66135897, isChild:False
Cooper.Model.Test.TeamTest: ----Transaction Disposed, name:Tx #66135897, isChild:False
Castle.Services.Transaction.DefaultTransactionManager: Transaction Tx #66135897 disposed successfully
Castle.Services.Transaction.DefaultTransactionManager: Transaction "Tx #64405059" created
Cooper.Model.Test.TeamTest: ----Transaction Created, name:Tx #64405059, isChild:False
NHibernate.SQL: INSERT INTO Cooper_Tasklist (CreateTime, Name, Extensions, OwnerAccountId, ListType) VALUES (@p0, @p1, @p2, @p3, 'per'); select SCOPE_IDENTITY();@p0 = 2012/8/24 10:00:46 [Type: DateTime (0)], @p1 = 'Cooper_2012082410004663481399246787762969' [Type: String (4000)], @p2 = NULL [Type: String (4000)], @p3 = 1068 [Type: Int32 (0)]
Cooper.Model.Tasks.TaskFolderService: 新增任务表Cooper.Model.Tasks.PersonalTaskFolder#158|Cooper_2012082410004663481399246787762969
Castle.Facilities.AutoTx.TransactionInterceptor: Committing transaction 64405059
Cooper.Model.Test.TeamTest: ----Transaction Completed, name:Tx #64405059, isChild:False
Cooper.Model.Test.TeamTest: ----Transaction Disposed, name:Tx #64405059, isChild:False
Castle.Services.Transaction.DefaultTransactionManager: Transaction Tx #64405059 disposed successfully
Castle.Services.Transaction.DefaultTransactionManager: Transaction "Tx #48566244" created
Cooper.Model.Test.TeamTest: ----Transaction Created, name:Tx #48566244, isChild:False
NHibernate.SQL: INSERT INTO Cooper_Task (Subject, Body, Priority, DueTime, IsCompleted, CreateTime, LastUpdateTime, CreatorAccountId, TasklistId, TaskType) VALUES (@p0, @p1, @p2, @p3, @p4, @p5, @p6, @p7, @p8, 'Cooper.Model.Tasks.Task'); select SCOPE_IDENTITY();@p0 = NULL [Type: String (4000)], @p1 = NULL [Type: String (4000)], @p2 = 0 [Type: Int32 (0)], @p3 = NULL [Type: DateTime (0)], @p4 = False [Type: Boolean (0)], @p5 = 2012/8/24 10:00:46 [Type: DateTime (0)], @p6 = 2012/8/24 10:00:46 [Type: DateTime (0)], @p7 = 1068 [Type: Int32 (0)], @p8 = NULL [Type: Int32 (0)]
Cooper.Model.Tasks.TaskService: 新增任务#546||1068
Castle.Facilities.AutoTx.TransactionInterceptor: Committing transaction 48566244
Cooper.Model.Test.TeamTest: ----Transaction Completed, name:Tx #48566244, isChild:False
Cooper.Model.Test.TeamTest: ----Transaction Disposed, name:Tx #48566244, isChild:False
Castle.Services.Transaction.DefaultTransactionManager: Transaction Tx #48566244 disposed successfully
Castle.Services.Transaction.DefaultTransactionManager: Transaction "Tx #38139316" created
Cooper.Model.Test.TeamTest: ----Transaction Created, name:Tx #38139316, isChild:False
NHibernate.SQL: INSERT INTO Cooper_Task (Subject, Body, Priority, DueTime, IsCompleted, CreateTime, LastUpdateTime, CreatorAccountId, TasklistId, TaskType) VALUES (@p0, @p1, @p2, @p3, @p4, @p5, @p6, @p7, @p8, 'Cooper.Model.Tasks.Task'); select SCOPE_IDENTITY();@p0 = NULL [Type: String (4000)], @p1 = NULL [Type: String (4000)], @p2 = 0 [Type: Int32 (0)], @p3 = NULL [Type: DateTime (0)], @p4 = False [Type: Boolean (0)], @p5 = 2012/8/24 10:00:46 [Type: DateTime (0)], @p6 = 2012/8/24 10:00:46 [Type: DateTime (0)], @p7 = 1068 [Type: Int32 (0)], @p8 = 158 [Type: Int32 (0)]
Cooper.Model.Tasks.TaskService: 新增任务#547||1068
Castle.Facilities.AutoTx.TransactionInterceptor: Committing transaction 38139316
Cooper.Model.Test.TeamTest: ----Transaction Completed, name:Tx #38139316, isChild:False
Cooper.Model.Test.TeamTest: ----Transaction Disposed, name:Tx #38139316, isChild:False
Castle.Services.Transaction.DefaultTransactionManager: Transaction Tx #38139316 disposed successfully
Castle.Services.Transaction.DefaultTransactionManager: Transaction "Tx #17334115" created
Cooper.Model.Test.TeamTest: ----Transaction Created, name:Tx #17334115, isChild:False
NHibernate.SQL: INSERT INTO Cooper_Task (Subject, Body, Priority, DueTime, IsCompleted, CreateTime, LastUpdateTime, CreatorAccountId, TasklistId, TaskType) VALUES (@p0, @p1, @p2, @p3, @p4, @p5, @p6, @p7, @p8, 'Cooper.Model.Tasks.Task'); select SCOPE_IDENTITY();@p0 = NULL [Type: String (4000)], @p1 = NULL [Type: String (4000)], @p2 = 0 [Type: Int32 (0)], @p3 = NULL [Type: DateTime (0)], @p4 = False [Type: Boolean (0)], @p5 = 2012/8/24 10:00:46 [Type: DateTime (0)], @p6 = 2012/8/24 10:00:46 [Type: DateTime (0)], @p7 = 1068 [Type: Int32 (0)], @p8 = 158 [Type: Int32 (0)]
Cooper.Model.Tasks.TaskService: 新增任务#548||1068
Castle.Facilities.AutoTx.TransactionInterceptor: Committing transaction 17334115
Cooper.Model.Test.TeamTest: ----Transaction Completed, name:Tx #17334115, isChild:False
Cooper.Model.Test.TeamTest: ----Transaction Disposed, name:Tx #17334115, isChild:False
Castle.Services.Transaction.DefaultTransactionManager: Transaction Tx #17334115 disposed successfully
NHibernate.SQL: SELECT this_.ID as ID10_0_, this_.Subject as Subject10_0_, this_.Body as Body10_0_, this_.Priority as Priority10_0_, this_.DueTime as DueTime10_0_, this_.IsCompleted as IsComple7_10_0_, this_.CreateTime as CreateTime10_0_, this_.LastUpdateTime as LastUpda9_10_0_, this_.CreatorAccountId as Creator10_10_0_, this_.TasklistId as TasklistId10_0_, this_.TeamId as TeamId10_0_, this_.AssigneeId as AssigneeId10_0_, this_.TaskType as TaskType10_0_ FROM Cooper_Task this_ WHERE this_.CreatorAccountId = @p0;@p0 = 1068 [Type: Int32 (0)]
NHibernate.SQL: SELECT this_.ID as ID10_0_, this_.Subject as Subject10_0_, this_.Body as Body10_0_, this_.Priority as Priority10_0_, this_.DueTime as DueTime10_0_, this_.IsCompleted as IsComple7_10_0_, this_.CreateTime as CreateTime10_0_, this_.LastUpdateTime as LastUpda9_10_0_, this_.CreatorAccountId as Creator10_10_0_, this_.TasklistId as TasklistId10_0_, this_.TeamId as TeamId10_0_, this_.AssigneeId as AssigneeId10_0_, this_.TaskType as TaskType10_0_ FROM Cooper_Task this_ WHERE this_.CreatorAccountId = @p0 and this_.TasklistId = @p1;@p0 = 1068 [Type: Int32 (0)], @p1 = 158 [Type: Int32 (0)]
NHibernate.SQL: SELECT this_.ID as ID10_0_, this_.Subject as Subject10_0_, this_.Body as Body10_0_, this_.Priority as Priority10_0_, this_.DueTime as DueTime10_0_, this_.IsCompleted as IsComple7_10_0_, this_.CreateTime as CreateTime10_0_, this_.LastUpdateTime as LastUpda9_10_0_, this_.CreatorAccountId as Creator10_10_0_, this_.TasklistId as TasklistId10_0_, this_.TeamId as TeamId10_0_, this_.AssigneeId as AssigneeId10_0_, this_.TaskType as TaskType10_0_ FROM Cooper_Task this_ WHERE this_.CreatorAccountId = @p0 and this_.TasklistId is null;@p0 = 1068 [Type: Int32 (0)]
</DebugTrace>
      </Output>
    </UnitTestResult>
    <UnitTestResult executionId="77bc0bd8-d2c4-4ab7-8c04-31716c76d398" testId="29a630e8-3ea0-962a-4bb2-fc1964fb6b08" testName="GetIncompleted" computerName="TAOBAO86" duration="00:00:00.2759356" startTime="2012-08-24T10:00:46.9557797+08:00" endTime="2012-08-24T10:00:47.2368078+08:00" testType="13cdc9d9-ddb5-4fa4-a97d-d965ccfc6d4b" outcome="Passed" testListId="8c84fa94-04c1-424b-9868-57a2d4851a1d" relativeResultsDirectory="77bc0bd8-d2c4-4ab7-8c04-31716c76d398">
      <Output>
        <StdOut>DEBUG [Agent: adapter run thread for test 'GetIncompleted' with id '77bc0bd8-d2c4-4ab7-8c04-31716c76d398'] (e:\codesharp\infrastructure\dotnet\src\CodeSharp.Core.Castles\includes\Castle.Services.Transaction\Managers\DefaultTransactionManager.cs:104) - Transaction "Tx #32831953" created
 INFO [Agent: adapter run thread for test 'GetIncompleted' with id '77bc0bd8-d2c4-4ab7-8c04-31716c76d398'] (e:\codesharp\infrastructure\dotnet\src\CodeSharp.Core.Castles\Log4NetLogger.cs:92) - ----Transaction Created, name:Tx #32831953, isChild:False
DEBUG [Agent: adapter run thread for test 'GetIncompleted' with id '77bc0bd8-d2c4-4ab7-8c04-31716c76d398'] (:0) - SELECT this_.ID as ID5_0_ FROM Cooper_Lock this_ with (updlock, rowlock) WHERE this_.ID = @p0;@p0 = 'Account' [Type: String (4000)]
DEBUG [Agent: adapter run thread for test 'GetIncompleted' with id '77bc0bd8-d2c4-4ab7-8c04-31716c76d398'] (:0) - SELECT this_.ID as ID1_2_, this_.Name as Name1_2_, this_.CreateTime as CreateTime1_2_, this_.Password as Password1_2_, profile2_.AccountId as AccountId7_0_, profile2_.Profile as Profile7_0_, account3_.ID as ID1_1_, account3_.Name as Name1_1_, account3_.CreateTime as CreateTime1_1_, account3_.Password as Password1_1_ FROM Cooper_Account this_ left outer join Cooper_AccountProfile profile2_ on this_.ID=profile2_.AccountId left outer join Cooper_Account account3_ on profile2_.AccountId=account3_.ID WHERE this_.Name = @p0;@p0 = 'Cooper_2012082410004663481399246983782516' [Type: String (4000)]
DEBUG [Agent: adapter run thread for test 'GetIncompleted' with id '77bc0bd8-d2c4-4ab7-8c04-31716c76d398'] (:0) - INSERT INTO Cooper_Account (Name, CreateTime, Password) VALUES (@p0, @p1, @p2); select SCOPE_IDENTITY();@p0 = 'Cooper_2012082410004663481399246983782516' [Type: String (4000)], @p1 = 2012/8/24 10:00:46 [Type: DateTime (0)], @p2 = NULL [Type: String (4000)]
 INFO [Agent: adapter run thread for test 'GetIncompleted' with id '77bc0bd8-d2c4-4ab7-8c04-31716c76d398'] (e:\codesharp\infrastructure\dotnet\src\CodeSharp.Core.Castles\Log4NetLogger.cs:92) - 创建账号#1069|Cooper_2012082410004663481399246983782516
DEBUG [Agent: adapter run thread for test 'GetIncompleted' with id '77bc0bd8-d2c4-4ab7-8c04-31716c76d398'] (e:\codesharp\infrastructure\dotnet\src\CodeSharp.Core.Castles\includes\Castle.Facilities.AutoTx\TransactionInterceptor.cs:140) - Committing transaction 32831953
 INFO [Agent: adapter run thread for test 'GetIncompleted' with id '77bc0bd8-d2c4-4ab7-8c04-31716c76d398'] (e:\codesharp\infrastructure\dotnet\src\CodeSharp.Core.Castles\Log4NetLogger.cs:92) - ----Transaction Completed, name:Tx #32831953, isChild:False
 INFO [Agent: adapter run thread for test 'GetIncompleted' with id '77bc0bd8-d2c4-4ab7-8c04-31716c76d398'] (e:\codesharp\infrastructure\dotnet\src\CodeSharp.Core.Castles\Log4NetLogger.cs:92) - ----Transaction Disposed, name:Tx #32831953, isChild:False
DEBUG [Agent: adapter run thread for test 'GetIncompleted' with id '77bc0bd8-d2c4-4ab7-8c04-31716c76d398'] (e:\codesharp\infrastructure\dotnet\src\CodeSharp.Core.Castles\includes\Castle.Services.Transaction\Managers\DefaultTransactionManager.cs:218) - Transaction Tx #32831953 disposed successfully
DEBUG [Agent: adapter run thread for test 'GetIncompleted' with id '77bc0bd8-d2c4-4ab7-8c04-31716c76d398'] (e:\codesharp\infrastructure\dotnet\src\CodeSharp.Core.Castles\includes\Castle.Services.Transaction\Managers\DefaultTransactionManager.cs:104) - Transaction "Tx #42428230" created
 INFO [Agent: adapter run thread for test 'GetIncompleted' with id '77bc0bd8-d2c4-4ab7-8c04-31716c76d398'] (e:\codesharp\infrastructure\dotnet\src\CodeSharp.Core.Castles\Log4NetLogger.cs:92) - ----Transaction Created, name:Tx #42428230, isChild:False
DEBUG [Agent: adapter run thread for test 'GetIncompleted' with id '77bc0bd8-d2c4-4ab7-8c04-31716c76d398'] (:0) - INSERT INTO Cooper_Tasklist (CreateTime, Name, Extensions, OwnerAccountId, ListType) VALUES (@p0, @p1, @p2, @p3, 'per'); select SCOPE_IDENTITY();@p0 = 2012/8/24 10:00:47 [Type: DateTime (0)], @p1 = 'Cooper_2012082410004763481399247040788264' [Type: String (4000)], @p2 = NULL [Type: String (4000)], @p3 = 1069 [Type: Int32 (0)]
 INFO [Agent: adapter run thread for test 'GetIncompleted' with id '77bc0bd8-d2c4-4ab7-8c04-31716c76d398'] (e:\codesharp\infrastructure\dotnet\src\CodeSharp.Core.Castles\Log4NetLogger.cs:92) - 新增任务表Cooper.Model.Tasks.PersonalTaskFolder#159|Cooper_2012082410004763481399247040788264
DEBUG [Agent: adapter run thread for test 'GetIncompleted' with id '77bc0bd8-d2c4-4ab7-8c04-31716c76d398'] (e:\codesharp\infrastructure\dotnet\src\CodeSharp.Core.Castles\includes\Castle.Facilities.AutoTx\TransactionInterceptor.cs:140) - Committing transaction 42428230
 INFO [Agent: adapter run thread for test 'GetIncompleted' with id '77bc0bd8-d2c4-4ab7-8c04-31716c76d398'] (e:\codesharp\infrastructure\dotnet\src\CodeSharp.Core.Castles\Log4NetLogger.cs:92) - ----Transaction Completed, name:Tx #42428230, isChild:False
 INFO [Agent: adapter run thread for test 'GetIncompleted' with id '77bc0bd8-d2c4-4ab7-8c04-31716c76d398'] (e:\codesharp\infrastructure\dotnet\src\CodeSharp.Core.Castles\Log4NetLogger.cs:92) - ----Transaction Disposed, name:Tx #42428230, isChild:False
DEBUG [Agent: adapter run thread for test 'GetIncompleted' with id '77bc0bd8-d2c4-4ab7-8c04-31716c76d398'] (e:\codesharp\infrastructure\dotnet\src\CodeSharp.Core.Castles\includes\Castle.Services.Transaction\Managers\DefaultTransactionManager.cs:218) - Transaction Tx #42428230 disposed successfully
DEBUG [Agent: adapter run thread for test 'GetIncompleted' with id '77bc0bd8-d2c4-4ab7-8c04-31716c76d398'] (e:\codesharp\infrastructure\dotnet\src\CodeSharp.Core.Castles\includes\Castle.Services.Transaction\Managers\DefaultTransactionManager.cs:104) - Transaction "Tx #15124072" created
 INFO [Agent: adapter run thread for test 'GetIncompleted' with id '77bc0bd8-d2c4-4ab7-8c04-31716c76d398'] (e:\codesharp\infrastructure\dotnet\src\CodeSharp.Core.Castles\Log4NetLogger.cs:92) - ----Transaction Created, name:Tx #15124072, isChild:False
DEBUG [Agent: adapter run thread for test 'GetIncompleted' with id '77bc0bd8-d2c4-4ab7-8c04-31716c76d398'] (:0) - INSERT INTO Cooper_Task (Subject, Body, Priority, DueTime, IsCompleted, CreateTime, LastUpdateTime, CreatorAccountId, TasklistId, TaskType) VALUES (@p0, @p1, @p2, @p3, @p4, @p5, @p6, @p7, @p8, 'Cooper.Model.Tasks.Task'); select SCOPE_IDENTITY();@p0 = NULL [Type: String (4000)], @p1 = NULL [Type: String (4000)], @p2 = 0 [Type: Int32 (0)], @p3 = NULL [Type: DateTime (0)], @p4 = False [Type: Boolean (0)], @p5 = 2012/8/24 10:00:47 [Type: DateTime (0)], @p6 = 2012/8/24 10:00:47 [Type: DateTime (0)], @p7 = 1069 [Type: Int32 (0)], @p8 = NULL [Type: Int32 (0)]
 INFO [Agent: adapter run thread for test 'GetIncompleted' with id '77bc0bd8-d2c4-4ab7-8c04-31716c76d398'] (e:\codesharp\infrastructure\dotnet\src\CodeSharp.Core.Castles\Log4NetLogger.cs:92) - 新增任务#549||1069
DEBUG [Agent: adapter run thread for test 'GetIncompleted' with id '77bc0bd8-d2c4-4ab7-8c04-31716c76d398'] (e:\codesharp\infrastructure\dotnet\src\CodeSharp.Core.Castles\includes\Castle.Facilities.AutoTx\TransactionInterceptor.cs:140) - Committing transaction 15124072
 INFO [Agent: adapter run thread for test 'GetIncompleted' with id '77bc0bd8-d2c4-4ab7-8c04-31716c76d398'] (e:\codesharp\infrastructure\dotnet\src\CodeSharp.Core.Castles\Log4NetLogger.cs:92) - ----Transaction Completed, name:Tx #15124072, isChild:False
 INFO [Agent: adapter run thread for test 'GetIncompleted' with id '77bc0bd8-d2c4-4ab7-8c04-31716c76d398'] (e:\codesharp\infrastructure\dotnet\src\CodeSharp.Core.Castles\Log4NetLogger.cs:92) - ----Transaction Disposed, name:Tx #15124072, isChild:False
DEBUG [Agent: adapter run thread for test 'GetIncompleted' with id '77bc0bd8-d2c4-4ab7-8c04-31716c76d398'] (e:\codesharp\infrastructure\dotnet\src\CodeSharp.Core.Castles\includes\Castle.Services.Transaction\Managers\DefaultTransactionManager.cs:218) - Transaction Tx #15124072 disposed successfully
DEBUG [Agent: adapter run thread for test 'GetIncompleted' with id '77bc0bd8-d2c4-4ab7-8c04-31716c76d398'] (e:\codesharp\infrastructure\dotnet\src\CodeSharp.Core.Castles\includes\Castle.Services.Transaction\Managers\DefaultTransactionManager.cs:104) - Transaction "Tx #21908506" created
 INFO [Agent: adapter run thread for test 'GetIncompleted' with id '77bc0bd8-d2c4-4ab7-8c04-31716c76d398'] (e:\codesharp\infrastructure\dotnet\src\CodeSharp.Core.Castles\Log4NetLogger.cs:92) - ----Transaction Created, name:Tx #21908506, isChild:False
DEBUG [Agent: adapter run thread for test 'GetIncompleted' with id '77bc0bd8-d2c4-4ab7-8c04-31716c76d398'] (:0) - INSERT INTO Cooper_Task (Subject, Body, Priority, DueTime, IsCompleted, CreateTime, LastUpdateTime, CreatorAccountId, TasklistId, TaskType) VALUES (@p0, @p1, @p2, @p3, @p4, @p5, @p6, @p7, @p8, 'Cooper.Model.Tasks.Task'); select SCOPE_IDENTITY();@p0 = NULL [Type: String (4000)], @p1 = NULL [Type: String (4000)], @p2 = 0 [Type: Int32 (0)], @p3 = NULL [Type: DateTime (0)], @p4 = False [Type: Boolean (0)], @p5 = 2012/8/24 10:00:47 [Type: DateTime (0)], @p6 = 2012/8/24 10:00:47 [Type: DateTime (0)], @p7 = 1069 [Type: Int32 (0)], @p8 = 159 [Type: Int32 (0)]
 INFO [Agent: adapter run thread for test 'GetIncompleted' with id '77bc0bd8-d2c4-4ab7-8c04-31716c76d398'] (e:\codesharp\infrastructure\dotnet\src\CodeSharp.Core.Castles\Log4NetLogger.cs:92) - 新增任务#550||1069
DEBUG [Agent: adapter run thread for test 'GetIncompleted' with id '77bc0bd8-d2c4-4ab7-8c04-31716c76d398'] (e:\codesharp\infrastructure\dotnet\src\CodeSharp.Core.Castles\includes\Castle.Facilities.AutoTx\TransactionInterceptor.cs:140) - Committing transaction 21908506
 INFO [Agent: adapter run thread for test 'GetIncompleted' with id '77bc0bd8-d2c4-4ab7-8c04-31716c76d398'] (e:\codesharp\infrastructure\dotnet\src\CodeSharp.Core.Castles\Log4NetLogger.cs:92) - ----Transaction Completed, name:Tx #21908506, isChild:False
 INFO [Agent: adapter run thread for test 'GetIncompleted' with id '77bc0bd8-d2c4-4ab7-8c04-31716c76d398'] (e:\codesharp\infrastructure\dotnet\src\CodeSharp.Core.Castles\Log4NetLogger.cs:92) - ----Transaction Disposed, name:Tx #21908506, isChild:False
DEBUG [Agent: adapter run thread for test 'GetIncompleted' with id '77bc0bd8-d2c4-4ab7-8c04-31716c76d398'] (e:\codesharp\infrastructure\dotnet\src\CodeSharp.Core.Castles\includes\Castle.Services.Transaction\Managers\DefaultTransactionManager.cs:218) - Transaction Tx #21908506 disposed successfully
DEBUG [Agent: adapter run thread for test 'GetIncompleted' with id '77bc0bd8-d2c4-4ab7-8c04-31716c76d398'] (e:\codesharp\infrastructure\dotnet\src\CodeSharp.Core.Castles\includes\Castle.Services.Transaction\Managers\DefaultTransactionManager.cs:104) - Transaction "Tx #43303118" created
 INFO [Agent: adapter run thread for test 'GetIncompleted' with id '77bc0bd8-d2c4-4ab7-8c04-31716c76d398'] (e:\codesharp\infrastructure\dotnet\src\CodeSharp.Core.Castles\Log4NetLogger.cs:92) - ----Transaction Created, name:Tx #43303118, isChild:False
DEBUG [Agent: adapter run thread for test 'GetIncompleted' with id '77bc0bd8-d2c4-4ab7-8c04-31716c76d398'] (:0) - INSERT INTO Cooper_Task (Subject, Body, Priority, DueTime, IsCompleted, CreateTime, LastUpdateTime, CreatorAccountId, TasklistId, TaskType) VALUES (@p0, @p1, @p2, @p3, @p4, @p5, @p6, @p7, @p8, 'Cooper.Model.Tasks.Task'); select SCOPE_IDENTITY();@p0 = NULL [Type: String (4000)], @p1 = NULL [Type: String (4000)], @p2 = 0 [Type: Int32 (0)], @p3 = NULL [Type: DateTime (0)], @p4 = True [Type: Boolean (0)], @p5 = 2012/8/24 10:00:47 [Type: DateTime (0)], @p6 = 2012/8/24 10:00:47 [Type: DateTime (0)], @p7 = 1069 [Type: Int32 (0)], @p8 = 159 [Type: Int32 (0)]
 INFO [Agent: adapter run thread for test 'GetIncompleted' with id '77bc0bd8-d2c4-4ab7-8c04-31716c76d398'] (e:\codesharp\infrastructure\dotnet\src\CodeSharp.Core.Castles\Log4NetLogger.cs:92) - 新增任务#551||1069
DEBUG [Agent: adapter run thread for test 'GetIncompleted' with id '77bc0bd8-d2c4-4ab7-8c04-31716c76d398'] (e:\codesharp\infrastructure\dotnet\src\CodeSharp.Core.Castles\includes\Castle.Facilities.AutoTx\TransactionInterceptor.cs:140) - Committing transaction 43303118
 INFO [Agent: adapter run thread for test 'GetIncompleted' with id '77bc0bd8-d2c4-4ab7-8c04-31716c76d398'] (e:\codesharp\infrastructure\dotnet\src\CodeSharp.Core.Castles\Log4NetLogger.cs:92) - ----Transaction Completed, name:Tx #43303118, isChild:False
 INFO [Agent: adapter run thread for test 'GetIncompleted' with id '77bc0bd8-d2c4-4ab7-8c04-31716c76d398'] (e:\codesharp\infrastructure\dotnet\src\CodeSharp.Core.Castles\Log4NetLogger.cs:92) - ----Transaction Disposed, name:Tx #43303118, isChild:False
DEBUG [Agent: adapter run thread for test 'GetIncompleted' with id '77bc0bd8-d2c4-4ab7-8c04-31716c76d398'] (e:\codesharp\infrastructure\dotnet\src\CodeSharp.Core.Castles\includes\Castle.Services.Transaction\Managers\DefaultTransactionManager.cs:218) - Transaction Tx #43303118 disposed successfully
DEBUG [Agent: adapter run thread for test 'GetIncompleted' with id '77bc0bd8-d2c4-4ab7-8c04-31716c76d398'] (:0) - SELECT this_.ID as ID10_0_, this_.Subject as Subject10_0_, this_.Body as Body10_0_, this_.Priority as Priority10_0_, this_.DueTime as DueTime10_0_, this_.IsCompleted as IsComple7_10_0_, this_.CreateTime as CreateTime10_0_, this_.LastUpdateTime as LastUpda9_10_0_, this_.CreatorAccountId as Creator10_10_0_, this_.TasklistId as TasklistId10_0_, this_.TeamId as TeamId10_0_, this_.AssigneeId as AssigneeId10_0_, this_.TaskType as TaskType10_0_ FROM Cooper_Task this_ WHERE this_.CreatorAccountId = @p0 and this_.IsCompleted = @p1;@p0 = 1069 [Type: Int32 (0)], @p1 = False [Type: Boolean (0)]
DEBUG [Agent: adapter run thread for test 'GetIncompleted' with id '77bc0bd8-d2c4-4ab7-8c04-31716c76d398'] (:0) - SELECT this_.ID as ID10_0_, this_.Subject as Subject10_0_, this_.Body as Body10_0_, this_.Priority as Priority10_0_, this_.DueTime as DueTime10_0_, this_.IsCompleted as IsComple7_10_0_, this_.CreateTime as CreateTime10_0_, this_.LastUpdateTime as LastUpda9_10_0_, this_.CreatorAccountId as Creator10_10_0_, this_.TasklistId as TasklistId10_0_, this_.TeamId as TeamId10_0_, this_.AssigneeId as AssigneeId10_0_, this_.TaskType as TaskType10_0_ FROM Cooper_Task this_ WHERE this_.CreatorAccountId = @p0 and this_.IsCompleted = @p1 and this_.TasklistId = @p2;@p0 = 1069 [Type: Int32 (0)], @p1 = False [Type: Boolean (0)], @p2 = 159 [Type: Int32 (0)]
DEBUG [Agent: adapter run thread for test 'GetIncompleted' with id '77bc0bd8-d2c4-4ab7-8c04-31716c76d398'] (:0) - SELECT this_.ID as ID10_0_, this_.Subject as Subject10_0_, this_.Body as Body10_0_, this_.Priority as Priority10_0_, this_.DueTime as DueTime10_0_, this_.IsCompleted as IsComple7_10_0_, this_.CreateTime as CreateTime10_0_, this_.LastUpdateTime as LastUpda9_10_0_, this_.CreatorAccountId as Creator10_10_0_, this_.TasklistId as TasklistId10_0_, this_.TeamId as TeamId10_0_, this_.AssigneeId as AssigneeId10_0_, this_.TaskType as TaskType10_0_ FROM Cooper_Task this_ WHERE this_.CreatorAccountId = @p0 and this_.IsCompleted = @p1 and this_.TasklistId is null;@p0 = 1069 [Type: Int32 (0)], @p1 = False [Type: Boolean (0)]</StdOut>
        <DebugTrace>Castle.Services.Transaction.DefaultTransactionManager: Transaction "Tx #32831953" created
Cooper.Model.Test.TeamTest: ----Transaction Created, name:Tx #32831953, isChild:False
NHibernate.SQL: SELECT this_.ID as ID5_0_ FROM Cooper_Lock this_ with (updlock, rowlock) WHERE this_.ID = @p0;@p0 = 'Account' [Type: String (4000)]
NHibernate.SQL: SELECT this_.ID as ID1_2_, this_.Name as Name1_2_, this_.CreateTime as CreateTime1_2_, this_.Password as Password1_2_, profile2_.AccountId as AccountId7_0_, profile2_.Profile as Profile7_0_, account3_.ID as ID1_1_, account3_.Name as Name1_1_, account3_.CreateTime as CreateTime1_1_, account3_.Password as Password1_1_ FROM Cooper_Account this_ left outer join Cooper_AccountProfile profile2_ on this_.ID=profile2_.AccountId left outer join Cooper_Account account3_ on profile2_.AccountId=account3_.ID WHERE this_.Name = @p0;@p0 = 'Cooper_2012082410004663481399246983782516' [Type: String (4000)]
NHibernate.SQL: INSERT INTO Cooper_Account (Name, CreateTime, Password) VALUES (@p0, @p1, @p2); select SCOPE_IDENTITY();@p0 = 'Cooper_2012082410004663481399246983782516' [Type: String (4000)], @p1 = 2012/8/24 10:00:46 [Type: DateTime (0)], @p2 = NULL [Type: String (4000)]
Cooper.Model.Accounts.AccountService: 创建账号#1069|Cooper_2012082410004663481399246983782516
Castle.Facilities.AutoTx.TransactionInterceptor: Committing transaction 32831953
Cooper.Model.Test.TeamTest: ----Transaction Completed, name:Tx #32831953, isChild:False
Cooper.Model.Test.TeamTest: ----Transaction Disposed, name:Tx #32831953, isChild:False
Castle.Services.Transaction.DefaultTransactionManager: Transaction Tx #32831953 disposed successfully
Castle.Services.Transaction.DefaultTransactionManager: Transaction "Tx #42428230" created
Cooper.Model.Test.TeamTest: ----Transaction Created, name:Tx #42428230, isChild:False
NHibernate.SQL: INSERT INTO Cooper_Tasklist (CreateTime, Name, Extensions, OwnerAccountId, ListType) VALUES (@p0, @p1, @p2, @p3, 'per'); select SCOPE_IDENTITY();@p0 = 2012/8/24 10:00:47 [Type: DateTime (0)], @p1 = 'Cooper_2012082410004763481399247040788264' [Type: String (4000)], @p2 = NULL [Type: String (4000)], @p3 = 1069 [Type: Int32 (0)]
Cooper.Model.Tasks.TaskFolderService: 新增任务表Cooper.Model.Tasks.PersonalTaskFolder#159|Cooper_2012082410004763481399247040788264
Castle.Facilities.AutoTx.TransactionInterceptor: Committing transaction 42428230
Cooper.Model.Test.TeamTest: ----Transaction Completed, name:Tx #42428230, isChild:False
Cooper.Model.Test.TeamTest: ----Transaction Disposed, name:Tx #42428230, isChild:False
Castle.Services.Transaction.DefaultTransactionManager: Transaction Tx #42428230 disposed successfully
Castle.Services.Transaction.DefaultTransactionManager: Transaction "Tx #15124072" created
Cooper.Model.Test.TeamTest: ----Transaction Created, name:Tx #15124072, isChild:False
NHibernate.SQL: INSERT INTO Cooper_Task (Subject, Body, Priority, DueTime, IsCompleted, CreateTime, LastUpdateTime, CreatorAccountId, TasklistId, TaskType) VALUES (@p0, @p1, @p2, @p3, @p4, @p5, @p6, @p7, @p8, 'Cooper.Model.Tasks.Task'); select SCOPE_IDENTITY();@p0 = NULL [Type: String (4000)], @p1 = NULL [Type: String (4000)], @p2 = 0 [Type: Int32 (0)], @p3 = NULL [Type: DateTime (0)], @p4 = False [Type: Boolean (0)], @p5 = 2012/8/24 10:00:47 [Type: DateTime (0)], @p6 = 2012/8/24 10:00:47 [Type: DateTime (0)], @p7 = 1069 [Type: Int32 (0)], @p8 = NULL [Type: Int32 (0)]
Cooper.Model.Tasks.TaskService: 新增任务#549||1069
Castle.Facilities.AutoTx.TransactionInterceptor: Committing transaction 15124072
Cooper.Model.Test.TeamTest: ----Transaction Completed, name:Tx #15124072, isChild:False
Cooper.Model.Test.TeamTest: ----Transaction Disposed, name:Tx #15124072, isChild:False
Castle.Services.Transaction.DefaultTransactionManager: Transaction Tx #15124072 disposed successfully
Castle.Services.Transaction.DefaultTransactionManager: Transaction "Tx #21908506" created
Cooper.Model.Test.TeamTest: ----Transaction Created, name:Tx #21908506, isChild:False
NHibernate.SQL: INSERT INTO Cooper_Task (Subject, Body, Priority, DueTime, IsCompleted, CreateTime, LastUpdateTime, CreatorAccountId, TasklistId, TaskType) VALUES (@p0, @p1, @p2, @p3, @p4, @p5, @p6, @p7, @p8, 'Cooper.Model.Tasks.Task'); select SCOPE_IDENTITY();@p0 = NULL [Type: String (4000)], @p1 = NULL [Type: String (4000)], @p2 = 0 [Type: Int32 (0)], @p3 = NULL [Type: DateTime (0)], @p4 = False [Type: Boolean (0)], @p5 = 2012/8/24 10:00:47 [Type: DateTime (0)], @p6 = 2012/8/24 10:00:47 [Type: DateTime (0)], @p7 = 1069 [Type: Int32 (0)], @p8 = 159 [Type: Int32 (0)]
Cooper.Model.Tasks.TaskService: 新增任务#550||1069
Castle.Facilities.AutoTx.TransactionInterceptor: Committing transaction 21908506
Cooper.Model.Test.TeamTest: ----Transaction Completed, name:Tx #21908506, isChild:False
Cooper.Model.Test.TeamTest: ----Transaction Disposed, name:Tx #21908506, isChild:False
Castle.Services.Transaction.DefaultTransactionManager: Transaction Tx #21908506 disposed successfully
Castle.Services.Transaction.DefaultTransactionManager: Transaction "Tx #43303118" created
Cooper.Model.Test.TeamTest: ----Transaction Created, name:Tx #43303118, isChild:False
NHibernate.SQL: INSERT INTO Cooper_Task (Subject, Body, Priority, DueTime, IsCompleted, CreateTime, LastUpdateTime, CreatorAccountId, TasklistId, TaskType) VALUES (@p0, @p1, @p2, @p3, @p4, @p5, @p6, @p7, @p8, 'Cooper.Model.Tasks.Task'); select SCOPE_IDENTITY();@p0 = NULL [Type: String (4000)], @p1 = NULL [Type: String (4000)], @p2 = 0 [Type: Int32 (0)], @p3 = NULL [Type: DateTime (0)], @p4 = True [Type: Boolean (0)], @p5 = 2012/8/24 10:00:47 [Type: DateTime (0)], @p6 = 2012/8/24 10:00:47 [Type: DateTime (0)], @p7 = 1069 [Type: Int32 (0)], @p8 = 159 [Type: Int32 (0)]
Cooper.Model.Tasks.TaskService: 新增任务#551||1069
Castle.Facilities.AutoTx.TransactionInterceptor: Committing transaction 43303118
Cooper.Model.Test.TeamTest: ----Transaction Completed, name:Tx #43303118, isChild:False
Cooper.Model.Test.TeamTest: ----Transaction Disposed, name:Tx #43303118, isChild:False
Castle.Services.Transaction.DefaultTransactionManager: Transaction Tx #43303118 disposed successfully
NHibernate.SQL: SELECT this_.ID as ID10_0_, this_.Subject as Subject10_0_, this_.Body as Body10_0_, this_.Priority as Priority10_0_, this_.DueTime as DueTime10_0_, this_.IsCompleted as IsComple7_10_0_, this_.CreateTime as CreateTime10_0_, this_.LastUpdateTime as LastUpda9_10_0_, this_.CreatorAccountId as Creator10_10_0_, this_.TasklistId as TasklistId10_0_, this_.TeamId as TeamId10_0_, this_.AssigneeId as AssigneeId10_0_, this_.TaskType as TaskType10_0_ FROM Cooper_Task this_ WHERE this_.CreatorAccountId = @p0 and this_.IsCompleted = @p1;@p0 = 1069 [Type: Int32 (0)], @p1 = False [Type: Boolean (0)]
NHibernate.SQL: SELECT this_.ID as ID10_0_, this_.Subject as Subject10_0_, this_.Body as Body10_0_, this_.Priority as Priority10_0_, this_.DueTime as DueTime10_0_, this_.IsCompleted as IsComple7_10_0_, this_.CreateTime as CreateTime10_0_, this_.LastUpdateTime as LastUpda9_10_0_, this_.CreatorAccountId as Creator10_10_0_, this_.TasklistId as TasklistId10_0_, this_.TeamId as TeamId10_0_, this_.AssigneeId as AssigneeId10_0_, this_.TaskType as TaskType10_0_ FROM Cooper_Task this_ WHERE this_.CreatorAccountId = @p0 and this_.IsCompleted = @p1 and this_.TasklistId = @p2;@p0 = 1069 [Type: Int32 (0)], @p1 = False [Type: Boolean (0)], @p2 = 159 [Type: Int32 (0)]
NHibernate.SQL: SELECT this_.ID as ID10_0_, this_.Subject as Subject10_0_, this_.Body as Body10_0_, this_.Priority as Priority10_0_, this_.DueTime as DueTime10_0_, this_.IsCompleted as IsComple7_10_0_, this_.CreateTime as CreateTime10_0_, this_.LastUpdateTime as LastUpda9_10_0_, this_.CreatorAccountId as Creator10_10_0_, this_.TasklistId as TasklistId10_0_, this_.TeamId as TeamId10_0_, this_.AssigneeId as AssigneeId10_0_, this_.TaskType as TaskType10_0_ FROM Cooper_Task this_ WHERE this_.CreatorAccountId = @p0 and this_.IsCompleted = @p1 and this_.TasklistId is null;@p0 = 1069 [Type: Int32 (0)], @p1 = False [Type: Boolean (0)]
</DebugTrace>
      </Output>
    </UnitTestResult>
    <UnitTestResult executionId="9d80cd08-88ea-473c-8616-a61df0d203ff" testId="d746c5d0-3d98-ac4c-fc58-d127cce72a3b" testName="CreateContact" computerName="TAOBAO86" duration="00:00:00.1530294" startTime="2012-08-24T10:00:47.2678109+08:00" endTime="2012-08-24T10:00:47.4288270+08:00" testType="13cdc9d9-ddb5-4fa4-a97d-d965ccfc6d4b" outcome="Passed" testListId="8c84fa94-04c1-424b-9868-57a2d4851a1d" relativeResultsDirectory="9d80cd08-88ea-473c-8616-a61df0d203ff">
      <Output>
        <StdOut>DEBUG [Agent: adapter run thread for test 'CreateContact' with id '9d80cd08-88ea-473c-8616-a61df0d203ff'] (e:\codesharp\infrastructure\dotnet\src\CodeSharp.Core.Castles\includes\Castle.Services.Transaction\Managers\DefaultTransactionManager.cs:104) - Transaction "Tx #53398531" created
 INFO [Agent: adapter run thread for test 'CreateContact' with id '9d80cd08-88ea-473c-8616-a61df0d203ff'] (e:\codesharp\infrastructure\dotnet\src\CodeSharp.Core.Castles\Log4NetLogger.cs:92) - ----Transaction Created, name:Tx #53398531, isChild:False
DEBUG [Agent: adapter run thread for test 'CreateContact' with id '9d80cd08-88ea-473c-8616-a61df0d203ff'] (:0) - SELECT this_.ID as ID5_0_ FROM Cooper_Lock this_ with (updlock, rowlock) WHERE this_.ID = @p0;@p0 = 'Account' [Type: String (4000)]
DEBUG [Agent: adapter run thread for test 'CreateContact' with id '9d80cd08-88ea-473c-8616-a61df0d203ff'] (:0) - SELECT this_.ID as ID1_2_, this_.Name as Name1_2_, this_.CreateTime as CreateTime1_2_, this_.Password as Password1_2_, profile2_.AccountId as AccountId7_0_, profile2_.Profile as Profile7_0_, account3_.ID as ID1_1_, account3_.Name as Name1_1_, account3_.CreateTime as CreateTime1_1_, account3_.Password as Password1_1_ FROM Cooper_Account this_ left outer join Cooper_AccountProfile profile2_ on this_.ID=profile2_.AccountId left outer join Cooper_Account account3_ on profile2_.AccountId=account3_.ID WHERE this_.Name = @p0;@p0 = 'Cooper_2012082410004763481399247298814098' [Type: String (4000)]
DEBUG [Agent: adapter run thread for test 'CreateContact' with id '9d80cd08-88ea-473c-8616-a61df0d203ff'] (:0) - INSERT INTO Cooper_Account (Name, CreateTime, Password) VALUES (@p0, @p1, @p2); select SCOPE_IDENTITY();@p0 = 'Cooper_2012082410004763481399247298814098' [Type: String (4000)], @p1 = 2012/8/24 10:00:47 [Type: DateTime (0)], @p2 = NULL [Type: String (4000)]
 INFO [Agent: adapter run thread for test 'CreateContact' with id '9d80cd08-88ea-473c-8616-a61df0d203ff'] (e:\codesharp\infrastructure\dotnet\src\CodeSharp.Core.Castles\Log4NetLogger.cs:92) - 创建账号#1070|Cooper_2012082410004763481399247298814098
DEBUG [Agent: adapter run thread for test 'CreateContact' with id '9d80cd08-88ea-473c-8616-a61df0d203ff'] (e:\codesharp\infrastructure\dotnet\src\CodeSharp.Core.Castles\includes\Castle.Facilities.AutoTx\TransactionInterceptor.cs:140) - Committing transaction 53398531
 INFO [Agent: adapter run thread for test 'CreateContact' with id '9d80cd08-88ea-473c-8616-a61df0d203ff'] (e:\codesharp\infrastructure\dotnet\src\CodeSharp.Core.Castles\Log4NetLogger.cs:92) - ----Transaction Completed, name:Tx #53398531, isChild:False
 INFO [Agent: adapter run thread for test 'CreateContact' with id '9d80cd08-88ea-473c-8616-a61df0d203ff'] (e:\codesharp\infrastructure\dotnet\src\CodeSharp.Core.Castles\Log4NetLogger.cs:92) - ----Transaction Disposed, name:Tx #53398531, isChild:False
DEBUG [Agent: adapter run thread for test 'CreateContact' with id '9d80cd08-88ea-473c-8616-a61df0d203ff'] (e:\codesharp\infrastructure\dotnet\src\CodeSharp.Core.Castles\includes\Castle.Services.Transaction\Managers\DefaultTransactionManager.cs:218) - Transaction Tx #53398531 disposed successfully
DEBUG [Agent: adapter run thread for test 'CreateContact' with id '9d80cd08-88ea-473c-8616-a61df0d203ff'] (e:\codesharp\infrastructure\dotnet\src\CodeSharp.Core.Castles\includes\Castle.Services.Transaction\Managers\DefaultTransactionManager.cs:104) - Transaction "Tx #40724109" created
 INFO [Agent: adapter run thread for test 'CreateContact' with id '9d80cd08-88ea-473c-8616-a61df0d203ff'] (e:\codesharp\infrastructure\dotnet\src\CodeSharp.Core.Castles\Log4NetLogger.cs:92) - ----Transaction Created, name:Tx #40724109, isChild:False
DEBUG [Agent: adapter run thread for test 'CreateContact' with id '9d80cd08-88ea-473c-8616-a61df0d203ff'] (:0) - INSERT INTO Cooper_AddressBook (Name, CreateTime, ParentId, OwnerAccountId, AddressBookType) VALUES (@p0, @p1, @p2, @p3, 'personal'); select SCOPE_IDENTITY();@p0 = '我的通讯簿' [Type: String (4000)], @p1 = 2012/8/24 10:00:47 [Type: DateTime (0)], @p2 = NULL [Type: Int32 (0)], @p3 = 1070 [Type: Int32 (0)]
 INFO [Agent: adapter run thread for test 'CreateContact' with id '9d80cd08-88ea-473c-8616-a61df0d203ff'] (e:\codesharp\infrastructure\dotnet\src\CodeSharp.Core.Castles\Log4NetLogger.cs:92) - 新增私人通讯簿#356|我的通讯簿|1070
DEBUG [Agent: adapter run thread for test 'CreateContact' with id '9d80cd08-88ea-473c-8616-a61df0d203ff'] (e:\codesharp\infrastructure\dotnet\src\CodeSharp.Core.Castles\includes\Castle.Facilities.AutoTx\TransactionInterceptor.cs:140) - Committing transaction 40724109
 INFO [Agent: adapter run thread for test 'CreateContact' with id '9d80cd08-88ea-473c-8616-a61df0d203ff'] (e:\codesharp\infrastructure\dotnet\src\CodeSharp.Core.Castles\Log4NetLogger.cs:92) - ----Transaction Completed, name:Tx #40724109, isChild:False
 INFO [Agent: adapter run thread for test 'CreateContact' with id '9d80cd08-88ea-473c-8616-a61df0d203ff'] (e:\codesharp\infrastructure\dotnet\src\CodeSharp.Core.Castles\Log4NetLogger.cs:92) - ----Transaction Disposed, name:Tx #40724109, isChild:False
DEBUG [Agent: adapter run thread for test 'CreateContact' with id '9d80cd08-88ea-473c-8616-a61df0d203ff'] (e:\codesharp\infrastructure\dotnet\src\CodeSharp.Core.Castles\includes\Castle.Services.Transaction\Managers\DefaultTransactionManager.cs:218) - Transaction Tx #40724109 disposed successfully
DEBUG [Agent: adapter run thread for test 'CreateContact' with id '9d80cd08-88ea-473c-8616-a61df0d203ff'] (e:\codesharp\infrastructure\dotnet\src\CodeSharp.Core.Castles\includes\Castle.Services.Transaction\Managers\DefaultTransactionManager.cs:104) - Transaction "Tx #28854377" created
 INFO [Agent: adapter run thread for test 'CreateContact' with id '9d80cd08-88ea-473c-8616-a61df0d203ff'] (e:\codesharp\infrastructure\dotnet\src\CodeSharp.Core.Castles\Log4NetLogger.cs:92) - ----Transaction Created, name:Tx #28854377, isChild:False
DEBUG [Agent: adapter run thread for test 'CreateContact' with id '9d80cd08-88ea-473c-8616-a61df0d203ff'] (:0) - INSERT INTO Cooper_Contact (AddressBookId, AccountId, FullName, Email, Phone, CreateTime, LastUpdateTime) VALUES (@p0, @p1, @p2, @p3, @p4, @p5, @p6); select SCOPE_IDENTITY();@p0 = 356 [Type: Int32 (0)], @p1 = NULL [Type: Int32 (0)], @p2 = 'tangxuehua' [Type: String (4000)], @p3 = 'tangxuehua@163.com' [Type: String (4000)], @p4 = '+8613777891550' [Type: String (4000)], @p5 = 2012/8/24 10:00:47 [Type: DateTime (0)], @p6 = 2012/8/24 10:00:47 [Type: DateTime (0)]
 INFO [Agent: adapter run thread for test 'CreateContact' with id '9d80cd08-88ea-473c-8616-a61df0d203ff'] (e:\codesharp\infrastructure\dotnet\src\CodeSharp.Core.Castles\Log4NetLogger.cs:92) - 新增联系人#145|tangxuehua|tangxuehua@163.com
DEBUG [Agent: adapter run thread for test 'CreateContact' with id '9d80cd08-88ea-473c-8616-a61df0d203ff'] (e:\codesharp\infrastructure\dotnet\src\CodeSharp.Core.Castles\includes\Castle.Facilities.AutoTx\TransactionInterceptor.cs:140) - Committing transaction 28854377
 INFO [Agent: adapter run thread for test 'CreateContact' with id '9d80cd08-88ea-473c-8616-a61df0d203ff'] (e:\codesharp\infrastructure\dotnet\src\CodeSharp.Core.Castles\Log4NetLogger.cs:92) - ----Transaction Completed, name:Tx #28854377, isChild:False
 INFO [Agent: adapter run thread for test 'CreateContact' with id '9d80cd08-88ea-473c-8616-a61df0d203ff'] (e:\codesharp\infrastructure\dotnet\src\CodeSharp.Core.Castles\Log4NetLogger.cs:92) - ----Transaction Disposed, name:Tx #28854377, isChild:False
DEBUG [Agent: adapter run thread for test 'CreateContact' with id '9d80cd08-88ea-473c-8616-a61df0d203ff'] (e:\codesharp\infrastructure\dotnet\src\CodeSharp.Core.Castles\includes\Castle.Services.Transaction\Managers\DefaultTransactionManager.cs:218) - Transaction Tx #28854377 disposed successfully
DEBUG [Agent: adapter run thread for test 'CreateContact' with id '9d80cd08-88ea-473c-8616-a61df0d203ff'] (:0) - SELECT contact0_.ID as ID4_0_, contact0_.AddressBookId as AddressB2_4_0_, contact0_.AccountId as AccountId4_0_, contact0_.FullName as FullName4_0_, contact0_.Email as Email4_0_, contact0_.Phone as Phone4_0_, contact0_.CreateTime as CreateTime4_0_, contact0_.LastUpdateTime as LastUpda8_4_0_ FROM Cooper_Contact contact0_ WHERE contact0_.ID=@p0;@p0 = 145 [Type: Int32 (0)]</StdOut>
        <DebugTrace>Castle.Services.Transaction.DefaultTransactionManager: Transaction "Tx #53398531" created
Cooper.Model.Test.TeamTest: ----Transaction Created, name:Tx #53398531, isChild:False
NHibernate.SQL: SELECT this_.ID as ID5_0_ FROM Cooper_Lock this_ with (updlock, rowlock) WHERE this_.ID = @p0;@p0 = 'Account' [Type: String (4000)]
NHibernate.SQL: SELECT this_.ID as ID1_2_, this_.Name as Name1_2_, this_.CreateTime as CreateTime1_2_, this_.Password as Password1_2_, profile2_.AccountId as AccountId7_0_, profile2_.Profile as Profile7_0_, account3_.ID as ID1_1_, account3_.Name as Name1_1_, account3_.CreateTime as CreateTime1_1_, account3_.Password as Password1_1_ FROM Cooper_Account this_ left outer join Cooper_AccountProfile profile2_ on this_.ID=profile2_.AccountId left outer join Cooper_Account account3_ on profile2_.AccountId=account3_.ID WHERE this_.Name = @p0;@p0 = 'Cooper_2012082410004763481399247298814098' [Type: String (4000)]
NHibernate.SQL: INSERT INTO Cooper_Account (Name, CreateTime, Password) VALUES (@p0, @p1, @p2); select SCOPE_IDENTITY();@p0 = 'Cooper_2012082410004763481399247298814098' [Type: String (4000)], @p1 = 2012/8/24 10:00:47 [Type: DateTime (0)], @p2 = NULL [Type: String (4000)]
Cooper.Model.Accounts.AccountService: 创建账号#1070|Cooper_2012082410004763481399247298814098
Castle.Facilities.AutoTx.TransactionInterceptor: Committing transaction 53398531
Cooper.Model.Test.TeamTest: ----Transaction Completed, name:Tx #53398531, isChild:False
Cooper.Model.Test.TeamTest: ----Transaction Disposed, name:Tx #53398531, isChild:False
Castle.Services.Transaction.DefaultTransactionManager: Transaction Tx #53398531 disposed successfully
Castle.Services.Transaction.DefaultTransactionManager: Transaction "Tx #40724109" created
Cooper.Model.Test.TeamTest: ----Transaction Created, name:Tx #40724109, isChild:False
NHibernate.SQL: INSERT INTO Cooper_AddressBook (Name, CreateTime, ParentId, OwnerAccountId, AddressBookType) VALUES (@p0, @p1, @p2, @p3, 'personal'); select SCOPE_IDENTITY();@p0 = '我的通讯簿' [Type: String (4000)], @p1 = 2012/8/24 10:00:47 [Type: DateTime (0)], @p2 = NULL [Type: Int32 (0)], @p3 = 1070 [Type: Int32 (0)]
Cooper.Model.Contacts.AddressBookService: 新增私人通讯簿#356|我的通讯簿|1070
Castle.Facilities.AutoTx.TransactionInterceptor: Committing transaction 40724109
Cooper.Model.Test.TeamTest: ----Transaction Completed, name:Tx #40724109, isChild:False
Cooper.Model.Test.TeamTest: ----Transaction Disposed, name:Tx #40724109, isChild:False
Castle.Services.Transaction.DefaultTransactionManager: Transaction Tx #40724109 disposed successfully
Castle.Services.Transaction.DefaultTransactionManager: Transaction "Tx #28854377" created
Cooper.Model.Test.TeamTest: ----Transaction Created, name:Tx #28854377, isChild:False
NHibernate.SQL: INSERT INTO Cooper_Contact (AddressBookId, AccountId, FullName, Email, Phone, CreateTime, LastUpdateTime) VALUES (@p0, @p1, @p2, @p3, @p4, @p5, @p6); select SCOPE_IDENTITY();@p0 = 356 [Type: Int32 (0)], @p1 = NULL [Type: Int32 (0)], @p2 = 'tangxuehua' [Type: String (4000)], @p3 = 'tangxuehua@163.com' [Type: String (4000)], @p4 = '+8613777891550' [Type: String (4000)], @p5 = 2012/8/24 10:00:47 [Type: DateTime (0)], @p6 = 2012/8/24 10:00:47 [Type: DateTime (0)]
Cooper.Model.Contacts.ContactService: 新增联系人#145|tangxuehua|tangxuehua@163.com
Castle.Facilities.AutoTx.TransactionInterceptor: Committing transaction 28854377
Cooper.Model.Test.TeamTest: ----Transaction Completed, name:Tx #28854377, isChild:False
Cooper.Model.Test.TeamTest: ----Transaction Disposed, name:Tx #28854377, isChild:False
Castle.Services.Transaction.DefaultTransactionManager: Transaction Tx #28854377 disposed successfully
NHibernate.SQL: SELECT contact0_.ID as ID4_0_, contact0_.AddressBookId as AddressB2_4_0_, contact0_.AccountId as AccountId4_0_, contact0_.FullName as FullName4_0_, contact0_.Email as Email4_0_, contact0_.Phone as Phone4_0_, contact0_.CreateTime as CreateTime4_0_, contact0_.LastUpdateTime as LastUpda8_4_0_ FROM Cooper_Contact contact0_ WHERE contact0_.ID=@p0;@p0 = 145 [Type: Int32 (0)]
</DebugTrace>
      </Output>
    </UnitTestResult>
    <UnitTestResult executionId="aba2d47c-90f6-4279-b5e8-8918cab4694a" testId="ca9f8142-f1ab-2294-18f2-20a777480912" testName="UpdateContact" computerName="TAOBAO86" duration="00:00:00.2112163" startTime="2012-08-24T10:00:47.4458287+08:00" endTime="2012-08-24T10:00:47.6678509+08:00" testType="13cdc9d9-ddb5-4fa4-a97d-d965ccfc6d4b" outcome="Passed" testListId="8c84fa94-04c1-424b-9868-57a2d4851a1d" relativeResultsDirectory="aba2d47c-90f6-4279-b5e8-8918cab4694a">
      <Output>
        <StdOut>DEBUG [Agent: adapter run thread for test 'UpdateContact' with id 'aba2d47c-90f6-4279-b5e8-8918cab4694a'] (e:\codesharp\infrastructure\dotnet\src\CodeSharp.Core.Castles\includes\Castle.Services.Transaction\Managers\DefaultTransactionManager.cs:104) - Transaction "Tx #36371052" created
 INFO [Agent: adapter run thread for test 'UpdateContact' with id 'aba2d47c-90f6-4279-b5e8-8918cab4694a'] (e:\codesharp\infrastructure\dotnet\src\CodeSharp.Core.Castles\Log4NetLogger.cs:92) - ----Transaction Created, name:Tx #36371052, isChild:False
DEBUG [Agent: adapter run thread for test 'UpdateContact' with id 'aba2d47c-90f6-4279-b5e8-8918cab4694a'] (:0) - SELECT this_.ID as ID5_0_ FROM Cooper_Lock this_ with (updlock, rowlock) WHERE this_.ID = @p0;@p0 = 'Account' [Type: String (4000)]
DEBUG [Agent: adapter run thread for test 'UpdateContact' with id 'aba2d47c-90f6-4279-b5e8-8918cab4694a'] (:0) - SELECT this_.ID as ID1_2_, this_.Name as Name1_2_, this_.CreateTime as CreateTime1_2_, this_.Password as Password1_2_, profile2_.AccountId as AccountId7_0_, profile2_.Profile as Profile7_0_, account3_.ID as ID1_1_, account3_.Name as Name1_1_, account3_.CreateTime as CreateTime1_1_, account3_.Password as Password1_1_ FROM Cooper_Account this_ left outer join Cooper_AccountProfile profile2_ on this_.ID=profile2_.AccountId left outer join Cooper_Account account3_ on profile2_.AccountId=account3_.ID WHERE this_.Name = @p0;@p0 = 'Cooper_2012082410004763481399247482832415' [Type: String (4000)]
DEBUG [Agent: adapter run thread for test 'UpdateContact' with id 'aba2d47c-90f6-4279-b5e8-8918cab4694a'] (:0) - INSERT INTO Cooper_Account (Name, CreateTime, Password) VALUES (@p0, @p1, @p2); select SCOPE_IDENTITY();@p0 = 'Cooper_2012082410004763481399247482832415' [Type: String (4000)], @p1 = 2012/8/24 10:00:47 [Type: DateTime (0)], @p2 = NULL [Type: String (4000)]
 INFO [Agent: adapter run thread for test 'UpdateContact' with id 'aba2d47c-90f6-4279-b5e8-8918cab4694a'] (e:\codesharp\infrastructure\dotnet\src\CodeSharp.Core.Castles\Log4NetLogger.cs:92) - 创建账号#1071|Cooper_2012082410004763481399247482832415
DEBUG [Agent: adapter run thread for test 'UpdateContact' with id 'aba2d47c-90f6-4279-b5e8-8918cab4694a'] (e:\codesharp\infrastructure\dotnet\src\CodeSharp.Core.Castles\includes\Castle.Facilities.AutoTx\TransactionInterceptor.cs:140) - Committing transaction 36371052
 INFO [Agent: adapter run thread for test 'UpdateContact' with id 'aba2d47c-90f6-4279-b5e8-8918cab4694a'] (e:\codesharp\infrastructure\dotnet\src\CodeSharp.Core.Castles\Log4NetLogger.cs:92) - ----Transaction Completed, name:Tx #36371052, isChild:False
 INFO [Agent: adapter run thread for test 'UpdateContact' with id 'aba2d47c-90f6-4279-b5e8-8918cab4694a'] (e:\codesharp\infrastructure\dotnet\src\CodeSharp.Core.Castles\Log4NetLogger.cs:92) - ----Transaction Disposed, name:Tx #36371052, isChild:False
DEBUG [Agent: adapter run thread for test 'UpdateContact' with id 'aba2d47c-90f6-4279-b5e8-8918cab4694a'] (e:\codesharp\infrastructure\dotnet\src\CodeSharp.Core.Castles\includes\Castle.Services.Transaction\Managers\DefaultTransactionManager.cs:218) - Transaction Tx #36371052 disposed successfully
DEBUG [Agent: adapter run thread for test 'UpdateContact' with id 'aba2d47c-90f6-4279-b5e8-8918cab4694a'] (e:\codesharp\infrastructure\dotnet\src\CodeSharp.Core.Castles\includes\Castle.Services.Transaction\Managers\DefaultTransactionManager.cs:104) - Transaction "Tx #50024948" created
 INFO [Agent: adapter run thread for test 'UpdateContact' with id 'aba2d47c-90f6-4279-b5e8-8918cab4694a'] (e:\codesharp\infrastructure\dotnet\src\CodeSharp.Core.Castles\Log4NetLogger.cs:92) - ----Transaction Created, name:Tx #50024948, isChild:False
DEBUG [Agent: adapter run thread for test 'UpdateContact' with id 'aba2d47c-90f6-4279-b5e8-8918cab4694a'] (:0) - INSERT INTO Cooper_AddressBook (Name, CreateTime, ParentId, OwnerAccountId, AddressBookType) VALUES (@p0, @p1, @p2, @p3, 'personal'); select SCOPE_IDENTITY();@p0 = '我的通讯簿' [Type: String (4000)], @p1 = 2012/8/24 10:00:47 [Type: DateTime (0)], @p2 = NULL [Type: Int32 (0)], @p3 = 1071 [Type: Int32 (0)]
 INFO [Agent: adapter run thread for test 'UpdateContact' with id 'aba2d47c-90f6-4279-b5e8-8918cab4694a'] (e:\codesharp\infrastructure\dotnet\src\CodeSharp.Core.Castles\Log4NetLogger.cs:92) - 新增私人通讯簿#357|我的通讯簿|1071
DEBUG [Agent: adapter run thread for test 'UpdateContact' with id 'aba2d47c-90f6-4279-b5e8-8918cab4694a'] (e:\codesharp\infrastructure\dotnet\src\CodeSharp.Core.Castles\includes\Castle.Facilities.AutoTx\TransactionInterceptor.cs:140) - Committing transaction 50024948
 INFO [Agent: adapter run thread for test 'UpdateContact' with id 'aba2d47c-90f6-4279-b5e8-8918cab4694a'] (e:\codesharp\infrastructure\dotnet\src\CodeSharp.Core.Castles\Log4NetLogger.cs:92) - ----Transaction Completed, name:Tx #50024948, isChild:False
 INFO [Agent: adapter run thread for test 'UpdateContact' with id 'aba2d47c-90f6-4279-b5e8-8918cab4694a'] (e:\codesharp\infrastructure\dotnet\src\CodeSharp.Core.Castles\Log4NetLogger.cs:92) - ----Transaction Disposed, name:Tx #50024948, isChild:False
DEBUG [Agent: adapter run thread for test 'UpdateContact' with id 'aba2d47c-90f6-4279-b5e8-8918cab4694a'] (e:\codesharp\infrastructure\dotnet\src\CodeSharp.Core.Castles\includes\Castle.Services.Transaction\Managers\DefaultTransactionManager.cs:218) - Transaction Tx #50024948 disposed successfully
DEBUG [Agent: adapter run thread for test 'UpdateContact' with id 'aba2d47c-90f6-4279-b5e8-8918cab4694a'] (e:\codesharp\infrastructure\dotnet\src\CodeSharp.Core.Castles\includes\Castle.Services.Transaction\Managers\DefaultTransactionManager.cs:104) - Transaction "Tx #33132068" created
 INFO [Agent: adapter run thread for test 'UpdateContact' with id 'aba2d47c-90f6-4279-b5e8-8918cab4694a'] (e:\codesharp\infrastructure\dotnet\src\CodeSharp.Core.Castles\Log4NetLogger.cs:92) - ----Transaction Created, name:Tx #33132068, isChild:False
DEBUG [Agent: adapter run thread for test 'UpdateContact' with id 'aba2d47c-90f6-4279-b5e8-8918cab4694a'] (:0) - INSERT INTO Cooper_Contact (AddressBookId, AccountId, FullName, Email, Phone, CreateTime, LastUpdateTime) VALUES (@p0, @p1, @p2, @p3, @p4, @p5, @p6); select SCOPE_IDENTITY();@p0 = 357 [Type: Int32 (0)], @p1 = NULL [Type: Int32 (0)], @p2 = 'tangxuehua' [Type: String (4000)], @p3 = 'tangxuehua@163.com' [Type: String (4000)], @p4 = '+8613777891550' [Type: String (4000)], @p5 = 2012/8/24 10:00:47 [Type: DateTime (0)], @p6 = 2012/8/24 10:00:47 [Type: DateTime (0)]
 INFO [Agent: adapter run thread for test 'UpdateContact' with id 'aba2d47c-90f6-4279-b5e8-8918cab4694a'] (e:\codesharp\infrastructure\dotnet\src\CodeSharp.Core.Castles\Log4NetLogger.cs:92) - 新增联系人#146|tangxuehua|tangxuehua@163.com
DEBUG [Agent: adapter run thread for test 'UpdateContact' with id 'aba2d47c-90f6-4279-b5e8-8918cab4694a'] (e:\codesharp\infrastructure\dotnet\src\CodeSharp.Core.Castles\includes\Castle.Facilities.AutoTx\TransactionInterceptor.cs:140) - Committing transaction 33132068
 INFO [Agent: adapter run thread for test 'UpdateContact' with id 'aba2d47c-90f6-4279-b5e8-8918cab4694a'] (e:\codesharp\infrastructure\dotnet\src\CodeSharp.Core.Castles\Log4NetLogger.cs:92) - ----Transaction Completed, name:Tx #33132068, isChild:False
 INFO [Agent: adapter run thread for test 'UpdateContact' with id 'aba2d47c-90f6-4279-b5e8-8918cab4694a'] (e:\codesharp\infrastructure\dotnet\src\CodeSharp.Core.Castles\Log4NetLogger.cs:92) - ----Transaction Disposed, name:Tx #33132068, isChild:False
DEBUG [Agent: adapter run thread for test 'UpdateContact' with id 'aba2d47c-90f6-4279-b5e8-8918cab4694a'] (e:\codesharp\infrastructure\dotnet\src\CodeSharp.Core.Castles\includes\Castle.Services.Transaction\Managers\DefaultTransactionManager.cs:218) - Transaction Tx #33132068 disposed successfully
DEBUG [Agent: adapter run thread for test 'UpdateContact' with id 'aba2d47c-90f6-4279-b5e8-8918cab4694a'] (:0) - SELECT contact0_.ID as ID4_0_, contact0_.AddressBookId as AddressB2_4_0_, contact0_.AccountId as AccountId4_0_, contact0_.FullName as FullName4_0_, contact0_.Email as Email4_0_, contact0_.Phone as Phone4_0_, contact0_.CreateTime as CreateTime4_0_, contact0_.LastUpdateTime as LastUpda8_4_0_ FROM Cooper_Contact contact0_ WHERE contact0_.ID=@p0;@p0 = 146 [Type: Int32 (0)]
DEBUG [Agent: adapter run thread for test 'UpdateContact' with id 'aba2d47c-90f6-4279-b5e8-8918cab4694a'] (e:\codesharp\infrastructure\dotnet\src\CodeSharp.Core.Castles\includes\Castle.Services.Transaction\Managers\DefaultTransactionManager.cs:104) - Transaction "Tx #58788989" created
 INFO [Agent: adapter run thread for test 'UpdateContact' with id 'aba2d47c-90f6-4279-b5e8-8918cab4694a'] (e:\codesharp\infrastructure\dotnet\src\CodeSharp.Core.Castles\Log4NetLogger.cs:92) - ----Transaction Created, name:Tx #58788989, isChild:False
DEBUG [Agent: adapter run thread for test 'UpdateContact' with id 'aba2d47c-90f6-4279-b5e8-8918cab4694a'] (e:\codesharp\infrastructure\dotnet\src\CodeSharp.Core.Castles\includes\Castle.Facilities.AutoTx\TransactionInterceptor.cs:140) - Committing transaction 58788989
DEBUG [Agent: adapter run thread for test 'UpdateContact' with id 'aba2d47c-90f6-4279-b5e8-8918cab4694a'] (:0) - Batch commands:
command 0:UPDATE Cooper_Contact SET AddressBookId = @p0, AccountId = @p1, FullName = @p2, Email = @p3, Phone = @p4, CreateTime = @p5, LastUpdateTime = @p6 WHERE ID = @p7;@p0 = 357 [Type: Int32 (0)], @p1 = NULL [Type: Int32 (0)], @p2 = 'tangxuehua_updated' [Type: String (4000)], @p3 = 'tangxuehua@163.com_updated' [Type: String (4000)], @p4 = '+8613777891550_updated' [Type: String (4000)], @p5 = 2012/8/24 10:00:47 [Type: DateTime (0)], @p6 = 2012/8/24 10:00:47 [Type: DateTime (0)], @p7 = 146 [Type: Int32 (0)]

 INFO [Agent: adapter run thread for test 'UpdateContact' with id 'aba2d47c-90f6-4279-b5e8-8918cab4694a'] (e:\codesharp\infrastructure\dotnet\src\CodeSharp.Core.Castles\Log4NetLogger.cs:92) - ----Transaction Completed, name:Tx #58788989, isChild:False
 INFO [Agent: adapter run thread for test 'UpdateContact' with id 'aba2d47c-90f6-4279-b5e8-8918cab4694a'] (e:\codesharp\infrastructure\dotnet\src\CodeSharp.Core.Castles\Log4NetLogger.cs:92) - ----Transaction Disposed, name:Tx #58788989, isChild:False
DEBUG [Agent: adapter run thread for test 'UpdateContact' with id 'aba2d47c-90f6-4279-b5e8-8918cab4694a'] (e:\codesharp\infrastructure\dotnet\src\CodeSharp.Core.Castles\includes\Castle.Services.Transaction\Managers\DefaultTransactionManager.cs:218) - Transaction Tx #58788989 disposed successfully
DEBUG [Agent: adapter run thread for test 'UpdateContact' with id 'aba2d47c-90f6-4279-b5e8-8918cab4694a'] (:0) - SELECT contact0_.ID as ID4_0_, contact0_.AddressBookId as AddressB2_4_0_, contact0_.AccountId as AccountId4_0_, contact0_.FullName as FullName4_0_, contact0_.Email as Email4_0_, contact0_.Phone as Phone4_0_, contact0_.CreateTime as CreateTime4_0_, contact0_.LastUpdateTime as LastUpda8_4_0_ FROM Cooper_Contact contact0_ WHERE contact0_.ID=@p0;@p0 = 146 [Type: Int32 (0)]</StdOut>
        <DebugTrace>Castle.Services.Transaction.DefaultTransactionManager: Transaction "Tx #36371052" created
Cooper.Model.Test.TeamTest: ----Transaction Created, name:Tx #36371052, isChild:False
NHibernate.SQL: SELECT this_.ID as ID5_0_ FROM Cooper_Lock this_ with (updlock, rowlock) WHERE this_.ID = @p0;@p0 = 'Account' [Type: String (4000)]
NHibernate.SQL: SELECT this_.ID as ID1_2_, this_.Name as Name1_2_, this_.CreateTime as CreateTime1_2_, this_.Password as Password1_2_, profile2_.AccountId as AccountId7_0_, profile2_.Profile as Profile7_0_, account3_.ID as ID1_1_, account3_.Name as Name1_1_, account3_.CreateTime as CreateTime1_1_, account3_.Password as Password1_1_ FROM Cooper_Account this_ left outer join Cooper_AccountProfile profile2_ on this_.ID=profile2_.AccountId left outer join Cooper_Account account3_ on profile2_.AccountId=account3_.ID WHERE this_.Name = @p0;@p0 = 'Cooper_2012082410004763481399247482832415' [Type: String (4000)]
NHibernate.SQL: INSERT INTO Cooper_Account (Name, CreateTime, Password) VALUES (@p0, @p1, @p2); select SCOPE_IDENTITY();@p0 = 'Cooper_2012082410004763481399247482832415' [Type: String (4000)], @p1 = 2012/8/24 10:00:47 [Type: DateTime (0)], @p2 = NULL [Type: String (4000)]
Cooper.Model.Accounts.AccountService: 创建账号#1071|Cooper_2012082410004763481399247482832415
Castle.Facilities.AutoTx.TransactionInterceptor: Committing transaction 36371052
Cooper.Model.Test.TeamTest: ----Transaction Completed, name:Tx #36371052, isChild:False
Cooper.Model.Test.TeamTest: ----Transaction Disposed, name:Tx #36371052, isChild:False
Castle.Services.Transaction.DefaultTransactionManager: Transaction Tx #36371052 disposed successfully
Castle.Services.Transaction.DefaultTransactionManager: Transaction "Tx #50024948" created
Cooper.Model.Test.TeamTest: ----Transaction Created, name:Tx #50024948, isChild:False
NHibernate.SQL: INSERT INTO Cooper_AddressBook (Name, CreateTime, ParentId, OwnerAccountId, AddressBookType) VALUES (@p0, @p1, @p2, @p3, 'personal'); select SCOPE_IDENTITY();@p0 = '我的通讯簿' [Type: String (4000)], @p1 = 2012/8/24 10:00:47 [Type: DateTime (0)], @p2 = NULL [Type: Int32 (0)], @p3 = 1071 [Type: Int32 (0)]
Cooper.Model.Contacts.AddressBookService: 新增私人通讯簿#357|我的通讯簿|1071
Castle.Facilities.AutoTx.TransactionInterceptor: Committing transaction 50024948
Cooper.Model.Test.TeamTest: ----Transaction Completed, name:Tx #50024948, isChild:False
Cooper.Model.Test.TeamTest: ----Transaction Disposed, name:Tx #50024948, isChild:False
Castle.Services.Transaction.DefaultTransactionManager: Transaction Tx #50024948 disposed successfully
Castle.Services.Transaction.DefaultTransactionManager: Transaction "Tx #33132068" created
Cooper.Model.Test.TeamTest: ----Transaction Created, name:Tx #33132068, isChild:False
NHibernate.SQL: INSERT INTO Cooper_Contact (AddressBookId, AccountId, FullName, Email, Phone, CreateTime, LastUpdateTime) VALUES (@p0, @p1, @p2, @p3, @p4, @p5, @p6); select SCOPE_IDENTITY();@p0 = 357 [Type: Int32 (0)], @p1 = NULL [Type: Int32 (0)], @p2 = 'tangxuehua' [Type: String (4000)], @p3 = 'tangxuehua@163.com' [Type: String (4000)], @p4 = '+8613777891550' [Type: String (4000)], @p5 = 2012/8/24 10:00:47 [Type: DateTime (0)], @p6 = 2012/8/24 10:00:47 [Type: DateTime (0)]
Cooper.Model.Contacts.ContactService: 新增联系人#146|tangxuehua|tangxuehua@163.com
Castle.Facilities.AutoTx.TransactionInterceptor: Committing transaction 33132068
Cooper.Model.Test.TeamTest: ----Transaction Completed, name:Tx #33132068, isChild:False
Cooper.Model.Test.TeamTest: ----Transaction Disposed, name:Tx #33132068, isChild:False
Castle.Services.Transaction.DefaultTransactionManager: Transaction Tx #33132068 disposed successfully
NHibernate.SQL: SELECT contact0_.ID as ID4_0_, contact0_.AddressBookId as AddressB2_4_0_, contact0_.AccountId as AccountId4_0_, contact0_.FullName as FullName4_0_, contact0_.Email as Email4_0_, contact0_.Phone as Phone4_0_, contact0_.CreateTime as CreateTime4_0_, contact0_.LastUpdateTime as LastUpda8_4_0_ FROM Cooper_Contact contact0_ WHERE contact0_.ID=@p0;@p0 = 146 [Type: Int32 (0)]
Castle.Services.Transaction.DefaultTransactionManager: Transaction "Tx #58788989" created
Cooper.Model.Test.TeamTest: ----Transaction Created, name:Tx #58788989, isChild:False
Castle.Facilities.AutoTx.TransactionInterceptor: Committing transaction 58788989
NHibernate.SQL: Batch commands:
command 0:UPDATE Cooper_Contact SET AddressBookId = @p0, AccountId = @p1, FullName = @p2, Email = @p3, Phone = @p4, CreateTime = @p5, LastUpdateTime = @p6 WHERE ID = @p7;@p0 = 357 [Type: Int32 (0)], @p1 = NULL [Type: Int32 (0)], @p2 = 'tangxuehua_updated' [Type: String (4000)], @p3 = 'tangxuehua@163.com_updated' [Type: String (4000)], @p4 = '+8613777891550_updated' [Type: String (4000)], @p5 = 2012/8/24 10:00:47 [Type: DateTime (0)], @p6 = 2012/8/24 10:00:47 [Type: DateTime (0)], @p7 = 146 [Type: Int32 (0)]

Cooper.Model.Test.TeamTest: ----Transaction Completed, name:Tx #58788989, isChild:False
Cooper.Model.Test.TeamTest: ----Transaction Disposed, name:Tx #58788989, isChild:False
Castle.Services.Transaction.DefaultTransactionManager: Transaction Tx #58788989 disposed successfully
NHibernate.SQL: SELECT contact0_.ID as ID4_0_, contact0_.AddressBookId as AddressB2_4_0_, contact0_.AccountId as AccountId4_0_, contact0_.FullName as FullName4_0_, contact0_.Email as Email4_0_, contact0_.Phone as Phone4_0_, contact0_.CreateTime as CreateTime4_0_, contact0_.LastUpdateTime as LastUpda8_4_0_ FROM Cooper_Contact contact0_ WHERE contact0_.ID=@p0;@p0 = 146 [Type: Int32 (0)]
</DebugTrace>
      </Output>
    </UnitTestResult>
    <UnitTestResult executionId="eda6d37a-f05e-4f08-b44d-18142cbe558b" testId="9511a1d9-9929-d985-48b6-c8642245e2c5" testName="DeleteContact" computerName="TAOBAO86" duration="00:00:00.1873518" startTime="2012-08-24T10:00:47.6788520+08:00" endTime="2012-08-24T10:00:47.8718713+08:00" testType="13cdc9d9-ddb5-4fa4-a97d-d965ccfc6d4b" outcome="Passed" testListId="8c84fa94-04c1-424b-9868-57a2d4851a1d" relativeResultsDirectory="eda6d37a-f05e-4f08-b44d-18142cbe558b">
      <Output>
        <StdOut>DEBUG [Agent: adapter run thread for test 'DeleteContact' with id 'eda6d37a-f05e-4f08-b44d-18142cbe558b'] (e:\codesharp\infrastructure\dotnet\src\CodeSharp.Core.Castles\includes\Castle.Services.Transaction\Managers\DefaultTransactionManager.cs:104) - Transaction "Tx #43158682" created
 INFO [Agent: adapter run thread for test 'DeleteContact' with id 'eda6d37a-f05e-4f08-b44d-18142cbe558b'] (e:\codesharp\infrastructure\dotnet\src\CodeSharp.Core.Castles\Log4NetLogger.cs:92) - ----Transaction Created, name:Tx #43158682, isChild:False
DEBUG [Agent: adapter run thread for test 'DeleteContact' with id 'eda6d37a-f05e-4f08-b44d-18142cbe558b'] (:0) - SELECT this_.ID as ID5_0_ FROM Cooper_Lock this_ with (updlock, rowlock) WHERE this_.ID = @p0;@p0 = 'Account' [Type: String (4000)]
DEBUG [Agent: adapter run thread for test 'DeleteContact' with id 'eda6d37a-f05e-4f08-b44d-18142cbe558b'] (:0) - SELECT this_.ID as ID1_2_, this_.Name as Name1_2_, this_.CreateTime as CreateTime1_2_, this_.Password as Password1_2_, profile2_.AccountId as AccountId7_0_, profile2_.Profile as Profile7_0_, account3_.ID as ID1_1_, account3_.Name as Name1_1_, account3_.CreateTime as CreateTime1_1_, account3_.Password as Password1_1_ FROM Cooper_Account this_ left outer join Cooper_AccountProfile profile2_ on this_.ID=profile2_.AccountId left outer join Cooper_Account account3_ on profile2_.AccountId=account3_.ID WHERE this_.Name = @p0;@p0 = 'Cooper_2012082410004763481399247706854815' [Type: String (4000)]
DEBUG [Agent: adapter run thread for test 'DeleteContact' with id 'eda6d37a-f05e-4f08-b44d-18142cbe558b'] (:0) - INSERT INTO Cooper_Account (Name, CreateTime, Password) VALUES (@p0, @p1, @p2); select SCOPE_IDENTITY();@p0 = 'Cooper_2012082410004763481399247706854815' [Type: String (4000)], @p1 = 2012/8/24 10:00:47 [Type: DateTime (0)], @p2 = NULL [Type: String (4000)]
 INFO [Agent: adapter run thread for test 'DeleteContact' with id 'eda6d37a-f05e-4f08-b44d-18142cbe558b'] (e:\codesharp\infrastructure\dotnet\src\CodeSharp.Core.Castles\Log4NetLogger.cs:92) - 创建账号#1072|Cooper_2012082410004763481399247706854815
DEBUG [Agent: adapter run thread for test 'DeleteContact' with id 'eda6d37a-f05e-4f08-b44d-18142cbe558b'] (e:\codesharp\infrastructure\dotnet\src\CodeSharp.Core.Castles\includes\Castle.Facilities.AutoTx\TransactionInterceptor.cs:140) - Committing transaction 43158682
 INFO [Agent: adapter run thread for test 'DeleteContact' with id 'eda6d37a-f05e-4f08-b44d-18142cbe558b'] (e:\codesharp\infrastructure\dotnet\src\CodeSharp.Core.Castles\Log4NetLogger.cs:92) - ----Transaction Completed, name:Tx #43158682, isChild:False
 INFO [Agent: adapter run thread for test 'DeleteContact' with id 'eda6d37a-f05e-4f08-b44d-18142cbe558b'] (e:\codesharp\infrastructure\dotnet\src\CodeSharp.Core.Castles\Log4NetLogger.cs:92) - ----Transaction Disposed, name:Tx #43158682, isChild:False
DEBUG [Agent: adapter run thread for test 'DeleteContact' with id 'eda6d37a-f05e-4f08-b44d-18142cbe558b'] (e:\codesharp\infrastructure\dotnet\src\CodeSharp.Core.Castles\includes\Castle.Services.Transaction\Managers\DefaultTransactionManager.cs:218) - Transaction Tx #43158682 disposed successfully
DEBUG [Agent: adapter run thread for test 'DeleteContact' with id 'eda6d37a-f05e-4f08-b44d-18142cbe558b'] (e:\codesharp\infrastructure\dotnet\src\CodeSharp.Core.Castles\includes\Castle.Services.Transaction\Managers\DefaultTransactionManager.cs:104) - Transaction "Tx #62450149" created
 INFO [Agent: adapter run thread for test 'DeleteContact' with id 'eda6d37a-f05e-4f08-b44d-18142cbe558b'] (e:\codesharp\infrastructure\dotnet\src\CodeSharp.Core.Castles\Log4NetLogger.cs:92) - ----Transaction Created, name:Tx #62450149, isChild:False
DEBUG [Agent: adapter run thread for test 'DeleteContact' with id 'eda6d37a-f05e-4f08-b44d-18142cbe558b'] (:0) - INSERT INTO Cooper_AddressBook (Name, CreateTime, ParentId, OwnerAccountId, AddressBookType) VALUES (@p0, @p1, @p2, @p3, 'personal'); select SCOPE_IDENTITY();@p0 = '我的通讯簿' [Type: String (4000)], @p1 = 2012/8/24 10:00:47 [Type: DateTime (0)], @p2 = NULL [Type: Int32 (0)], @p3 = 1072 [Type: Int32 (0)]
 INFO [Agent: adapter run thread for test 'DeleteContact' with id 'eda6d37a-f05e-4f08-b44d-18142cbe558b'] (e:\codesharp\infrastructure\dotnet\src\CodeSharp.Core.Castles\Log4NetLogger.cs:92) - 新增私人通讯簿#358|我的通讯簿|1072
DEBUG [Agent: adapter run thread for test 'DeleteContact' with id 'eda6d37a-f05e-4f08-b44d-18142cbe558b'] (e:\codesharp\infrastructure\dotnet\src\CodeSharp.Core.Castles\includes\Castle.Facilities.AutoTx\TransactionInterceptor.cs:140) - Committing transaction 62450149
 INFO [Agent: adapter run thread for test 'DeleteContact' with id 'eda6d37a-f05e-4f08-b44d-18142cbe558b'] (e:\codesharp\infrastructure\dotnet\src\CodeSharp.Core.Castles\Log4NetLogger.cs:92) - ----Transaction Completed, name:Tx #62450149, isChild:False
 INFO [Agent: adapter run thread for test 'DeleteContact' with id 'eda6d37a-f05e-4f08-b44d-18142cbe558b'] (e:\codesharp\infrastructure\dotnet\src\CodeSharp.Core.Castles\Log4NetLogger.cs:92) - ----Transaction Disposed, name:Tx #62450149, isChild:False
DEBUG [Agent: adapter run thread for test 'DeleteContact' with id 'eda6d37a-f05e-4f08-b44d-18142cbe558b'] (e:\codesharp\infrastructure\dotnet\src\CodeSharp.Core.Castles\includes\Castle.Services.Transaction\Managers\DefaultTransactionManager.cs:218) - Transaction Tx #62450149 disposed successfully
DEBUG [Agent: adapter run thread for test 'DeleteContact' with id 'eda6d37a-f05e-4f08-b44d-18142cbe558b'] (e:\codesharp\infrastructure\dotnet\src\CodeSharp.Core.Castles\includes\Castle.Services.Transaction\Managers\DefaultTransactionManager.cs:104) - Transaction "Tx #6080708" created
 INFO [Agent: adapter run thread for test 'DeleteContact' with id 'eda6d37a-f05e-4f08-b44d-18142cbe558b'] (e:\codesharp\infrastructure\dotnet\src\CodeSharp.Core.Castles\Log4NetLogger.cs:92) - ----Transaction Created, name:Tx #6080708, isChild:False
DEBUG [Agent: adapter run thread for test 'DeleteContact' with id 'eda6d37a-f05e-4f08-b44d-18142cbe558b'] (:0) - INSERT INTO Cooper_Contact (AddressBookId, AccountId, FullName, Email, Phone, CreateTime, LastUpdateTime) VALUES (@p0, @p1, @p2, @p3, @p4, @p5, @p6); select SCOPE_IDENTITY();@p0 = 358 [Type: Int32 (0)], @p1 = NULL [Type: Int32 (0)], @p2 = 'tangxuehua' [Type: String (4000)], @p3 = 'tangxuehua@163.com' [Type: String (4000)], @p4 = NULL [Type: String (4000)], @p5 = 2012/8/24 10:00:47 [Type: DateTime (0)], @p6 = 2012/8/24 10:00:47 [Type: DateTime (0)]
 INFO [Agent: adapter run thread for test 'DeleteContact' with id 'eda6d37a-f05e-4f08-b44d-18142cbe558b'] (e:\codesharp\infrastructure\dotnet\src\CodeSharp.Core.Castles\Log4NetLogger.cs:92) - 新增联系人#147|tangxuehua|tangxuehua@163.com
DEBUG [Agent: adapter run thread for test 'DeleteContact' with id 'eda6d37a-f05e-4f08-b44d-18142cbe558b'] (e:\codesharp\infrastructure\dotnet\src\CodeSharp.Core.Castles\includes\Castle.Facilities.AutoTx\TransactionInterceptor.cs:140) - Committing transaction 6080708
 INFO [Agent: adapter run thread for test 'DeleteContact' with id 'eda6d37a-f05e-4f08-b44d-18142cbe558b'] (e:\codesharp\infrastructure\dotnet\src\CodeSharp.Core.Castles\Log4NetLogger.cs:92) - ----Transaction Completed, name:Tx #6080708, isChild:False
 INFO [Agent: adapter run thread for test 'DeleteContact' with id 'eda6d37a-f05e-4f08-b44d-18142cbe558b'] (e:\codesharp\infrastructure\dotnet\src\CodeSharp.Core.Castles\Log4NetLogger.cs:92) - ----Transaction Disposed, name:Tx #6080708, isChild:False
DEBUG [Agent: adapter run thread for test 'DeleteContact' with id 'eda6d37a-f05e-4f08-b44d-18142cbe558b'] (e:\codesharp\infrastructure\dotnet\src\CodeSharp.Core.Castles\includes\Castle.Services.Transaction\Managers\DefaultTransactionManager.cs:218) - Transaction Tx #6080708 disposed successfully
DEBUG [Agent: adapter run thread for test 'DeleteContact' with id 'eda6d37a-f05e-4f08-b44d-18142cbe558b'] (:0) - SELECT contact0_.ID as ID4_0_, contact0_.AddressBookId as AddressB2_4_0_, contact0_.AccountId as AccountId4_0_, contact0_.FullName as FullName4_0_, contact0_.Email as Email4_0_, contact0_.Phone as Phone4_0_, contact0_.CreateTime as CreateTime4_0_, contact0_.LastUpdateTime as LastUpda8_4_0_ FROM Cooper_Contact contact0_ WHERE contact0_.ID=@p0;@p0 = 147 [Type: Int32 (0)]
DEBUG [Agent: adapter run thread for test 'DeleteContact' with id 'eda6d37a-f05e-4f08-b44d-18142cbe558b'] (e:\codesharp\infrastructure\dotnet\src\CodeSharp.Core.Castles\includes\Castle.Services.Transaction\Managers\DefaultTransactionManager.cs:104) - Transaction "Tx #39003249" created
 INFO [Agent: adapter run thread for test 'DeleteContact' with id 'eda6d37a-f05e-4f08-b44d-18142cbe558b'] (e:\codesharp\infrastructure\dotnet\src\CodeSharp.Core.Castles\Log4NetLogger.cs:92) - ----Transaction Created, name:Tx #39003249, isChild:False
 INFO [Agent: adapter run thread for test 'DeleteContact' with id 'eda6d37a-f05e-4f08-b44d-18142cbe558b'] (e:\codesharp\infrastructure\dotnet\src\CodeSharp.Core.Castles\Log4NetLogger.cs:92) - 删除联系人#147
DEBUG [Agent: adapter run thread for test 'DeleteContact' with id 'eda6d37a-f05e-4f08-b44d-18142cbe558b'] (e:\codesharp\infrastructure\dotnet\src\CodeSharp.Core.Castles\includes\Castle.Facilities.AutoTx\TransactionInterceptor.cs:140) - Committing transaction 39003249
DEBUG [Agent: adapter run thread for test 'DeleteContact' with id 'eda6d37a-f05e-4f08-b44d-18142cbe558b'] (:0) - Batch commands:
command 0:DELETE FROM Cooper_Contact WHERE ID = @p0;@p0 = 147 [Type: Int32 (0)]

 INFO [Agent: adapter run thread for test 'DeleteContact' with id 'eda6d37a-f05e-4f08-b44d-18142cbe558b'] (e:\codesharp\infrastructure\dotnet\src\CodeSharp.Core.Castles\Log4NetLogger.cs:92) - ----Transaction Completed, name:Tx #39003249, isChild:False
 INFO [Agent: adapter run thread for test 'DeleteContact' with id 'eda6d37a-f05e-4f08-b44d-18142cbe558b'] (e:\codesharp\infrastructure\dotnet\src\CodeSharp.Core.Castles\Log4NetLogger.cs:92) - ----Transaction Disposed, name:Tx #39003249, isChild:False
DEBUG [Agent: adapter run thread for test 'DeleteContact' with id 'eda6d37a-f05e-4f08-b44d-18142cbe558b'] (e:\codesharp\infrastructure\dotnet\src\CodeSharp.Core.Castles\includes\Castle.Services.Transaction\Managers\DefaultTransactionManager.cs:218) - Transaction Tx #39003249 disposed successfully
DEBUG [Agent: adapter run thread for test 'DeleteContact' with id 'eda6d37a-f05e-4f08-b44d-18142cbe558b'] (:0) - SELECT contact0_.ID as ID4_0_, contact0_.AddressBookId as AddressB2_4_0_, contact0_.AccountId as AccountId4_0_, contact0_.FullName as FullName4_0_, contact0_.Email as Email4_0_, contact0_.Phone as Phone4_0_, contact0_.CreateTime as CreateTime4_0_, contact0_.LastUpdateTime as LastUpda8_4_0_ FROM Cooper_Contact contact0_ WHERE contact0_.ID=@p0;@p0 = 147 [Type: Int32 (0)]</StdOut>
        <DebugTrace>Castle.Services.Transaction.DefaultTransactionManager: Transaction "Tx #43158682" created
Cooper.Model.Test.TeamTest: ----Transaction Created, name:Tx #43158682, isChild:False
NHibernate.SQL: SELECT this_.ID as ID5_0_ FROM Cooper_Lock this_ with (updlock, rowlock) WHERE this_.ID = @p0;@p0 = 'Account' [Type: String (4000)]
NHibernate.SQL: SELECT this_.ID as ID1_2_, this_.Name as Name1_2_, this_.CreateTime as CreateTime1_2_, this_.Password as Password1_2_, profile2_.AccountId as AccountId7_0_, profile2_.Profile as Profile7_0_, account3_.ID as ID1_1_, account3_.Name as Name1_1_, account3_.CreateTime as CreateTime1_1_, account3_.Password as Password1_1_ FROM Cooper_Account this_ left outer join Cooper_AccountProfile profile2_ on this_.ID=profile2_.AccountId left outer join Cooper_Account account3_ on profile2_.AccountId=account3_.ID WHERE this_.Name = @p0;@p0 = 'Cooper_2012082410004763481399247706854815' [Type: String (4000)]
NHibernate.SQL: INSERT INTO Cooper_Account (Name, CreateTime, Password) VALUES (@p0, @p1, @p2); select SCOPE_IDENTITY();@p0 = 'Cooper_2012082410004763481399247706854815' [Type: String (4000)], @p1 = 2012/8/24 10:00:47 [Type: DateTime (0)], @p2 = NULL [Type: String (4000)]
Cooper.Model.Accounts.AccountService: 创建账号#1072|Cooper_2012082410004763481399247706854815
Castle.Facilities.AutoTx.TransactionInterceptor: Committing transaction 43158682
Cooper.Model.Test.TeamTest: ----Transaction Completed, name:Tx #43158682, isChild:False
Cooper.Model.Test.TeamTest: ----Transaction Disposed, name:Tx #43158682, isChild:False
Castle.Services.Transaction.DefaultTransactionManager: Transaction Tx #43158682 disposed successfully
Castle.Services.Transaction.DefaultTransactionManager: Transaction "Tx #62450149" created
Cooper.Model.Test.TeamTest: ----Transaction Created, name:Tx #62450149, isChild:False
NHibernate.SQL: INSERT INTO Cooper_AddressBook (Name, CreateTime, ParentId, OwnerAccountId, AddressBookType) VALUES (@p0, @p1, @p2, @p3, 'personal'); select SCOPE_IDENTITY();@p0 = '我的通讯簿' [Type: String (4000)], @p1 = 2012/8/24 10:00:47 [Type: DateTime (0)], @p2 = NULL [Type: Int32 (0)], @p3 = 1072 [Type: Int32 (0)]
Cooper.Model.Contacts.AddressBookService: 新增私人通讯簿#358|我的通讯簿|1072
Castle.Facilities.AutoTx.TransactionInterceptor: Committing transaction 62450149
Cooper.Model.Test.TeamTest: ----Transaction Completed, name:Tx #62450149, isChild:False
Cooper.Model.Test.TeamTest: ----Transaction Disposed, name:Tx #62450149, isChild:False
Castle.Services.Transaction.DefaultTransactionManager: Transaction Tx #62450149 disposed successfully
Castle.Services.Transaction.DefaultTransactionManager: Transaction "Tx #6080708" created
Cooper.Model.Test.TeamTest: ----Transaction Created, name:Tx #6080708, isChild:False
NHibernate.SQL: INSERT INTO Cooper_Contact (AddressBookId, AccountId, FullName, Email, Phone, CreateTime, LastUpdateTime) VALUES (@p0, @p1, @p2, @p3, @p4, @p5, @p6); select SCOPE_IDENTITY();@p0 = 358 [Type: Int32 (0)], @p1 = NULL [Type: Int32 (0)], @p2 = 'tangxuehua' [Type: String (4000)], @p3 = 'tangxuehua@163.com' [Type: String (4000)], @p4 = NULL [Type: String (4000)], @p5 = 2012/8/24 10:00:47 [Type: DateTime (0)], @p6 = 2012/8/24 10:00:47 [Type: DateTime (0)]
Cooper.Model.Contacts.ContactService: 新增联系人#147|tangxuehua|tangxuehua@163.com
Castle.Facilities.AutoTx.TransactionInterceptor: Committing transaction 6080708
Cooper.Model.Test.TeamTest: ----Transaction Completed, name:Tx #6080708, isChild:False
Cooper.Model.Test.TeamTest: ----Transaction Disposed, name:Tx #6080708, isChild:False
Castle.Services.Transaction.DefaultTransactionManager: Transaction Tx #6080708 disposed successfully
NHibernate.SQL: SELECT contact0_.ID as ID4_0_, contact0_.AddressBookId as AddressB2_4_0_, contact0_.AccountId as AccountId4_0_, contact0_.FullName as FullName4_0_, contact0_.Email as Email4_0_, contact0_.Phone as Phone4_0_, contact0_.CreateTime as CreateTime4_0_, contact0_.LastUpdateTime as LastUpda8_4_0_ FROM Cooper_Contact contact0_ WHERE contact0_.ID=@p0;@p0 = 147 [Type: Int32 (0)]
Castle.Services.Transaction.DefaultTransactionManager: Transaction "Tx #39003249" created
Cooper.Model.Test.TeamTest: ----Transaction Created, name:Tx #39003249, isChild:False
Cooper.Model.Contacts.ContactService: 删除联系人#147
Castle.Facilities.AutoTx.TransactionInterceptor: Committing transaction 39003249
NHibernate.SQL: Batch commands:
command 0:DELETE FROM Cooper_Contact WHERE ID = @p0;@p0 = 147 [Type: Int32 (0)]

Cooper.Model.Test.TeamTest: ----Transaction Completed, name:Tx #39003249, isChild:False
Cooper.Model.Test.TeamTest: ----Transaction Disposed, name:Tx #39003249, isChild:False
Castle.Services.Transaction.DefaultTransactionManager: Transaction Tx #39003249 disposed successfully
NHibernate.SQL: SELECT contact0_.ID as ID4_0_, contact0_.AddressBookId as AddressB2_4_0_, contact0_.AccountId as AccountId4_0_, contact0_.FullName as FullName4_0_, contact0_.Email as Email4_0_, contact0_.Phone as Phone4_0_, contact0_.CreateTime as CreateTime4_0_, contact0_.LastUpdateTime as LastUpda8_4_0_ FROM Cooper_Contact contact0_ WHERE contact0_.ID=@p0;@p0 = 147 [Type: Int32 (0)]
</DebugTrace>
      </Output>
    </UnitTestResult>
    <UnitTestResult executionId="683e9714-99d5-484d-bc39-2bbd7c745392" testId="b6a675e4-e04a-400f-de90-a8342434e5b6" testName="GetContacts" computerName="TAOBAO86" duration="00:00:00.2077363" startTime="2012-08-24T10:00:47.8808722+08:00" endTime="2012-08-24T10:00:48.0948936+08:00" testType="13cdc9d9-ddb5-4fa4-a97d-d965ccfc6d4b" outcome="Passed" testListId="8c84fa94-04c1-424b-9868-57a2d4851a1d" relativeResultsDirectory="683e9714-99d5-484d-bc39-2bbd7c745392">
      <Output>
        <StdOut>DEBUG [Agent: adapter run thread for test 'GetContacts' with id '683e9714-99d5-484d-bc39-2bbd7c745392'] (e:\codesharp\infrastructure\dotnet\src\CodeSharp.Core.Castles\includes\Castle.Services.Transaction\Managers\DefaultTransactionManager.cs:104) - Transaction "Tx #12158700" created
 INFO [Agent: adapter run thread for test 'GetContacts' with id '683e9714-99d5-484d-bc39-2bbd7c745392'] (e:\codesharp\infrastructure\dotnet\src\CodeSharp.Core.Castles\Log4NetLogger.cs:92) - ----Transaction Created, name:Tx #12158700, isChild:False
DEBUG [Agent: adapter run thread for test 'GetContacts' with id '683e9714-99d5-484d-bc39-2bbd7c745392'] (:0) - SELECT this_.ID as ID5_0_ FROM Cooper_Lock this_ with (updlock, rowlock) WHERE this_.ID = @p0;@p0 = 'Account' [Type: String (4000)]
DEBUG [Agent: adapter run thread for test 'GetContacts' with id '683e9714-99d5-484d-bc39-2bbd7c745392'] (:0) - SELECT this_.ID as ID1_2_, this_.Name as Name1_2_, this_.CreateTime as CreateTime1_2_, this_.Password as Password1_2_, profile2_.AccountId as AccountId7_0_, profile2_.Profile as Profile7_0_, account3_.ID as ID1_1_, account3_.Name as Name1_1_, account3_.CreateTime as CreateTime1_1_, account3_.Password as Password1_1_ FROM Cooper_Account this_ left outer join Cooper_AccountProfile profile2_ on this_.ID=profile2_.AccountId left outer join Cooper_Account account3_ on profile2_.AccountId=account3_.ID WHERE this_.Name = @p0;@p0 = 'Cooper_2012082410004763481399247910875237' [Type: String (4000)]
DEBUG [Agent: adapter run thread for test 'GetContacts' with id '683e9714-99d5-484d-bc39-2bbd7c745392'] (:0) - INSERT INTO Cooper_Account (Name, CreateTime, Password) VALUES (@p0, @p1, @p2); select SCOPE_IDENTITY();@p0 = 'Cooper_2012082410004763481399247910875237' [Type: String (4000)], @p1 = 2012/8/24 10:00:47 [Type: DateTime (0)], @p2 = NULL [Type: String (4000)]
 INFO [Agent: adapter run thread for test 'GetContacts' with id '683e9714-99d5-484d-bc39-2bbd7c745392'] (e:\codesharp\infrastructure\dotnet\src\CodeSharp.Core.Castles\Log4NetLogger.cs:92) - 创建账号#1073|Cooper_2012082410004763481399247910875237
DEBUG [Agent: adapter run thread for test 'GetContacts' with id '683e9714-99d5-484d-bc39-2bbd7c745392'] (e:\codesharp\infrastructure\dotnet\src\CodeSharp.Core.Castles\includes\Castle.Facilities.AutoTx\TransactionInterceptor.cs:140) - Committing transaction 12158700
 INFO [Agent: adapter run thread for test 'GetContacts' with id '683e9714-99d5-484d-bc39-2bbd7c745392'] (e:\codesharp\infrastructure\dotnet\src\CodeSharp.Core.Castles\Log4NetLogger.cs:92) - ----Transaction Completed, name:Tx #12158700, isChild:False
 INFO [Agent: adapter run thread for test 'GetContacts' with id '683e9714-99d5-484d-bc39-2bbd7c745392'] (e:\codesharp\infrastructure\dotnet\src\CodeSharp.Core.Castles\Log4NetLogger.cs:92) - ----Transaction Disposed, name:Tx #12158700, isChild:False
DEBUG [Agent: adapter run thread for test 'GetContacts' with id '683e9714-99d5-484d-bc39-2bbd7c745392'] (e:\codesharp\infrastructure\dotnet\src\CodeSharp.Core.Castles\includes\Castle.Services.Transaction\Managers\DefaultTransactionManager.cs:218) - Transaction Tx #12158700 disposed successfully
DEBUG [Agent: adapter run thread for test 'GetContacts' with id '683e9714-99d5-484d-bc39-2bbd7c745392'] (e:\codesharp\infrastructure\dotnet\src\CodeSharp.Core.Castles\includes\Castle.Services.Transaction\Managers\DefaultTransactionManager.cs:104) - Transaction "Tx #48215860" created
 INFO [Agent: adapter run thread for test 'GetContacts' with id '683e9714-99d5-484d-bc39-2bbd7c745392'] (e:\codesharp\infrastructure\dotnet\src\CodeSharp.Core.Castles\Log4NetLogger.cs:92) - ----Transaction Created, name:Tx #48215860, isChild:False
DEBUG [Agent: adapter run thread for test 'GetContacts' with id '683e9714-99d5-484d-bc39-2bbd7c745392'] (:0) - INSERT INTO Cooper_AddressBook (Name, CreateTime, ParentId, OwnerAccountId, AddressBookType) VALUES (@p0, @p1, @p2, @p3, 'personal'); select SCOPE_IDENTITY();@p0 = '我的通讯簿' [Type: String (4000)], @p1 = 2012/8/24 10:00:47 [Type: DateTime (0)], @p2 = NULL [Type: Int32 (0)], @p3 = 1073 [Type: Int32 (0)]
 INFO [Agent: adapter run thread for test 'GetContacts' with id '683e9714-99d5-484d-bc39-2bbd7c745392'] (e:\codesharp\infrastructure\dotnet\src\CodeSharp.Core.Castles\Log4NetLogger.cs:92) - 新增私人通讯簿#359|我的通讯簿|1073
DEBUG [Agent: adapter run thread for test 'GetContacts' with id '683e9714-99d5-484d-bc39-2bbd7c745392'] (e:\codesharp\infrastructure\dotnet\src\CodeSharp.Core.Castles\includes\Castle.Facilities.AutoTx\TransactionInterceptor.cs:140) - Committing transaction 48215860
 INFO [Agent: adapter run thread for test 'GetContacts' with id '683e9714-99d5-484d-bc39-2bbd7c745392'] (e:\codesharp\infrastructure\dotnet\src\CodeSharp.Core.Castles\Log4NetLogger.cs:92) - ----Transaction Completed, name:Tx #48215860, isChild:False
 INFO [Agent: adapter run thread for test 'GetContacts' with id '683e9714-99d5-484d-bc39-2bbd7c745392'] (e:\codesharp\infrastructure\dotnet\src\CodeSharp.Core.Castles\Log4NetLogger.cs:92) - ----Transaction Disposed, name:Tx #48215860, isChild:False
DEBUG [Agent: adapter run thread for test 'GetContacts' with id '683e9714-99d5-484d-bc39-2bbd7c745392'] (e:\codesharp\infrastructure\dotnet\src\CodeSharp.Core.Castles\includes\Castle.Services.Transaction\Managers\DefaultTransactionManager.cs:218) - Transaction Tx #48215860 disposed successfully
DEBUG [Agent: adapter run thread for test 'GetContacts' with id '683e9714-99d5-484d-bc39-2bbd7c745392'] (e:\codesharp\infrastructure\dotnet\src\CodeSharp.Core.Castles\includes\Castle.Services.Transaction\Managers\DefaultTransactionManager.cs:104) - Transaction "Tx #28333339" created
 INFO [Agent: adapter run thread for test 'GetContacts' with id '683e9714-99d5-484d-bc39-2bbd7c745392'] (e:\codesharp\infrastructure\dotnet\src\CodeSharp.Core.Castles\Log4NetLogger.cs:92) - ----Transaction Created, name:Tx #28333339, isChild:False
DEBUG [Agent: adapter run thread for test 'GetContacts' with id '683e9714-99d5-484d-bc39-2bbd7c745392'] (:0) - INSERT INTO Cooper_Contact (AddressBookId, AccountId, FullName, Email, Phone, CreateTime, LastUpdateTime) VALUES (@p0, @p1, @p2, @p3, @p4, @p5, @p6); select SCOPE_IDENTITY();@p0 = 359 [Type: Int32 (0)], @p1 = NULL [Type: Int32 (0)], @p2 = 'tangxuehua' [Type: String (4000)], @p3 = 'tangxuehua@163.com' [Type: String (4000)], @p4 = NULL [Type: String (4000)], @p5 = 2012/8/24 10:00:47 [Type: DateTime (0)], @p6 = 2012/8/24 10:00:47 [Type: DateTime (0)]
 INFO [Agent: adapter run thread for test 'GetContacts' with id '683e9714-99d5-484d-bc39-2bbd7c745392'] (e:\codesharp\infrastructure\dotnet\src\CodeSharp.Core.Castles\Log4NetLogger.cs:92) - 新增联系人#148|tangxuehua|tangxuehua@163.com
DEBUG [Agent: adapter run thread for test 'GetContacts' with id '683e9714-99d5-484d-bc39-2bbd7c745392'] (e:\codesharp\infrastructure\dotnet\src\CodeSharp.Core.Castles\includes\Castle.Facilities.AutoTx\TransactionInterceptor.cs:140) - Committing transaction 28333339
 INFO [Agent: adapter run thread for test 'GetContacts' with id '683e9714-99d5-484d-bc39-2bbd7c745392'] (e:\codesharp\infrastructure\dotnet\src\CodeSharp.Core.Castles\Log4NetLogger.cs:92) - ----Transaction Completed, name:Tx #28333339, isChild:False
 INFO [Agent: adapter run thread for test 'GetContacts' with id '683e9714-99d5-484d-bc39-2bbd7c745392'] (e:\codesharp\infrastructure\dotnet\src\CodeSharp.Core.Castles\Log4NetLogger.cs:92) - ----Transaction Disposed, name:Tx #28333339, isChild:False
DEBUG [Agent: adapter run thread for test 'GetContacts' with id '683e9714-99d5-484d-bc39-2bbd7c745392'] (e:\codesharp\infrastructure\dotnet\src\CodeSharp.Core.Castles\includes\Castle.Services.Transaction\Managers\DefaultTransactionManager.cs:218) - Transaction Tx #28333339 disposed successfully
DEBUG [Agent: adapter run thread for test 'GetContacts' with id '683e9714-99d5-484d-bc39-2bbd7c745392'] (e:\codesharp\infrastructure\dotnet\src\CodeSharp.Core.Castles\includes\Castle.Services.Transaction\Managers\DefaultTransactionManager.cs:104) - Transaction "Tx #37426074" created
 INFO [Agent: adapter run thread for test 'GetContacts' with id '683e9714-99d5-484d-bc39-2bbd7c745392'] (e:\codesharp\infrastructure\dotnet\src\CodeSharp.Core.Castles\Log4NetLogger.cs:92) - ----Transaction Created, name:Tx #37426074, isChild:False
DEBUG [Agent: adapter run thread for test 'GetContacts' with id '683e9714-99d5-484d-bc39-2bbd7c745392'] (:0) - INSERT INTO Cooper_Contact (AddressBookId, AccountId, FullName, Email, Phone, CreateTime, LastUpdateTime) VALUES (@p0, @p1, @p2, @p3, @p4, @p5, @p6); select SCOPE_IDENTITY();@p0 = 359 [Type: Int32 (0)], @p1 = NULL [Type: Int32 (0)], @p2 = 'tangxuehua' [Type: String (4000)], @p3 = 'tangxuehua@163.com' [Type: String (4000)], @p4 = NULL [Type: String (4000)], @p5 = 2012/8/24 10:00:47 [Type: DateTime (0)], @p6 = 2012/8/24 10:00:47 [Type: DateTime (0)]
 INFO [Agent: adapter run thread for test 'GetContacts' with id '683e9714-99d5-484d-bc39-2bbd7c745392'] (e:\codesharp\infrastructure\dotnet\src\CodeSharp.Core.Castles\Log4NetLogger.cs:92) - 新增联系人#149|tangxuehua|tangxuehua@163.com
DEBUG [Agent: adapter run thread for test 'GetContacts' with id '683e9714-99d5-484d-bc39-2bbd7c745392'] (e:\codesharp\infrastructure\dotnet\src\CodeSharp.Core.Castles\includes\Castle.Facilities.AutoTx\TransactionInterceptor.cs:140) - Committing transaction 37426074
 INFO [Agent: adapter run thread for test 'GetContacts' with id '683e9714-99d5-484d-bc39-2bbd7c745392'] (e:\codesharp\infrastructure\dotnet\src\CodeSharp.Core.Castles\Log4NetLogger.cs:92) - ----Transaction Completed, name:Tx #37426074, isChild:False
 INFO [Agent: adapter run thread for test 'GetContacts' with id '683e9714-99d5-484d-bc39-2bbd7c745392'] (e:\codesharp\infrastructure\dotnet\src\CodeSharp.Core.Castles\Log4NetLogger.cs:92) - ----Transaction Disposed, name:Tx #37426074, isChild:False
DEBUG [Agent: adapter run thread for test 'GetContacts' with id '683e9714-99d5-484d-bc39-2bbd7c745392'] (e:\codesharp\infrastructure\dotnet\src\CodeSharp.Core.Castles\includes\Castle.Services.Transaction\Managers\DefaultTransactionManager.cs:218) - Transaction Tx #37426074 disposed successfully
DEBUG [Agent: adapter run thread for test 'GetContacts' with id '683e9714-99d5-484d-bc39-2bbd7c745392'] (e:\codesharp\infrastructure\dotnet\src\CodeSharp.Core.Castles\includes\Castle.Services.Transaction\Managers\DefaultTransactionManager.cs:104) - Transaction "Tx #34470178" created
 INFO [Agent: adapter run thread for test 'GetContacts' with id '683e9714-99d5-484d-bc39-2bbd7c745392'] (e:\codesharp\infrastructure\dotnet\src\CodeSharp.Core.Castles\Log4NetLogger.cs:92) - ----Transaction Created, name:Tx #34470178, isChild:False
DEBUG [Agent: adapter run thread for test 'GetContacts' with id '683e9714-99d5-484d-bc39-2bbd7c745392'] (:0) - INSERT INTO Cooper_Contact (AddressBookId, AccountId, FullName, Email, Phone, CreateTime, LastUpdateTime) VALUES (@p0, @p1, @p2, @p3, @p4, @p5, @p6); select SCOPE_IDENTITY();@p0 = 359 [Type: Int32 (0)], @p1 = NULL [Type: Int32 (0)], @p2 = 'tangxuehua' [Type: String (4000)], @p3 = 'tangxuehua@163.com' [Type: String (4000)], @p4 = NULL [Type: String (4000)], @p5 = 2012/8/24 10:00:47 [Type: DateTime (0)], @p6 = 2012/8/24 10:00:47 [Type: DateTime (0)]
 INFO [Agent: adapter run thread for test 'GetContacts' with id '683e9714-99d5-484d-bc39-2bbd7c745392'] (e:\codesharp\infrastructure\dotnet\src\CodeSharp.Core.Castles\Log4NetLogger.cs:92) - 新增联系人#150|tangxuehua|tangxuehua@163.com
DEBUG [Agent: adapter run thread for test 'GetContacts' with id '683e9714-99d5-484d-bc39-2bbd7c745392'] (e:\codesharp\infrastructure\dotnet\src\CodeSharp.Core.Castles\includes\Castle.Facilities.AutoTx\TransactionInterceptor.cs:140) - Committing transaction 34470178
 INFO [Agent: adapter run thread for test 'GetContacts' with id '683e9714-99d5-484d-bc39-2bbd7c745392'] (e:\codesharp\infrastructure\dotnet\src\CodeSharp.Core.Castles\Log4NetLogger.cs:92) - ----Transaction Completed, name:Tx #34470178, isChild:False
 INFO [Agent: adapter run thread for test 'GetContacts' with id '683e9714-99d5-484d-bc39-2bbd7c745392'] (e:\codesharp\infrastructure\dotnet\src\CodeSharp.Core.Castles\Log4NetLogger.cs:92) - ----Transaction Disposed, name:Tx #34470178, isChild:False
DEBUG [Agent: adapter run thread for test 'GetContacts' with id '683e9714-99d5-484d-bc39-2bbd7c745392'] (e:\codesharp\infrastructure\dotnet\src\CodeSharp.Core.Castles\includes\Castle.Services.Transaction\Managers\DefaultTransactionManager.cs:218) - Transaction Tx #34470178 disposed successfully
DEBUG [Agent: adapter run thread for test 'GetContacts' with id '683e9714-99d5-484d-bc39-2bbd7c745392'] (:0) - SELECT this_.ID as ID4_0_, this_.AddressBookId as AddressB2_4_0_, this_.AccountId as AccountId4_0_, this_.FullName as FullName4_0_, this_.Email as Email4_0_, this_.Phone as Phone4_0_, this_.CreateTime as CreateTime4_0_, this_.LastUpdateTime as LastUpda8_4_0_ FROM Cooper_Contact this_ WHERE this_.AddressBookId = @p0;@p0 = 359 [Type: Int32 (0)]</StdOut>
        <DebugTrace>Castle.Services.Transaction.DefaultTransactionManager: Transaction "Tx #12158700" created
Cooper.Model.Test.TeamTest: ----Transaction Created, name:Tx #12158700, isChild:False
NHibernate.SQL: SELECT this_.ID as ID5_0_ FROM Cooper_Lock this_ with (updlock, rowlock) WHERE this_.ID = @p0;@p0 = 'Account' [Type: String (4000)]
NHibernate.SQL: SELECT this_.ID as ID1_2_, this_.Name as Name1_2_, this_.CreateTime as CreateTime1_2_, this_.Password as Password1_2_, profile2_.AccountId as AccountId7_0_, profile2_.Profile as Profile7_0_, account3_.ID as ID1_1_, account3_.Name as Name1_1_, account3_.CreateTime as CreateTime1_1_, account3_.Password as Password1_1_ FROM Cooper_Account this_ left outer join Cooper_AccountProfile profile2_ on this_.ID=profile2_.AccountId left outer join Cooper_Account account3_ on profile2_.AccountId=account3_.ID WHERE this_.Name = @p0;@p0 = 'Cooper_2012082410004763481399247910875237' [Type: String (4000)]
NHibernate.SQL: INSERT INTO Cooper_Account (Name, CreateTime, Password) VALUES (@p0, @p1, @p2); select SCOPE_IDENTITY();@p0 = 'Cooper_2012082410004763481399247910875237' [Type: String (4000)], @p1 = 2012/8/24 10:00:47 [Type: DateTime (0)], @p2 = NULL [Type: String (4000)]
Cooper.Model.Accounts.AccountService: 创建账号#1073|Cooper_2012082410004763481399247910875237
Castle.Facilities.AutoTx.TransactionInterceptor: Committing transaction 12158700
Cooper.Model.Test.TeamTest: ----Transaction Completed, name:Tx #12158700, isChild:False
Cooper.Model.Test.TeamTest: ----Transaction Disposed, name:Tx #12158700, isChild:False
Castle.Services.Transaction.DefaultTransactionManager: Transaction Tx #12158700 disposed successfully
Castle.Services.Transaction.DefaultTransactionManager: Transaction "Tx #48215860" created
Cooper.Model.Test.TeamTest: ----Transaction Created, name:Tx #48215860, isChild:False
NHibernate.SQL: INSERT INTO Cooper_AddressBook (Name, CreateTime, ParentId, OwnerAccountId, AddressBookType) VALUES (@p0, @p1, @p2, @p3, 'personal'); select SCOPE_IDENTITY();@p0 = '我的通讯簿' [Type: String (4000)], @p1 = 2012/8/24 10:00:47 [Type: DateTime (0)], @p2 = NULL [Type: Int32 (0)], @p3 = 1073 [Type: Int32 (0)]
Cooper.Model.Contacts.AddressBookService: 新增私人通讯簿#359|我的通讯簿|1073
Castle.Facilities.AutoTx.TransactionInterceptor: Committing transaction 48215860
Cooper.Model.Test.TeamTest: ----Transaction Completed, name:Tx #48215860, isChild:False
Cooper.Model.Test.TeamTest: ----Transaction Disposed, name:Tx #48215860, isChild:False
Castle.Services.Transaction.DefaultTransactionManager: Transaction Tx #48215860 disposed successfully
Castle.Services.Transaction.DefaultTransactionManager: Transaction "Tx #28333339" created
Cooper.Model.Test.TeamTest: ----Transaction Created, name:Tx #28333339, isChild:False
NHibernate.SQL: INSERT INTO Cooper_Contact (AddressBookId, AccountId, FullName, Email, Phone, CreateTime, LastUpdateTime) VALUES (@p0, @p1, @p2, @p3, @p4, @p5, @p6); select SCOPE_IDENTITY();@p0 = 359 [Type: Int32 (0)], @p1 = NULL [Type: Int32 (0)], @p2 = 'tangxuehua' [Type: String (4000)], @p3 = 'tangxuehua@163.com' [Type: String (4000)], @p4 = NULL [Type: String (4000)], @p5 = 2012/8/24 10:00:47 [Type: DateTime (0)], @p6 = 2012/8/24 10:00:47 [Type: DateTime (0)]
Cooper.Model.Contacts.ContactService: 新增联系人#148|tangxuehua|tangxuehua@163.com
Castle.Facilities.AutoTx.TransactionInterceptor: Committing transaction 28333339
Cooper.Model.Test.TeamTest: ----Transaction Completed, name:Tx #28333339, isChild:False
Cooper.Model.Test.TeamTest: ----Transaction Disposed, name:Tx #28333339, isChild:False
Castle.Services.Transaction.DefaultTransactionManager: Transaction Tx #28333339 disposed successfully
Castle.Services.Transaction.DefaultTransactionManager: Transaction "Tx #37426074" created
Cooper.Model.Test.TeamTest: ----Transaction Created, name:Tx #37426074, isChild:False
NHibernate.SQL: INSERT INTO Cooper_Contact (AddressBookId, AccountId, FullName, Email, Phone, CreateTime, LastUpdateTime) VALUES (@p0, @p1, @p2, @p3, @p4, @p5, @p6); select SCOPE_IDENTITY();@p0 = 359 [Type: Int32 (0)], @p1 = NULL [Type: Int32 (0)], @p2 = 'tangxuehua' [Type: String (4000)], @p3 = 'tangxuehua@163.com' [Type: String (4000)], @p4 = NULL [Type: String (4000)], @p5 = 2012/8/24 10:00:47 [Type: DateTime (0)], @p6 = 2012/8/24 10:00:47 [Type: DateTime (0)]
Cooper.Model.Contacts.ContactService: 新增联系人#149|tangxuehua|tangxuehua@163.com
Castle.Facilities.AutoTx.TransactionInterceptor: Committing transaction 37426074
Cooper.Model.Test.TeamTest: ----Transaction Completed, name:Tx #37426074, isChild:False
Cooper.Model.Test.TeamTest: ----Transaction Disposed, name:Tx #37426074, isChild:False
Castle.Services.Transaction.DefaultTransactionManager: Transaction Tx #37426074 disposed successfully
Castle.Services.Transaction.DefaultTransactionManager: Transaction "Tx #34470178" created
Cooper.Model.Test.TeamTest: ----Transaction Created, name:Tx #34470178, isChild:False
NHibernate.SQL: INSERT INTO Cooper_Contact (AddressBookId, AccountId, FullName, Email, Phone, CreateTime, LastUpdateTime) VALUES (@p0, @p1, @p2, @p3, @p4, @p5, @p6); select SCOPE_IDENTITY();@p0 = 359 [Type: Int32 (0)], @p1 = NULL [Type: Int32 (0)], @p2 = 'tangxuehua' [Type: String (4000)], @p3 = 'tangxuehua@163.com' [Type: String (4000)], @p4 = NULL [Type: String (4000)], @p5 = 2012/8/24 10:00:47 [Type: DateTime (0)], @p6 = 2012/8/24 10:00:47 [Type: DateTime (0)]
Cooper.Model.Contacts.ContactService: 新增联系人#150|tangxuehua|tangxuehua@163.com
Castle.Facilities.AutoTx.TransactionInterceptor: Committing transaction 34470178
Cooper.Model.Test.TeamTest: ----Transaction Completed, name:Tx #34470178, isChild:False
Cooper.Model.Test.TeamTest: ----Transaction Disposed, name:Tx #34470178, isChild:False
Castle.Services.Transaction.DefaultTransactionManager: Transaction Tx #34470178 disposed successfully
NHibernate.SQL: SELECT this_.ID as ID4_0_, this_.AddressBookId as AddressB2_4_0_, this_.AccountId as AccountId4_0_, this_.FullName as FullName4_0_, this_.Email as Email4_0_, this_.Phone as Phone4_0_, this_.CreateTime as CreateTime4_0_, this_.LastUpdateTime as LastUpda8_4_0_ FROM Cooper_Contact this_ WHERE this_.AddressBookId = @p0;@p0 = 359 [Type: Int32 (0)]
</DebugTrace>
      </Output>
    </UnitTestResult>
    <UnitTestResult executionId="9d1c8c80-f70e-4be5-99eb-7d13378078aa" testId="f9822672-017a-ecdc-434c-7e60485687bf" testName="Account" computerName="TAOBAO86" duration="00:00:06.4682680" startTime="2012-08-24T10:00:48.1148956+08:00" endTime="2012-08-24T10:00:54.6295470+08:00" testType="13cdc9d9-ddb5-4fa4-a97d-d965ccfc6d4b" outcome="Passed" testListId="8c84fa94-04c1-424b-9868-57a2d4851a1d" relativeResultsDirectory="9d1c8c80-f70e-4be5-99eb-7d13378078aa">
    </UnitTestResult>
    <UnitTestResult executionId="2e08f94c-a194-4492-943c-2c55fdb5cdd0" testId="845d68d4-6cf9-5471-cc65-0f346d0da9e4" testName="Profile" computerName="TAOBAO86" duration="00:00:00.1169402" startTime="2012-08-24T10:00:54.6505491+08:00" endTime="2012-08-24T10:00:54.7745615+08:00" testType="13cdc9d9-ddb5-4fa4-a97d-d965ccfc6d4b" outcome="Passed" testListId="8c84fa94-04c1-424b-9868-57a2d4851a1d" relativeResultsDirectory="2e08f94c-a194-4492-943c-2c55fdb5cdd0">
      <Output>
        <StdOut>DEBUG [Agent: adapter run thread for test 'Profile' with id '2e08f94c-a194-4492-943c-2c55fdb5cdd0'] (e:\codesharp\infrastructure\dotnet\src\CodeSharp.Core.Castles\includes\Castle.Services.Transaction\Managers\DefaultTransactionManager.cs:104) - Transaction "Tx #26935005" created
 INFO [Agent: adapter run thread for test 'Profile' with id '2e08f94c-a194-4492-943c-2c55fdb5cdd0'] (e:\codesharp\infrastructure\dotnet\src\CodeSharp.Core.Castles\Log4NetLogger.cs:92) - ----Transaction Created, name:Tx #26935005, isChild:False
DEBUG [Agent: adapter run thread for test 'Profile' with id '2e08f94c-a194-4492-943c-2c55fdb5cdd0'] (:0) - SELECT this_.ID as ID5_0_ FROM Cooper_Lock this_ with (updlock, rowlock) WHERE this_.ID = @p0;@p0 = 'Account' [Type: String (4000)]
DEBUG [Agent: adapter run thread for test 'Profile' with id '2e08f94c-a194-4492-943c-2c55fdb5cdd0'] (:0) - SELECT this_.ID as ID1_2_, this_.Name as Name1_2_, this_.CreateTime as CreateTime1_2_, this_.Password as Password1_2_, profile2_.AccountId as AccountId7_0_, profile2_.Profile as Profile7_0_, account3_.ID as ID1_1_, account3_.Name as Name1_1_, account3_.CreateTime as CreateTime1_1_, account3_.Password as Password1_1_ FROM Cooper_Account this_ left outer join Cooper_AccountProfile profile2_ on this_.ID=profile2_.AccountId left outer join Cooper_Account account3_ on profile2_.AccountId=account3_.ID WHERE this_.Name = @p0;@p0 = 'Cooper_2012082410005463481399254680552133' [Type: String (4000)]
DEBUG [Agent: adapter run thread for test 'Profile' with id '2e08f94c-a194-4492-943c-2c55fdb5cdd0'] (:0) - INSERT INTO Cooper_Account (Name, CreateTime, Password) VALUES (@p0, @p1, @p2); select SCOPE_IDENTITY();@p0 = 'Cooper_2012082410005463481399254680552133' [Type: String (4000)], @p1 = 2012/8/24 10:00:54 [Type: DateTime (0)], @p2 = NULL [Type: String (4000)]
 INFO [Agent: adapter run thread for test 'Profile' with id '2e08f94c-a194-4492-943c-2c55fdb5cdd0'] (e:\codesharp\infrastructure\dotnet\src\CodeSharp.Core.Castles\Log4NetLogger.cs:92) - 创建账号#1074|Cooper_2012082410005463481399254680552133
DEBUG [Agent: adapter run thread for test 'Profile' with id '2e08f94c-a194-4492-943c-2c55fdb5cdd0'] (e:\codesharp\infrastructure\dotnet\src\CodeSharp.Core.Castles\includes\Castle.Facilities.AutoTx\TransactionInterceptor.cs:140) - Committing transaction 26935005
DEBUG [Agent: adapter run thread for test 'Profile' with id '2e08f94c-a194-4492-943c-2c55fdb5cdd0'] (:0) - Batch commands:
command 0:INSERT INTO Cooper_AccountProfile (Profile, AccountId) VALUES (@p0, @p1);@p0 = '{"test":"test"}' [Type: String (1073741823)], @p1 = 1074 [Type: Int32 (0)]

 INFO [Agent: adapter run thread for test 'Profile' with id '2e08f94c-a194-4492-943c-2c55fdb5cdd0'] (e:\codesharp\infrastructure\dotnet\src\CodeSharp.Core.Castles\Log4NetLogger.cs:92) - ----Transaction Completed, name:Tx #26935005, isChild:False
 INFO [Agent: adapter run thread for test 'Profile' with id '2e08f94c-a194-4492-943c-2c55fdb5cdd0'] (e:\codesharp\infrastructure\dotnet\src\CodeSharp.Core.Castles\Log4NetLogger.cs:92) - ----Transaction Disposed, name:Tx #26935005, isChild:False
DEBUG [Agent: adapter run thread for test 'Profile' with id '2e08f94c-a194-4492-943c-2c55fdb5cdd0'] (e:\codesharp\infrastructure\dotnet\src\CodeSharp.Core.Castles\includes\Castle.Services.Transaction\Managers\DefaultTransactionManager.cs:218) - Transaction Tx #26935005 disposed successfully
DEBUG [Agent: adapter run thread for test 'Profile' with id '2e08f94c-a194-4492-943c-2c55fdb5cdd0'] (:0) - SELECT account0_.ID as ID1_2_, account0_.Name as Name1_2_, account0_.CreateTime as CreateTime1_2_, account0_.Password as Password1_2_, profile1_.AccountId as AccountId7_0_, profile1_.Profile as Profile7_0_, account2_.ID as ID1_1_, account2_.Name as Name1_1_, account2_.CreateTime as CreateTime1_1_, account2_.Password as Password1_1_ FROM Cooper_Account account0_ left outer join Cooper_AccountProfile profile1_ on account0_.ID=profile1_.AccountId left outer join Cooper_Account account2_ on profile1_.AccountId=account2_.ID WHERE account0_.ID=@p0;@p0 = 1074 [Type: Int32 (0)]</StdOut>
        <DebugTrace>Castle.Services.Transaction.DefaultTransactionManager: Transaction "Tx #26935005" created
Cooper.Model.Test.TeamTest: ----Transaction Created, name:Tx #26935005, isChild:False
NHibernate.SQL: SELECT this_.ID as ID5_0_ FROM Cooper_Lock this_ with (updlock, rowlock) WHERE this_.ID = @p0;@p0 = 'Account' [Type: String (4000)]
NHibernate.SQL: SELECT this_.ID as ID1_2_, this_.Name as Name1_2_, this_.CreateTime as CreateTime1_2_, this_.Password as Password1_2_, profile2_.AccountId as AccountId7_0_, profile2_.Profile as Profile7_0_, account3_.ID as ID1_1_, account3_.Name as Name1_1_, account3_.CreateTime as CreateTime1_1_, account3_.Password as Password1_1_ FROM Cooper_Account this_ left outer join Cooper_AccountProfile profile2_ on this_.ID=profile2_.AccountId left outer join Cooper_Account account3_ on profile2_.AccountId=account3_.ID WHERE this_.Name = @p0;@p0 = 'Cooper_2012082410005463481399254680552133' [Type: String (4000)]
NHibernate.SQL: INSERT INTO Cooper_Account (Name, CreateTime, Password) VALUES (@p0, @p1, @p2); select SCOPE_IDENTITY();@p0 = 'Cooper_2012082410005463481399254680552133' [Type: String (4000)], @p1 = 2012/8/24 10:00:54 [Type: DateTime (0)], @p2 = NULL [Type: String (4000)]
Cooper.Model.Accounts.AccountService: 创建账号#1074|Cooper_2012082410005463481399254680552133
Castle.Facilities.AutoTx.TransactionInterceptor: Committing transaction 26935005
NHibernate.SQL: Batch commands:
command 0:INSERT INTO Cooper_AccountProfile (Profile, AccountId) VALUES (@p0, @p1);@p0 = '{"test":"test"}' [Type: String (1073741823)], @p1 = 1074 [Type: Int32 (0)]

Cooper.Model.Test.TeamTest: ----Transaction Completed, name:Tx #26935005, isChild:False
Cooper.Model.Test.TeamTest: ----Transaction Disposed, name:Tx #26935005, isChild:False
Castle.Services.Transaction.DefaultTransactionManager: Transaction Tx #26935005 disposed successfully
NHibernate.SQL: SELECT account0_.ID as ID1_2_, account0_.Name as Name1_2_, account0_.CreateTime as CreateTime1_2_, account0_.Password as Password1_2_, profile1_.AccountId as AccountId7_0_, profile1_.Profile as Profile7_0_, account2_.ID as ID1_1_, account2_.Name as Name1_1_, account2_.CreateTime as CreateTime1_1_, account2_.Password as Password1_1_ FROM Cooper_Account account0_ left outer join Cooper_AccountProfile profile1_ on account0_.ID=profile1_.AccountId left outer join Cooper_Account account2_ on profile1_.AccountId=account2_.ID WHERE account0_.ID=@p0;@p0 = 1074 [Type: Int32 (0)]
</DebugTrace>
      </Output>
    </UnitTestResult>
    <UnitTestResult executionId="0836b83b-4374-484e-8bce-b7fc4109b3cb" testId="e82d454d-9749-0586-d94f-e5d80cd1fb39" testName="ProfileUpdate" computerName="TAOBAO86" duration="00:00:00.1312484" startTime="2012-08-24T10:00:54.7855626+08:00" endTime="2012-08-24T10:00:54.9245765+08:00" testType="13cdc9d9-ddb5-4fa4-a97d-d965ccfc6d4b" outcome="Passed" testListId="8c84fa94-04c1-424b-9868-57a2d4851a1d" relativeResultsDirectory="0836b83b-4374-484e-8bce-b7fc4109b3cb">
      <Output>
        <StdOut>DEBUG [Agent: adapter run thread for test 'ProfileUpdate' with id '0836b83b-4374-484e-8bce-b7fc4109b3cb'] (e:\codesharp\infrastructure\dotnet\src\CodeSharp.Core.Castles\includes\Castle.Services.Transaction\Managers\DefaultTransactionManager.cs:104) - Transaction "Tx #1819929" created
 INFO [Agent: adapter run thread for test 'ProfileUpdate' with id '0836b83b-4374-484e-8bce-b7fc4109b3cb'] (e:\codesharp\infrastructure\dotnet\src\CodeSharp.Core.Castles\Log4NetLogger.cs:92) - ----Transaction Created, name:Tx #1819929, isChild:False
DEBUG [Agent: adapter run thread for test 'ProfileUpdate' with id '0836b83b-4374-484e-8bce-b7fc4109b3cb'] (:0) - SELECT this_.ID as ID5_0_ FROM Cooper_Lock this_ with (updlock, rowlock) WHERE this_.ID = @p0;@p0 = 'Account' [Type: String (4000)]
DEBUG [Agent: adapter run thread for test 'ProfileUpdate' with id '0836b83b-4374-484e-8bce-b7fc4109b3cb'] (:0) - SELECT this_.ID as ID1_2_, this_.Name as Name1_2_, this_.CreateTime as CreateTime1_2_, this_.Password as Password1_2_, profile2_.AccountId as AccountId7_0_, profile2_.Profile as Profile7_0_, account3_.ID as ID1_1_, account3_.Name as Name1_1_, account3_.CreateTime as CreateTime1_1_, account3_.Password as Password1_1_ FROM Cooper_Account this_ left outer join Cooper_AccountProfile profile2_ on this_.ID=profile2_.AccountId left outer join Cooper_Account account3_ on profile2_.AccountId=account3_.ID WHERE this_.Name = @p0;@p0 = 'Cooper_2012082410005463481399254815565675' [Type: String (4000)]
DEBUG [Agent: adapter run thread for test 'ProfileUpdate' with id '0836b83b-4374-484e-8bce-b7fc4109b3cb'] (:0) - INSERT INTO Cooper_Account (Name, CreateTime, Password) VALUES (@p0, @p1, @p2); select SCOPE_IDENTITY();@p0 = 'Cooper_2012082410005463481399254815565675' [Type: String (4000)], @p1 = 2012/8/24 10:00:54 [Type: DateTime (0)], @p2 = NULL [Type: String (4000)]
 INFO [Agent: adapter run thread for test 'ProfileUpdate' with id '0836b83b-4374-484e-8bce-b7fc4109b3cb'] (e:\codesharp\infrastructure\dotnet\src\CodeSharp.Core.Castles\Log4NetLogger.cs:92) - 创建账号#1075|Cooper_2012082410005463481399254815565675
DEBUG [Agent: adapter run thread for test 'ProfileUpdate' with id '0836b83b-4374-484e-8bce-b7fc4109b3cb'] (e:\codesharp\infrastructure\dotnet\src\CodeSharp.Core.Castles\includes\Castle.Facilities.AutoTx\TransactionInterceptor.cs:140) - Committing transaction 1819929
 INFO [Agent: adapter run thread for test 'ProfileUpdate' with id '0836b83b-4374-484e-8bce-b7fc4109b3cb'] (e:\codesharp\infrastructure\dotnet\src\CodeSharp.Core.Castles\Log4NetLogger.cs:92) - ----Transaction Completed, name:Tx #1819929, isChild:False
 INFO [Agent: adapter run thread for test 'ProfileUpdate' with id '0836b83b-4374-484e-8bce-b7fc4109b3cb'] (e:\codesharp\infrastructure\dotnet\src\CodeSharp.Core.Castles\Log4NetLogger.cs:92) - ----Transaction Disposed, name:Tx #1819929, isChild:False
DEBUG [Agent: adapter run thread for test 'ProfileUpdate' with id '0836b83b-4374-484e-8bce-b7fc4109b3cb'] (e:\codesharp\infrastructure\dotnet\src\CodeSharp.Core.Castles\includes\Castle.Services.Transaction\Managers\DefaultTransactionManager.cs:218) - Transaction Tx #1819929 disposed successfully
DEBUG [Agent: adapter run thread for test 'ProfileUpdate' with id '0836b83b-4374-484e-8bce-b7fc4109b3cb'] (e:\codesharp\infrastructure\dotnet\src\CodeSharp.Core.Castles\includes\Castle.Services.Transaction\Managers\DefaultTransactionManager.cs:104) - Transaction "Tx #58916836" created
 INFO [Agent: adapter run thread for test 'ProfileUpdate' with id '0836b83b-4374-484e-8bce-b7fc4109b3cb'] (e:\codesharp\infrastructure\dotnet\src\CodeSharp.Core.Castles\Log4NetLogger.cs:92) - ----Transaction Created, name:Tx #58916836, isChild:False
DEBUG [Agent: adapter run thread for test 'ProfileUpdate' with id '0836b83b-4374-484e-8bce-b7fc4109b3cb'] (e:\codesharp\infrastructure\dotnet\src\CodeSharp.Core.Castles\includes\Castle.Facilities.AutoTx\TransactionInterceptor.cs:140) - Committing transaction 58916836
DEBUG [Agent: adapter run thread for test 'ProfileUpdate' with id '0836b83b-4374-484e-8bce-b7fc4109b3cb'] (:0) - Batch commands:
command 0:INSERT INTO Cooper_AccountProfile (Profile, AccountId) VALUES (@p0, @p1);@p0 = '{"test":"test"}' [Type: String (1073741823)], @p1 = 1075 [Type: Int32 (0)]

DEBUG [Agent: adapter run thread for test 'ProfileUpdate' with id '0836b83b-4374-484e-8bce-b7fc4109b3cb'] (:0) - Batch commands:
command 0:UPDATE Cooper_Account SET Name = @p0, CreateTime = @p1, Password = @p2 WHERE ID = @p3;@p0 = 'Cooper_2012082410005463481399254815565675' [Type: String (4000)], @p1 = 2012/8/24 10:00:54 [Type: DateTime (0)], @p2 = NULL [Type: String (4000)], @p3 = 1075 [Type: Int32 (0)]

 INFO [Agent: adapter run thread for test 'ProfileUpdate' with id '0836b83b-4374-484e-8bce-b7fc4109b3cb'] (e:\codesharp\infrastructure\dotnet\src\CodeSharp.Core.Castles\Log4NetLogger.cs:92) - ----Transaction Completed, name:Tx #58916836, isChild:False
 INFO [Agent: adapter run thread for test 'ProfileUpdate' with id '0836b83b-4374-484e-8bce-b7fc4109b3cb'] (e:\codesharp\infrastructure\dotnet\src\CodeSharp.Core.Castles\Log4NetLogger.cs:92) - ----Transaction Disposed, name:Tx #58916836, isChild:False
DEBUG [Agent: adapter run thread for test 'ProfileUpdate' with id '0836b83b-4374-484e-8bce-b7fc4109b3cb'] (e:\codesharp\infrastructure\dotnet\src\CodeSharp.Core.Castles\includes\Castle.Services.Transaction\Managers\DefaultTransactionManager.cs:218) - Transaction Tx #58916836 disposed successfully
DEBUG [Agent: adapter run thread for test 'ProfileUpdate' with id '0836b83b-4374-484e-8bce-b7fc4109b3cb'] (:0) - SELECT account0_.ID as ID1_2_, account0_.Name as Name1_2_, account0_.CreateTime as CreateTime1_2_, account0_.Password as Password1_2_, profile1_.AccountId as AccountId7_0_, profile1_.Profile as Profile7_0_, account2_.ID as ID1_1_, account2_.Name as Name1_1_, account2_.CreateTime as CreateTime1_1_, account2_.Password as Password1_1_ FROM Cooper_Account account0_ left outer join Cooper_AccountProfile profile1_ on account0_.ID=profile1_.AccountId left outer join Cooper_Account account2_ on profile1_.AccountId=account2_.ID WHERE account0_.ID=@p0;@p0 = 1075 [Type: Int32 (0)]</StdOut>
        <DebugTrace>Castle.Services.Transaction.DefaultTransactionManager: Transaction "Tx #1819929" created
Cooper.Model.Test.TeamTest: ----Transaction Created, name:Tx #1819929, isChild:False
NHibernate.SQL: SELECT this_.ID as ID5_0_ FROM Cooper_Lock this_ with (updlock, rowlock) WHERE this_.ID = @p0;@p0 = 'Account' [Type: String (4000)]
NHibernate.SQL: SELECT this_.ID as ID1_2_, this_.Name as Name1_2_, this_.CreateTime as CreateTime1_2_, this_.Password as Password1_2_, profile2_.AccountId as AccountId7_0_, profile2_.Profile as Profile7_0_, account3_.ID as ID1_1_, account3_.Name as Name1_1_, account3_.CreateTime as CreateTime1_1_, account3_.Password as Password1_1_ FROM Cooper_Account this_ left outer join Cooper_AccountProfile profile2_ on this_.ID=profile2_.AccountId left outer join Cooper_Account account3_ on profile2_.AccountId=account3_.ID WHERE this_.Name = @p0;@p0 = 'Cooper_2012082410005463481399254815565675' [Type: String (4000)]
NHibernate.SQL: INSERT INTO Cooper_Account (Name, CreateTime, Password) VALUES (@p0, @p1, @p2); select SCOPE_IDENTITY();@p0 = 'Cooper_2012082410005463481399254815565675' [Type: String (4000)], @p1 = 2012/8/24 10:00:54 [Type: DateTime (0)], @p2 = NULL [Type: String (4000)]
Cooper.Model.Accounts.AccountService: 创建账号#1075|Cooper_2012082410005463481399254815565675
Castle.Facilities.AutoTx.TransactionInterceptor: Committing transaction 1819929
Cooper.Model.Test.TeamTest: ----Transaction Completed, name:Tx #1819929, isChild:False
Cooper.Model.Test.TeamTest: ----Transaction Disposed, name:Tx #1819929, isChild:False
Castle.Services.Transaction.DefaultTransactionManager: Transaction Tx #1819929 disposed successfully
Castle.Services.Transaction.DefaultTransactionManager: Transaction "Tx #58916836" created
Cooper.Model.Test.TeamTest: ----Transaction Created, name:Tx #58916836, isChild:False
Castle.Facilities.AutoTx.TransactionInterceptor: Committing transaction 58916836
NHibernate.SQL: Batch commands:
command 0:INSERT INTO Cooper_AccountProfile (Profile, AccountId) VALUES (@p0, @p1);@p0 = '{"test":"test"}' [Type: String (1073741823)], @p1 = 1075 [Type: Int32 (0)]

NHibernate.SQL: Batch commands:
command 0:UPDATE Cooper_Account SET Name = @p0, CreateTime = @p1, Password = @p2 WHERE ID = @p3;@p0 = 'Cooper_2012082410005463481399254815565675' [Type: String (4000)], @p1 = 2012/8/24 10:00:54 [Type: DateTime (0)], @p2 = NULL [Type: String (4000)], @p3 = 1075 [Type: Int32 (0)]

Cooper.Model.Test.TeamTest: ----Transaction Completed, name:Tx #58916836, isChild:False
Cooper.Model.Test.TeamTest: ----Transaction Disposed, name:Tx #58916836, isChild:False
Castle.Services.Transaction.DefaultTransactionManager: Transaction Tx #58916836 disposed successfully
NHibernate.SQL: SELECT account0_.ID as ID1_2_, account0_.Name as Name1_2_, account0_.CreateTime as CreateTime1_2_, account0_.Password as Password1_2_, profile1_.AccountId as AccountId7_0_, profile1_.Profile as Profile7_0_, account2_.ID as ID1_1_, account2_.Name as Name1_1_, account2_.CreateTime as CreateTime1_1_, account2_.Password as Password1_1_ FROM Cooper_Account account0_ left outer join Cooper_AccountProfile profile1_ on account0_.ID=profile1_.AccountId left outer join Cooper_Account account2_ on profile1_.AccountId=account2_.ID WHERE account0_.ID=@p0;@p0 = 1075 [Type: Int32 (0)]
</DebugTrace>
      </Output>
    </UnitTestResult>
    <UnitTestResult executionId="a1a26bab-6d97-491d-b6ab-9444968092f8" testId="f510f0de-d7e6-5073-9bb2-880efb2facad" testName="Create" computerName="TAOBAO86" duration="00:00:00.0800715" startTime="2012-08-24T10:00:54.9335774+08:00" endTime="2012-08-24T10:00:55.0195860+08:00" testType="13cdc9d9-ddb5-4fa4-a97d-d965ccfc6d4b" outcome="Passed" testListId="8c84fa94-04c1-424b-9868-57a2d4851a1d" relativeResultsDirectory="a1a26bab-6d97-491d-b6ab-9444968092f8">
      <Output>
        <StdOut>DEBUG [Agent: adapter run thread for test 'Create' with id 'a1a26bab-6d97-491d-b6ab-9444968092f8'] (e:\codesharp\infrastructure\dotnet\src\CodeSharp.Core.Castles\includes\Castle.Services.Transaction\Managers\DefaultTransactionManager.cs:104) - Transaction "Tx #54506987" created
 INFO [Agent: adapter run thread for test 'Create' with id 'a1a26bab-6d97-491d-b6ab-9444968092f8'] (e:\codesharp\infrastructure\dotnet\src\CodeSharp.Core.Castles\Log4NetLogger.cs:92) - ----Transaction Created, name:Tx #54506987, isChild:False
DEBUG [Agent: adapter run thread for test 'Create' with id 'a1a26bab-6d97-491d-b6ab-9444968092f8'] (:0) - SELECT this_.ID as ID5_0_ FROM Cooper_Lock this_ with (updlock, rowlock) WHERE this_.ID = @p0;@p0 = 'Account' [Type: String (4000)]
DEBUG [Agent: adapter run thread for test 'Create' with id 'a1a26bab-6d97-491d-b6ab-9444968092f8'] (:0) - SELECT this_.ID as ID1_2_, this_.Name as Name1_2_, this_.CreateTime as CreateTime1_2_, this_.Password as Password1_2_, profile2_.AccountId as AccountId7_0_, profile2_.Profile as Profile7_0_, account3_.ID as ID1_1_, account3_.Name as Name1_1_, account3_.CreateTime as CreateTime1_1_, account3_.Password as Password1_1_ FROM Cooper_Account this_ left outer join Cooper_AccountProfile profile2_ on this_.ID=profile2_.AccountId left outer join Cooper_Account account3_ on profile2_.AccountId=account3_.ID WHERE this_.Name = @p0;@p0 = 'Cooper_2012082410005463481399254961580289' [Type: String (4000)]
DEBUG [Agent: adapter run thread for test 'Create' with id 'a1a26bab-6d97-491d-b6ab-9444968092f8'] (:0) - INSERT INTO Cooper_Account (Name, CreateTime, Password) VALUES (@p0, @p1, @p2); select SCOPE_IDENTITY();@p0 = 'Cooper_2012082410005463481399254961580289' [Type: String (4000)], @p1 = 2012/8/24 10:00:54 [Type: DateTime (0)], @p2 = NULL [Type: String (4000)]
 INFO [Agent: adapter run thread for test 'Create' with id 'a1a26bab-6d97-491d-b6ab-9444968092f8'] (e:\codesharp\infrastructure\dotnet\src\CodeSharp.Core.Castles\Log4NetLogger.cs:92) - 创建账号#1076|Cooper_2012082410005463481399254961580289
DEBUG [Agent: adapter run thread for test 'Create' with id 'a1a26bab-6d97-491d-b6ab-9444968092f8'] (e:\codesharp\infrastructure\dotnet\src\CodeSharp.Core.Castles\includes\Castle.Facilities.AutoTx\TransactionInterceptor.cs:140) - Committing transaction 54506987
 INFO [Agent: adapter run thread for test 'Create' with id 'a1a26bab-6d97-491d-b6ab-9444968092f8'] (e:\codesharp\infrastructure\dotnet\src\CodeSharp.Core.Castles\Log4NetLogger.cs:92) - ----Transaction Completed, name:Tx #54506987, isChild:False
 INFO [Agent: adapter run thread for test 'Create' with id 'a1a26bab-6d97-491d-b6ab-9444968092f8'] (e:\codesharp\infrastructure\dotnet\src\CodeSharp.Core.Castles\Log4NetLogger.cs:92) - ----Transaction Disposed, name:Tx #54506987, isChild:False
DEBUG [Agent: adapter run thread for test 'Create' with id 'a1a26bab-6d97-491d-b6ab-9444968092f8'] (e:\codesharp\infrastructure\dotnet\src\CodeSharp.Core.Castles\includes\Castle.Services.Transaction\Managers\DefaultTransactionManager.cs:218) - Transaction Tx #54506987 disposed successfully</StdOut>
        <DebugTrace>Castle.Services.Transaction.DefaultTransactionManager: Transaction "Tx #54506987" created
Cooper.Model.Test.TeamTest: ----Transaction Created, name:Tx #54506987, isChild:False
NHibernate.SQL: SELECT this_.ID as ID5_0_ FROM Cooper_Lock this_ with (updlock, rowlock) WHERE this_.ID = @p0;@p0 = 'Account' [Type: String (4000)]
NHibernate.SQL: SELECT this_.ID as ID1_2_, this_.Name as Name1_2_, this_.CreateTime as CreateTime1_2_, this_.Password as Password1_2_, profile2_.AccountId as AccountId7_0_, profile2_.Profile as Profile7_0_, account3_.ID as ID1_1_, account3_.Name as Name1_1_, account3_.CreateTime as CreateTime1_1_, account3_.Password as Password1_1_ FROM Cooper_Account this_ left outer join Cooper_AccountProfile profile2_ on this_.ID=profile2_.AccountId left outer join Cooper_Account account3_ on profile2_.AccountId=account3_.ID WHERE this_.Name = @p0;@p0 = 'Cooper_2012082410005463481399254961580289' [Type: String (4000)]
NHibernate.SQL: INSERT INTO Cooper_Account (Name, CreateTime, Password) VALUES (@p0, @p1, @p2); select SCOPE_IDENTITY();@p0 = 'Cooper_2012082410005463481399254961580289' [Type: String (4000)], @p1 = 2012/8/24 10:00:54 [Type: DateTime (0)], @p2 = NULL [Type: String (4000)]
Cooper.Model.Accounts.AccountService: 创建账号#1076|Cooper_2012082410005463481399254961580289
Castle.Facilities.AutoTx.TransactionInterceptor: Committing transaction 54506987
Cooper.Model.Test.TeamTest: ----Transaction Completed, name:Tx #54506987, isChild:False
Cooper.Model.Test.TeamTest: ----Transaction Disposed, name:Tx #54506987, isChild:False
Castle.Services.Transaction.DefaultTransactionManager: Transaction Tx #54506987 disposed successfully
</DebugTrace>
      </Output>
    </UnitTestResult>
    <UnitTestResult executionId="9cc7ba23-ad3b-4b3f-b2af-7fcbcbd02684" testId="533ff83c-055e-d13f-cd60-ca6f34072d11" testName="CreateDuplicate" computerName="TAOBAO86" duration="00:00:09.6369636" startTime="2012-08-24T10:00:55.0285869+08:00" endTime="2012-08-24T10:01:04.6655505+08:00" testType="13cdc9d9-ddb5-4fa4-a97d-d965ccfc6d4b" outcome="Aborted" testListId="8c84fa94-04c1-424b-9868-57a2d4851a1d" relativeResultsDirectory="9cc7ba23-ad3b-4b3f-b2af-7fcbcbd02684">
    </UnitTestResult>
    <UnitTestResult executionId="fbb14176-008b-49ad-bf19-a6cca9e77abb" testId="56a1675e-17e2-f629-55a2-747f0e290948" testName="UpdateName" computerName="TAOBAO86" testType="13cdc9d9-ddb5-4fa4-a97d-d965ccfc6d4b" outcome="NotExecuted" testListId="8c84fa94-04c1-424b-9868-57a2d4851a1d" relativeResultsDirectory="fbb14176-008b-49ad-bf19-a6cca9e77abb">
    </UnitTestResult>
    <UnitTestResult executionId="7012396e-24ac-4a70-9f2f-c601e87f19ca" testId="b98fc65f-cf67-d597-766d-2f140ed986eb" testName="UpdateNameDuplicate" computerName="TAOBAO86" testType="13cdc9d9-ddb5-4fa4-a97d-d965ccfc6d4b" outcome="NotExecuted" testListId="8c84fa94-04c1-424b-9868-57a2d4851a1d" relativeResultsDirectory="7012396e-24ac-4a70-9f2f-c601e87f19ca">
    </UnitTestResult>
    <UnitTestResult executionId="70c2d417-32b0-49d9-bf3e-6c009babec5d" testId="0bf38393-2485-e864-c9d9-635c658224de" testName="CreateBy" computerName="TAOBAO86" testType="13cdc9d9-ddb5-4fa4-a97d-d965ccfc6d4b" outcome="NotExecuted" testListId="8c84fa94-04c1-424b-9868-57a2d4851a1d" relativeResultsDirectory="70c2d417-32b0-49d9-bf3e-6c009babec5d">
    </UnitTestResult>
    <UnitTestResult executionId="78b5bb8c-7bb1-4096-a7ae-33888689b8a6" testId="d45ef949-d9cf-9025-889c-bdadd6519b01" testName="CreateByDuplicate" computerName="TAOBAO86" testType="13cdc9d9-ddb5-4fa4-a97d-d965ccfc6d4b" outcome="NotExecuted" testListId="8c84fa94-04c1-424b-9868-57a2d4851a1d" relativeResultsDirectory="78b5bb8c-7bb1-4096-a7ae-33888689b8a6">
    </UnitTestResult>
    <UnitTestResult executionId="8d2f8b08-77af-4c28-bf3e-8c7fa563ef8d" testId="22abd2d5-ed8a-2aea-037a-ddc4c76b6969" testName="LoginBy" computerName="TAOBAO86" testType="13cdc9d9-ddb5-4fa4-a97d-d965ccfc6d4b" outcome="NotExecuted" testListId="8c84fa94-04c1-424b-9868-57a2d4851a1d" relativeResultsDirectory="8d2f8b08-77af-4c28-bf3e-8c7fa563ef8d">
    </UnitTestResult>
    <UnitTestResult executionId="b967d9c6-7735-4024-bf28-e87ccf45e831" testId="937cd6ec-6282-961a-6be3-ced5e822e79a" testName="CreateTeamTask" computerName="TAOBAO86" testType="13cdc9d9-ddb5-4fa4-a97d-d965ccfc6d4b" outcome="NotExecuted" testListId="8c84fa94-04c1-424b-9868-57a2d4851a1d" relativeResultsDirectory="b967d9c6-7735-4024-bf28-e87ccf45e831">
    </UnitTestResult>
    <UnitTestResult executionId="ff5153b9-60c6-4f7e-934a-61c02a64abb6" testId="feb4972d-6250-2d01-3c4d-efec1a4d61f9" testName="UpdateTeamTask" computerName="TAOBAO86" testType="13cdc9d9-ddb5-4fa4-a97d-d965ccfc6d4b" outcome="NotExecuted" testListId="8c84fa94-04c1-424b-9868-57a2d4851a1d" relativeResultsDirectory="ff5153b9-60c6-4f7e-934a-61c02a64abb6">
    </UnitTestResult>
    <UnitTestResult executionId="c39d74be-10d4-424f-ba46-6074dfc7616f" testId="ffd6cb0f-9afd-7843-7e35-ff7ede5a21df" testName="DeleteTeamTask" computerName="TAOBAO86" testType="13cdc9d9-ddb5-4fa4-a97d-d965ccfc6d4b" outcome="NotExecuted" testListId="8c84fa94-04c1-424b-9868-57a2d4851a1d" relativeResultsDirectory="c39d74be-10d4-424f-ba46-6074dfc7616f">
    </UnitTestResult>
    <UnitTestResult executionId="8b53dbd9-18b3-49e1-a231-24006a26b22f" testId="6e58154c-fd55-5452-cf92-7d3f48ff8db7" testName="GetTasksTest" computerName="TAOBAO86" testType="13cdc9d9-ddb5-4fa4-a97d-d965ccfc6d4b" outcome="NotExecuted" testListId="8c84fa94-04c1-424b-9868-57a2d4851a1d" relativeResultsDirectory="8b53dbd9-18b3-49e1-a231-24006a26b22f">
    </UnitTestResult>
    <UnitTestResult executionId="4f615c04-ed0e-4728-bbb6-93a56ea35a44" testId="fbf3575b-3c2a-baee-ac83-208aca200fd1" testName="RemoveTaskAssigneeTest" computerName="TAOBAO86" testType="13cdc9d9-ddb5-4fa4-a97d-d965ccfc6d4b" outcome="NotExecuted" testListId="8c84fa94-04c1-424b-9868-57a2d4851a1d" relativeResultsDirectory="4f615c04-ed0e-4728-bbb6-93a56ea35a44">
    </UnitTestResult>
    <UnitTestResult executionId="cce451aa-ac51-43ff-90cb-b7b567f92737" testId="c82a067e-2885-5dc7-c10a-bf157eda3153" testName="RemoveTaskFromProjectTest" computerName="TAOBAO86" testType="13cdc9d9-ddb5-4fa4-a97d-d965ccfc6d4b" outcome="NotExecuted" testListId="8c84fa94-04c1-424b-9868-57a2d4851a1d" relativeResultsDirectory="cce451aa-ac51-43ff-90cb-b7b567f92737">
    </UnitTestResult>
    <UnitTestResult executionId="3698cbda-e3ff-4523-8fd9-dd4a69a42a9f" testId="a5d8742b-148b-968f-da92-9f471f785f08" testName="CreateContactGroup" computerName="TAOBAO86" testType="13cdc9d9-ddb5-4fa4-a97d-d965ccfc6d4b" outcome="NotExecuted" testListId="8c84fa94-04c1-424b-9868-57a2d4851a1d" relativeResultsDirectory="3698cbda-e3ff-4523-8fd9-dd4a69a42a9f">
    </UnitTestResult>
    <UnitTestResult executionId="1aae52c8-21cb-4bfa-b67f-bcfb3cf973e1" testId="139d910f-a367-3fea-51b4-4b3f9dbbb854" testName="UpdateContactGroup" computerName="TAOBAO86" testType="13cdc9d9-ddb5-4fa4-a97d-d965ccfc6d4b" outcome="NotExecuted" testListId="8c84fa94-04c1-424b-9868-57a2d4851a1d" relativeResultsDirectory="1aae52c8-21cb-4bfa-b67f-bcfb3cf973e1">
    </UnitTestResult>
    <UnitTestResult executionId="64492794-619f-4d79-a00d-80f59f6bdab4" testId="0912dddc-52be-91c7-0750-6b1a6735ec7f" testName="DeleteContactGroup" computerName="TAOBAO86" testType="13cdc9d9-ddb5-4fa4-a97d-d965ccfc6d4b" outcome="NotExecuted" testListId="8c84fa94-04c1-424b-9868-57a2d4851a1d" relativeResultsDirectory="64492794-619f-4d79-a00d-80f59f6bdab4">
    </UnitTestResult>
    <UnitTestResult executionId="e4778bc2-81b4-46ba-9909-390f1af8397b" testId="4301ed8b-0efb-d2d1-6514-612586a26acd" testName="GetContactGroups" computerName="TAOBAO86" testType="13cdc9d9-ddb5-4fa4-a97d-d965ccfc6d4b" outcome="NotExecuted" testListId="8c84fa94-04c1-424b-9868-57a2d4851a1d" relativeResultsDirectory="e4778bc2-81b4-46ba-9909-390f1af8397b">
    </UnitTestResult>
    <UnitTestResult executionId="af9524b7-41f4-474d-83e7-7a62177bda4a" testId="78803d5f-6691-8bb5-c8c5-8def51015e0b" testName="CreateGoole" computerName="TAOBAO86" testType="13cdc9d9-ddb5-4fa4-a97d-d965ccfc6d4b" outcome="NotExecuted" testListId="8c84fa94-04c1-424b-9868-57a2d4851a1d" relativeResultsDirectory="af9524b7-41f4-474d-83e7-7a62177bda4a">
    </UnitTestResult>
    <UnitTestResult executionId="f99d20b6-58eb-407d-8857-8f2f16dc40f7" testId="383329c4-c347-b028-9cd9-489b5ee50b66" testName="CreateGit" computerName="TAOBAO86" testType="13cdc9d9-ddb5-4fa4-a97d-d965ccfc6d4b" outcome="NotExecuted" testListId="8c84fa94-04c1-424b-9868-57a2d4851a1d" relativeResultsDirectory="f99d20b6-58eb-407d-8857-8f2f16dc40f7">
    </UnitTestResult>
    <UnitTestResult executionId="8e542c56-4cdb-406a-a034-8b8c57ca1f67" testId="336ba6fd-9eba-43b6-5a00-b089e2169089" testName="CreateDuplicate" computerName="TAOBAO86" testType="13cdc9d9-ddb5-4fa4-a97d-d965ccfc6d4b" outcome="NotExecuted" testListId="8c84fa94-04c1-424b-9868-57a2d4851a1d" relativeResultsDirectory="8e542c56-4cdb-406a-a034-8b8c57ca1f67">
    </UnitTestResult>
    <UnitTestResult executionId="6c07674e-428a-4253-964a-ff635f127f02" testId="36976b3e-6423-f7bc-5226-47b2aca47250" testName="Get" computerName="TAOBAO86" testType="13cdc9d9-ddb5-4fa4-a97d-d965ccfc6d4b" outcome="NotExecuted" testListId="8c84fa94-04c1-424b-9868-57a2d4851a1d" relativeResultsDirectory="6c07674e-428a-4253-964a-ff635f127f02">
    </UnitTestResult>
  </Results>
</TestRun>